2019-10-19 11:47:41,262 - INFO - Log directory: data/5083_P2_o3_h3/dcrnn_DR_2_h_3_64-64_lr_0.01_bs_64_20191019114741/
2019-10-19 11:47:41,264 - INFO - {'base_dir': 'data/5083_P2_o3_h3', 'log_level': 'INFO', 'data': {'batch_size': 64, 'dataset_dir': 'data/inputs/5083_P2_o3_h3_sensor_data', 'test_batch_size': 64, 'val_batch_size': 64, 'graph_pkl_filename': 'data/inputs/model/adjacency_matrix_5083_P2.pkl'}, 'model': {'cl_decay_steps': 2000, 'filter_type': 'dual_random_walk', 'horizon': 3, 'input_dim': 2, 'l1_decay': 0, 'max_diffusion_step': 2, 'num_nodes': 15, 'num_rnn_layers': 2, 'output_dim': 2, 'rnn_units': 64, 'seq_len': 3, 'use_curriculum_learning': True}, 'train': {'base_lr': 0.01, 'dropout': 0, 'epoch': 0, 'epochs': 100, 'epsilon': 0.001, 'global_step': 0, 'lr_decay_ratio': 0.1, 'max_grad_norm': 5, 'max_to_keep': 100, 'min_learning_rate': 2e-06, 'optimizer': 'adam', 'patience': 50, 'steps': [20, 30, 40, 50], 'test_every_n_epochs': 10}}
2019-10-19 11:47:41,369 - INFO - ('x_train', (6510, 3, 15, 2))
2019-10-19 11:47:41,369 - INFO - ('y_train', (6510, 3, 15, 2))
2019-10-19 11:47:41,369 - INFO - ('x_val', (930, 3, 15, 2))
2019-10-19 11:47:41,369 - INFO - ('y_val', (930, 3, 15, 2))
2019-10-19 11:47:41,369 - INFO - ('x_test', (1860, 3, 15, 2))
2019-10-19 11:47:41,370 - INFO - ('y_test', (1860, 3, 15, 2))
2019-10-19 11:47:44,878 - INFO - Total number of trainable parameters: 373376
Created DCRNN model
2019-10-19 11:47:45,209 - INFO - Start training ...
2019-10-19 11:47:58,797 - INFO - Epoch [0/100] (101) train_mae: 16.1712, val_mae: 17.8702 lr:0.010000 13.5s
2019-10-19 11:47:58,914 - INFO - Val loss decrease from inf to 17.8702, saving to data/5083_P2_o3_h3/dcrnn_DR_2_h_3_64-64_lr_0.01_bs_64_20191019114741/models-17.8702-101
2019-10-19 11:48:12,758 - INFO - Epoch [1/100] (202) train_mae: 10.5262, val_mae: 14.4890 lr:0.010000 13.8s
2019-10-19 11:48:12,773 - INFO - Val loss decrease from 17.8702 to 14.4890, saving to data/5083_P2_o3_h3/dcrnn_DR_2_h_3_64-64_lr_0.01_bs_64_20191019114741/models-14.4890-202
2019-10-19 11:48:30,576 - INFO - Epoch [2/100] (303) train_mae: 8.9500, val_mae: 14.4937 lr:0.010000 17.8s
2019-10-19 11:48:47,962 - INFO - Epoch [3/100] (404) train_mae: 8.8793, val_mae: 20.1980 lr:0.010000 17.4s
2019-10-19 11:49:05,788 - INFO - Epoch [4/100] (505) train_mae: 8.4542, val_mae: 12.5615 lr:0.010000 17.8s
2019-10-19 11:49:05,804 - INFO - Val loss decrease from 14.4890 to 12.5615, saving to data/5083_P2_o3_h3/dcrnn_DR_2_h_3_64-64_lr_0.01_bs_64_20191019114741/models-12.5615-505
2019-10-19 11:49:23,665 - INFO - Epoch [5/100] (606) train_mae: 7.9674, val_mae: 11.8991 lr:0.010000 17.9s
2019-10-19 11:49:23,682 - INFO - Val loss decrease from 12.5615 to 11.8991, saving to data/5083_P2_o3_h3/dcrnn_DR_2_h_3_64-64_lr_0.01_bs_64_20191019114741/models-11.8991-606
2019-10-19 11:49:41,248 - INFO - Epoch [6/100] (707) train_mae: 7.9127, val_mae: 14.7156 lr:0.010000 17.6s
2019-10-19 11:49:59,097 - INFO - Epoch [7/100] (808) train_mae: 7.9536, val_mae: 14.4896 lr:0.010000 17.8s
2019-10-19 11:50:16,598 - INFO - Epoch [8/100] (909) train_mae: 7.6982, val_mae: 11.6395 lr:0.010000 17.5s
2019-10-19 11:50:16,615 - INFO - Val loss decrease from 11.8991 to 11.6395, saving to data/5083_P2_o3_h3/dcrnn_DR_2_h_3_64-64_lr_0.01_bs_64_20191019114741/models-11.6395-909
2019-10-19 11:50:34,023 - INFO - Epoch [9/100] (1010) train_mae: 7.7620, val_mae: 10.9408 lr:0.010000 17.4s
2019-10-19 11:50:36,243 - INFO - Horizon 01, MAE: 12.41, MAPE: 0.0860, RMSE: 17.26
2019-10-19 11:50:36,245 - INFO - Horizon 02, MAE: 18.45, MAPE: 0.1136, RMSE: 26.09
2019-10-19 11:50:36,247 - INFO - Horizon 03, MAE: 25.23, MAPE: 0.1376, RMSE: 36.18
2019-10-19 11:50:36,262 - INFO - Val loss decrease from 11.6395 to 10.9408, saving to data/5083_P2_o3_h3/dcrnn_DR_2_h_3_64-64_lr_0.01_bs_64_20191019114741/models-10.9408-1010
2019-10-19 11:50:53,760 - INFO - Epoch [10/100] (1111) train_mae: 7.3370, val_mae: 10.9474 lr:0.010000 17.5s
2019-10-19 11:51:11,093 - INFO - Epoch [11/100] (1212) train_mae: 7.4931, val_mae: 12.2092 lr:0.010000 17.3s
2019-10-19 11:51:29,106 - INFO - Epoch [12/100] (1313) train_mae: 7.4874, val_mae: 12.2308 lr:0.010000 18.0s
2019-10-19 11:51:46,103 - INFO - Epoch [13/100] (1414) train_mae: 7.4568, val_mae: 12.9445 lr:0.010000 17.0s
2019-10-19 11:52:03,603 - INFO - Epoch [14/100] (1515) train_mae: 7.1649, val_mae: 10.4819 lr:0.010000 17.5s
2019-10-19 11:52:03,619 - INFO - Val loss decrease from 10.9408 to 10.4819, saving to data/5083_P2_o3_h3/dcrnn_DR_2_h_3_64-64_lr_0.01_bs_64_20191019114741/models-10.4819-1515
2019-10-19 11:52:19,757 - INFO - Epoch [15/100] (1616) train_mae: 7.1771, val_mae: 10.8903 lr:0.010000 16.1s
2019-10-19 11:52:37,168 - INFO - Epoch [16/100] (1717) train_mae: 7.1097, val_mae: 11.7175 lr:0.010000 17.4s
2019-10-19 11:52:54,875 - INFO - Epoch [17/100] (1818) train_mae: 7.1471, val_mae: 10.4739 lr:0.010000 17.7s
2019-10-19 11:52:54,891 - INFO - Val loss decrease from 10.4819 to 10.4739, saving to data/5083_P2_o3_h3/dcrnn_DR_2_h_3_64-64_lr_0.01_bs_64_20191019114741/models-10.4739-1818
2019-10-19 11:53:12,023 - INFO - Epoch [18/100] (1919) train_mae: 7.1696, val_mae: 11.5075 lr:0.010000 17.1s
2019-10-19 11:53:28,973 - INFO - Epoch [19/100] (2020) train_mae: 7.1572, val_mae: 10.6143 lr:0.010000 16.9s
2019-10-19 11:53:31,381 - INFO - Horizon 01, MAE: 12.55, MAPE: 0.0797, RMSE: 17.78
2019-10-19 11:53:31,383 - INFO - Horizon 02, MAE: 18.57, MAPE: 0.1094, RMSE: 26.15
2019-10-19 11:53:31,386 - INFO - Horizon 03, MAE: 24.99, MAPE: 0.1364, RMSE: 35.63
2019-10-19 11:53:49,024 - INFO - Epoch [20/100] (2121) train_mae: 6.3687, val_mae: 9.6642 lr:0.001000 17.6s
2019-10-19 11:53:49,042 - INFO - Val loss decrease from 10.4739 to 9.6642, saving to data/5083_P2_o3_h3/dcrnn_DR_2_h_3_64-64_lr_0.01_bs_64_20191019114741/models-9.6642-2121
2019-10-19 11:54:06,693 - INFO - Epoch [21/100] (2222) train_mae: 6.3463, val_mae: 9.4576 lr:0.001000 17.7s
2019-10-19 11:54:06,711 - INFO - Val loss decrease from 9.6642 to 9.4576, saving to data/5083_P2_o3_h3/dcrnn_DR_2_h_3_64-64_lr_0.01_bs_64_20191019114741/models-9.4576-2222
2019-10-19 11:54:24,190 - INFO - Epoch [22/100] (2323) train_mae: 6.2712, val_mae: 9.4531 lr:0.001000 17.5s
2019-10-19 11:54:24,207 - INFO - Val loss decrease from 9.4576 to 9.4531, saving to data/5083_P2_o3_h3/dcrnn_DR_2_h_3_64-64_lr_0.01_bs_64_20191019114741/models-9.4531-2323
2019-10-19 11:54:41,809 - INFO - Epoch [23/100] (2424) train_mae: 6.2425, val_mae: 9.5565 lr:0.001000 17.6s
2019-10-19 11:54:59,507 - INFO - Epoch [24/100] (2525) train_mae: 6.2386, val_mae: 9.4667 lr:0.001000 17.7s
2019-10-19 11:55:16,367 - INFO - Epoch [25/100] (2626) train_mae: 6.2536, val_mae: 9.3312 lr:0.001000 16.9s
2019-10-19 11:55:16,383 - INFO - Val loss decrease from 9.4531 to 9.3312, saving to data/5083_P2_o3_h3/dcrnn_DR_2_h_3_64-64_lr_0.01_bs_64_20191019114741/models-9.3312-2626
2019-10-19 11:55:32,518 - INFO - Epoch [26/100] (2727) train_mae: 6.2210, val_mae: 9.2784 lr:0.001000 16.1s
2019-10-19 11:55:32,536 - INFO - Val loss decrease from 9.3312 to 9.2784, saving to data/5083_P2_o3_h3/dcrnn_DR_2_h_3_64-64_lr_0.01_bs_64_20191019114741/models-9.2784-2727
2019-10-19 11:55:47,868 - INFO - Epoch [27/100] (2828) train_mae: 6.2006, val_mae: 9.3530 lr:0.001000 15.3s
2019-10-19 11:56:03,233 - INFO - Epoch [28/100] (2929) train_mae: 6.2384, val_mae: 9.2926 lr:0.001000 15.4s
2019-10-19 11:56:18,762 - INFO - Epoch [29/100] (3030) train_mae: 6.2686, val_mae: 9.3976 lr:0.001000 15.5s
2019-10-19 11:56:20,727 - INFO - Horizon 01, MAE: 11.81, MAPE: 0.0740, RMSE: 16.68
2019-10-19 11:56:20,729 - INFO - Horizon 02, MAE: 17.44, MAPE: 0.1047, RMSE: 24.76
2019-10-19 11:56:20,731 - INFO - Horizon 03, MAE: 23.17, MAPE: 0.1310, RMSE: 33.39
2019-10-19 11:56:35,818 - INFO - Epoch [30/100] (3131) train_mae: 6.1496, val_mae: 9.2136 lr:0.000100 15.1s
2019-10-19 11:56:35,833 - INFO - Val loss decrease from 9.2784 to 9.2136, saving to data/5083_P2_o3_h3/dcrnn_DR_2_h_3_64-64_lr_0.01_bs_64_20191019114741/models-9.2136-3131
2019-10-19 11:56:51,084 - INFO - Epoch [31/100] (3232) train_mae: 6.1576, val_mae: 9.1685 lr:0.000100 15.2s
2019-10-19 11:56:51,098 - INFO - Val loss decrease from 9.2136 to 9.1685, saving to data/5083_P2_o3_h3/dcrnn_DR_2_h_3_64-64_lr_0.01_bs_64_20191019114741/models-9.1685-3232
2019-10-19 11:57:06,589 - INFO - Epoch [32/100] (3333) train_mae: 6.2055, val_mae: 9.1708 lr:0.000100 15.5s
2019-10-19 11:57:22,341 - INFO - Epoch [33/100] (3434) train_mae: 6.1382, val_mae: 9.2061 lr:0.000100 15.8s
2019-10-19 11:57:37,755 - INFO - Epoch [34/100] (3535) train_mae: 6.0901, val_mae: 9.1977 lr:0.000100 15.4s
2019-10-19 11:57:53,193 - INFO - Epoch [35/100] (3636) train_mae: 6.1449, val_mae: 9.1707 lr:0.000100 15.4s
2019-10-19 11:58:08,685 - INFO - Epoch [36/100] (3737) train_mae: 6.1411, val_mae: 9.1742 lr:0.000100 15.5s
2019-10-19 11:58:24,123 - INFO - Epoch [37/100] (3838) train_mae: 6.1483, val_mae: 9.1666 lr:0.000100 15.4s
2019-10-19 11:58:24,138 - INFO - Val loss decrease from 9.1685 to 9.1666, saving to data/5083_P2_o3_h3/dcrnn_DR_2_h_3_64-64_lr_0.01_bs_64_20191019114741/models-9.1666-3838
2019-10-19 11:58:39,598 - INFO - Epoch [38/100] (3939) train_mae: 6.1149, val_mae: 9.1700 lr:0.000100 15.5s
2019-10-19 11:58:55,065 - INFO - Epoch [39/100] (4040) train_mae: 6.1126, val_mae: 9.1491 lr:0.000100 15.5s
2019-10-19 11:58:57,279 - INFO - Horizon 01, MAE: 11.60, MAPE: 0.0722, RMSE: 16.34
2019-10-19 11:58:57,282 - INFO - Horizon 02, MAE: 17.10, MAPE: 0.1030, RMSE: 24.26
2019-10-19 11:58:57,284 - INFO - Horizon 03, MAE: 22.71, MAPE: 0.1306, RMSE: 32.65
2019-10-19 11:58:57,301 - INFO - Val loss decrease from 9.1666 to 9.1491, saving to data/5083_P2_o3_h3/dcrnn_DR_2_h_3_64-64_lr_0.01_bs_64_20191019114741/models-9.1491-4040
2019-10-19 11:59:12,480 - INFO - Epoch [40/100] (4141) train_mae: 6.1585, val_mae: 9.1454 lr:0.000010 15.2s
2019-10-19 11:59:12,495 - INFO - Val loss decrease from 9.1491 to 9.1454, saving to data/5083_P2_o3_h3/dcrnn_DR_2_h_3_64-64_lr_0.01_bs_64_20191019114741/models-9.1454-4141
2019-10-19 11:59:26,955 - INFO - Epoch [41/100] (4242) train_mae: 6.0909, val_mae: 9.1441 lr:0.000010 14.5s
2019-10-19 11:59:26,970 - INFO - Val loss decrease from 9.1454 to 9.1441, saving to data/5083_P2_o3_h3/dcrnn_DR_2_h_3_64-64_lr_0.01_bs_64_20191019114741/models-9.1441-4242
2019-10-19 11:59:41,576 - INFO - Epoch [42/100] (4343) train_mae: 6.1450, val_mae: 9.1397 lr:0.000010 14.6s
2019-10-19 11:59:41,591 - INFO - Val loss decrease from 9.1441 to 9.1397, saving to data/5083_P2_o3_h3/dcrnn_DR_2_h_3_64-64_lr_0.01_bs_64_20191019114741/models-9.1397-4343
2019-10-19 11:59:59,026 - INFO - Epoch [43/100] (4444) train_mae: 6.1121, val_mae: 9.1375 lr:0.000010 17.4s
2019-10-19 11:59:59,044 - INFO - Val loss decrease from 9.1397 to 9.1375, saving to data/5083_P2_o3_h3/dcrnn_DR_2_h_3_64-64_lr_0.01_bs_64_20191019114741/models-9.1375-4444
2019-10-19 12:00:14,280 - INFO - Epoch [44/100] (4545) train_mae: 6.1089, val_mae: 9.1461 lr:0.000010 15.2s
2019-10-19 12:00:28,374 - INFO - Epoch [45/100] (4646) train_mae: 6.0957, val_mae: 9.1394 lr:0.000010 14.1s
2019-10-19 12:00:42,349 - INFO - Epoch [46/100] (4747) train_mae: 6.0963, val_mae: 9.1378 lr:0.000010 14.0s
2019-10-19 12:00:56,563 - INFO - Epoch [47/100] (4848) train_mae: 6.1380, val_mae: 9.1425 lr:0.000010 14.2s
2019-10-19 12:01:10,720 - INFO - Epoch [48/100] (4949) train_mae: 6.0893, val_mae: 9.1415 lr:0.000010 14.2s
2019-10-19 12:01:25,132 - INFO - Epoch [49/100] (5050) train_mae: 6.1329, val_mae: 9.1443 lr:0.000010 14.4s
2019-10-19 12:01:27,083 - INFO - Horizon 01, MAE: 11.55, MAPE: 0.0716, RMSE: 16.30
2019-10-19 12:01:27,085 - INFO - Horizon 02, MAE: 17.04, MAPE: 0.1021, RMSE: 24.21
2019-10-19 12:01:27,086 - INFO - Horizon 03, MAE: 22.62, MAPE: 0.1286, RMSE: 32.59
2019-10-19 12:01:41,313 - INFO - Epoch [50/100] (5151) train_mae: 6.1205, val_mae: 9.1405 lr:0.000002 14.2s
2019-10-19 12:01:55,573 - INFO - Epoch [51/100] (5252) train_mae: 6.1062, val_mae: 9.1373 lr:0.000002 14.3s
2019-10-19 12:01:55,589 - INFO - Val loss decrease from 9.1375 to 9.1373, saving to data/5083_P2_o3_h3/dcrnn_DR_2_h_3_64-64_lr_0.01_bs_64_20191019114741/models-9.1373-5252
2019-10-19 12:02:09,896 - INFO - Epoch [52/100] (5353) train_mae: 6.0728, val_mae: 9.1397 lr:0.000002 14.3s
2019-10-19 12:02:24,475 - INFO - Epoch [53/100] (5454) train_mae: 6.0852, val_mae: 9.1371 lr:0.000002 14.6s
2019-10-19 12:02:24,490 - INFO - Val loss decrease from 9.1373 to 9.1371, saving to data/5083_P2_o3_h3/dcrnn_DR_2_h_3_64-64_lr_0.01_bs_64_20191019114741/models-9.1371-5454
2019-10-19 12:02:39,025 - INFO - Epoch [54/100] (5555) train_mae: 6.0957, val_mae: 9.1339 lr:0.000002 14.5s
2019-10-19 12:02:39,045 - INFO - Val loss decrease from 9.1371 to 9.1339, saving to data/5083_P2_o3_h3/dcrnn_DR_2_h_3_64-64_lr_0.01_bs_64_20191019114741/models-9.1339-5555
2019-10-19 12:02:53,300 - INFO - Epoch [55/100] (5656) train_mae: 6.1384, val_mae: 9.1380 lr:0.000002 14.3s
2019-10-19 12:03:07,446 - INFO - Epoch [56/100] (5757) train_mae: 6.1143, val_mae: 9.1349 lr:0.000002 14.1s
2019-10-19 12:03:21,811 - INFO - Epoch [57/100] (5858) train_mae: 6.0735, val_mae: 9.1324 lr:0.000002 14.4s
2019-10-19 12:03:21,826 - INFO - Val loss decrease from 9.1339 to 9.1324, saving to data/5083_P2_o3_h3/dcrnn_DR_2_h_3_64-64_lr_0.01_bs_64_20191019114741/models-9.1324-5858
2019-10-19 12:03:36,171 - INFO - Epoch [58/100] (5959) train_mae: 6.0972, val_mae: 9.1328 lr:0.000002 14.3s
2019-10-19 12:03:50,596 - INFO - Epoch [59/100] (6060) train_mae: 6.1044, val_mae: 9.1332 lr:0.000002 14.4s
2019-10-19 12:03:52,542 - INFO - Horizon 01, MAE: 11.55, MAPE: 0.0716, RMSE: 16.30
2019-10-19 12:03:52,543 - INFO - Horizon 02, MAE: 17.03, MAPE: 0.1022, RMSE: 24.21
2019-10-19 12:03:52,545 - INFO - Horizon 03, MAE: 22.60, MAPE: 0.1288, RMSE: 32.58
2019-10-19 12:04:06,839 - INFO - Epoch [60/100] (6161) train_mae: 6.1518, val_mae: 9.1341 lr:0.000002 14.3s
2019-10-19 12:04:21,171 - INFO - Epoch [61/100] (6262) train_mae: 6.1276, val_mae: 9.1327 lr:0.000002 14.3s
2019-10-19 12:04:37,462 - INFO - Epoch [62/100] (6363) train_mae: 6.1767, val_mae: 9.1340 lr:0.000002 16.3s
2019-10-19 12:04:53,976 - INFO - Epoch [63/100] (6464) train_mae: 6.1407, val_mae: 9.1337 lr:0.000002 16.5s
2019-10-19 12:05:09,460 - INFO - Epoch [64/100] (6565) train_mae: 6.1042, val_mae: 9.1382 lr:0.000002 15.5s
2019-10-19 12:05:25,656 - INFO - Epoch [65/100] (6666) train_mae: 6.1745, val_mae: 9.1362 lr:0.000002 16.2s
2019-10-19 12:05:39,991 - INFO - Epoch [66/100] (6767) train_mae: 6.1697, val_mae: 9.1357 lr:0.000002 14.3s
2019-10-19 12:05:54,182 - INFO - Epoch [67/100] (6868) train_mae: 6.1188, val_mae: 9.1367 lr:0.000002 14.2s
2019-10-19 12:06:08,537 - INFO - Epoch [68/100] (6969) train_mae: 6.1403, val_mae: 9.1394 lr:0.000002 14.4s
2019-10-19 12:06:23,196 - INFO - Epoch [69/100] (7070) train_mae: 6.1300, val_mae: 9.1385 lr:0.000002 14.7s
2019-10-19 12:06:25,505 - INFO - Horizon 01, MAE: 11.55, MAPE: 0.0716, RMSE: 16.30
2019-10-19 12:06:25,507 - INFO - Horizon 02, MAE: 17.04, MAPE: 0.1022, RMSE: 24.21
2019-10-19 12:06:25,509 - INFO - Horizon 03, MAE: 22.61, MAPE: 0.1289, RMSE: 32.59
2019-10-19 12:06:41,884 - INFO - Epoch [70/100] (7171) train_mae: 6.1723, val_mae: 9.1339 lr:0.000002 16.4s
2019-10-19 12:06:58,242 - INFO - Epoch [71/100] (7272) train_mae: 6.0246, val_mae: 9.1300 lr:0.000002 16.4s
2019-10-19 12:06:58,259 - INFO - Val loss decrease from 9.1324 to 9.1300, saving to data/5083_P2_o3_h3/dcrnn_DR_2_h_3_64-64_lr_0.01_bs_64_20191019114741/models-9.1300-7272
2019-10-19 12:07:14,223 - INFO - Epoch [72/100] (7373) train_mae: 6.1324, val_mae: 9.1307 lr:0.000002 16.0s
2019-10-19 12:07:30,553 - INFO - Epoch [73/100] (7474) train_mae: 6.1207, val_mae: 9.1313 lr:0.000002 16.3s
2019-10-19 12:07:46,276 - INFO - Epoch [74/100] (7575) train_mae: 6.1189, val_mae: 9.1307 lr:0.000002 15.7s
2019-10-19 12:08:01,821 - INFO - Epoch [75/100] (7676) train_mae: 6.0793, val_mae: 9.1354 lr:0.000002 15.5s
2019-10-19 12:08:16,753 - INFO - Epoch [76/100] (7777) train_mae: 6.1986, val_mae: 9.1357 lr:0.000002 14.9s
2019-10-19 12:08:31,574 - INFO - Epoch [77/100] (7878) train_mae: 6.1484, val_mae: 9.1335 lr:0.000002 14.8s
2019-10-19 12:08:46,475 - INFO - Epoch [78/100] (7979) train_mae: 6.1101, val_mae: 9.1329 lr:0.000002 14.9s
2019-10-19 12:09:01,108 - INFO - Epoch [79/100] (8080) train_mae: 6.1941, val_mae: 9.1337 lr:0.000002 14.6s
2019-10-19 12:09:02,899 - INFO - Horizon 01, MAE: 11.55, MAPE: 0.0716, RMSE: 16.30
2019-10-19 12:09:02,901 - INFO - Horizon 02, MAE: 17.04, MAPE: 0.1021, RMSE: 24.21
2019-10-19 12:09:02,903 - INFO - Horizon 03, MAE: 22.62, MAPE: 0.1286, RMSE: 32.59
2019-10-19 12:09:17,207 - INFO - Epoch [80/100] (8181) train_mae: 6.1695, val_mae: 9.1320 lr:0.000002 14.3s
2019-10-19 12:09:31,474 - INFO - Epoch [81/100] (8282) train_mae: 6.1582, val_mae: 9.1327 lr:0.000002 14.3s
2019-10-19 12:09:46,128 - INFO - Epoch [82/100] (8383) train_mae: 6.1676, val_mae: 9.1347 lr:0.000002 14.7s
2019-10-19 12:10:01,130 - INFO - Epoch [83/100] (8484) train_mae: 6.1050, val_mae: 9.1322 lr:0.000002 15.0s
2019-10-19 12:10:16,239 - INFO - Epoch [84/100] (8585) train_mae: 6.1969, val_mae: 9.1347 lr:0.000002 15.1s
2019-10-19 12:10:31,098 - INFO - Epoch [85/100] (8686) train_mae: 6.1456, val_mae: 9.1331 lr:0.000002 14.9s
2019-10-19 12:10:45,803 - INFO - Epoch [86/100] (8787) train_mae: 6.1552, val_mae: 9.1373 lr:0.000002 14.7s
2019-10-19 12:11:00,342 - INFO - Epoch [87/100] (8888) train_mae: 6.1922, val_mae: 9.1346 lr:0.000002 14.5s
2019-10-19 12:11:15,189 - INFO - Epoch [88/100] (8989) train_mae: 6.1634, val_mae: 9.1314 lr:0.000002 14.8s
2019-10-19 12:11:29,949 - INFO - Epoch [89/100] (9090) train_mae: 6.1826, val_mae: 9.1258 lr:0.000002 14.8s
2019-10-19 12:11:31,756 - INFO - Horizon 01, MAE: 11.55, MAPE: 0.0717, RMSE: 16.30
2019-10-19 12:11:31,757 - INFO - Horizon 02, MAE: 17.03, MAPE: 0.1024, RMSE: 24.19
2019-10-19 12:11:31,759 - INFO - Horizon 03, MAE: 22.60, MAPE: 0.1292, RMSE: 32.56
2019-10-19 12:11:31,775 - INFO - Val loss decrease from 9.1300 to 9.1258, saving to data/5083_P2_o3_h3/dcrnn_DR_2_h_3_64-64_lr_0.01_bs_64_20191019114741/models-9.1258-9090
2019-10-19 12:11:46,389 - INFO - Epoch [90/100] (9191) train_mae: 6.1407, val_mae: 9.1287 lr:0.000002 14.6s
2019-10-19 12:12:00,879 - INFO - Epoch [91/100] (9292) train_mae: 6.1370, val_mae: 9.1278 lr:0.000002 14.5s
2019-10-19 12:12:15,574 - INFO - Epoch [92/100] (9393) train_mae: 6.1742, val_mae: 9.1311 lr:0.000002 14.7s
2019-10-19 12:12:30,292 - INFO - Epoch [93/100] (9494) train_mae: 6.1819, val_mae: 9.1332 lr:0.000002 14.7s
2019-10-19 12:12:44,948 - INFO - Epoch [94/100] (9595) train_mae: 6.1865, val_mae: 9.1308 lr:0.000002 14.7s
2019-10-19 12:12:59,809 - INFO - Epoch [95/100] (9696) train_mae: 6.2297, val_mae: 9.1319 lr:0.000002 14.9s
2019-10-19 12:13:14,598 - INFO - Epoch [96/100] (9797) train_mae: 6.1807, val_mae: 9.1287 lr:0.000002 14.8s
2019-10-19 12:13:29,581 - INFO - Epoch [97/100] (9898) train_mae: 6.2524, val_mae: 9.1282 lr:0.000002 15.0s
2019-10-19 12:13:44,462 - INFO - Epoch [98/100] (9999) train_mae: 6.2246, val_mae: 9.1299 lr:0.000002 14.9s
2019-10-19 12:13:59,607 - INFO - Epoch [99/100] (10100) train_mae: 6.2401, val_mae: 9.1278 lr:0.000002 15.1s
2019-10-19 12:14:01,414 - INFO - Horizon 01, MAE: 11.55, MAPE: 0.0717, RMSE: 16.29
2019-10-19 12:14:01,415 - INFO - Horizon 02, MAE: 17.03, MAPE: 0.1022, RMSE: 24.19
2019-10-19 12:14:01,417 - INFO - Horizon 03, MAE: 22.59, MAPE: 0.1288, RMSE: 32.56
2019-10-19 12:14:16,386 - INFO - Epoch [100/100] (10201) train_mae: 6.2320, val_mae: 9.1292 lr:0.000002 15.0s
2019-10-19 12:14:18,204 - INFO - Horizon 01, MAE: 11.55, MAPE: 0.0717, RMSE: 16.30
2019-10-19 12:14:18,206 - INFO - Horizon 02, MAE: 17.03, MAPE: 0.1022, RMSE: 24.19
2019-10-19 12:14:18,207 - INFO - Horizon 03, MAE: 22.59, MAPE: 0.1289, RMSE: 32.56
Predictions saved as data/5083_P2_o3_h3/predictions.npz.
Trained DCRNN model
train mae: 6.232
val mae: 9.1292
test mse: 645.1710685543925
test rmse: 25.40021788399447
test mae: 17.05832690789919
test mape: 4.988160580963827
