2019-11-03 12:59:02,127 - INFO - Log directory: data/5083_P3_o3_h6_sb3/dcrnn_DR_2_h_6_64-64_lr_0.01_bs_64_20191103125902/
2019-11-03 12:59:02,130 - INFO - {'base_dir': 'data/5083_P3_o3_h6_sb3', 'log_level': 'INFO', 'data': {'batch_size': 64, 'dataset_dir': 'data/inputs/5083_P3_o3_h6_sb3_sensor_data', 'test_batch_size': 64, 'val_batch_size': 64, 'graph_pkl_filename': 'data/inputs/model/adjacency_matrix_5083_P3.pkl'}, 'model': {'cl_decay_steps': 2000, 'filter_type': 'dual_random_walk', 'horizon': 6, 'input_dim': 2, 'l1_decay': 0, 'max_diffusion_step': 2, 'num_nodes': 15, 'num_rnn_layers': 2, 'output_dim': 2, 'rnn_units': 64, 'seq_len': 3, 'use_curriculum_learning': True}, 'train': {'base_lr': 0.01, 'dropout': 0, 'epoch': 0, 'epochs': 100, 'epsilon': 0.001, 'global_step': 0, 'lr_decay_ratio': 0.1, 'max_grad_norm': 5, 'max_to_keep': 100, 'min_learning_rate': 2e-06, 'optimizer': 'adam', 'patience': 50, 'steps': [20, 30, 40, 50], 'test_every_n_epochs': 10}}
2019-11-03 12:59:02,775 - INFO - ('x_train', (7770, 3, 15, 2))
2019-11-03 12:59:02,776 - INFO - ('y_train', (7770, 6, 15, 2))
2019-11-03 12:59:02,776 - INFO - ('x_val', (1110, 3, 15, 2))
2019-11-03 12:59:02,790 - INFO - ('y_val', (1110, 6, 15, 2))
2019-11-03 12:59:02,791 - INFO - ('x_test', (2220, 3, 15, 2))
2019-11-03 12:59:02,791 - INFO - ('y_test', (2220, 6, 15, 2))
2019-11-03 12:59:47,984 - INFO - Total number of trainable parameters: 373376
Created DCRNN model
2019-11-03 12:59:51,827 - INFO - Start training ...
2019-11-03 13:01:26,144 - INFO - Epoch [0/100] (121) train_mae: 15.1476, val_mae: 24.1652 lr:0.010000 93.2s
2019-11-03 13:01:26,875 - INFO - Val loss decrease from inf to 24.1652, saving to data/5083_P3_o3_h6_sb3/dcrnn_DR_2_h_6_64-64_lr_0.01_bs_64_20191103125902/models-24.1652-121
2019-11-03 13:03:14,789 - INFO - Epoch [1/100] (242) train_mae: 11.3179, val_mae: 23.9028 lr:0.010000 107.9s
2019-11-03 13:03:14,834 - INFO - Val loss decrease from 24.1652 to 23.9028, saving to data/5083_P3_o3_h6_sb3/dcrnn_DR_2_h_6_64-64_lr_0.01_bs_64_20191103125902/models-23.9028-242
2019-11-03 13:04:52,894 - INFO - Epoch [2/100] (363) train_mae: 9.7655, val_mae: 21.5220 lr:0.010000 98.1s
2019-11-03 13:04:52,932 - INFO - Val loss decrease from 23.9028 to 21.5220, saving to data/5083_P3_o3_h6_sb3/dcrnn_DR_2_h_6_64-64_lr_0.01_bs_64_20191103125902/models-21.5220-363
2019-11-03 13:06:43,483 - INFO - Epoch [3/100] (484) train_mae: 9.3486, val_mae: 20.2813 lr:0.010000 110.5s
2019-11-03 13:06:43,522 - INFO - Val loss decrease from 21.5220 to 20.2813, saving to data/5083_P3_o3_h6_sb3/dcrnn_DR_2_h_6_64-64_lr_0.01_bs_64_20191103125902/models-20.2813-484
2019-11-03 13:08:32,898 - INFO - Epoch [4/100] (605) train_mae: 8.8833, val_mae: 18.9184 lr:0.010000 109.4s
2019-11-03 13:08:32,935 - INFO - Val loss decrease from 20.2813 to 18.9184, saving to data/5083_P3_o3_h6_sb3/dcrnn_DR_2_h_6_64-64_lr_0.01_bs_64_20191103125902/models-18.9184-605
2019-11-03 13:10:51,817 - INFO - Epoch [5/100] (726) train_mae: 8.8242, val_mae: 19.2017 lr:0.010000 138.9s
2019-11-03 13:12:52,380 - INFO - Epoch [6/100] (847) train_mae: 9.4688, val_mae: 19.1786 lr:0.010000 120.6s
2019-11-03 13:14:36,145 - INFO - Epoch [7/100] (968) train_mae: 8.6179, val_mae: 17.6889 lr:0.010000 103.8s
2019-11-03 13:14:36,181 - INFO - Val loss decrease from 18.9184 to 17.6889, saving to data/5083_P3_o3_h6_sb3/dcrnn_DR_2_h_6_64-64_lr_0.01_bs_64_20191103125902/models-17.6889-968
2019-11-03 13:16:22,637 - INFO - Epoch [8/100] (1089) train_mae: 8.5781, val_mae: 18.0261 lr:0.010000 106.5s
2019-11-03 13:18:37,736 - INFO - Epoch [9/100] (1210) train_mae: 8.4245, val_mae: 17.2832 lr:0.010000 135.1s
2019-11-03 13:18:53,060 - INFO - Horizon 01, MAE: 16.73, MAPE: 0.0426, RMSE: 21.61
2019-11-03 13:18:53,066 - INFO - Horizon 02, MAE: 23.03, MAPE: 0.0588, RMSE: 30.46
2019-11-03 13:18:53,072 - INFO - Horizon 03, MAE: 29.59, MAPE: 0.0759, RMSE: 39.62
2019-11-03 13:18:53,078 - INFO - Horizon 04, MAE: 33.94, MAPE: 0.0881, RMSE: 45.29
2019-11-03 13:18:53,084 - INFO - Horizon 05, MAE: 38.91, MAPE: 0.1020, RMSE: 51.35
2019-11-03 13:18:53,097 - INFO - Horizon 06, MAE: 40.16, MAPE: 0.1060, RMSE: 52.73
2019-11-03 13:18:53,143 - INFO - Val loss decrease from 17.6889 to 17.2832, saving to data/5083_P3_o3_h6_sb3/dcrnn_DR_2_h_6_64-64_lr_0.01_bs_64_20191103125902/models-17.2832-1210
2019-11-03 13:20:49,040 - INFO - Epoch [10/100] (1331) train_mae: 8.8134, val_mae: 17.1602 lr:0.010000 115.9s
2019-11-03 13:20:49,078 - INFO - Val loss decrease from 17.2832 to 17.1602, saving to data/5083_P3_o3_h6_sb3/dcrnn_DR_2_h_6_64-64_lr_0.01_bs_64_20191103125902/models-17.1602-1331
2019-11-03 13:22:44,914 - INFO - Epoch [11/100] (1452) train_mae: 8.6694, val_mae: 18.4130 lr:0.010000 115.8s
2019-11-03 13:24:40,774 - INFO - Epoch [12/100] (1573) train_mae: 8.3375, val_mae: 18.0718 lr:0.010000 115.9s
2019-11-03 13:26:57,849 - INFO - Epoch [13/100] (1694) train_mae: 8.6353, val_mae: 17.4343 lr:0.010000 137.1s
2019-11-03 13:28:40,633 - INFO - Epoch [14/100] (1815) train_mae: 8.3528, val_mae: 18.0114 lr:0.010000 102.8s
2019-11-03 13:31:00,175 - INFO - Epoch [15/100] (1936) train_mae: 8.5530, val_mae: 18.4758 lr:0.010000 139.5s
2019-11-03 13:32:59,944 - INFO - Epoch [16/100] (2057) train_mae: 8.3748, val_mae: 17.4026 lr:0.010000 119.8s
2019-11-03 13:35:07,129 - INFO - Epoch [17/100] (2178) train_mae: 8.2790, val_mae: 16.3526 lr:0.010000 127.2s
2019-11-03 13:35:07,172 - INFO - Val loss decrease from 17.1602 to 16.3526, saving to data/5083_P3_o3_h6_sb3/dcrnn_DR_2_h_6_64-64_lr_0.01_bs_64_20191103125902/models-16.3526-2178
2019-11-03 13:36:55,278 - INFO - Epoch [18/100] (2299) train_mae: 8.1297, val_mae: 18.6555 lr:0.010000 108.1s
2019-11-03 13:39:20,593 - INFO - Epoch [19/100] (2420) train_mae: 8.1375, val_mae: 16.2521 lr:0.010000 145.3s
2019-11-03 13:39:43,670 - INFO - Horizon 01, MAE: 16.18, MAPE: 0.0418, RMSE: 20.86
2019-11-03 13:39:43,676 - INFO - Horizon 02, MAE: 22.58, MAPE: 0.0592, RMSE: 29.51
2019-11-03 13:39:43,682 - INFO - Horizon 03, MAE: 29.13, MAPE: 0.0771, RMSE: 38.35
2019-11-03 13:39:43,689 - INFO - Horizon 04, MAE: 33.32, MAPE: 0.0892, RMSE: 43.81
2019-11-03 13:39:43,697 - INFO - Horizon 05, MAE: 37.94, MAPE: 0.1020, RMSE: 49.42
2019-11-03 13:39:43,704 - INFO - Horizon 06, MAE: 39.02, MAPE: 0.1051, RMSE: 50.62
2019-11-03 13:39:43,742 - INFO - Val loss decrease from 16.3526 to 16.2521, saving to data/5083_P3_o3_h6_sb3/dcrnn_DR_2_h_6_64-64_lr_0.01_bs_64_20191103125902/models-16.2521-2420
2019-11-03 13:41:37,324 - INFO - Epoch [20/100] (2541) train_mae: 7.5814, val_mae: 15.8682 lr:0.001000 113.6s
2019-11-03 13:41:37,359 - INFO - Val loss decrease from 16.2521 to 15.8682, saving to data/5083_P3_o3_h6_sb3/dcrnn_DR_2_h_6_64-64_lr_0.01_bs_64_20191103125902/models-15.8682-2541
2019-11-03 13:43:42,261 - INFO - Epoch [21/100] (2662) train_mae: 7.5511, val_mae: 15.7750 lr:0.001000 124.9s
2019-11-03 13:43:42,300 - INFO - Val loss decrease from 15.8682 to 15.7750, saving to data/5083_P3_o3_h6_sb3/dcrnn_DR_2_h_6_64-64_lr_0.01_bs_64_20191103125902/models-15.7750-2662
2019-11-03 13:45:36,620 - INFO - Epoch [22/100] (2783) train_mae: 7.5635, val_mae: 15.8799 lr:0.001000 114.3s
2019-11-03 13:48:06,293 - INFO - Epoch [23/100] (2904) train_mae: 7.5438, val_mae: 15.7351 lr:0.001000 149.7s
2019-11-03 13:48:06,336 - INFO - Val loss decrease from 15.7750 to 15.7351, saving to data/5083_P3_o3_h6_sb3/dcrnn_DR_2_h_6_64-64_lr_0.01_bs_64_20191103125902/models-15.7351-2904
2019-11-03 13:49:53,034 - INFO - Epoch [24/100] (3025) train_mae: 7.5471, val_mae: 15.6843 lr:0.001000 106.7s
2019-11-03 13:49:53,075 - INFO - Val loss decrease from 15.7351 to 15.6843, saving to data/5083_P3_o3_h6_sb3/dcrnn_DR_2_h_6_64-64_lr_0.01_bs_64_20191103125902/models-15.6843-3025
2019-11-03 13:51:52,235 - INFO - Epoch [25/100] (3146) train_mae: 7.5274, val_mae: 15.7716 lr:0.001000 119.2s
2019-11-03 13:53:59,967 - INFO - Epoch [26/100] (3267) train_mae: 7.5184, val_mae: 15.6035 lr:0.001000 127.7s
2019-11-03 13:54:00,011 - INFO - Val loss decrease from 15.6843 to 15.6035, saving to data/5083_P3_o3_h6_sb3/dcrnn_DR_2_h_6_64-64_lr_0.01_bs_64_20191103125902/models-15.6035-3267
2019-11-03 13:56:27,552 - INFO - Epoch [27/100] (3388) train_mae: 7.5256, val_mae: 15.6232 lr:0.001000 147.5s
2019-11-03 13:58:07,608 - INFO - Epoch [28/100] (3509) train_mae: 7.5260, val_mae: 15.6424 lr:0.001000 100.1s
2019-11-03 14:00:27,905 - INFO - Epoch [29/100] (3630) train_mae: 7.5388, val_mae: 15.6344 lr:0.001000 140.3s
2019-11-03 14:00:44,568 - INFO - Horizon 01, MAE: 15.88, MAPE: 0.0406, RMSE: 20.54
2019-11-03 14:00:44,574 - INFO - Horizon 02, MAE: 22.19, MAPE: 0.0577, RMSE: 29.06
2019-11-03 14:00:44,581 - INFO - Horizon 03, MAE: 28.68, MAPE: 0.0751, RMSE: 37.93
2019-11-03 14:00:44,590 - INFO - Horizon 04, MAE: 32.73, MAPE: 0.0867, RMSE: 43.31
2019-11-03 14:00:44,597 - INFO - Horizon 05, MAE: 37.10, MAPE: 0.0984, RMSE: 48.79
2019-11-03 14:00:44,604 - INFO - Horizon 06, MAE: 37.87, MAPE: 0.1007, RMSE: 49.78
2019-11-03 14:02:58,462 - INFO - Epoch [30/100] (3751) train_mae: 7.4672, val_mae: 15.5104 lr:0.000100 133.8s
2019-11-03 14:02:58,508 - INFO - Val loss decrease from 15.6035 to 15.5104, saving to data/5083_P3_o3_h6_sb3/dcrnn_DR_2_h_6_64-64_lr_0.01_bs_64_20191103125902/models-15.5104-3751
2019-11-03 14:05:04,811 - INFO - Epoch [31/100] (3872) train_mae: 7.4847, val_mae: 15.5026 lr:0.000100 126.3s
2019-11-03 14:05:04,853 - INFO - Val loss decrease from 15.5104 to 15.5026, saving to data/5083_P3_o3_h6_sb3/dcrnn_DR_2_h_6_64-64_lr_0.01_bs_64_20191103125902/models-15.5026-3872
2019-11-03 14:07:05,181 - INFO - Epoch [32/100] (3993) train_mae: 7.4619, val_mae: 15.5170 lr:0.000100 120.3s
2019-11-03 14:09:27,360 - INFO - Epoch [33/100] (4114) train_mae: 7.4622, val_mae: 15.5109 lr:0.000100 142.2s
2019-11-03 14:11:46,624 - INFO - Epoch [34/100] (4235) train_mae: 7.4377, val_mae: 15.4671 lr:0.000100 139.3s
2019-11-03 14:11:46,667 - INFO - Val loss decrease from 15.5026 to 15.4671, saving to data/5083_P3_o3_h6_sb3/dcrnn_DR_2_h_6_64-64_lr_0.01_bs_64_20191103125902/models-15.4671-4235
2019-11-03 14:13:37,571 - INFO - Epoch [35/100] (4356) train_mae: 7.4455, val_mae: 15.4866 lr:0.000100 110.9s
2019-11-03 14:15:55,388 - INFO - Epoch [36/100] (4477) train_mae: 7.4275, val_mae: 15.4616 lr:0.000100 137.8s
2019-11-03 14:15:55,470 - INFO - Val loss decrease from 15.4671 to 15.4616, saving to data/5083_P3_o3_h6_sb3/dcrnn_DR_2_h_6_64-64_lr_0.01_bs_64_20191103125902/models-15.4616-4477
2019-11-03 14:18:12,151 - INFO - Epoch [37/100] (4598) train_mae: 7.4350, val_mae: 15.4527 lr:0.000100 136.7s
2019-11-03 14:18:12,194 - INFO - Val loss decrease from 15.4616 to 15.4527, saving to data/5083_P3_o3_h6_sb3/dcrnn_DR_2_h_6_64-64_lr_0.01_bs_64_20191103125902/models-15.4527-4598
2019-11-03 14:20:24,560 - INFO - Epoch [38/100] (4719) train_mae: 7.4719, val_mae: 15.4649 lr:0.000100 132.4s
2019-11-03 14:22:39,847 - INFO - Epoch [39/100] (4840) train_mae: 7.4584, val_mae: 15.4627 lr:0.000100 135.3s
2019-11-03 14:22:58,441 - INFO - Horizon 01, MAE: 15.86, MAPE: 0.0406, RMSE: 20.54
2019-11-03 14:22:58,448 - INFO - Horizon 02, MAE: 22.17, MAPE: 0.0576, RMSE: 29.11
2019-11-03 14:22:58,457 - INFO - Horizon 03, MAE: 28.69, MAPE: 0.0755, RMSE: 38.06
2019-11-03 14:22:58,468 - INFO - Horizon 04, MAE: 32.79, MAPE: 0.0879, RMSE: 43.51
2019-11-03 14:22:58,475 - INFO - Horizon 05, MAE: 37.21, MAPE: 0.1005, RMSE: 49.06
2019-11-03 14:22:58,483 - INFO - Horizon 06, MAE: 38.02, MAPE: 0.1036, RMSE: 50.09
2019-11-03 14:25:24,905 - INFO - Epoch [40/100] (4961) train_mae: 7.4376, val_mae: 15.4333 lr:0.000010 146.4s
2019-11-03 14:25:24,977 - INFO - Val loss decrease from 15.4527 to 15.4333, saving to data/5083_P3_o3_h6_sb3/dcrnn_DR_2_h_6_64-64_lr_0.01_bs_64_20191103125902/models-15.4333-4961
2019-11-03 14:27:39,501 - INFO - Epoch [41/100] (5082) train_mae: 7.4368, val_mae: 15.4293 lr:0.000010 134.5s
2019-11-03 14:27:39,547 - INFO - Val loss decrease from 15.4333 to 15.4293, saving to data/5083_P3_o3_h6_sb3/dcrnn_DR_2_h_6_64-64_lr_0.01_bs_64_20191103125902/models-15.4293-5082
2019-11-03 14:29:47,027 - INFO - Epoch [42/100] (5203) train_mae: 7.4463, val_mae: 15.4317 lr:0.000010 127.5s
2019-11-03 14:32:04,700 - INFO - Epoch [43/100] (5324) train_mae: 7.4328, val_mae: 15.4469 lr:0.000010 137.7s
2019-11-03 14:34:24,648 - INFO - Epoch [44/100] (5445) train_mae: 7.4346, val_mae: 15.4355 lr:0.000010 139.9s
2019-11-03 14:36:19,690 - INFO - Epoch [45/100] (5566) train_mae: 7.4656, val_mae: 15.4381 lr:0.000010 115.0s
2019-11-03 14:39:02,847 - INFO - Epoch [46/100] (5687) train_mae: 7.4394, val_mae: 15.4316 lr:0.000010 163.2s
2019-11-03 14:41:21,268 - INFO - Epoch [47/100] (5808) train_mae: 7.4701, val_mae: 15.4273 lr:0.000010 138.4s
2019-11-03 14:41:21,313 - INFO - Val loss decrease from 15.4293 to 15.4273, saving to data/5083_P3_o3_h6_sb3/dcrnn_DR_2_h_6_64-64_lr_0.01_bs_64_20191103125902/models-15.4273-5808
2019-11-03 14:43:38,509 - INFO - Epoch [48/100] (5929) train_mae: 7.4476, val_mae: 15.4484 lr:0.000010 137.2s
2019-11-03 14:45:38,355 - INFO - Epoch [49/100] (6050) train_mae: 7.4671, val_mae: 15.4491 lr:0.000010 119.8s
2019-11-03 14:46:04,986 - INFO - Horizon 01, MAE: 15.84, MAPE: 0.0405, RMSE: 20.48
2019-11-03 14:46:04,993 - INFO - Horizon 02, MAE: 22.11, MAPE: 0.0574, RMSE: 28.99
2019-11-03 14:46:05,001 - INFO - Horizon 03, MAE: 28.60, MAPE: 0.0750, RMSE: 37.90
2019-11-03 14:46:05,010 - INFO - Horizon 04, MAE: 32.60, MAPE: 0.0869, RMSE: 43.30
2019-11-03 14:46:05,017 - INFO - Horizon 05, MAE: 36.94, MAPE: 0.0988, RMSE: 48.78
2019-11-03 14:46:05,024 - INFO - Horizon 06, MAE: 37.72, MAPE: 0.1015, RMSE: 49.78
2019-11-03 14:48:52,669 - INFO - Epoch [50/100] (6171) train_mae: 7.5110, val_mae: 15.4325 lr:0.000002 167.6s
2019-11-03 14:50:50,006 - INFO - Epoch [51/100] (6292) train_mae: 7.4686, val_mae: 15.4253 lr:0.000002 117.3s
2019-11-03 14:50:50,048 - INFO - Val loss decrease from 15.4273 to 15.4253, saving to data/5083_P3_o3_h6_sb3/dcrnn_DR_2_h_6_64-64_lr_0.01_bs_64_20191103125902/models-15.4253-6292
2019-11-03 14:53:17,567 - INFO - Epoch [52/100] (6413) train_mae: 7.4627, val_mae: 15.4320 lr:0.000002 147.5s
2019-11-03 14:55:30,059 - INFO - Epoch [53/100] (6534) train_mae: 7.4620, val_mae: 15.4295 lr:0.000002 132.5s
2019-11-03 14:58:16,452 - INFO - Epoch [54/100] (6655) train_mae: 7.4713, val_mae: 15.4282 lr:0.000002 166.4s
2019-11-03 15:00:14,393 - INFO - Epoch [55/100] (6776) train_mae: 7.5022, val_mae: 15.4318 lr:0.000002 117.9s
2019-11-03 15:02:29,641 - INFO - Epoch [56/100] (6897) train_mae: 7.4575, val_mae: 15.4303 lr:0.000002 135.2s
2019-11-03 15:04:49,972 - INFO - Epoch [57/100] (7018) train_mae: 7.4870, val_mae: 15.4367 lr:0.000002 140.3s
2019-11-03 15:07:12,707 - INFO - Epoch [58/100] (7139) train_mae: 7.4795, val_mae: 15.4362 lr:0.000002 142.7s
2019-11-03 15:09:25,447 - INFO - Epoch [59/100] (7260) train_mae: 7.5129, val_mae: 15.4272 lr:0.000002 132.7s
2019-11-03 15:09:40,833 - INFO - Horizon 01, MAE: 15.84, MAPE: 0.0405, RMSE: 20.47
2019-11-03 15:09:40,840 - INFO - Horizon 02, MAE: 22.11, MAPE: 0.0575, RMSE: 28.98
2019-11-03 15:09:40,848 - INFO - Horizon 03, MAE: 28.60, MAPE: 0.0751, RMSE: 37.87
2019-11-03 15:09:40,855 - INFO - Horizon 04, MAE: 32.60, MAPE: 0.0870, RMSE: 43.26
2019-11-03 15:09:40,863 - INFO - Horizon 05, MAE: 36.93, MAPE: 0.0990, RMSE: 48.72
2019-11-03 15:09:40,872 - INFO - Horizon 06, MAE: 37.70, MAPE: 0.1017, RMSE: 49.73
2019-11-03 15:12:02,369 - INFO - Epoch [60/100] (7381) train_mae: 7.5271, val_mae: 15.4242 lr:0.000002 141.5s
2019-11-03 15:12:02,422 - INFO - Val loss decrease from 15.4253 to 15.4242, saving to data/5083_P3_o3_h6_sb3/dcrnn_DR_2_h_6_64-64_lr_0.01_bs_64_20191103125902/models-15.4242-7381
2019-11-03 15:14:41,242 - INFO - Epoch [61/100] (7502) train_mae: 7.4424, val_mae: 15.4323 lr:0.000002 158.8s
2019-11-03 15:16:40,673 - INFO - Epoch [62/100] (7623) train_mae: 7.4861, val_mae: 15.4346 lr:0.000002 119.4s
2019-11-03 15:19:00,733 - INFO - Epoch [63/100] (7744) train_mae: 7.4956, val_mae: 15.4336 lr:0.000002 140.1s
2019-11-03 15:21:31,658 - INFO - Epoch [64/100] (7865) train_mae: 7.4834, val_mae: 15.4312 lr:0.000002 150.9s
2019-11-03 15:23:39,474 - INFO - Epoch [65/100] (7986) train_mae: 7.4894, val_mae: 15.4327 lr:0.000002 127.8s
2019-11-03 15:25:36,831 - INFO - Epoch [66/100] (8107) train_mae: 7.5098, val_mae: 15.4330 lr:0.000002 117.4s
2019-11-03 15:28:19,133 - INFO - Epoch [67/100] (8228) train_mae: 7.5038, val_mae: 15.4291 lr:0.000002 162.3s
2019-11-03 15:30:38,387 - INFO - Epoch [68/100] (8349) train_mae: 7.5573, val_mae: 15.4291 lr:0.000002 139.3s
2019-11-03 15:32:43,853 - INFO - Epoch [69/100] (8470) train_mae: 7.5343, val_mae: 15.4270 lr:0.000002 125.5s
2019-11-03 15:33:03,320 - INFO - Horizon 01, MAE: 15.84, MAPE: 0.0405, RMSE: 20.47
2019-11-03 15:33:03,327 - INFO - Horizon 02, MAE: 22.12, MAPE: 0.0575, RMSE: 28.98
2019-11-03 15:33:03,334 - INFO - Horizon 03, MAE: 28.60, MAPE: 0.0752, RMSE: 37.88
2019-11-03 15:33:03,346 - INFO - Horizon 04, MAE: 32.61, MAPE: 0.0871, RMSE: 43.27
2019-11-03 15:33:03,352 - INFO - Horizon 05, MAE: 36.94, MAPE: 0.0991, RMSE: 48.73
2019-11-03 15:33:03,360 - INFO - Horizon 06, MAE: 37.71, MAPE: 0.1017, RMSE: 49.73
2019-11-03 15:35:02,642 - INFO - Epoch [70/100] (8591) train_mae: 7.5562, val_mae: 15.4350 lr:0.000002 119.3s
2019-11-03 15:38:03,479 - INFO - Epoch [71/100] (8712) train_mae: 7.5765, val_mae: 15.4346 lr:0.000002 180.8s
2019-11-03 15:39:57,419 - INFO - Epoch [72/100] (8833) train_mae: 7.5555, val_mae: 15.4354 lr:0.000002 113.9s
2019-11-03 15:42:22,319 - INFO - Epoch [73/100] (8954) train_mae: 7.5615, val_mae: 15.4260 lr:0.000002 144.9s
2019-11-03 15:44:39,716 - INFO - Epoch [74/100] (9075) train_mae: 7.5520, val_mae: 15.4262 lr:0.000002 137.4s
2019-11-03 15:47:35,082 - INFO - Epoch [75/100] (9196) train_mae: 7.5792, val_mae: 15.4238 lr:0.000002 175.4s
2019-11-03 15:47:35,128 - INFO - Val loss decrease from 15.4242 to 15.4238, saving to data/5083_P3_o3_h6_sb3/dcrnn_DR_2_h_6_64-64_lr_0.01_bs_64_20191103125902/models-15.4238-9196
2019-11-03 15:49:30,382 - INFO - Epoch [76/100] (9317) train_mae: 7.5846, val_mae: 15.4225 lr:0.000002 115.3s
2019-11-03 15:49:30,439 - INFO - Val loss decrease from 15.4238 to 15.4225, saving to data/5083_P3_o3_h6_sb3/dcrnn_DR_2_h_6_64-64_lr_0.01_bs_64_20191103125902/models-15.4225-9317
2019-11-03 15:52:12,380 - INFO - Epoch [77/100] (9438) train_mae: 7.5838, val_mae: 15.4299 lr:0.000002 161.9s
2019-11-03 15:54:28,892 - INFO - Epoch [78/100] (9559) train_mae: 7.5739, val_mae: 15.4290 lr:0.000002 136.5s
2019-11-03 15:56:53,643 - INFO - Epoch [79/100] (9680) train_mae: 7.6609, val_mae: 15.4238 lr:0.000002 144.7s
2019-11-03 15:57:02,413 - INFO - Horizon 01, MAE: 15.84, MAPE: 0.0405, RMSE: 20.47
2019-11-03 15:57:02,416 - INFO - Horizon 02, MAE: 22.11, MAPE: 0.0575, RMSE: 28.98
2019-11-03 15:57:02,419 - INFO - Horizon 03, MAE: 28.60, MAPE: 0.0751, RMSE: 37.87
2019-11-03 15:57:02,423 - INFO - Horizon 04, MAE: 32.60, MAPE: 0.0871, RMSE: 43.26
2019-11-03 15:57:02,427 - INFO - Horizon 05, MAE: 36.93, MAPE: 0.0991, RMSE: 48.72
2019-11-03 15:57:02,430 - INFO - Horizon 06, MAE: 37.72, MAPE: 0.1018, RMSE: 49.73
2019-11-03 15:59:45,007 - INFO - Epoch [80/100] (9801) train_mae: 7.6027, val_mae: 15.4249 lr:0.000002 162.6s
2019-11-03 16:01:55,853 - INFO - Epoch [81/100] (9922) train_mae: 7.7474, val_mae: 15.4231 lr:0.000002 130.8s
2019-11-03 16:03:52,268 - INFO - Epoch [82/100] (10043) train_mae: 7.6688, val_mae: 15.4223 lr:0.000002 116.4s
2019-11-03 16:03:52,314 - INFO - Val loss decrease from 15.4225 to 15.4223, saving to data/5083_P3_o3_h6_sb3/dcrnn_DR_2_h_6_64-64_lr_0.01_bs_64_20191103125902/models-15.4223-10043
2019-11-03 16:05:48,723 - INFO - Epoch [83/100] (10164) train_mae: 7.6573, val_mae: 15.4262 lr:0.000002 116.4s
2019-11-03 16:08:27,891 - INFO - Epoch [84/100] (10285) train_mae: 7.7009, val_mae: 15.4235 lr:0.000002 159.2s
2019-11-03 16:10:33,209 - INFO - Epoch [85/100] (10406) train_mae: 7.6840, val_mae: 15.4273 lr:0.000002 125.3s
2019-11-03 16:11:44,163 - INFO - Epoch [86/100] (10527) train_mae: 7.8210, val_mae: 15.4273 lr:0.000002 71.0s
2019-11-03 16:13:10,103 - INFO - Epoch [87/100] (10648) train_mae: 7.7907, val_mae: 15.4300 lr:0.000002 85.9s
2019-11-03 16:14:55,205 - INFO - Epoch [88/100] (10769) train_mae: 7.7541, val_mae: 15.4271 lr:0.000002 105.1s
2019-11-03 16:16:34,039 - INFO - Epoch [89/100] (10890) train_mae: 7.7809, val_mae: 15.4243 lr:0.000002 98.8s
2019-11-03 16:16:54,375 - INFO - Horizon 01, MAE: 15.84, MAPE: 0.0405, RMSE: 20.47
2019-11-03 16:16:54,380 - INFO - Horizon 02, MAE: 22.11, MAPE: 0.0574, RMSE: 28.98
2019-11-03 16:16:54,387 - INFO - Horizon 03, MAE: 28.59, MAPE: 0.0751, RMSE: 37.86
2019-11-03 16:16:54,394 - INFO - Horizon 04, MAE: 32.59, MAPE: 0.0870, RMSE: 43.23
2019-11-03 16:16:54,401 - INFO - Horizon 05, MAE: 36.92, MAPE: 0.0990, RMSE: 48.69
2019-11-03 16:16:54,411 - INFO - Horizon 06, MAE: 37.70, MAPE: 0.1016, RMSE: 49.69
2019-11-03 16:18:47,467 - INFO - Epoch [90/100] (11011) train_mae: 7.8722, val_mae: 15.4222 lr:0.000002 113.1s
2019-11-03 16:18:47,526 - INFO - Val loss decrease from 15.4223 to 15.4222, saving to data/5083_P3_o3_h6_sb3/dcrnn_DR_2_h_6_64-64_lr_0.01_bs_64_20191103125902/models-15.4222-11011
2019-11-03 16:21:19,723 - INFO - Epoch [91/100] (11132) train_mae: 7.8697, val_mae: 15.4246 lr:0.000002 152.2s
2019-11-03 16:23:56,254 - INFO - Epoch [92/100] (11253) train_mae: 7.7460, val_mae: 15.4276 lr:0.000002 156.5s
2019-11-03 16:25:55,494 - INFO - Epoch [93/100] (11374) train_mae: 7.9414, val_mae: 15.4282 lr:0.000002 119.2s
2019-11-03 16:28:28,366 - INFO - Epoch [94/100] (11495) train_mae: 7.9842, val_mae: 15.4234 lr:0.000002 152.9s
2019-11-03 16:30:58,343 - INFO - Epoch [95/100] (11616) train_mae: 7.8173, val_mae: 15.4252 lr:0.000002 150.0s
2019-11-03 16:32:46,850 - INFO - Epoch [96/100] (11737) train_mae: 7.9433, val_mae: 15.4279 lr:0.000002 108.5s
2019-11-03 16:35:14,727 - INFO - Epoch [97/100] (11858) train_mae: 8.0127, val_mae: 15.4258 lr:0.000002 147.9s
2019-11-03 16:37:50,664 - INFO - Epoch [98/100] (11979) train_mae: 7.9939, val_mae: 15.4187 lr:0.000002 155.9s
2019-11-03 16:37:50,743 - INFO - Val loss decrease from 15.4222 to 15.4187, saving to data/5083_P3_o3_h6_sb3/dcrnn_DR_2_h_6_64-64_lr_0.01_bs_64_20191103125902/models-15.4187-11979
2019-11-03 16:40:15,400 - INFO - Epoch [99/100] (12100) train_mae: 8.0827, val_mae: 15.4244 lr:0.000002 144.7s
2019-11-03 16:40:40,046 - INFO - Horizon 01, MAE: 15.84, MAPE: 0.0405, RMSE: 20.47
2019-11-03 16:40:40,052 - INFO - Horizon 02, MAE: 22.11, MAPE: 0.0574, RMSE: 28.98
2019-11-03 16:40:40,060 - INFO - Horizon 03, MAE: 28.59, MAPE: 0.0751, RMSE: 37.85
2019-11-03 16:40:40,086 - INFO - Horizon 04, MAE: 32.59, MAPE: 0.0870, RMSE: 43.22
2019-11-03 16:40:40,093 - INFO - Horizon 05, MAE: 36.92, MAPE: 0.0990, RMSE: 48.68
2019-11-03 16:40:40,110 - INFO - Horizon 06, MAE: 37.70, MAPE: 0.1017, RMSE: 49.68
2019-11-03 16:42:46,884 - INFO - Epoch [100/100] (12221) train_mae: 8.0954, val_mae: 15.4197 lr:0.000002 126.8s
2019-11-03 16:43:13,008 - INFO - Horizon 01, MAE: 15.84, MAPE: 0.0405, RMSE: 20.47
2019-11-03 16:43:13,015 - INFO - Horizon 02, MAE: 22.11, MAPE: 0.0575, RMSE: 28.98
2019-11-03 16:43:13,021 - INFO - Horizon 03, MAE: 28.59, MAPE: 0.0751, RMSE: 37.85
2019-11-03 16:43:13,028 - INFO - Horizon 04, MAE: 32.58, MAPE: 0.0870, RMSE: 43.22
2019-11-03 16:43:13,034 - INFO - Horizon 05, MAE: 36.91, MAPE: 0.0990, RMSE: 48.68
2019-11-03 16:43:13,041 - INFO - Horizon 06, MAE: 37.69, MAPE: 0.1016, RMSE: 49.67
Predictions saved as data/5083_P3_o3_h6_sb3/predictions.npz.
Trained DCRNN model
train mae: 8.0954
val mae: 15.4197
test mse: 1803.4565470109246
test rmse: 42.46712313085176
test mae: 28.952098105872597
test mape: 87.93273420505278
