2019-06-22 18:19:52,118 - model.dcrnn_supervisor - INFO - Log directory: data/dummy/linear_integers/dcrnn_DR_2_h_12_64-64_lr_0.01_bs_64_0622181952/
2019-06-22 18:19:52,118 - model.dcrnn_supervisor - INFO - {'base_dir': 'data/dummy/linear_integers', 'log_level': 'INFO', 'data': {'batch_size': 64, 'dataset_dir': 'data/dummy/linear_integers', 'test_batch_size': 64, 'val_batch_size': 64, 'graph_pkl_filename': 'data/model/adjacency_matrix_5083_P2.pkl'}, 'model': {'cl_decay_steps': 2000, 'filter_type': 'dual_random_walk', 'horizon': 12, 'input_dim': 2, 'l1_decay': 0, 'max_diffusion_step': 2, 'num_nodes': 16, 'num_rnn_layers': 2, 'output_dim': 2, 'rnn_units': 64, 'seq_len': 12, 'use_curriculum_learning': True}, 'train': {'base_lr': 0.01, 'dropout': 0, 'epoch': 0, 'epochs': 100, 'epsilon': 0.001, 'global_step': 0, 'lr_decay_ratio': 0.1, 'max_grad_norm': 5, 'max_to_keep': 100, 'min_learning_rate': 2e-06, 'optimizer': 'adam', 'patience': 50, 'steps': [20, 30, 40, 50], 'test_every_n_epochs': 10}}
2019-06-22 18:19:52,291 - model.dcrnn_supervisor - INFO - ('x_train', (3294, 12, 16, 2))
2019-06-22 18:19:52,291 - model.dcrnn_supervisor - INFO - ('y_train', (3294, 12, 16, 2))
2019-06-22 18:19:52,291 - model.dcrnn_supervisor - INFO - ('x_val', (471, 12, 16, 2))
2019-06-22 18:19:52,291 - model.dcrnn_supervisor - INFO - ('y_val', (471, 12, 16, 2))
2019-06-22 18:19:52,291 - model.dcrnn_supervisor - INFO - ('x_test', (941, 12, 16, 2))
2019-06-22 18:19:52,291 - model.dcrnn_supervisor - INFO - ('y_test', (941, 12, 16, 2))
2019-06-22 18:20:04,159 - model.dcrnn_supervisor - INFO - Total number of trainable parameters: 373376
2019-06-22 18:20:04,928 - model.dcrnn_supervisor - INFO - Start training ...
2019-06-22 18:20:39,836 - model.dcrnn_supervisor - INFO - Epoch [0/100] (52) train_mae: 81819.2656, val_mae: 78054.5938 lr:0.010000 34.6s
2019-06-22 18:20:40,187 - model.dcrnn_supervisor - INFO - Val loss decrease from inf to 78054.5938, saving to data/dummy/linear_integers/dcrnn_DR_2_h_12_64-64_lr_0.01_bs_64_0622181952/models-78054.5938-52
2019-06-22 18:21:17,198 - model.dcrnn_supervisor - INFO - Epoch [1/100] (104) train_mae: 76950.2578, val_mae: 73301.0000 lr:0.010000 37.0s
2019-06-22 18:21:17,215 - model.dcrnn_supervisor - INFO - Val loss decrease from 78054.5938 to 73301.0000, saving to data/dummy/linear_integers/dcrnn_DR_2_h_12_64-64_lr_0.01_bs_64_0622181952/models-73301.0000-104
2019-06-22 18:22:14,184 - model.dcrnn_supervisor - INFO - Epoch [2/100] (156) train_mae: 72324.2344, val_mae: 68743.6875 lr:0.010000 57.0s
2019-06-22 18:22:14,200 - model.dcrnn_supervisor - INFO - Val loss decrease from 73301.0000 to 68743.6875, saving to data/dummy/linear_integers/dcrnn_DR_2_h_12_64-64_lr_0.01_bs_64_0622181952/models-68743.6875-156
2019-06-22 18:22:54,628 - model.dcrnn_supervisor - INFO - Epoch [3/100] (208) train_mae: 67897.0234, val_mae: 64420.2734 lr:0.010000 40.4s
2019-06-22 18:22:54,645 - model.dcrnn_supervisor - INFO - Val loss decrease from 68743.6875 to 64420.2734, saving to data/dummy/linear_integers/dcrnn_DR_2_h_12_64-64_lr_0.01_bs_64_0622181952/models-64420.2734-208
2019-06-22 18:23:40,725 - model.dcrnn_supervisor - INFO - Epoch [4/100] (260) train_mae: 63745.8320, val_mae: 60409.8789 lr:0.010000 46.1s
2019-06-22 18:23:40,743 - model.dcrnn_supervisor - INFO - Val loss decrease from 64420.2734 to 60409.8789, saving to data/dummy/linear_integers/dcrnn_DR_2_h_12_64-64_lr_0.01_bs_64_0622181952/models-60409.8789-260
2019-06-22 18:24:25,514 - model.dcrnn_supervisor - INFO - Epoch [5/100] (312) train_mae: 59904.9141, val_mae: 56738.6328 lr:0.010000 44.8s
2019-06-22 18:24:25,529 - model.dcrnn_supervisor - INFO - Val loss decrease from 60409.8789 to 56738.6328, saving to data/dummy/linear_integers/dcrnn_DR_2_h_12_64-64_lr_0.01_bs_64_0622181952/models-56738.6328-312
2019-06-22 18:25:17,053 - model.dcrnn_supervisor - INFO - Epoch [6/100] (364) train_mae: 56394.5195, val_mae: 53438.2305 lr:0.010000 51.5s
2019-06-22 18:25:17,072 - model.dcrnn_supervisor - INFO - Val loss decrease from 56738.6328 to 53438.2305, saving to data/dummy/linear_integers/dcrnn_DR_2_h_12_64-64_lr_0.01_bs_64_0622181952/models-53438.2305-364
2019-06-22 18:25:59,985 - model.dcrnn_supervisor - INFO - Epoch [7/100] (416) train_mae: 53225.8398, val_mae: 50466.6562 lr:0.010000 42.9s
2019-06-22 18:26:00,001 - model.dcrnn_supervisor - INFO - Val loss decrease from 53438.2305 to 50466.6562, saving to data/dummy/linear_integers/dcrnn_DR_2_h_12_64-64_lr_0.01_bs_64_0622181952/models-50466.6562-416
2019-06-22 18:26:43,586 - model.dcrnn_supervisor - INFO - Epoch [8/100] (468) train_mae: 50393.7695, val_mae: 47835.5156 lr:0.010000 43.6s
2019-06-22 18:26:43,604 - model.dcrnn_supervisor - INFO - Val loss decrease from 50466.6562 to 47835.5156, saving to data/dummy/linear_integers/dcrnn_DR_2_h_12_64-64_lr_0.01_bs_64_0622181952/models-47835.5156-468
2019-06-22 18:27:29,183 - model.dcrnn_supervisor - INFO - Epoch [9/100] (520) train_mae: 47894.2305, val_mae: 45506.7109 lr:0.010000 45.6s
2019-06-22 18:27:34,677 - model.dcrnn_supervisor - INFO - Horizon 01, MAE: 131.47, MAPE: 0.3336, RMSE: 186.35
2019-06-22 18:27:34,679 - model.dcrnn_supervisor - INFO - Horizon 02, MAE: 131.88, MAPE: 0.3296, RMSE: 187.18
2019-06-22 18:27:34,680 - model.dcrnn_supervisor - INFO - Horizon 03, MAE: 132.39, MAPE: 0.3254, RMSE: 188.33
2019-06-22 18:27:34,681 - model.dcrnn_supervisor - INFO - Horizon 04, MAE: 133.05, MAPE: 0.3212, RMSE: 189.82
2019-06-22 18:27:34,682 - model.dcrnn_supervisor - INFO - Horizon 05, MAE: 133.50, MAPE: 0.3170, RMSE: 191.01
2019-06-22 18:27:34,684 - model.dcrnn_supervisor - INFO - Horizon 06, MAE: 134.31, MAPE: 0.3123, RMSE: 192.87
2019-06-22 18:27:34,685 - model.dcrnn_supervisor - INFO - Horizon 07, MAE: 134.94, MAPE: 0.3081, RMSE: 194.15
2019-06-22 18:27:34,686 - model.dcrnn_supervisor - INFO - Horizon 08, MAE: 135.66, MAPE: 0.3037, RMSE: 195.89
2019-06-22 18:27:34,687 - model.dcrnn_supervisor - INFO - Horizon 09, MAE: 136.59, MAPE: 0.3003, RMSE: 197.81
2019-06-22 18:27:34,688 - model.dcrnn_supervisor - INFO - Horizon 10, MAE: 137.11, MAPE: 0.2955, RMSE: 199.20
2019-06-22 18:27:34,690 - model.dcrnn_supervisor - INFO - Horizon 11, MAE: 137.83, MAPE: 0.2904, RMSE: 201.27
2019-06-22 18:27:34,691 - model.dcrnn_supervisor - INFO - Horizon 12, MAE: 138.20, MAPE: 0.2851, RMSE: 202.69
2019-06-22 18:27:34,707 - model.dcrnn_supervisor - INFO - Val loss decrease from 47835.5156 to 45506.7109, saving to data/dummy/linear_integers/dcrnn_DR_2_h_12_64-64_lr_0.01_bs_64_0622181952/models-45506.7109-520
2019-06-22 18:28:18,514 - model.dcrnn_supervisor - INFO - Epoch [10/100] (572) train_mae: 45730.8047, val_mae: 43513.2344 lr:0.010000 43.8s
2019-06-22 18:28:18,534 - model.dcrnn_supervisor - INFO - Val loss decrease from 45506.7109 to 43513.2344, saving to data/dummy/linear_integers/dcrnn_DR_2_h_12_64-64_lr_0.01_bs_64_0622181952/models-43513.2344-572
2019-06-22 18:29:03,667 - model.dcrnn_supervisor - INFO - Epoch [11/100] (624) train_mae: 43878.8789, val_mae: 41812.3359 lr:0.010000 45.1s
2019-06-22 18:29:03,684 - model.dcrnn_supervisor - INFO - Val loss decrease from 43513.2344 to 41812.3359, saving to data/dummy/linear_integers/dcrnn_DR_2_h_12_64-64_lr_0.01_bs_64_0622181952/models-41812.3359-624
2019-06-22 18:29:47,312 - model.dcrnn_supervisor - INFO - Epoch [12/100] (676) train_mae: 42315.6016, val_mae: 40375.2266 lr:0.010000 43.6s
2019-06-22 18:29:47,331 - model.dcrnn_supervisor - INFO - Val loss decrease from 41812.3359 to 40375.2266, saving to data/dummy/linear_integers/dcrnn_DR_2_h_12_64-64_lr_0.01_bs_64_0622181952/models-40375.2266-676
2019-06-22 18:30:31,242 - model.dcrnn_supervisor - INFO - Epoch [13/100] (728) train_mae: 41019.0977, val_mae: 39224.7344 lr:0.010000 43.9s
2019-06-22 18:30:31,258 - model.dcrnn_supervisor - INFO - Val loss decrease from 40375.2266 to 39224.7344, saving to data/dummy/linear_integers/dcrnn_DR_2_h_12_64-64_lr_0.01_bs_64_0622181952/models-39224.7344-728
2019-06-22 18:31:14,528 - model.dcrnn_supervisor - INFO - Epoch [14/100] (780) train_mae: 39969.3281, val_mae: 38320.4219 lr:0.010000 43.3s
2019-06-22 18:31:14,546 - model.dcrnn_supervisor - INFO - Val loss decrease from 39224.7344 to 38320.4219, saving to data/dummy/linear_integers/dcrnn_DR_2_h_12_64-64_lr_0.01_bs_64_0622181952/models-38320.4219-780
2019-06-22 18:31:58,690 - model.dcrnn_supervisor - INFO - Epoch [15/100] (832) train_mae: 39131.6602, val_mae: 37603.1484 lr:0.010000 44.1s
2019-06-22 18:31:58,707 - model.dcrnn_supervisor - INFO - Val loss decrease from 38320.4219 to 37603.1484, saving to data/dummy/linear_integers/dcrnn_DR_2_h_12_64-64_lr_0.01_bs_64_0622181952/models-37603.1484-832
2019-06-22 18:32:41,417 - model.dcrnn_supervisor - INFO - Epoch [16/100] (884) train_mae: 38486.2656, val_mae: 37058.8086 lr:0.010000 42.7s
2019-06-22 18:32:41,434 - model.dcrnn_supervisor - INFO - Val loss decrease from 37603.1484 to 37058.8086, saving to data/dummy/linear_integers/dcrnn_DR_2_h_12_64-64_lr_0.01_bs_64_0622181952/models-37058.8086-884
2019-06-22 18:33:24,872 - model.dcrnn_supervisor - INFO - Epoch [17/100] (936) train_mae: 38003.1406, val_mae: 36673.7734 lr:0.010000 43.4s
2019-06-22 18:33:24,890 - model.dcrnn_supervisor - INFO - Val loss decrease from 37058.8086 to 36673.7734, saving to data/dummy/linear_integers/dcrnn_DR_2_h_12_64-64_lr_0.01_bs_64_0622181952/models-36673.7734-936
2019-06-22 18:34:07,803 - model.dcrnn_supervisor - INFO - Epoch [18/100] (988) train_mae: 37647.1562, val_mae: 36373.7852 lr:0.010000 42.9s
2019-06-22 18:34:07,819 - model.dcrnn_supervisor - INFO - Val loss decrease from 36673.7734 to 36373.7852, saving to data/dummy/linear_integers/dcrnn_DR_2_h_12_64-64_lr_0.01_bs_64_0622181952/models-36373.7852-988
2019-06-22 18:34:50,231 - model.dcrnn_supervisor - INFO - Epoch [19/100] (1040) train_mae: 37373.3594, val_mae: 36155.6484 lr:0.010000 42.4s
2019-06-22 18:34:55,635 - model.dcrnn_supervisor - INFO - Horizon 01, MAE: 127.96, MAPE: 0.3073, RMSE: 188.71
2019-06-22 18:34:55,636 - model.dcrnn_supervisor - INFO - Horizon 02, MAE: 128.71, MAPE: 0.3042, RMSE: 190.13
2019-06-22 18:34:55,637 - model.dcrnn_supervisor - INFO - Horizon 03, MAE: 129.56, MAPE: 0.3009, RMSE: 191.88
2019-06-22 18:34:55,638 - model.dcrnn_supervisor - INFO - Horizon 04, MAE: 130.57, MAPE: 0.2976, RMSE: 194.01
2019-06-22 18:34:55,639 - model.dcrnn_supervisor - INFO - Horizon 05, MAE: 131.32, MAPE: 0.2942, RMSE: 195.75
2019-06-22 18:34:55,641 - model.dcrnn_supervisor - INFO - Horizon 06, MAE: 132.51, MAPE: 0.2905, RMSE: 198.31
2019-06-22 18:34:55,642 - model.dcrnn_supervisor - INFO - Horizon 07, MAE: 133.50, MAPE: 0.2872, RMSE: 200.18
2019-06-22 18:34:55,643 - model.dcrnn_supervisor - INFO - Horizon 08, MAE: 134.56, MAPE: 0.2837, RMSE: 202.54
2019-06-22 18:34:55,644 - model.dcrnn_supervisor - INFO - Horizon 09, MAE: 135.80, MAPE: 0.2811, RMSE: 205.00
2019-06-22 18:34:55,645 - model.dcrnn_supervisor - INFO - Horizon 10, MAE: 136.66, MAPE: 0.2772, RMSE: 206.96
2019-06-22 18:34:55,647 - model.dcrnn_supervisor - INFO - Horizon 11, MAE: 137.71, MAPE: 0.2730, RMSE: 209.65
2019-06-22 18:34:55,648 - model.dcrnn_supervisor - INFO - Horizon 12, MAE: 138.39, MAPE: 0.2686, RMSE: 211.62
2019-06-22 18:34:55,664 - model.dcrnn_supervisor - INFO - Val loss decrease from 36373.7852 to 36155.6484, saving to data/dummy/linear_integers/dcrnn_DR_2_h_12_64-64_lr_0.01_bs_64_0622181952/models-36155.6484-1040
2019-06-22 18:35:38,294 - model.dcrnn_supervisor - INFO - Epoch [20/100] (1092) train_mae: 37245.2812, val_mae: 36134.8359 lr:0.001000 42.6s
2019-06-22 18:35:38,312 - model.dcrnn_supervisor - INFO - Val loss decrease from 36155.6484 to 36134.8359, saving to data/dummy/linear_integers/dcrnn_DR_2_h_12_64-64_lr_0.01_bs_64_0622181952/models-36134.8359-1092
2019-06-22 18:36:23,020 - model.dcrnn_supervisor - INFO - Epoch [21/100] (1144) train_mae: 37226.0703, val_mae: 36117.8672 lr:0.001000 44.7s
2019-06-22 18:36:23,037 - model.dcrnn_supervisor - INFO - Val loss decrease from 36134.8359 to 36117.8672, saving to data/dummy/linear_integers/dcrnn_DR_2_h_12_64-64_lr_0.01_bs_64_0622181952/models-36117.8672-1144
2019-06-22 18:37:04,209 - model.dcrnn_supervisor - INFO - Epoch [22/100] (1196) train_mae: 37207.4062, val_mae: 36101.4492 lr:0.001000 41.2s
2019-06-22 18:37:04,227 - model.dcrnn_supervisor - INFO - Val loss decrease from 36117.8672 to 36101.4492, saving to data/dummy/linear_integers/dcrnn_DR_2_h_12_64-64_lr_0.01_bs_64_0622181952/models-36101.4492-1196
2019-06-22 18:37:46,973 - model.dcrnn_supervisor - INFO - Epoch [23/100] (1248) train_mae: 37189.2578, val_mae: 36084.0742 lr:0.001000 42.7s
2019-06-22 18:37:46,990 - model.dcrnn_supervisor - INFO - Val loss decrease from 36101.4492 to 36084.0742, saving to data/dummy/linear_integers/dcrnn_DR_2_h_12_64-64_lr_0.01_bs_64_0622181952/models-36084.0742-1248
2019-06-22 18:38:28,929 - model.dcrnn_supervisor - INFO - Epoch [24/100] (1300) train_mae: 37170.7773, val_mae: 36068.0664 lr:0.001000 41.9s
2019-06-22 18:38:28,946 - model.dcrnn_supervisor - INFO - Val loss decrease from 36084.0742 to 36068.0664, saving to data/dummy/linear_integers/dcrnn_DR_2_h_12_64-64_lr_0.01_bs_64_0622181952/models-36068.0664-1300
2019-06-22 18:39:12,899 - model.dcrnn_supervisor - INFO - Epoch [25/100] (1352) train_mae: 37152.8320, val_mae: 36052.6758 lr:0.001000 44.0s
2019-06-22 18:39:12,918 - model.dcrnn_supervisor - INFO - Val loss decrease from 36068.0664 to 36052.6758, saving to data/dummy/linear_integers/dcrnn_DR_2_h_12_64-64_lr_0.01_bs_64_0622181952/models-36052.6758-1352
2019-06-22 18:39:55,670 - model.dcrnn_supervisor - INFO - Epoch [26/100] (1404) train_mae: 37135.3945, val_mae: 36036.4219 lr:0.001000 42.8s
2019-06-22 18:39:55,687 - model.dcrnn_supervisor - INFO - Val loss decrease from 36052.6758 to 36036.4219, saving to data/dummy/linear_integers/dcrnn_DR_2_h_12_64-64_lr_0.01_bs_64_0622181952/models-36036.4219-1404
2019-06-22 18:40:37,616 - model.dcrnn_supervisor - INFO - Epoch [27/100] (1456) train_mae: 37117.6211, val_mae: 36020.5781 lr:0.001000 41.9s
2019-06-22 18:40:37,633 - model.dcrnn_supervisor - INFO - Val loss decrease from 36036.4219 to 36020.5781, saving to data/dummy/linear_integers/dcrnn_DR_2_h_12_64-64_lr_0.01_bs_64_0622181952/models-36020.5781-1456
2019-06-22 18:41:19,853 - model.dcrnn_supervisor - INFO - Epoch [28/100] (1508) train_mae: 37100.2930, val_mae: 36005.6406 lr:0.001000 42.2s
2019-06-22 18:41:19,871 - model.dcrnn_supervisor - INFO - Val loss decrease from 36020.5781 to 36005.6406, saving to data/dummy/linear_integers/dcrnn_DR_2_h_12_64-64_lr_0.01_bs_64_0622181952/models-36005.6406-1508
2019-06-22 18:42:02,720 - model.dcrnn_supervisor - INFO - Epoch [29/100] (1560) train_mae: 37083.7031, val_mae: 35991.3750 lr:0.001000 42.8s
2019-06-22 18:42:08,251 - model.dcrnn_supervisor - INFO - Horizon 01, MAE: 121.21, MAPE: 0.3031, RMSE: 186.90
2019-06-22 18:42:08,252 - model.dcrnn_supervisor - INFO - Horizon 02, MAE: 121.82, MAPE: 0.2996, RMSE: 188.06
2019-06-22 18:42:08,254 - model.dcrnn_supervisor - INFO - Horizon 03, MAE: 122.52, MAPE: 0.2960, RMSE: 189.55
2019-06-22 18:42:08,255 - model.dcrnn_supervisor - INFO - Horizon 04, MAE: 123.38, MAPE: 0.2923, RMSE: 191.41
2019-06-22 18:42:08,256 - model.dcrnn_supervisor - INFO - Horizon 05, MAE: 124.00, MAPE: 0.2885, RMSE: 192.92
2019-06-22 18:42:08,257 - model.dcrnn_supervisor - INFO - Horizon 06, MAE: 125.03, MAPE: 0.2844, RMSE: 195.19
2019-06-22 18:42:08,259 - model.dcrnn_supervisor - INFO - Horizon 07, MAE: 125.87, MAPE: 0.2807, RMSE: 196.81
2019-06-22 18:42:08,260 - model.dcrnn_supervisor - INFO - Horizon 08, MAE: 126.77, MAPE: 0.2768, RMSE: 198.91
2019-06-22 18:42:08,261 - model.dcrnn_supervisor - INFO - Horizon 09, MAE: 127.88, MAPE: 0.2738, RMSE: 201.14
2019-06-22 18:42:08,262 - model.dcrnn_supervisor - INFO - Horizon 10, MAE: 128.59, MAPE: 0.2696, RMSE: 202.87
2019-06-22 18:42:08,263 - model.dcrnn_supervisor - INFO - Horizon 11, MAE: 129.47, MAPE: 0.2649, RMSE: 205.29
2019-06-22 18:42:08,265 - model.dcrnn_supervisor - INFO - Horizon 12, MAE: 129.99, MAPE: 0.2601, RMSE: 207.04
2019-06-22 18:42:08,282 - model.dcrnn_supervisor - INFO - Val loss decrease from 36005.6406 to 35991.3750, saving to data/dummy/linear_integers/dcrnn_DR_2_h_12_64-64_lr_0.01_bs_64_0622181952/models-35991.3750-1560
2019-06-22 18:42:51,283 - model.dcrnn_supervisor - INFO - Epoch [30/100] (1612) train_mae: 37074.0586, val_mae: 35989.3086 lr:0.000100 43.0s
2019-06-22 18:42:51,301 - model.dcrnn_supervisor - INFO - Val loss decrease from 35991.3750 to 35989.3086, saving to data/dummy/linear_integers/dcrnn_DR_2_h_12_64-64_lr_0.01_bs_64_0622181952/models-35989.3086-1612
2019-06-22 18:43:33,957 - model.dcrnn_supervisor - INFO - Epoch [31/100] (1664) train_mae: 37072.2930, val_mae: 35987.8281 lr:0.000100 42.7s
2019-06-22 18:43:33,977 - model.dcrnn_supervisor - INFO - Val loss decrease from 35989.3086 to 35987.8281, saving to data/dummy/linear_integers/dcrnn_DR_2_h_12_64-64_lr_0.01_bs_64_0622181952/models-35987.8281-1664
2019-06-22 18:44:17,100 - model.dcrnn_supervisor - INFO - Epoch [32/100] (1716) train_mae: 37070.5820, val_mae: 35986.3125 lr:0.000100 43.1s
2019-06-22 18:44:17,121 - model.dcrnn_supervisor - INFO - Val loss decrease from 35987.8281 to 35986.3125, saving to data/dummy/linear_integers/dcrnn_DR_2_h_12_64-64_lr_0.01_bs_64_0622181952/models-35986.3125-1716
2019-06-22 18:45:00,603 - model.dcrnn_supervisor - INFO - Epoch [33/100] (1768) train_mae: 37068.8906, val_mae: 35984.8828 lr:0.000100 43.5s
2019-06-22 18:45:00,622 - model.dcrnn_supervisor - INFO - Val loss decrease from 35986.3125 to 35984.8828, saving to data/dummy/linear_integers/dcrnn_DR_2_h_12_64-64_lr_0.01_bs_64_0622181952/models-35984.8828-1768
2019-06-22 18:45:43,923 - model.dcrnn_supervisor - INFO - Epoch [34/100] (1820) train_mae: 37067.0938, val_mae: 35983.4609 lr:0.000100 43.3s
2019-06-22 18:45:43,941 - model.dcrnn_supervisor - INFO - Val loss decrease from 35984.8828 to 35983.4609, saving to data/dummy/linear_integers/dcrnn_DR_2_h_12_64-64_lr_0.01_bs_64_0622181952/models-35983.4609-1820
2019-06-22 18:46:26,291 - model.dcrnn_supervisor - INFO - Epoch [35/100] (1872) train_mae: 37065.3516, val_mae: 35981.6484 lr:0.000100 42.3s
2019-06-22 18:46:26,310 - model.dcrnn_supervisor - INFO - Val loss decrease from 35983.4609 to 35981.6484, saving to data/dummy/linear_integers/dcrnn_DR_2_h_12_64-64_lr_0.01_bs_64_0622181952/models-35981.6484-1872
2019-06-22 18:47:09,835 - model.dcrnn_supervisor - INFO - Epoch [36/100] (1924) train_mae: 37063.4414, val_mae: 35979.9297 lr:0.000100 43.5s
2019-06-22 18:47:09,855 - model.dcrnn_supervisor - INFO - Val loss decrease from 35981.6484 to 35979.9297, saving to data/dummy/linear_integers/dcrnn_DR_2_h_12_64-64_lr_0.01_bs_64_0622181952/models-35979.9297-1924
2019-06-22 18:47:53,152 - model.dcrnn_supervisor - INFO - Epoch [37/100] (1976) train_mae: 37061.5195, val_mae: 35978.2773 lr:0.000100 43.3s
2019-06-22 18:47:53,171 - model.dcrnn_supervisor - INFO - Val loss decrease from 35979.9297 to 35978.2773, saving to data/dummy/linear_integers/dcrnn_DR_2_h_12_64-64_lr_0.01_bs_64_0622181952/models-35978.2773-1976
2019-06-22 18:48:36,695 - model.dcrnn_supervisor - INFO - Epoch [38/100] (2028) train_mae: 37059.6016, val_mae: 35976.5781 lr:0.000100 43.5s
2019-06-22 18:48:36,713 - model.dcrnn_supervisor - INFO - Val loss decrease from 35978.2773 to 35976.5781, saving to data/dummy/linear_integers/dcrnn_DR_2_h_12_64-64_lr_0.01_bs_64_0622181952/models-35976.5781-2028
2019-06-22 18:49:20,530 - model.dcrnn_supervisor - INFO - Epoch [39/100] (2080) train_mae: 37057.6836, val_mae: 35974.9102 lr:0.000100 43.8s
2019-06-22 18:49:26,071 - model.dcrnn_supervisor - INFO - Horizon 01, MAE: 119.90, MAPE: 0.2991, RMSE: 187.13
2019-06-22 18:49:26,072 - model.dcrnn_supervisor - INFO - Horizon 02, MAE: 120.54, MAPE: 0.2957, RMSE: 188.34
2019-06-22 18:49:26,073 - model.dcrnn_supervisor - INFO - Horizon 03, MAE: 121.27, MAPE: 0.2921, RMSE: 189.89
2019-06-22 18:49:26,075 - model.dcrnn_supervisor - INFO - Horizon 04, MAE: 122.16, MAPE: 0.2885, RMSE: 191.79
2019-06-22 18:49:26,076 - model.dcrnn_supervisor - INFO - Horizon 05, MAE: 122.80, MAPE: 0.2848, RMSE: 193.35
2019-06-22 18:49:26,077 - model.dcrnn_supervisor - INFO - Horizon 06, MAE: 123.86, MAPE: 0.2807, RMSE: 195.67
2019-06-22 18:49:26,078 - model.dcrnn_supervisor - INFO - Horizon 07, MAE: 124.73, MAPE: 0.2771, RMSE: 197.34
2019-06-22 18:49:26,080 - model.dcrnn_supervisor - INFO - Horizon 08, MAE: 125.66, MAPE: 0.2733, RMSE: 199.48
2019-06-22 18:49:26,081 - model.dcrnn_supervisor - INFO - Horizon 09, MAE: 126.80, MAPE: 0.2704, RMSE: 201.76
2019-06-22 18:49:26,082 - model.dcrnn_supervisor - INFO - Horizon 10, MAE: 127.53, MAPE: 0.2662, RMSE: 203.53
2019-06-22 18:49:26,084 - model.dcrnn_supervisor - INFO - Horizon 11, MAE: 128.44, MAPE: 0.2616, RMSE: 206.01
2019-06-22 18:49:26,085 - model.dcrnn_supervisor - INFO - Horizon 12, MAE: 128.98, MAPE: 0.2569, RMSE: 207.79
2019-06-22 18:49:26,104 - model.dcrnn_supervisor - INFO - Val loss decrease from 35976.5781 to 35974.9102, saving to data/dummy/linear_integers/dcrnn_DR_2_h_12_64-64_lr_0.01_bs_64_0622181952/models-35974.9102-2080
2019-06-22 18:50:10,086 - model.dcrnn_supervisor - INFO - Epoch [40/100] (2132) train_mae: 37056.5312, val_mae: 35974.6797 lr:0.000010 44.0s
2019-06-22 18:50:10,105 - model.dcrnn_supervisor - INFO - Val loss decrease from 35974.9102 to 35974.6797, saving to data/dummy/linear_integers/dcrnn_DR_2_h_12_64-64_lr_0.01_bs_64_0622181952/models-35974.6797-2132
2019-06-22 18:50:53,355 - model.dcrnn_supervisor - INFO - Epoch [41/100] (2184) train_mae: 37056.3086, val_mae: 35974.5039 lr:0.000010 43.2s
2019-06-22 18:50:53,375 - model.dcrnn_supervisor - INFO - Val loss decrease from 35974.6797 to 35974.5039, saving to data/dummy/linear_integers/dcrnn_DR_2_h_12_64-64_lr_0.01_bs_64_0622181952/models-35974.5039-2184
2019-06-22 18:51:37,382 - model.dcrnn_supervisor - INFO - Epoch [42/100] (2236) train_mae: 37056.1016, val_mae: 35974.3320 lr:0.000010 44.0s
2019-06-22 18:51:37,402 - model.dcrnn_supervisor - INFO - Val loss decrease from 35974.5039 to 35974.3320, saving to data/dummy/linear_integers/dcrnn_DR_2_h_12_64-64_lr_0.01_bs_64_0622181952/models-35974.3320-2236
2019-06-22 18:52:22,552 - model.dcrnn_supervisor - INFO - Epoch [43/100] (2288) train_mae: 37055.8984, val_mae: 35974.1484 lr:0.000010 45.1s
2019-06-22 18:52:22,574 - model.dcrnn_supervisor - INFO - Val loss decrease from 35974.3320 to 35974.1484, saving to data/dummy/linear_integers/dcrnn_DR_2_h_12_64-64_lr_0.01_bs_64_0622181952/models-35974.1484-2288
2019-06-22 18:53:08,381 - model.dcrnn_supervisor - INFO - Epoch [44/100] (2340) train_mae: 37055.6914, val_mae: 35973.9531 lr:0.000010 45.8s
2019-06-22 18:53:08,399 - model.dcrnn_supervisor - INFO - Val loss decrease from 35974.1484 to 35973.9531, saving to data/dummy/linear_integers/dcrnn_DR_2_h_12_64-64_lr_0.01_bs_64_0622181952/models-35973.9531-2340
2019-06-22 18:53:49,266 - model.dcrnn_supervisor - INFO - Epoch [45/100] (2392) train_mae: 37055.4688, val_mae: 35973.7734 lr:0.000010 40.9s
2019-06-22 18:53:49,285 - model.dcrnn_supervisor - INFO - Val loss decrease from 35973.9531 to 35973.7734, saving to data/dummy/linear_integers/dcrnn_DR_2_h_12_64-64_lr_0.01_bs_64_0622181952/models-35973.7734-2392
2019-06-22 18:54:30,680 - model.dcrnn_supervisor - INFO - Epoch [46/100] (2444) train_mae: 37055.2539, val_mae: 35973.5781 lr:0.000010 41.4s
2019-06-22 18:54:30,698 - model.dcrnn_supervisor - INFO - Val loss decrease from 35973.7734 to 35973.5781, saving to data/dummy/linear_integers/dcrnn_DR_2_h_12_64-64_lr_0.01_bs_64_0622181952/models-35973.5781-2444
2019-06-22 18:55:12,094 - model.dcrnn_supervisor - INFO - Epoch [47/100] (2496) train_mae: 37055.0078, val_mae: 35973.3594 lr:0.000010 41.4s
2019-06-22 18:55:12,114 - model.dcrnn_supervisor - INFO - Val loss decrease from 35973.5781 to 35973.3594, saving to data/dummy/linear_integers/dcrnn_DR_2_h_12_64-64_lr_0.01_bs_64_0622181952/models-35973.3594-2496
2019-06-22 18:55:54,900 - model.dcrnn_supervisor - INFO - Epoch [48/100] (2548) train_mae: 37054.7852, val_mae: 35973.1680 lr:0.000010 42.8s
2019-06-22 18:55:54,921 - model.dcrnn_supervisor - INFO - Val loss decrease from 35973.3594 to 35973.1680, saving to data/dummy/linear_integers/dcrnn_DR_2_h_12_64-64_lr_0.01_bs_64_0622181952/models-35973.1680-2548
2019-06-22 18:56:35,984 - model.dcrnn_supervisor - INFO - Epoch [49/100] (2600) train_mae: 37054.5547, val_mae: 35972.9492 lr:0.000010 41.1s
2019-06-22 18:56:41,144 - model.dcrnn_supervisor - INFO - Horizon 01, MAE: 119.82, MAPE: 0.2990, RMSE: 187.12
2019-06-22 18:56:41,146 - model.dcrnn_supervisor - INFO - Horizon 02, MAE: 120.46, MAPE: 0.2956, RMSE: 188.33
2019-06-22 18:56:41,147 - model.dcrnn_supervisor - INFO - Horizon 03, MAE: 121.19, MAPE: 0.2920, RMSE: 189.87
2019-06-22 18:56:41,148 - model.dcrnn_supervisor - INFO - Horizon 04, MAE: 122.08, MAPE: 0.2884, RMSE: 191.77
2019-06-22 18:56:41,149 - model.dcrnn_supervisor - INFO - Horizon 05, MAE: 122.71, MAPE: 0.2847, RMSE: 193.33
2019-06-22 18:56:41,150 - model.dcrnn_supervisor - INFO - Horizon 06, MAE: 123.77, MAPE: 0.2806, RMSE: 195.65
2019-06-22 18:56:41,151 - model.dcrnn_supervisor - INFO - Horizon 07, MAE: 124.64, MAPE: 0.2770, RMSE: 197.31
2019-06-22 18:56:41,152 - model.dcrnn_supervisor - INFO - Horizon 08, MAE: 125.57, MAPE: 0.2732, RMSE: 199.46
2019-06-22 18:56:41,154 - model.dcrnn_supervisor - INFO - Horizon 09, MAE: 126.70, MAPE: 0.2703, RMSE: 201.73
2019-06-22 18:56:41,155 - model.dcrnn_supervisor - INFO - Horizon 10, MAE: 127.44, MAPE: 0.2661, RMSE: 203.50
2019-06-22 18:56:41,156 - model.dcrnn_supervisor - INFO - Horizon 11, MAE: 128.34, MAPE: 0.2615, RMSE: 205.97
2019-06-22 18:56:41,157 - model.dcrnn_supervisor - INFO - Horizon 12, MAE: 128.88, MAPE: 0.2567, RMSE: 207.76
2019-06-22 18:56:41,176 - model.dcrnn_supervisor - INFO - Val loss decrease from 35973.1680 to 35972.9492, saving to data/dummy/linear_integers/dcrnn_DR_2_h_12_64-64_lr_0.01_bs_64_0622181952/models-35972.9492-2600
2019-06-22 18:57:23,728 - model.dcrnn_supervisor - INFO - Epoch [50/100] (2652) train_mae: 37054.4023, val_mae: 35972.9180 lr:0.000002 42.6s
2019-06-22 18:57:23,748 - model.dcrnn_supervisor - INFO - Val loss decrease from 35972.9492 to 35972.9180, saving to data/dummy/linear_integers/dcrnn_DR_2_h_12_64-64_lr_0.01_bs_64_0622181952/models-35972.9180-2652
2019-06-22 18:58:06,754 - model.dcrnn_supervisor - INFO - Epoch [51/100] (2704) train_mae: 37054.3555, val_mae: 35972.8672 lr:0.000002 43.0s
2019-06-22 18:58:06,776 - model.dcrnn_supervisor - INFO - Val loss decrease from 35972.9180 to 35972.8672, saving to data/dummy/linear_integers/dcrnn_DR_2_h_12_64-64_lr_0.01_bs_64_0622181952/models-35972.8672-2704
2019-06-22 18:58:49,599 - model.dcrnn_supervisor - INFO - Epoch [52/100] (2756) train_mae: 37054.3008, val_mae: 35972.8203 lr:0.000002 42.8s
2019-06-22 18:58:49,619 - model.dcrnn_supervisor - INFO - Val loss decrease from 35972.8672 to 35972.8203, saving to data/dummy/linear_integers/dcrnn_DR_2_h_12_64-64_lr_0.01_bs_64_0622181952/models-35972.8203-2756
2019-06-22 18:59:32,192 - model.dcrnn_supervisor - INFO - Epoch [53/100] (2808) train_mae: 37054.2500, val_mae: 35972.7773 lr:0.000002 42.6s
2019-06-22 18:59:32,213 - model.dcrnn_supervisor - INFO - Val loss decrease from 35972.8203 to 35972.7773, saving to data/dummy/linear_integers/dcrnn_DR_2_h_12_64-64_lr_0.01_bs_64_0622181952/models-35972.7773-2808
2019-06-22 19:00:15,386 - model.dcrnn_supervisor - INFO - Epoch [54/100] (2860) train_mae: 37054.1992, val_mae: 35972.7344 lr:0.000002 43.2s
2019-06-22 19:00:15,406 - model.dcrnn_supervisor - INFO - Val loss decrease from 35972.7773 to 35972.7344, saving to data/dummy/linear_integers/dcrnn_DR_2_h_12_64-64_lr_0.01_bs_64_0622181952/models-35972.7344-2860
2019-06-22 19:00:58,131 - model.dcrnn_supervisor - INFO - Epoch [55/100] (2912) train_mae: 37054.1484, val_mae: 35972.6719 lr:0.000002 42.7s
2019-06-22 19:00:58,153 - model.dcrnn_supervisor - INFO - Val loss decrease from 35972.7344 to 35972.6719, saving to data/dummy/linear_integers/dcrnn_DR_2_h_12_64-64_lr_0.01_bs_64_0622181952/models-35972.6719-2912
2019-06-22 19:01:41,245 - model.dcrnn_supervisor - INFO - Epoch [56/100] (2964) train_mae: 37054.0859, val_mae: 35972.6406 lr:0.000002 43.1s
2019-06-22 19:01:41,265 - model.dcrnn_supervisor - INFO - Val loss decrease from 35972.6719 to 35972.6406, saving to data/dummy/linear_integers/dcrnn_DR_2_h_12_64-64_lr_0.01_bs_64_0622181952/models-35972.6406-2964
2019-06-22 19:02:23,712 - model.dcrnn_supervisor - INFO - Epoch [57/100] (3016) train_mae: 37054.0352, val_mae: 35972.5820 lr:0.000002 42.4s
2019-06-22 19:02:23,734 - model.dcrnn_supervisor - INFO - Val loss decrease from 35972.6406 to 35972.5820, saving to data/dummy/linear_integers/dcrnn_DR_2_h_12_64-64_lr_0.01_bs_64_0622181952/models-35972.5820-3016
2019-06-22 19:03:07,322 - model.dcrnn_supervisor - INFO - Epoch [58/100] (3068) train_mae: 37053.9609, val_mae: 35972.5195 lr:0.000002 43.6s
2019-06-22 19:03:07,344 - model.dcrnn_supervisor - INFO - Val loss decrease from 35972.5820 to 35972.5195, saving to data/dummy/linear_integers/dcrnn_DR_2_h_12_64-64_lr_0.01_bs_64_0622181952/models-35972.5195-3068
2019-06-22 19:03:51,608 - model.dcrnn_supervisor - INFO - Epoch [59/100] (3120) train_mae: 37053.8984, val_mae: 35972.4727 lr:0.000002 44.3s
2019-06-22 19:03:56,944 - model.dcrnn_supervisor - INFO - Horizon 01, MAE: 119.82, MAPE: 0.2990, RMSE: 187.12
2019-06-22 19:03:56,945 - model.dcrnn_supervisor - INFO - Horizon 02, MAE: 120.46, MAPE: 0.2956, RMSE: 188.33
2019-06-22 19:03:56,946 - model.dcrnn_supervisor - INFO - Horizon 03, MAE: 121.19, MAPE: 0.2920, RMSE: 189.87
2019-06-22 19:03:56,947 - model.dcrnn_supervisor - INFO - Horizon 04, MAE: 122.08, MAPE: 0.2884, RMSE: 191.77
2019-06-22 19:03:56,949 - model.dcrnn_supervisor - INFO - Horizon 05, MAE: 122.71, MAPE: 0.2847, RMSE: 193.33
2019-06-22 19:03:56,950 - model.dcrnn_supervisor - INFO - Horizon 06, MAE: 123.77, MAPE: 0.2806, RMSE: 195.65
2019-06-22 19:03:56,951 - model.dcrnn_supervisor - INFO - Horizon 07, MAE: 124.64, MAPE: 0.2770, RMSE: 197.31
2019-06-22 19:03:56,952 - model.dcrnn_supervisor - INFO - Horizon 08, MAE: 125.57, MAPE: 0.2732, RMSE: 199.46
2019-06-22 19:03:56,954 - model.dcrnn_supervisor - INFO - Horizon 09, MAE: 126.70, MAPE: 0.2703, RMSE: 201.73
2019-06-22 19:03:56,955 - model.dcrnn_supervisor - INFO - Horizon 10, MAE: 127.44, MAPE: 0.2661, RMSE: 203.50
2019-06-22 19:03:56,956 - model.dcrnn_supervisor - INFO - Horizon 11, MAE: 128.34, MAPE: 0.2615, RMSE: 205.97
2019-06-22 19:03:56,957 - model.dcrnn_supervisor - INFO - Horizon 12, MAE: 128.88, MAPE: 0.2567, RMSE: 207.76
2019-06-22 19:03:56,995 - model.dcrnn_supervisor - INFO - Val loss decrease from 35972.5195 to 35972.4727, saving to data/dummy/linear_integers/dcrnn_DR_2_h_12_64-64_lr_0.01_bs_64_0622181952/models-35972.4727-3120
2019-06-22 19:04:40,382 - model.dcrnn_supervisor - INFO - Epoch [60/100] (3172) train_mae: 37053.8438, val_mae: 35972.4219 lr:0.000002 43.4s
2019-06-22 19:04:40,402 - model.dcrnn_supervisor - INFO - Val loss decrease from 35972.4727 to 35972.4219, saving to data/dummy/linear_integers/dcrnn_DR_2_h_12_64-64_lr_0.01_bs_64_0622181952/models-35972.4219-3172
2019-06-22 19:05:24,164 - model.dcrnn_supervisor - INFO - Epoch [61/100] (3224) train_mae: 37053.7812, val_mae: 35972.3594 lr:0.000002 43.8s
2019-06-22 19:05:24,188 - model.dcrnn_supervisor - INFO - Val loss decrease from 35972.4219 to 35972.3594, saving to data/dummy/linear_integers/dcrnn_DR_2_h_12_64-64_lr_0.01_bs_64_0622181952/models-35972.3594-3224
2019-06-22 19:06:09,284 - model.dcrnn_supervisor - INFO - Epoch [62/100] (3276) train_mae: 37053.7109, val_mae: 35972.3008 lr:0.000002 45.1s
2019-06-22 19:06:09,305 - model.dcrnn_supervisor - INFO - Val loss decrease from 35972.3594 to 35972.3008, saving to data/dummy/linear_integers/dcrnn_DR_2_h_12_64-64_lr_0.01_bs_64_0622181952/models-35972.3008-3276
2019-06-22 19:06:52,022 - model.dcrnn_supervisor - INFO - Epoch [63/100] (3328) train_mae: 37053.6484, val_mae: 35972.2539 lr:0.000002 42.7s
2019-06-22 19:06:52,045 - model.dcrnn_supervisor - INFO - Val loss decrease from 35972.3008 to 35972.2539, saving to data/dummy/linear_integers/dcrnn_DR_2_h_12_64-64_lr_0.01_bs_64_0622181952/models-35972.2539-3328
2019-06-22 19:07:36,575 - model.dcrnn_supervisor - INFO - Epoch [64/100] (3380) train_mae: 37053.5859, val_mae: 35972.1836 lr:0.000002 44.5s
2019-06-22 19:07:36,599 - model.dcrnn_supervisor - INFO - Val loss decrease from 35972.2539 to 35972.1836, saving to data/dummy/linear_integers/dcrnn_DR_2_h_12_64-64_lr_0.01_bs_64_0622181952/models-35972.1836-3380
2019-06-22 19:08:21,998 - model.dcrnn_supervisor - INFO - Epoch [65/100] (3432) train_mae: 37053.5039, val_mae: 35972.1211 lr:0.000002 45.4s
2019-06-22 19:08:22,019 - model.dcrnn_supervisor - INFO - Val loss decrease from 35972.1836 to 35972.1211, saving to data/dummy/linear_integers/dcrnn_DR_2_h_12_64-64_lr_0.01_bs_64_0622181952/models-35972.1211-3432
2019-06-22 19:09:04,806 - model.dcrnn_supervisor - INFO - Epoch [66/100] (3484) train_mae: 37053.4375, val_mae: 35972.0625 lr:0.000002 42.8s
2019-06-22 19:09:04,827 - model.dcrnn_supervisor - INFO - Val loss decrease from 35972.1211 to 35972.0625, saving to data/dummy/linear_integers/dcrnn_DR_2_h_12_64-64_lr_0.01_bs_64_0622181952/models-35972.0625-3484
2019-06-22 19:09:48,582 - model.dcrnn_supervisor - INFO - Epoch [67/100] (3536) train_mae: 37053.3633, val_mae: 35971.9922 lr:0.000002 43.8s
2019-06-22 19:09:48,604 - model.dcrnn_supervisor - INFO - Val loss decrease from 35972.0625 to 35971.9922, saving to data/dummy/linear_integers/dcrnn_DR_2_h_12_64-64_lr_0.01_bs_64_0622181952/models-35971.9922-3536
2019-06-22 19:10:32,191 - model.dcrnn_supervisor - INFO - Epoch [68/100] (3588) train_mae: 37053.2891, val_mae: 35971.9375 lr:0.000002 43.6s
2019-06-22 19:10:32,213 - model.dcrnn_supervisor - INFO - Val loss decrease from 35971.9922 to 35971.9375, saving to data/dummy/linear_integers/dcrnn_DR_2_h_12_64-64_lr_0.01_bs_64_0622181952/models-35971.9375-3588
2019-06-22 19:11:15,406 - model.dcrnn_supervisor - INFO - Epoch [69/100] (3640) train_mae: 37053.2266, val_mae: 35971.8906 lr:0.000002 43.2s
2019-06-22 19:11:20,560 - model.dcrnn_supervisor - INFO - Horizon 01, MAE: 119.82, MAPE: 0.2990, RMSE: 187.12
2019-06-22 19:11:20,561 - model.dcrnn_supervisor - INFO - Horizon 02, MAE: 120.46, MAPE: 0.2956, RMSE: 188.33
2019-06-22 19:11:20,562 - model.dcrnn_supervisor - INFO - Horizon 03, MAE: 121.19, MAPE: 0.2920, RMSE: 189.87
2019-06-22 19:11:20,563 - model.dcrnn_supervisor - INFO - Horizon 04, MAE: 122.08, MAPE: 0.2884, RMSE: 191.77
2019-06-22 19:11:20,564 - model.dcrnn_supervisor - INFO - Horizon 05, MAE: 122.71, MAPE: 0.2847, RMSE: 193.33
2019-06-22 19:11:20,565 - model.dcrnn_supervisor - INFO - Horizon 06, MAE: 123.77, MAPE: 0.2806, RMSE: 195.65
2019-06-22 19:11:20,567 - model.dcrnn_supervisor - INFO - Horizon 07, MAE: 124.64, MAPE: 0.2770, RMSE: 197.31
2019-06-22 19:11:20,568 - model.dcrnn_supervisor - INFO - Horizon 08, MAE: 125.57, MAPE: 0.2732, RMSE: 199.46
2019-06-22 19:11:20,569 - model.dcrnn_supervisor - INFO - Horizon 09, MAE: 126.70, MAPE: 0.2703, RMSE: 201.73
2019-06-22 19:11:20,570 - model.dcrnn_supervisor - INFO - Horizon 10, MAE: 127.44, MAPE: 0.2661, RMSE: 203.50
2019-06-22 19:11:20,571 - model.dcrnn_supervisor - INFO - Horizon 11, MAE: 128.34, MAPE: 0.2615, RMSE: 205.97
2019-06-22 19:11:20,572 - model.dcrnn_supervisor - INFO - Horizon 12, MAE: 128.88, MAPE: 0.2567, RMSE: 207.76
2019-06-22 19:11:20,608 - model.dcrnn_supervisor - INFO - Val loss decrease from 35971.9375 to 35971.8906, saving to data/dummy/linear_integers/dcrnn_DR_2_h_12_64-64_lr_0.01_bs_64_0622181952/models-35971.8906-3640
2019-06-22 19:12:05,558 - model.dcrnn_supervisor - INFO - Epoch [70/100] (3692) train_mae: 37053.1680, val_mae: 35971.8320 lr:0.000002 44.9s
2019-06-22 19:12:05,580 - model.dcrnn_supervisor - INFO - Val loss decrease from 35971.8906 to 35971.8320, saving to data/dummy/linear_integers/dcrnn_DR_2_h_12_64-64_lr_0.01_bs_64_0622181952/models-35971.8320-3692
2019-06-22 19:12:48,634 - model.dcrnn_supervisor - INFO - Epoch [71/100] (3744) train_mae: 37053.1172, val_mae: 35971.7891 lr:0.000002 43.1s
2019-06-22 19:12:48,654 - model.dcrnn_supervisor - INFO - Val loss decrease from 35971.8320 to 35971.7891, saving to data/dummy/linear_integers/dcrnn_DR_2_h_12_64-64_lr_0.01_bs_64_0622181952/models-35971.7891-3744
2019-06-22 19:13:30,752 - model.dcrnn_supervisor - INFO - Epoch [72/100] (3796) train_mae: 37053.0547, val_mae: 35971.7266 lr:0.000002 42.1s
2019-06-22 19:13:30,775 - model.dcrnn_supervisor - INFO - Val loss decrease from 35971.7891 to 35971.7266, saving to data/dummy/linear_integers/dcrnn_DR_2_h_12_64-64_lr_0.01_bs_64_0622181952/models-35971.7266-3796
2019-06-22 19:14:14,750 - model.dcrnn_supervisor - INFO - Epoch [73/100] (3848) train_mae: 37052.9805, val_mae: 35971.6719 lr:0.000002 44.0s
2019-06-22 19:14:14,772 - model.dcrnn_supervisor - INFO - Val loss decrease from 35971.7266 to 35971.6719, saving to data/dummy/linear_integers/dcrnn_DR_2_h_12_64-64_lr_0.01_bs_64_0622181952/models-35971.6719-3848
2019-06-22 19:14:59,718 - model.dcrnn_supervisor - INFO - Epoch [74/100] (3900) train_mae: 37052.9141, val_mae: 35971.6016 lr:0.000002 44.9s
2019-06-22 19:14:59,740 - model.dcrnn_supervisor - INFO - Val loss decrease from 35971.6719 to 35971.6016, saving to data/dummy/linear_integers/dcrnn_DR_2_h_12_64-64_lr_0.01_bs_64_0622181952/models-35971.6016-3900
2019-06-22 19:15:44,041 - model.dcrnn_supervisor - INFO - Epoch [75/100] (3952) train_mae: 37052.8398, val_mae: 35971.5391 lr:0.000002 44.3s
2019-06-22 19:15:44,066 - model.dcrnn_supervisor - INFO - Val loss decrease from 35971.6016 to 35971.5391, saving to data/dummy/linear_integers/dcrnn_DR_2_h_12_64-64_lr_0.01_bs_64_0622181952/models-35971.5391-3952
2019-06-22 19:16:27,530 - model.dcrnn_supervisor - INFO - Epoch [76/100] (4004) train_mae: 37052.7656, val_mae: 35971.4883 lr:0.000002 43.5s
2019-06-22 19:16:27,553 - model.dcrnn_supervisor - INFO - Val loss decrease from 35971.5391 to 35971.4883, saving to data/dummy/linear_integers/dcrnn_DR_2_h_12_64-64_lr_0.01_bs_64_0622181952/models-35971.4883-4004
2019-06-22 19:17:11,492 - model.dcrnn_supervisor - INFO - Epoch [77/100] (4056) train_mae: 37052.7031, val_mae: 35971.4219 lr:0.000002 43.9s
2019-06-22 19:17:11,515 - model.dcrnn_supervisor - INFO - Val loss decrease from 35971.4883 to 35971.4219, saving to data/dummy/linear_integers/dcrnn_DR_2_h_12_64-64_lr_0.01_bs_64_0622181952/models-35971.4219-4056
2019-06-22 19:17:54,174 - model.dcrnn_supervisor - INFO - Epoch [78/100] (4108) train_mae: 37052.6367, val_mae: 35971.3672 lr:0.000002 42.7s
2019-06-22 19:17:54,197 - model.dcrnn_supervisor - INFO - Val loss decrease from 35971.4219 to 35971.3672, saving to data/dummy/linear_integers/dcrnn_DR_2_h_12_64-64_lr_0.01_bs_64_0622181952/models-35971.3672-4108
2019-06-22 19:18:37,814 - model.dcrnn_supervisor - INFO - Epoch [79/100] (4160) train_mae: 37052.5586, val_mae: 35971.2969 lr:0.000002 43.6s
2019-06-22 19:18:43,297 - model.dcrnn_supervisor - INFO - Horizon 01, MAE: 119.82, MAPE: 0.2990, RMSE: 187.12
2019-06-22 19:18:43,300 - model.dcrnn_supervisor - INFO - Horizon 02, MAE: 120.46, MAPE: 0.2956, RMSE: 188.33
2019-06-22 19:18:43,301 - model.dcrnn_supervisor - INFO - Horizon 03, MAE: 121.19, MAPE: 0.2920, RMSE: 189.87
2019-06-22 19:18:43,302 - model.dcrnn_supervisor - INFO - Horizon 04, MAE: 122.08, MAPE: 0.2884, RMSE: 191.78
2019-06-22 19:18:43,303 - model.dcrnn_supervisor - INFO - Horizon 05, MAE: 122.71, MAPE: 0.2847, RMSE: 193.33
2019-06-22 19:18:43,304 - model.dcrnn_supervisor - INFO - Horizon 06, MAE: 123.78, MAPE: 0.2806, RMSE: 195.65
2019-06-22 19:18:43,305 - model.dcrnn_supervisor - INFO - Horizon 07, MAE: 124.64, MAPE: 0.2770, RMSE: 197.31
2019-06-22 19:18:43,306 - model.dcrnn_supervisor - INFO - Horizon 08, MAE: 125.57, MAPE: 0.2732, RMSE: 199.46
2019-06-22 19:18:43,308 - model.dcrnn_supervisor - INFO - Horizon 09, MAE: 126.71, MAPE: 0.2703, RMSE: 201.73
2019-06-22 19:18:43,309 - model.dcrnn_supervisor - INFO - Horizon 10, MAE: 127.44, MAPE: 0.2661, RMSE: 203.50
2019-06-22 19:18:43,310 - model.dcrnn_supervisor - INFO - Horizon 11, MAE: 128.34, MAPE: 0.2615, RMSE: 205.97
2019-06-22 19:18:43,311 - model.dcrnn_supervisor - INFO - Horizon 12, MAE: 128.88, MAPE: 0.2567, RMSE: 207.76
2019-06-22 19:18:43,332 - model.dcrnn_supervisor - INFO - Val loss decrease from 35971.3672 to 35971.2969, saving to data/dummy/linear_integers/dcrnn_DR_2_h_12_64-64_lr_0.01_bs_64_0622181952/models-35971.2969-4160
2019-06-22 19:19:26,694 - model.dcrnn_supervisor - INFO - Epoch [80/100] (4212) train_mae: 37052.5039, val_mae: 35971.2578 lr:0.000002 43.4s
2019-06-22 19:19:26,718 - model.dcrnn_supervisor - INFO - Val loss decrease from 35971.2969 to 35971.2578, saving to data/dummy/linear_integers/dcrnn_DR_2_h_12_64-64_lr_0.01_bs_64_0622181952/models-35971.2578-4212
2019-06-22 19:20:09,988 - model.dcrnn_supervisor - INFO - Epoch [81/100] (4264) train_mae: 37052.4414, val_mae: 35971.1992 lr:0.000002 43.3s
2019-06-22 19:20:10,013 - model.dcrnn_supervisor - INFO - Val loss decrease from 35971.2578 to 35971.1992, saving to data/dummy/linear_integers/dcrnn_DR_2_h_12_64-64_lr_0.01_bs_64_0622181952/models-35971.1992-4264
2019-06-22 19:20:51,767 - model.dcrnn_supervisor - INFO - Epoch [82/100] (4316) train_mae: 37052.3711, val_mae: 35971.1250 lr:0.000002 41.8s
2019-06-22 19:20:51,789 - model.dcrnn_supervisor - INFO - Val loss decrease from 35971.1992 to 35971.1250, saving to data/dummy/linear_integers/dcrnn_DR_2_h_12_64-64_lr_0.01_bs_64_0622181952/models-35971.1250-4316
2019-06-22 19:21:34,567 - model.dcrnn_supervisor - INFO - Epoch [83/100] (4368) train_mae: 37052.2930, val_mae: 35971.0625 lr:0.000002 42.8s
2019-06-22 19:21:34,594 - model.dcrnn_supervisor - INFO - Val loss decrease from 35971.1250 to 35971.0625, saving to data/dummy/linear_integers/dcrnn_DR_2_h_12_64-64_lr_0.01_bs_64_0622181952/models-35971.0625-4368
2019-06-22 19:22:17,743 - model.dcrnn_supervisor - INFO - Epoch [84/100] (4420) train_mae: 37052.2148, val_mae: 35971.0000 lr:0.000002 43.1s
2019-06-22 19:22:17,768 - model.dcrnn_supervisor - INFO - Val loss decrease from 35971.0625 to 35971.0000, saving to data/dummy/linear_integers/dcrnn_DR_2_h_12_64-64_lr_0.01_bs_64_0622181952/models-35971.0000-4420
2019-06-22 19:22:59,413 - model.dcrnn_supervisor - INFO - Epoch [85/100] (4472) train_mae: 37052.1406, val_mae: 35970.9297 lr:0.000002 41.6s
2019-06-22 19:22:59,436 - model.dcrnn_supervisor - INFO - Val loss decrease from 35971.0000 to 35970.9297, saving to data/dummy/linear_integers/dcrnn_DR_2_h_12_64-64_lr_0.01_bs_64_0622181952/models-35970.9297-4472
2019-06-22 19:23:42,836 - model.dcrnn_supervisor - INFO - Epoch [86/100] (4524) train_mae: 37052.0664, val_mae: 35970.8594 lr:0.000002 43.4s
2019-06-22 19:23:42,860 - model.dcrnn_supervisor - INFO - Val loss decrease from 35970.9297 to 35970.8594, saving to data/dummy/linear_integers/dcrnn_DR_2_h_12_64-64_lr_0.01_bs_64_0622181952/models-35970.8594-4524
2019-06-22 19:24:26,468 - model.dcrnn_supervisor - INFO - Epoch [87/100] (4576) train_mae: 37051.9844, val_mae: 35970.7930 lr:0.000002 43.6s
2019-06-22 19:24:26,492 - model.dcrnn_supervisor - INFO - Val loss decrease from 35970.8594 to 35970.7930, saving to data/dummy/linear_integers/dcrnn_DR_2_h_12_64-64_lr_0.01_bs_64_0622181952/models-35970.7930-4576
2019-06-22 19:25:10,244 - model.dcrnn_supervisor - INFO - Epoch [88/100] (4628) train_mae: 37051.9102, val_mae: 35970.7227 lr:0.000002 43.8s
2019-06-22 19:25:10,266 - model.dcrnn_supervisor - INFO - Val loss decrease from 35970.7930 to 35970.7227, saving to data/dummy/linear_integers/dcrnn_DR_2_h_12_64-64_lr_0.01_bs_64_0622181952/models-35970.7227-4628
2019-06-22 19:25:55,808 - model.dcrnn_supervisor - INFO - Epoch [89/100] (4680) train_mae: 37051.8281, val_mae: 35970.6523 lr:0.000002 45.5s
2019-06-22 19:26:01,888 - model.dcrnn_supervisor - INFO - Horizon 01, MAE: 119.82, MAPE: 0.2990, RMSE: 187.12
2019-06-22 19:26:01,890 - model.dcrnn_supervisor - INFO - Horizon 02, MAE: 120.46, MAPE: 0.2956, RMSE: 188.33
2019-06-22 19:26:01,891 - model.dcrnn_supervisor - INFO - Horizon 03, MAE: 121.19, MAPE: 0.2920, RMSE: 189.87
2019-06-22 19:26:01,892 - model.dcrnn_supervisor - INFO - Horizon 04, MAE: 122.08, MAPE: 0.2884, RMSE: 191.78
2019-06-22 19:26:01,894 - model.dcrnn_supervisor - INFO - Horizon 05, MAE: 122.71, MAPE: 0.2847, RMSE: 193.33
2019-06-22 19:26:01,895 - model.dcrnn_supervisor - INFO - Horizon 06, MAE: 123.77, MAPE: 0.2806, RMSE: 195.65
2019-06-22 19:26:01,896 - model.dcrnn_supervisor - INFO - Horizon 07, MAE: 124.64, MAPE: 0.2770, RMSE: 197.31
2019-06-22 19:26:01,898 - model.dcrnn_supervisor - INFO - Horizon 08, MAE: 125.57, MAPE: 0.2731, RMSE: 199.46
2019-06-22 19:26:01,899 - model.dcrnn_supervisor - INFO - Horizon 09, MAE: 126.70, MAPE: 0.2703, RMSE: 201.73
2019-06-22 19:26:01,900 - model.dcrnn_supervisor - INFO - Horizon 10, MAE: 127.44, MAPE: 0.2661, RMSE: 203.50
2019-06-22 19:26:01,902 - model.dcrnn_supervisor - INFO - Horizon 11, MAE: 128.34, MAPE: 0.2615, RMSE: 205.97
2019-06-22 19:26:01,903 - model.dcrnn_supervisor - INFO - Horizon 12, MAE: 128.88, MAPE: 0.2567, RMSE: 207.76
2019-06-22 19:26:01,941 - model.dcrnn_supervisor - INFO - Val loss decrease from 35970.7227 to 35970.6523, saving to data/dummy/linear_integers/dcrnn_DR_2_h_12_64-64_lr_0.01_bs_64_0622181952/models-35970.6523-4680
2019-06-22 19:26:45,515 - model.dcrnn_supervisor - INFO - Epoch [90/100] (4732) train_mae: 37051.7500, val_mae: 35970.5859 lr:0.000002 43.6s
2019-06-22 19:26:45,541 - model.dcrnn_supervisor - INFO - Val loss decrease from 35970.6523 to 35970.5859, saving to data/dummy/linear_integers/dcrnn_DR_2_h_12_64-64_lr_0.01_bs_64_0622181952/models-35970.5859-4732
2019-06-22 19:27:31,121 - model.dcrnn_supervisor - INFO - Epoch [91/100] (4784) train_mae: 37051.6641, val_mae: 35970.5156 lr:0.000002 45.6s
2019-06-22 19:27:31,147 - model.dcrnn_supervisor - INFO - Val loss decrease from 35970.5859 to 35970.5156, saving to data/dummy/linear_integers/dcrnn_DR_2_h_12_64-64_lr_0.01_bs_64_0622181952/models-35970.5156-4784
2019-06-22 19:28:15,484 - model.dcrnn_supervisor - INFO - Epoch [92/100] (4836) train_mae: 37051.5898, val_mae: 35970.4453 lr:0.000002 44.3s
2019-06-22 19:28:15,511 - model.dcrnn_supervisor - INFO - Val loss decrease from 35970.5156 to 35970.4453, saving to data/dummy/linear_integers/dcrnn_DR_2_h_12_64-64_lr_0.01_bs_64_0622181952/models-35970.4453-4836
2019-06-22 19:28:59,912 - model.dcrnn_supervisor - INFO - Epoch [93/100] (4888) train_mae: 37051.5078, val_mae: 35970.3828 lr:0.000002 44.4s
2019-06-22 19:28:59,938 - model.dcrnn_supervisor - INFO - Val loss decrease from 35970.4453 to 35970.3828, saving to data/dummy/linear_integers/dcrnn_DR_2_h_12_64-64_lr_0.01_bs_64_0622181952/models-35970.3828-4888
2019-06-22 19:29:43,629 - model.dcrnn_supervisor - INFO - Epoch [94/100] (4940) train_mae: 37051.4336, val_mae: 35970.3047 lr:0.000002 43.7s
2019-06-22 19:29:43,654 - model.dcrnn_supervisor - INFO - Val loss decrease from 35970.3828 to 35970.3047, saving to data/dummy/linear_integers/dcrnn_DR_2_h_12_64-64_lr_0.01_bs_64_0622181952/models-35970.3047-4940
2019-06-22 19:30:28,193 - model.dcrnn_supervisor - INFO - Epoch [95/100] (4992) train_mae: 37051.3516, val_mae: 35970.2344 lr:0.000002 44.5s
2019-06-22 19:30:28,220 - model.dcrnn_supervisor - INFO - Val loss decrease from 35970.3047 to 35970.2344, saving to data/dummy/linear_integers/dcrnn_DR_2_h_12_64-64_lr_0.01_bs_64_0622181952/models-35970.2344-4992
2019-06-22 19:31:12,502 - model.dcrnn_supervisor - INFO - Epoch [96/100] (5044) train_mae: 37051.2695, val_mae: 35970.1719 lr:0.000002 44.3s
2019-06-22 19:31:12,524 - model.dcrnn_supervisor - INFO - Val loss decrease from 35970.2344 to 35970.1719, saving to data/dummy/linear_integers/dcrnn_DR_2_h_12_64-64_lr_0.01_bs_64_0622181952/models-35970.1719-5044
2019-06-22 19:31:55,467 - model.dcrnn_supervisor - INFO - Epoch [97/100] (5096) train_mae: 37051.2070, val_mae: 35970.1211 lr:0.000002 42.9s
2019-06-22 19:31:55,494 - model.dcrnn_supervisor - INFO - Val loss decrease from 35970.1719 to 35970.1211, saving to data/dummy/linear_integers/dcrnn_DR_2_h_12_64-64_lr_0.01_bs_64_0622181952/models-35970.1211-5096
2019-06-22 19:32:40,687 - model.dcrnn_supervisor - INFO - Epoch [98/100] (5148) train_mae: 37051.1406, val_mae: 35970.0586 lr:0.000002 45.2s
2019-06-22 19:32:40,714 - model.dcrnn_supervisor - INFO - Val loss decrease from 35970.1211 to 35970.0586, saving to data/dummy/linear_integers/dcrnn_DR_2_h_12_64-64_lr_0.01_bs_64_0622181952/models-35970.0586-5148
2019-06-22 19:33:25,349 - model.dcrnn_supervisor - INFO - Epoch [99/100] (5200) train_mae: 37051.0703, val_mae: 35970.0000 lr:0.000002 44.6s
2019-06-22 19:33:30,736 - model.dcrnn_supervisor - INFO - Horizon 01, MAE: 119.82, MAPE: 0.2990, RMSE: 187.12
2019-06-22 19:33:30,738 - model.dcrnn_supervisor - INFO - Horizon 02, MAE: 120.46, MAPE: 0.2956, RMSE: 188.33
2019-06-22 19:33:30,739 - model.dcrnn_supervisor - INFO - Horizon 03, MAE: 121.19, MAPE: 0.2920, RMSE: 189.87
2019-06-22 19:33:30,740 - model.dcrnn_supervisor - INFO - Horizon 04, MAE: 122.08, MAPE: 0.2884, RMSE: 191.78
2019-06-22 19:33:30,741 - model.dcrnn_supervisor - INFO - Horizon 05, MAE: 122.71, MAPE: 0.2847, RMSE: 193.33
2019-06-22 19:33:30,742 - model.dcrnn_supervisor - INFO - Horizon 06, MAE: 123.77, MAPE: 0.2806, RMSE: 195.65
2019-06-22 19:33:30,743 - model.dcrnn_supervisor - INFO - Horizon 07, MAE: 124.64, MAPE: 0.2770, RMSE: 197.31
2019-06-22 19:33:30,745 - model.dcrnn_supervisor - INFO - Horizon 08, MAE: 125.57, MAPE: 0.2731, RMSE: 199.46
2019-06-22 19:33:30,746 - model.dcrnn_supervisor - INFO - Horizon 09, MAE: 126.70, MAPE: 0.2703, RMSE: 201.73
2019-06-22 19:33:30,747 - model.dcrnn_supervisor - INFO - Horizon 10, MAE: 127.44, MAPE: 0.2661, RMSE: 203.50
2019-06-22 19:33:30,748 - model.dcrnn_supervisor - INFO - Horizon 11, MAE: 128.34, MAPE: 0.2615, RMSE: 205.97
2019-06-22 19:33:30,749 - model.dcrnn_supervisor - INFO - Horizon 12, MAE: 128.88, MAPE: 0.2567, RMSE: 207.76
2019-06-22 19:33:30,774 - model.dcrnn_supervisor - INFO - Val loss decrease from 35970.0586 to 35970.0000, saving to data/dummy/linear_integers/dcrnn_DR_2_h_12_64-64_lr_0.01_bs_64_0622181952/models-35970.0000-5200
2019-06-22 19:34:15,398 - model.dcrnn_supervisor - INFO - Epoch [100/100] (5252) train_mae: 37051.0078, val_mae: 35969.9414 lr:0.000002 44.6s
2019-06-22 19:34:15,437 - model.dcrnn_supervisor - INFO - Val loss decrease from 35970.0000 to 35969.9414, saving to data/dummy/linear_integers/dcrnn_DR_2_h_12_64-64_lr_0.01_bs_64_0622181952/models-35969.9414-5252
