2019-10-23 13:49:12,238 - INFO - Log directory: data/5083_P1_o36_h6/dcrnn_DR_2_h_6_64-64_lr_0.01_bs_64_20191023134912/
2019-10-23 13:49:12,238 - INFO - {'base_dir': 'data/5083_P1_o36_h6', 'log_level': 'INFO', 'data': {'batch_size': 64, 'dataset_dir': 'data/inputs/5083_P1_o36_h6_sensor_data', 'test_batch_size': 64, 'val_batch_size': 64, 'graph_pkl_filename': 'data/inputs/model/adjacency_matrix_5083_P1.pkl'}, 'model': {'cl_decay_steps': 2000, 'filter_type': 'dual_random_walk', 'horizon': 6, 'input_dim': 2, 'l1_decay': 0, 'max_diffusion_step': 2, 'num_nodes': 15, 'num_rnn_layers': 2, 'output_dim': 2, 'rnn_units': 64, 'seq_len': 36, 'use_curriculum_learning': True}, 'train': {'base_lr': 0.01, 'dropout': 0, 'epoch': 0, 'epochs': 200, 'epsilon': 0.001, 'global_step': 0, 'lr_decay_ratio': 0.1, 'max_grad_norm': 5, 'max_to_keep': 100, 'min_learning_rate': 2e-06, 'optimizer': 'adam', 'patience': 50, 'steps': [20, 30, 40, 50], 'test_every_n_epochs': 10}}
2019-10-23 13:49:12,693 - INFO - ('x_train', (7770, 36, 15, 2))
2019-10-23 13:49:12,694 - INFO - ('y_train', (7770, 6, 15, 2))
2019-10-23 13:49:12,694 - INFO - ('x_val', (1110, 36, 15, 2))
2019-10-23 13:49:12,694 - INFO - ('y_val', (1110, 6, 15, 2))
2019-10-23 13:49:12,694 - INFO - ('x_test', (2220, 36, 15, 2))
2019-10-23 13:49:12,694 - INFO - ('y_test', (2220, 6, 15, 2))
2019-10-23 13:49:34,238 - INFO - Total number of trainable parameters: 373376
Created DCRNN model
2019-10-23 13:49:35,614 - INFO - Start training ...
2019-10-23 13:51:53,967 - INFO - Epoch [0/200] (121) train_mae: 12.2678, val_mae: 16.1057 lr:0.010000 137.8s
2019-10-23 13:51:54,828 - INFO - Val loss decrease from inf to 16.1057, saving to data/5083_P1_o36_h6/dcrnn_DR_2_h_6_64-64_lr_0.01_bs_64_20191023134912/models-16.1057-121
2019-10-23 13:54:13,713 - INFO - Epoch [1/200] (242) train_mae: 7.6170, val_mae: 15.3438 lr:0.010000 138.9s
2019-10-23 13:54:13,731 - INFO - Val loss decrease from 16.1057 to 15.3438, saving to data/5083_P1_o36_h6/dcrnn_DR_2_h_6_64-64_lr_0.01_bs_64_20191023134912/models-15.3438-242
2019-10-23 13:56:42,332 - INFO - Epoch [2/200] (363) train_mae: 7.5967, val_mae: 18.4720 lr:0.010000 148.6s
2019-10-23 13:59:06,231 - INFO - Epoch [3/200] (484) train_mae: 7.2409, val_mae: 18.1990 lr:0.010000 143.9s
2019-10-23 14:01:34,790 - INFO - Epoch [4/200] (605) train_mae: 6.8210, val_mae: 15.4463 lr:0.010000 148.6s
2019-10-23 15:07:01,415 - INFO - Epoch [5/200] (726) train_mae: 6.4548, val_mae: 13.9728 lr:0.010000 3926.6s
2019-10-23 15:07:01,433 - INFO - Val loss decrease from 15.3438 to 13.9728, saving to data/5083_P1_o36_h6/dcrnn_DR_2_h_6_64-64_lr_0.01_bs_64_20191023134912/models-13.9728-726
2019-10-23 15:08:59,119 - INFO - Epoch [6/200] (847) train_mae: 6.5843, val_mae: 13.5554 lr:0.010000 117.7s
2019-10-23 15:08:59,132 - INFO - Val loss decrease from 13.9728 to 13.5554, saving to data/5083_P1_o36_h6/dcrnn_DR_2_h_6_64-64_lr_0.01_bs_64_20191023134912/models-13.5554-847
2019-10-23 15:10:55,825 - INFO - Epoch [7/200] (968) train_mae: 6.4021, val_mae: 13.6162 lr:0.010000 116.7s
2019-10-23 15:12:52,061 - INFO - Epoch [8/200] (1089) train_mae: 6.2380, val_mae: 13.3635 lr:0.010000 116.2s
2019-10-23 15:12:52,073 - INFO - Val loss decrease from 13.5554 to 13.3635, saving to data/5083_P1_o36_h6/dcrnn_DR_2_h_6_64-64_lr_0.01_bs_64_20191023134912/models-13.3635-1089
2019-10-23 15:14:52,920 - INFO - Epoch [9/200] (1210) train_mae: 6.2131, val_mae: 14.1063 lr:0.010000 120.8s
2019-10-23 15:15:05,660 - INFO - Horizon 01, MAE: 11.45, MAPE: 0.0317, RMSE: 14.69
2019-10-23 15:15:05,664 - INFO - Horizon 02, MAE: 17.48, MAPE: 0.0480, RMSE: 22.68
2019-10-23 15:15:05,665 - INFO - Horizon 03, MAE: 23.26, MAPE: 0.0635, RMSE: 30.43
2019-10-23 15:15:05,667 - INFO - Horizon 04, MAE: 28.80, MAPE: 0.0783, RMSE: 37.94
2019-10-23 15:15:05,669 - INFO - Horizon 05, MAE: 34.84, MAPE: 0.0944, RMSE: 45.99
2019-10-23 15:15:05,671 - INFO - Horizon 06, MAE: 37.31, MAPE: 0.1012, RMSE: 49.39
2019-10-23 15:17:09,424 - INFO - Epoch [10/200] (1331) train_mae: 6.2298, val_mae: 14.3716 lr:0.010000 123.8s
2019-10-23 15:19:11,841 - INFO - Epoch [11/200] (1452) train_mae: 6.3027, val_mae: 13.1186 lr:0.010000 122.4s
2019-10-23 15:19:11,857 - INFO - Val loss decrease from 13.3635 to 13.1186, saving to data/5083_P1_o36_h6/dcrnn_DR_2_h_6_64-64_lr_0.01_bs_64_20191023134912/models-13.1186-1452
2019-10-23 15:21:29,663 - INFO - Epoch [12/200] (1573) train_mae: 6.3430, val_mae: 14.4639 lr:0.010000 137.8s
2019-10-23 15:23:49,960 - INFO - Epoch [13/200] (1694) train_mae: 6.3431, val_mae: 13.0466 lr:0.010000 140.3s
2019-10-23 15:23:49,976 - INFO - Val loss decrease from 13.1186 to 13.0466, saving to data/5083_P1_o36_h6/dcrnn_DR_2_h_6_64-64_lr_0.01_bs_64_20191023134912/models-13.0466-1694
2019-10-23 15:26:06,513 - INFO - Epoch [14/200] (1815) train_mae: 6.0218, val_mae: 13.3505 lr:0.010000 136.5s
2019-10-23 15:28:22,640 - INFO - Epoch [15/200] (1936) train_mae: 6.1376, val_mae: 14.4211 lr:0.010000 136.1s
2019-10-23 15:30:37,472 - INFO - Epoch [16/200] (2057) train_mae: 6.1800, val_mae: 13.1314 lr:0.010000 134.8s
2019-10-23 15:32:59,391 - INFO - Epoch [17/200] (2178) train_mae: 6.3347, val_mae: 12.5165 lr:0.010000 141.9s
2019-10-23 15:32:59,409 - INFO - Val loss decrease from 13.0466 to 12.5165, saving to data/5083_P1_o36_h6/dcrnn_DR_2_h_6_64-64_lr_0.01_bs_64_20191023134912/models-12.5165-2178
2019-10-23 15:35:22,687 - INFO - Epoch [18/200] (2299) train_mae: 6.2542, val_mae: 12.5358 lr:0.010000 143.3s
2019-10-23 15:37:40,050 - INFO - Epoch [19/200] (2420) train_mae: 6.2265, val_mae: 13.7169 lr:0.010000 137.4s
2019-10-23 15:37:55,878 - INFO - Horizon 01, MAE: 12.09, MAPE: 0.0326, RMSE: 15.75
2019-10-23 15:37:55,880 - INFO - Horizon 02, MAE: 18.13, MAPE: 0.0485, RMSE: 23.85
2019-10-23 15:37:55,882 - INFO - Horizon 03, MAE: 23.18, MAPE: 0.0618, RMSE: 30.80
2019-10-23 15:37:55,885 - INFO - Horizon 04, MAE: 28.27, MAPE: 0.0747, RMSE: 37.89
2019-10-23 15:37:55,888 - INFO - Horizon 05, MAE: 33.42, MAPE: 0.0877, RMSE: 45.03
2019-10-23 15:37:55,890 - INFO - Horizon 06, MAE: 35.26, MAPE: 0.0917, RMSE: 47.81
2019-10-23 15:40:24,119 - INFO - Epoch [20/200] (2541) train_mae: 5.6640, val_mae: 12.0789 lr:0.001000 148.2s
2019-10-23 15:40:24,138 - INFO - Val loss decrease from 12.5165 to 12.0789, saving to data/5083_P1_o36_h6/dcrnn_DR_2_h_6_64-64_lr_0.01_bs_64_20191023134912/models-12.0789-2541
2019-10-23 15:42:49,021 - INFO - Epoch [21/200] (2662) train_mae: 5.5926, val_mae: 12.1110 lr:0.001000 144.9s
2019-10-23 15:45:15,556 - INFO - Epoch [22/200] (2783) train_mae: 5.5740, val_mae: 12.2681 lr:0.001000 146.5s
2019-10-23 15:47:42,210 - INFO - Epoch [23/200] (2904) train_mae: 5.5841, val_mae: 12.0790 lr:0.001000 146.7s
2019-10-23 15:50:33,328 - INFO - Epoch [24/200] (3025) train_mae: 5.5911, val_mae: 12.1101 lr:0.001000 171.1s
2019-10-23 15:53:13,388 - INFO - Epoch [25/200] (3146) train_mae: 5.5680, val_mae: 12.1175 lr:0.001000 160.1s
2019-10-23 15:56:06,286 - INFO - Epoch [26/200] (3267) train_mae: 5.5553, val_mae: 12.0412 lr:0.001000 172.9s
2019-10-23 15:56:06,309 - INFO - Val loss decrease from 12.0789 to 12.0412, saving to data/5083_P1_o36_h6/dcrnn_DR_2_h_6_64-64_lr_0.01_bs_64_20191023134912/models-12.0412-3267
2019-10-23 15:58:38,808 - INFO - Epoch [27/200] (3388) train_mae: 5.5324, val_mae: 12.0137 lr:0.001000 152.5s
2019-10-23 15:58:38,830 - INFO - Val loss decrease from 12.0412 to 12.0137, saving to data/5083_P1_o36_h6/dcrnn_DR_2_h_6_64-64_lr_0.01_bs_64_20191023134912/models-12.0137-3388
2019-10-23 16:01:11,057 - INFO - Epoch [28/200] (3509) train_mae: 5.5014, val_mae: 12.0716 lr:0.001000 152.2s
2019-10-23 16:03:35,946 - INFO - Epoch [29/200] (3630) train_mae: 5.4987, val_mae: 11.9457 lr:0.001000 144.9s
2019-10-23 16:03:50,443 - INFO - Horizon 01, MAE: 10.99, MAPE: 0.0304, RMSE: 14.09
2019-10-23 16:03:50,445 - INFO - Horizon 02, MAE: 16.46, MAPE: 0.0453, RMSE: 21.35
2019-10-23 16:03:50,447 - INFO - Horizon 03, MAE: 21.33, MAPE: 0.0584, RMSE: 28.02
2019-10-23 16:03:50,450 - INFO - Horizon 04, MAE: 25.98, MAPE: 0.0708, RMSE: 34.46
2019-10-23 16:03:50,452 - INFO - Horizon 05, MAE: 30.66, MAPE: 0.0832, RMSE: 40.89
2019-10-23 16:03:50,455 - INFO - Horizon 06, MAE: 31.93, MAPE: 0.0864, RMSE: 42.88
2019-10-23 16:03:50,475 - INFO - Val loss decrease from 12.0137 to 11.9457, saving to data/5083_P1_o36_h6/dcrnn_DR_2_h_6_64-64_lr_0.01_bs_64_20191023134912/models-11.9457-3630
2019-10-23 16:06:26,984 - INFO - Epoch [30/200] (3751) train_mae: 5.4791, val_mae: 11.8792 lr:0.000100 156.5s
2019-10-23 16:06:27,006 - INFO - Val loss decrease from 11.9457 to 11.8792, saving to data/5083_P1_o36_h6/dcrnn_DR_2_h_6_64-64_lr_0.01_bs_64_20191023134912/models-11.8792-3751
2019-10-23 16:08:59,201 - INFO - Epoch [31/200] (3872) train_mae: 5.4688, val_mae: 11.8596 lr:0.000100 152.2s
2019-10-23 16:08:59,224 - INFO - Val loss decrease from 11.8792 to 11.8596, saving to data/5083_P1_o36_h6/dcrnn_DR_2_h_6_64-64_lr_0.01_bs_64_20191023134912/models-11.8596-3872
2019-10-23 16:11:24,979 - INFO - Epoch [32/200] (3993) train_mae: 5.4521, val_mae: 11.8272 lr:0.000100 145.8s
2019-10-23 16:11:25,003 - INFO - Val loss decrease from 11.8596 to 11.8272, saving to data/5083_P1_o36_h6/dcrnn_DR_2_h_6_64-64_lr_0.01_bs_64_20191023134912/models-11.8272-3993
2019-10-23 16:14:19,167 - INFO - Epoch [33/200] (4114) train_mae: 5.4421, val_mae: 11.8038 lr:0.000100 174.2s
2019-10-23 16:14:19,189 - INFO - Val loss decrease from 11.8272 to 11.8038, saving to data/5083_P1_o36_h6/dcrnn_DR_2_h_6_64-64_lr_0.01_bs_64_20191023134912/models-11.8038-4114
2019-10-23 17:51:19,326 - INFO - Epoch [34/200] (4235) train_mae: 5.4587, val_mae: 11.7937 lr:0.000100 5820.1s
2019-10-23 17:51:19,349 - INFO - Val loss decrease from 11.8038 to 11.7937, saving to data/5083_P1_o36_h6/dcrnn_DR_2_h_6_64-64_lr_0.01_bs_64_20191023134912/models-11.7937-4235
2019-10-23 17:53:25,109 - INFO - Epoch [35/200] (4356) train_mae: 5.4601, val_mae: 11.7572 lr:0.000100 125.8s
2019-10-23 17:53:25,126 - INFO - Val loss decrease from 11.7937 to 11.7572, saving to data/5083_P1_o36_h6/dcrnn_DR_2_h_6_64-64_lr_0.01_bs_64_20191023134912/models-11.7572-4356
2019-10-23 17:55:29,708 - INFO - Epoch [36/200] (4477) train_mae: 5.4412, val_mae: 11.7840 lr:0.000100 124.6s
2019-10-23 17:57:37,869 - INFO - Epoch [37/200] (4598) train_mae: 5.4370, val_mae: 11.7487 lr:0.000100 128.2s
2019-10-23 17:57:37,893 - INFO - Val loss decrease from 11.7572 to 11.7487, saving to data/5083_P1_o36_h6/dcrnn_DR_2_h_6_64-64_lr_0.01_bs_64_20191023134912/models-11.7487-4598
2019-10-23 17:59:54,704 - INFO - Epoch [38/200] (4719) train_mae: 5.4524, val_mae: 11.7778 lr:0.000100 136.8s
2019-10-23 18:02:08,693 - INFO - Epoch [39/200] (4840) train_mae: 5.4396, val_mae: 11.7453 lr:0.000100 134.0s
2019-10-23 18:02:23,423 - INFO - Horizon 01, MAE: 10.96, MAPE: 0.0304, RMSE: 14.02
2019-10-23 18:02:23,425 - INFO - Horizon 02, MAE: 16.42, MAPE: 0.0452, RMSE: 21.28
2019-10-23 18:02:23,428 - INFO - Horizon 03, MAE: 21.29, MAPE: 0.0583, RMSE: 27.94
2019-10-23 18:02:23,430 - INFO - Horizon 04, MAE: 25.94, MAPE: 0.0705, RMSE: 34.40
2019-10-23 18:02:23,432 - INFO - Horizon 05, MAE: 30.60, MAPE: 0.0827, RMSE: 40.80
2019-10-23 18:02:23,435 - INFO - Horizon 06, MAE: 31.83, MAPE: 0.0858, RMSE: 42.75
2019-10-23 18:02:23,454 - INFO - Val loss decrease from 11.7487 to 11.7453, saving to data/5083_P1_o36_h6/dcrnn_DR_2_h_6_64-64_lr_0.01_bs_64_20191023134912/models-11.7453-4840
2019-10-23 18:04:44,737 - INFO - Epoch [40/200] (4961) train_mae: 5.4438, val_mae: 11.7140 lr:0.000010 141.3s
2019-10-23 18:04:44,757 - INFO - Val loss decrease from 11.7453 to 11.7140, saving to data/5083_P1_o36_h6/dcrnn_DR_2_h_6_64-64_lr_0.01_bs_64_20191023134912/models-11.7140-4961
2019-10-23 18:07:07,051 - INFO - Epoch [41/200] (5082) train_mae: 5.4506, val_mae: 11.7414 lr:0.000010 142.3s
2019-10-23 18:09:50,480 - INFO - Epoch [42/200] (5203) train_mae: 5.4490, val_mae: 11.7351 lr:0.000010 163.4s
2019-10-23 18:12:49,881 - INFO - Epoch [43/200] (5324) train_mae: 5.4240, val_mae: 11.7308 lr:0.000010 179.4s
2019-10-23 18:15:54,839 - INFO - Epoch [44/200] (5445) train_mae: 5.4291, val_mae: 11.7276 lr:0.000010 185.0s
2019-10-23 18:18:53,324 - INFO - Epoch [45/200] (5566) train_mae: 5.4252, val_mae: 11.7440 lr:0.000010 178.5s
2019-10-23 18:22:20,384 - INFO - Epoch [46/200] (5687) train_mae: 5.4353, val_mae: 11.7447 lr:0.000010 207.1s
2019-10-23 18:25:34,192 - INFO - Epoch [47/200] (5808) train_mae: 5.4425, val_mae: 11.7552 lr:0.000010 193.8s
2019-10-23 18:28:47,021 - INFO - Epoch [48/200] (5929) train_mae: 5.4209, val_mae: 11.7401 lr:0.000010 192.8s
2019-10-23 18:31:40,137 - INFO - Epoch [49/200] (6050) train_mae: 5.4629, val_mae: 11.7259 lr:0.000010 173.1s
2019-10-23 18:31:56,964 - INFO - Horizon 01, MAE: 10.94, MAPE: 0.0303, RMSE: 14.00
2019-10-23 18:31:56,966 - INFO - Horizon 02, MAE: 16.37, MAPE: 0.0451, RMSE: 21.20
2019-10-23 18:31:56,969 - INFO - Horizon 03, MAE: 21.23, MAPE: 0.0582, RMSE: 27.86
2019-10-23 18:31:56,972 - INFO - Horizon 04, MAE: 25.85, MAPE: 0.0704, RMSE: 34.29
2019-10-23 18:31:56,975 - INFO - Horizon 05, MAE: 30.48, MAPE: 0.0825, RMSE: 40.67
2019-10-23 18:31:56,978 - INFO - Horizon 06, MAE: 31.71, MAPE: 0.0855, RMSE: 42.62
2019-10-23 18:34:37,021 - INFO - Epoch [50/200] (6171) train_mae: 5.4479, val_mae: 11.7281 lr:0.000002 160.0s
2019-10-23 18:37:46,276 - INFO - Epoch [51/200] (6292) train_mae: 5.4364, val_mae: 11.7266 lr:0.000002 189.3s
2019-10-23 18:40:47,554 - INFO - Epoch [52/200] (6413) train_mae: 5.4424, val_mae: 11.7266 lr:0.000002 181.3s
2019-10-23 18:44:10,664 - INFO - Epoch [53/200] (6534) train_mae: 5.4416, val_mae: 11.7244 lr:0.000002 203.1s
2019-10-23 18:47:31,998 - INFO - Epoch [54/200] (6655) train_mae: 5.4686, val_mae: 11.7261 lr:0.000002 201.3s
2019-10-23 18:50:49,613 - INFO - Epoch [55/200] (6776) train_mae: 5.4663, val_mae: 11.7205 lr:0.000002 197.6s
2019-10-23 18:54:03,289 - INFO - Epoch [56/200] (6897) train_mae: 5.4491, val_mae: 11.7274 lr:0.000002 193.7s
2019-10-23 18:56:56,649 - INFO - Epoch [57/200] (7018) train_mae: 5.4581, val_mae: 11.7307 lr:0.000002 173.4s
2019-10-23 18:59:49,538 - INFO - Epoch [58/200] (7139) train_mae: 5.4722, val_mae: 11.7296 lr:0.000002 172.9s
2019-10-23 19:02:26,340 - INFO - Epoch [59/200] (7260) train_mae: 5.4759, val_mae: 11.7195 lr:0.000002 156.8s
2019-10-23 19:02:43,858 - INFO - Horizon 01, MAE: 10.93, MAPE: 0.0303, RMSE: 14.00
2019-10-23 19:02:43,860 - INFO - Horizon 02, MAE: 16.37, MAPE: 0.0451, RMSE: 21.20
2019-10-23 19:02:43,863 - INFO - Horizon 03, MAE: 21.23, MAPE: 0.0582, RMSE: 27.86
2019-10-23 19:02:43,865 - INFO - Horizon 04, MAE: 25.85, MAPE: 0.0704, RMSE: 34.27
2019-10-23 19:02:43,868 - INFO - Horizon 05, MAE: 30.47, MAPE: 0.0825, RMSE: 40.65
2019-10-23 19:02:43,872 - INFO - Horizon 06, MAE: 31.69, MAPE: 0.0855, RMSE: 42.59
2019-10-23 19:05:39,127 - INFO - Epoch [60/200] (7381) train_mae: 5.4950, val_mae: 11.7228 lr:0.000002 175.3s
2019-10-23 19:08:30,301 - INFO - Epoch [61/200] (7502) train_mae: 5.4428, val_mae: 11.7197 lr:0.000002 171.2s
2019-10-23 19:11:23,038 - INFO - Epoch [62/200] (7623) train_mae: 5.4759, val_mae: 11.7251 lr:0.000002 172.7s
2019-10-23 19:14:05,865 - INFO - Epoch [63/200] (7744) train_mae: 5.4727, val_mae: 11.7232 lr:0.000002 162.8s
2019-10-23 19:16:43,954 - INFO - Epoch [64/200] (7865) train_mae: 5.5083, val_mae: 11.7214 lr:0.000002 158.1s
2019-10-23 19:19:23,147 - INFO - Epoch [65/200] (7986) train_mae: 5.5084, val_mae: 11.7181 lr:0.000002 159.2s
2019-10-23 19:22:01,671 - INFO - Epoch [66/200] (8107) train_mae: 5.4773, val_mae: 11.7320 lr:0.000002 158.5s
2019-10-23 19:24:41,624 - INFO - Epoch [67/200] (8228) train_mae: 5.4914, val_mae: 11.7210 lr:0.000002 159.9s
2019-10-23 19:27:19,850 - INFO - Epoch [68/200] (8349) train_mae: 5.5056, val_mae: 11.7177 lr:0.000002 158.2s
2019-10-23 19:30:00,007 - INFO - Epoch [69/200] (8470) train_mae: 5.5195, val_mae: 11.7231 lr:0.000002 160.2s
2019-10-23 19:30:14,740 - INFO - Horizon 01, MAE: 10.94, MAPE: 0.0303, RMSE: 14.00
2019-10-23 19:30:14,742 - INFO - Horizon 02, MAE: 16.37, MAPE: 0.0451, RMSE: 21.21
2019-10-23 19:30:14,745 - INFO - Horizon 03, MAE: 21.24, MAPE: 0.0582, RMSE: 27.87
2019-10-23 19:30:14,747 - INFO - Horizon 04, MAE: 25.86, MAPE: 0.0704, RMSE: 34.30
2019-10-23 19:30:14,750 - INFO - Horizon 05, MAE: 30.49, MAPE: 0.0825, RMSE: 40.69
2019-10-23 19:30:14,752 - INFO - Horizon 06, MAE: 31.72, MAPE: 0.0855, RMSE: 42.63
2019-10-23 19:32:53,148 - INFO - Epoch [70/200] (8591) train_mae: 5.4712, val_mae: 11.7253 lr:0.000002 158.4s
2019-10-23 19:35:30,176 - INFO - Epoch [71/200] (8712) train_mae: 5.5670, val_mae: 11.7233 lr:0.000002 157.0s
2019-10-23 19:38:29,239 - INFO - Epoch [72/200] (8833) train_mae: 5.5684, val_mae: 11.7195 lr:0.000002 179.1s
2019-10-23 19:41:31,082 - INFO - Epoch [73/200] (8954) train_mae: 5.4976, val_mae: 11.7144 lr:0.000002 181.8s
2019-10-23 19:44:15,706 - INFO - Epoch [74/200] (9075) train_mae: 5.4727, val_mae: 11.7218 lr:0.000002 164.6s
2019-10-23 19:46:56,324 - INFO - Epoch [75/200] (9196) train_mae: 5.5335, val_mae: 11.7142 lr:0.000002 160.6s
2019-10-23 19:49:39,137 - INFO - Epoch [76/200] (9317) train_mae: 5.5502, val_mae: 11.7187 lr:0.000002 162.8s
2019-10-23 19:52:17,845 - INFO - Epoch [77/200] (9438) train_mae: 5.5005, val_mae: 11.7216 lr:0.000002 158.7s
2019-10-23 19:55:00,352 - INFO - Epoch [78/200] (9559) train_mae: 5.5783, val_mae: 11.7141 lr:0.000002 162.5s
2019-10-23 19:57:39,453 - INFO - Epoch [79/200] (9680) train_mae: 5.5535, val_mae: 11.7183 lr:0.000002 159.1s
2019-10-23 19:57:55,260 - INFO - Horizon 01, MAE: 10.94, MAPE: 0.0303, RMSE: 14.00
2019-10-23 19:57:55,262 - INFO - Horizon 02, MAE: 16.37, MAPE: 0.0451, RMSE: 21.21
2019-10-23 19:57:55,265 - INFO - Horizon 03, MAE: 21.24, MAPE: 0.0582, RMSE: 27.87
2019-10-23 19:57:55,267 - INFO - Horizon 04, MAE: 25.86, MAPE: 0.0704, RMSE: 34.30
2019-10-23 19:57:55,270 - INFO - Horizon 05, MAE: 30.48, MAPE: 0.0825, RMSE: 40.69
2019-10-23 19:57:55,273 - INFO - Horizon 06, MAE: 31.71, MAPE: 0.0855, RMSE: 42.62
2019-10-23 20:00:36,917 - INFO - Epoch [80/200] (9801) train_mae: 5.5530, val_mae: 11.7120 lr:0.000002 161.6s
2019-10-23 20:00:36,944 - INFO - Val loss decrease from 11.7140 to 11.7120, saving to data/5083_P1_o36_h6/dcrnn_DR_2_h_6_64-64_lr_0.01_bs_64_20191023134912/models-11.7120-9801
2019-10-23 20:03:19,868 - INFO - Epoch [81/200] (9922) train_mae: 5.5674, val_mae: 11.7177 lr:0.000002 162.9s
2019-10-23 20:05:57,362 - INFO - Epoch [82/200] (10043) train_mae: 5.6351, val_mae: 11.7192 lr:0.000002 157.5s
2019-10-23 20:08:34,783 - INFO - Epoch [83/200] (10164) train_mae: 5.6199, val_mae: 11.7151 lr:0.000002 157.4s
2019-10-23 20:11:15,255 - INFO - Epoch [84/200] (10285) train_mae: 5.6436, val_mae: 11.7118 lr:0.000002 160.5s
2019-10-23 20:11:15,273 - INFO - Val loss decrease from 11.7120 to 11.7118, saving to data/5083_P1_o36_h6/dcrnn_DR_2_h_6_64-64_lr_0.01_bs_64_20191023134912/models-11.7118-10285
2019-10-23 20:53:02,868 - INFO - Epoch [85/200] (10406) train_mae: 5.6659, val_mae: 11.7098 lr:0.000002 2507.6s
2019-10-23 20:53:02,930 - INFO - Val loss decrease from 11.7118 to 11.7098, saving to data/5083_P1_o36_h6/dcrnn_DR_2_h_6_64-64_lr_0.01_bs_64_20191023134912/models-11.7098-10406
2019-10-23 21:07:21,800 - INFO - Epoch [86/200] (10527) train_mae: 5.6292, val_mae: 11.7136 lr:0.000002 858.9s
2019-10-23 21:09:31,430 - INFO - Epoch [87/200] (10648) train_mae: 5.6263, val_mae: 11.7089 lr:0.000002 129.6s
2019-10-23 21:09:31,449 - INFO - Val loss decrease from 11.7098 to 11.7089, saving to data/5083_P1_o36_h6/dcrnn_DR_2_h_6_64-64_lr_0.01_bs_64_20191023134912/models-11.7089-10648
2019-10-23 21:11:44,010 - INFO - Epoch [88/200] (10769) train_mae: 5.6037, val_mae: 11.7084 lr:0.000002 132.6s
2019-10-23 21:11:44,025 - INFO - Val loss decrease from 11.7089 to 11.7084, saving to data/5083_P1_o36_h6/dcrnn_DR_2_h_6_64-64_lr_0.01_bs_64_20191023134912/models-11.7084-10769
2019-10-23 21:13:53,231 - INFO - Epoch [89/200] (10890) train_mae: 5.6963, val_mae: 11.7046 lr:0.000002 129.2s
2019-10-23 21:14:07,975 - INFO - Horizon 01, MAE: 10.93, MAPE: 0.0303, RMSE: 14.00
2019-10-23 21:14:07,977 - INFO - Horizon 02, MAE: 16.37, MAPE: 0.0451, RMSE: 21.20
2019-10-23 21:14:07,979 - INFO - Horizon 03, MAE: 21.22, MAPE: 0.0582, RMSE: 27.85
2019-10-23 21:14:07,981 - INFO - Horizon 04, MAE: 25.83, MAPE: 0.0704, RMSE: 34.26
2019-10-23 21:14:07,983 - INFO - Horizon 05, MAE: 30.44, MAPE: 0.0825, RMSE: 40.62
2019-10-23 21:14:07,985 - INFO - Horizon 06, MAE: 31.66, MAPE: 0.0855, RMSE: 42.54
2019-10-23 21:14:08,003 - INFO - Val loss decrease from 11.7084 to 11.7046, saving to data/5083_P1_o36_h6/dcrnn_DR_2_h_6_64-64_lr_0.01_bs_64_20191023134912/models-11.7046-10890
2019-10-23 21:16:22,734 - INFO - Epoch [90/200] (11011) train_mae: 5.7625, val_mae: 11.7109 lr:0.000002 134.7s
2019-10-23 21:18:43,432 - INFO - Epoch [91/200] (11132) train_mae: 5.7554, val_mae: 11.7072 lr:0.000002 140.7s
2019-10-23 21:21:08,558 - INFO - Epoch [92/200] (11253) train_mae: 5.7228, val_mae: 11.7026 lr:0.000002 145.1s
2019-10-23 21:21:08,576 - INFO - Val loss decrease from 11.7046 to 11.7026, saving to data/5083_P1_o36_h6/dcrnn_DR_2_h_6_64-64_lr_0.01_bs_64_20191023134912/models-11.7026-11253
2019-10-23 21:23:32,017 - INFO - Epoch [93/200] (11374) train_mae: 5.8075, val_mae: 11.7107 lr:0.000002 143.4s
2019-10-23 21:25:59,182 - INFO - Epoch [94/200] (11495) train_mae: 5.8128, val_mae: 11.7120 lr:0.000002 147.2s
2019-10-23 21:28:25,941 - INFO - Epoch [95/200] (11616) train_mae: 5.8867, val_mae: 11.7007 lr:0.000002 146.8s
2019-10-23 21:28:25,964 - INFO - Val loss decrease from 11.7026 to 11.7007, saving to data/5083_P1_o36_h6/dcrnn_DR_2_h_6_64-64_lr_0.01_bs_64_20191023134912/models-11.7007-11616
2019-10-23 21:30:54,030 - INFO - Epoch [96/200] (11737) train_mae: 5.8094, val_mae: 11.7070 lr:0.000002 148.1s
2019-10-23 21:33:28,178 - INFO - Epoch [97/200] (11858) train_mae: 5.8709, val_mae: 11.6986 lr:0.000002 154.1s
2019-10-23 21:33:28,203 - INFO - Val loss decrease from 11.7007 to 11.6986, saving to data/5083_P1_o36_h6/dcrnn_DR_2_h_6_64-64_lr_0.01_bs_64_20191023134912/models-11.6986-11858
2019-10-23 21:36:10,054 - INFO - Epoch [98/200] (11979) train_mae: 6.0006, val_mae: 11.6997 lr:0.000002 161.8s
2019-10-23 21:38:52,497 - INFO - Epoch [99/200] (12100) train_mae: 5.9511, val_mae: 11.6925 lr:0.000002 162.4s
2019-10-23 21:39:08,201 - INFO - Horizon 01, MAE: 10.93, MAPE: 0.0303, RMSE: 13.99
2019-10-23 21:39:08,204 - INFO - Horizon 02, MAE: 16.36, MAPE: 0.0451, RMSE: 21.19
2019-10-23 21:39:08,207 - INFO - Horizon 03, MAE: 21.21, MAPE: 0.0582, RMSE: 27.84
2019-10-23 21:39:08,210 - INFO - Horizon 04, MAE: 25.82, MAPE: 0.0704, RMSE: 34.23
2019-10-23 21:39:08,212 - INFO - Horizon 05, MAE: 30.42, MAPE: 0.0825, RMSE: 40.58
2019-10-23 21:39:08,215 - INFO - Horizon 06, MAE: 31.64, MAPE: 0.0855, RMSE: 42.50
2019-10-23 21:39:08,237 - INFO - Val loss decrease from 11.6986 to 11.6925, saving to data/5083_P1_o36_h6/dcrnn_DR_2_h_6_64-64_lr_0.01_bs_64_20191023134912/models-11.6925-12100
2019-10-23 21:41:51,571 - INFO - Epoch [100/200] (12221) train_mae: 5.9115, val_mae: 11.7001 lr:0.000002 163.3s
2019-10-23 21:44:33,088 - INFO - Epoch [101/200] (12342) train_mae: 5.9666, val_mae: 11.7005 lr:0.000002 161.5s
2019-10-23 21:47:14,640 - INFO - Epoch [102/200] (12463) train_mae: 6.0236, val_mae: 11.6957 lr:0.000002 161.5s
2019-10-23 21:49:59,401 - INFO - Epoch [103/200] (12584) train_mae: 6.1704, val_mae: 11.6933 lr:0.000002 164.8s
2019-10-23 21:52:42,660 - INFO - Epoch [104/200] (12705) train_mae: 6.0702, val_mae: 11.6993 lr:0.000002 163.3s
2019-10-23 21:55:23,621 - INFO - Epoch [105/200] (12826) train_mae: 6.0946, val_mae: 11.6966 lr:0.000002 161.0s
2019-10-23 21:58:02,194 - INFO - Epoch [106/200] (12947) train_mae: 6.0979, val_mae: 11.6966 lr:0.000002 158.6s
2019-10-23 22:00:43,236 - INFO - Epoch [107/200] (13068) train_mae: 6.2087, val_mae: 11.6912 lr:0.000002 161.0s
2019-10-23 22:00:43,260 - INFO - Val loss decrease from 11.6925 to 11.6912, saving to data/5083_P1_o36_h6/dcrnn_DR_2_h_6_64-64_lr_0.01_bs_64_20191023134912/models-11.6912-13068
2019-10-23 22:03:19,083 - INFO - Epoch [108/200] (13189) train_mae: 6.2956, val_mae: 11.6877 lr:0.000002 155.8s
2019-10-23 22:03:19,103 - INFO - Val loss decrease from 11.6912 to 11.6877, saving to data/5083_P1_o36_h6/dcrnn_DR_2_h_6_64-64_lr_0.01_bs_64_20191023134912/models-11.6877-13189
2019-10-23 22:05:45,602 - INFO - Epoch [109/200] (13310) train_mae: 6.2033, val_mae: 11.6900 lr:0.000002 146.5s
2019-10-23 22:05:59,464 - INFO - Horizon 01, MAE: 10.93, MAPE: 0.0303, RMSE: 13.99
2019-10-23 22:05:59,466 - INFO - Horizon 02, MAE: 16.36, MAPE: 0.0451, RMSE: 21.19
2019-10-23 22:05:59,468 - INFO - Horizon 03, MAE: 21.21, MAPE: 0.0582, RMSE: 27.83
2019-10-23 22:05:59,470 - INFO - Horizon 04, MAE: 25.81, MAPE: 0.0704, RMSE: 34.24
2019-10-23 22:05:59,472 - INFO - Horizon 05, MAE: 30.43, MAPE: 0.0825, RMSE: 40.61
2019-10-23 22:05:59,474 - INFO - Horizon 06, MAE: 31.66, MAPE: 0.0855, RMSE: 42.54
2019-10-23 22:08:41,550 - INFO - Epoch [110/200] (13431) train_mae: 6.3046, val_mae: 11.6831 lr:0.000002 162.1s
2019-10-23 22:08:41,576 - INFO - Val loss decrease from 11.6877 to 11.6831, saving to data/5083_P1_o36_h6/dcrnn_DR_2_h_6_64-64_lr_0.01_bs_64_20191023134912/models-11.6831-13431
2019-10-23 22:11:19,362 - INFO - Epoch [111/200] (13552) train_mae: 6.4147, val_mae: 11.6811 lr:0.000002 157.8s
2019-10-23 22:11:19,384 - INFO - Val loss decrease from 11.6831 to 11.6811, saving to data/5083_P1_o36_h6/dcrnn_DR_2_h_6_64-64_lr_0.01_bs_64_20191023134912/models-11.6811-13552
2019-10-23 22:14:28,447 - INFO - Epoch [112/200] (13673) train_mae: 6.5009, val_mae: 11.6870 lr:0.000002 189.1s
2019-10-23 22:17:15,068 - INFO - Epoch [113/200] (13794) train_mae: 6.4908, val_mae: 11.6818 lr:0.000002 166.6s
2019-10-23 22:20:03,183 - INFO - Epoch [114/200] (13915) train_mae: 6.5895, val_mae: 11.6850 lr:0.000002 168.1s
2019-10-23 22:22:52,362 - INFO - Epoch [115/200] (14036) train_mae: 6.6791, val_mae: 11.6808 lr:0.000002 169.2s
2019-10-23 22:22:52,388 - INFO - Val loss decrease from 11.6811 to 11.6808, saving to data/5083_P1_o36_h6/dcrnn_DR_2_h_6_64-64_lr_0.01_bs_64_20191023134912/models-11.6808-14036
2019-10-23 22:25:44,951 - INFO - Epoch [116/200] (14157) train_mae: 6.5579, val_mae: 11.6846 lr:0.000002 172.6s
2019-10-23 22:28:33,972 - INFO - Epoch [117/200] (14278) train_mae: 6.6837, val_mae: 11.6843 lr:0.000002 169.0s
2019-10-23 22:31:34,386 - INFO - Epoch [118/200] (14399) train_mae: 6.7885, val_mae: 11.6811 lr:0.000002 180.4s
2019-10-23 22:34:20,048 - INFO - Epoch [119/200] (14520) train_mae: 6.7353, val_mae: 11.6757 lr:0.000002 165.7s
2019-10-23 22:34:34,287 - INFO - Horizon 01, MAE: 10.93, MAPE: 0.0303, RMSE: 13.99
2019-10-23 22:34:34,289 - INFO - Horizon 02, MAE: 16.36, MAPE: 0.0451, RMSE: 21.19
2019-10-23 22:34:34,291 - INFO - Horizon 03, MAE: 21.20, MAPE: 0.0582, RMSE: 27.81
2019-10-23 22:34:34,293 - INFO - Horizon 04, MAE: 25.79, MAPE: 0.0704, RMSE: 34.20
2019-10-23 22:34:34,296 - INFO - Horizon 05, MAE: 30.39, MAPE: 0.0825, RMSE: 40.54
2019-10-23 22:34:34,298 - INFO - Horizon 06, MAE: 31.60, MAPE: 0.0855, RMSE: 42.44
2019-10-23 22:34:34,316 - INFO - Val loss decrease from 11.6808 to 11.6757, saving to data/5083_P1_o36_h6/dcrnn_DR_2_h_6_64-64_lr_0.01_bs_64_20191023134912/models-11.6757-14520
2019-10-23 22:36:56,649 - INFO - Epoch [120/200] (14641) train_mae: 6.9453, val_mae: 11.6746 lr:0.000002 142.3s
2019-10-23 22:36:56,669 - INFO - Val loss decrease from 11.6757 to 11.6746, saving to data/5083_P1_o36_h6/dcrnn_DR_2_h_6_64-64_lr_0.01_bs_64_20191023134912/models-11.6746-14641
2019-10-23 22:39:41,968 - INFO - Epoch [121/200] (14762) train_mae: 6.8529, val_mae: 11.6780 lr:0.000002 165.3s
2019-10-23 22:42:40,972 - INFO - Epoch [122/200] (14883) train_mae: 7.2056, val_mae: 11.6790 lr:0.000002 179.0s
2019-10-23 22:45:23,221 - INFO - Epoch [123/200] (15004) train_mae: 7.0816, val_mae: 11.6763 lr:0.000002 162.2s
2019-10-23 22:48:03,217 - INFO - Epoch [124/200] (15125) train_mae: 7.1118, val_mae: 11.6699 lr:0.000002 160.0s
2019-10-23 22:48:03,238 - INFO - Val loss decrease from 11.6746 to 11.6699, saving to data/5083_P1_o36_h6/dcrnn_DR_2_h_6_64-64_lr_0.01_bs_64_20191023134912/models-11.6699-15125
2019-10-23 22:50:52,137 - INFO - Epoch [125/200] (15246) train_mae: 7.3196, val_mae: 11.6671 lr:0.000002 168.9s
2019-10-23 22:50:52,163 - INFO - Val loss decrease from 11.6699 to 11.6671, saving to data/5083_P1_o36_h6/dcrnn_DR_2_h_6_64-64_lr_0.01_bs_64_20191023134912/models-11.6671-15246
2019-10-23 22:53:57,627 - INFO - Epoch [126/200] (15367) train_mae: 7.5112, val_mae: 11.6653 lr:0.000002 185.5s
2019-10-23 22:53:57,652 - INFO - Val loss decrease from 11.6671 to 11.6653, saving to data/5083_P1_o36_h6/dcrnn_DR_2_h_6_64-64_lr_0.01_bs_64_20191023134912/models-11.6653-15367
2019-10-23 22:56:46,629 - INFO - Epoch [127/200] (15488) train_mae: 7.3734, val_mae: 11.6715 lr:0.000002 169.0s
2019-10-23 22:59:24,598 - INFO - Epoch [128/200] (15609) train_mae: 7.4706, val_mae: 11.6713 lr:0.000002 158.0s
2019-10-23 23:01:49,937 - INFO - Epoch [129/200] (15730) train_mae: 7.6744, val_mae: 11.6648 lr:0.000002 145.3s
2019-10-23 23:02:05,351 - INFO - Horizon 01, MAE: 10.93, MAPE: 0.0303, RMSE: 13.99
2019-10-23 23:02:05,353 - INFO - Horizon 02, MAE: 16.35, MAPE: 0.0451, RMSE: 21.18
2019-10-23 23:02:05,356 - INFO - Horizon 03, MAE: 21.19, MAPE: 0.0582, RMSE: 27.80
2019-10-23 23:02:05,358 - INFO - Horizon 04, MAE: 25.78, MAPE: 0.0704, RMSE: 34.18
2019-10-23 23:02:05,361 - INFO - Horizon 05, MAE: 30.38, MAPE: 0.0825, RMSE: 40.52
2019-10-23 23:02:05,363 - INFO - Horizon 06, MAE: 31.59, MAPE: 0.0855, RMSE: 42.42
2019-10-23 23:02:05,384 - INFO - Val loss decrease from 11.6653 to 11.6648, saving to data/5083_P1_o36_h6/dcrnn_DR_2_h_6_64-64_lr_0.01_bs_64_20191023134912/models-11.6648-15730
2019-10-23 23:04:41,587 - INFO - Epoch [130/200] (15851) train_mae: 7.6195, val_mae: 11.6670 lr:0.000002 156.2s
2019-10-23 23:07:35,312 - INFO - Epoch [131/200] (15972) train_mae: 7.9457, val_mae: 11.6645 lr:0.000002 173.7s
2019-10-23 23:07:35,334 - INFO - Val loss decrease from 11.6648 to 11.6645, saving to data/5083_P1_o36_h6/dcrnn_DR_2_h_6_64-64_lr_0.01_bs_64_20191023134912/models-11.6645-15972
2019-10-23 23:10:31,494 - INFO - Epoch [132/200] (16093) train_mae: 7.9931, val_mae: 11.6662 lr:0.000002 176.2s
2019-10-23 23:13:17,051 - INFO - Epoch [133/200] (16214) train_mae: 8.1469, val_mae: 11.6668 lr:0.000002 165.6s
2019-10-23 23:16:19,761 - INFO - Epoch [134/200] (16335) train_mae: 8.0590, val_mae: 11.6609 lr:0.000002 182.7s
2019-10-23 23:16:19,786 - INFO - Val loss decrease from 11.6645 to 11.6609, saving to data/5083_P1_o36_h6/dcrnn_DR_2_h_6_64-64_lr_0.01_bs_64_20191023134912/models-11.6609-16335
2019-10-23 23:19:19,489 - INFO - Epoch [135/200] (16456) train_mae: 8.1137, val_mae: 11.6665 lr:0.000002 179.7s
2019-10-23 23:22:28,961 - INFO - Epoch [136/200] (16577) train_mae: 8.1944, val_mae: 11.6688 lr:0.000002 189.5s
2019-10-23 23:25:32,555 - INFO - Epoch [137/200] (16698) train_mae: 8.1017, val_mae: 11.6647 lr:0.000002 183.6s
2019-10-23 23:28:31,895 - INFO - Epoch [138/200] (16819) train_mae: 8.6264, val_mae: 11.6560 lr:0.000002 179.3s
2019-10-23 23:28:31,920 - INFO - Val loss decrease from 11.6609 to 11.6560, saving to data/5083_P1_o36_h6/dcrnn_DR_2_h_6_64-64_lr_0.01_bs_64_20191023134912/models-11.6560-16819
2019-10-23 23:31:56,244 - INFO - Epoch [139/200] (16940) train_mae: 8.3857, val_mae: 11.6502 lr:0.000002 204.3s
2019-10-23 23:32:13,582 - INFO - Horizon 01, MAE: 10.93, MAPE: 0.0303, RMSE: 13.99
2019-10-23 23:32:13,586 - INFO - Horizon 02, MAE: 16.35, MAPE: 0.0451, RMSE: 21.18
2019-10-23 23:32:13,589 - INFO - Horizon 03, MAE: 21.19, MAPE: 0.0582, RMSE: 27.80
2019-10-23 23:32:13,592 - INFO - Horizon 04, MAE: 25.78, MAPE: 0.0705, RMSE: 34.17
2019-10-23 23:32:13,595 - INFO - Horizon 05, MAE: 30.36, MAPE: 0.0826, RMSE: 40.49
2019-10-23 23:32:13,598 - INFO - Horizon 06, MAE: 31.57, MAPE: 0.0856, RMSE: 42.38
2019-10-23 23:32:13,622 - INFO - Val loss decrease from 11.6560 to 11.6502, saving to data/5083_P1_o36_h6/dcrnn_DR_2_h_6_64-64_lr_0.01_bs_64_20191023134912/models-11.6502-16940
2019-10-23 23:35:15,043 - INFO - Epoch [140/200] (17061) train_mae: 8.5817, val_mae: 11.6563 lr:0.000002 181.4s
2019-10-23 23:38:11,480 - INFO - Epoch [141/200] (17182) train_mae: 8.8218, val_mae: 11.6546 lr:0.000002 176.4s
2019-10-23 23:41:14,085 - INFO - Epoch [142/200] (17303) train_mae: 8.5999, val_mae: 11.6588 lr:0.000002 182.6s
2019-10-23 23:44:02,771 - INFO - Epoch [143/200] (17424) train_mae: 8.7128, val_mae: 11.6516 lr:0.000002 168.7s
2019-10-23 23:46:58,146 - INFO - Epoch [144/200] (17545) train_mae: 8.8564, val_mae: 11.6502 lr:0.000002 175.4s
2019-10-23 23:50:00,926 - INFO - Epoch [145/200] (17666) train_mae: 9.1185, val_mae: 11.6544 lr:0.000002 182.8s
2019-10-23 23:53:04,853 - INFO - Epoch [146/200] (17787) train_mae: 9.0740, val_mae: 11.6459 lr:0.000002 183.9s
2019-10-23 23:53:04,874 - INFO - Val loss decrease from 11.6502 to 11.6459, saving to data/5083_P1_o36_h6/dcrnn_DR_2_h_6_64-64_lr_0.01_bs_64_20191023134912/models-11.6459-17787
2019-10-23 23:56:05,497 - INFO - Epoch [147/200] (17908) train_mae: 9.2466, val_mae: 11.6510 lr:0.000002 180.6s
2019-10-23 23:59:14,335 - INFO - Epoch [148/200] (18029) train_mae: 9.2491, val_mae: 11.6475 lr:0.000002 188.8s
2019-10-24 00:02:17,064 - INFO - Epoch [149/200] (18150) train_mae: 9.6000, val_mae: 11.6449 lr:0.000002 182.7s
2019-10-24 00:02:34,639 - INFO - Horizon 01, MAE: 10.93, MAPE: 0.0303, RMSE: 13.99
2019-10-24 00:02:34,642 - INFO - Horizon 02, MAE: 16.35, MAPE: 0.0451, RMSE: 21.17
2019-10-24 00:02:34,645 - INFO - Horizon 03, MAE: 21.18, MAPE: 0.0582, RMSE: 27.78
2019-10-24 00:02:34,648 - INFO - Horizon 04, MAE: 25.76, MAPE: 0.0704, RMSE: 34.14
2019-10-24 00:02:34,650 - INFO - Horizon 05, MAE: 30.33, MAPE: 0.0825, RMSE: 40.43
2019-10-24 00:02:34,653 - INFO - Horizon 06, MAE: 31.52, MAPE: 0.0855, RMSE: 42.29
2019-10-24 00:02:34,676 - INFO - Val loss decrease from 11.6459 to 11.6449, saving to data/5083_P1_o36_h6/dcrnn_DR_2_h_6_64-64_lr_0.01_bs_64_20191023134912/models-11.6449-18150
2019-10-24 00:05:34,919 - INFO - Epoch [150/200] (18271) train_mae: 9.6213, val_mae: 11.6501 lr:0.000002 180.2s
2019-10-24 00:08:34,016 - INFO - Epoch [151/200] (18392) train_mae: 9.7800, val_mae: 11.6500 lr:0.000002 179.1s
2019-10-24 00:11:04,545 - INFO - Epoch [152/200] (18513) train_mae: 9.3258, val_mae: 11.6462 lr:0.000002 150.5s
2019-10-24 00:13:31,431 - INFO - Epoch [153/200] (18634) train_mae: 9.3943, val_mae: 11.6428 lr:0.000002 146.9s
2019-10-24 00:13:31,449 - INFO - Val loss decrease from 11.6449 to 11.6428, saving to data/5083_P1_o36_h6/dcrnn_DR_2_h_6_64-64_lr_0.01_bs_64_20191023134912/models-11.6428-18634
2019-10-24 00:15:57,865 - INFO - Epoch [154/200] (18755) train_mae: 9.6736, val_mae: 11.6498 lr:0.000002 146.4s
2019-10-24 00:18:24,628 - INFO - Epoch [155/200] (18876) train_mae: 9.7062, val_mae: 11.6447 lr:0.000002 146.8s
2019-10-24 00:20:50,874 - INFO - Epoch [156/200] (18997) train_mae: 9.9937, val_mae: 11.6407 lr:0.000002 146.2s
2019-10-24 00:20:50,893 - INFO - Val loss decrease from 11.6428 to 11.6407, saving to data/5083_P1_o36_h6/dcrnn_DR_2_h_6_64-64_lr_0.01_bs_64_20191023134912/models-11.6407-18997
2019-10-24 00:23:17,142 - INFO - Epoch [157/200] (19118) train_mae: 10.1570, val_mae: 11.6378 lr:0.000002 146.2s
2019-10-24 00:23:17,161 - INFO - Val loss decrease from 11.6407 to 11.6378, saving to data/5083_P1_o36_h6/dcrnn_DR_2_h_6_64-64_lr_0.01_bs_64_20191023134912/models-11.6378-19118
2019-10-24 00:25:48,232 - INFO - Epoch [158/200] (19239) train_mae: 10.0561, val_mae: 11.6346 lr:0.000002 151.1s
2019-10-24 00:25:48,255 - INFO - Val loss decrease from 11.6378 to 11.6346, saving to data/5083_P1_o36_h6/dcrnn_DR_2_h_6_64-64_lr_0.01_bs_64_20191023134912/models-11.6346-19239
2019-10-24 00:28:13,346 - INFO - Epoch [159/200] (19360) train_mae: 9.9857, val_mae: 11.6352 lr:0.000002 145.1s
2019-10-24 00:28:28,120 - INFO - Horizon 01, MAE: 10.93, MAPE: 0.0303, RMSE: 13.99
2019-10-24 00:28:28,122 - INFO - Horizon 02, MAE: 16.35, MAPE: 0.0451, RMSE: 21.18
2019-10-24 00:28:28,124 - INFO - Horizon 03, MAE: 21.18, MAPE: 0.0582, RMSE: 27.78
2019-10-24 00:28:28,127 - INFO - Horizon 04, MAE: 25.75, MAPE: 0.0704, RMSE: 34.13
2019-10-24 00:28:28,129 - INFO - Horizon 05, MAE: 30.32, MAPE: 0.0824, RMSE: 40.42
2019-10-24 00:28:28,132 - INFO - Horizon 06, MAE: 31.50, MAPE: 0.0854, RMSE: 42.28
2019-10-24 00:30:56,994 - INFO - Epoch [160/200] (19481) train_mae: 10.1598, val_mae: 11.6370 lr:0.000002 148.9s
2019-10-24 00:33:22,988 - INFO - Epoch [161/200] (19602) train_mae: 9.8833, val_mae: 11.6327 lr:0.000002 146.0s
2019-10-24 00:33:23,007 - INFO - Val loss decrease from 11.6346 to 11.6327, saving to data/5083_P1_o36_h6/dcrnn_DR_2_h_6_64-64_lr_0.01_bs_64_20191023134912/models-11.6327-19602
2019-10-24 00:35:53,505 - INFO - Epoch [162/200] (19723) train_mae: 10.2407, val_mae: 11.6331 lr:0.000002 150.5s
2019-10-24 00:38:22,485 - INFO - Epoch [163/200] (19844) train_mae: 10.1334, val_mae: 11.6396 lr:0.000002 149.0s
2019-10-24 00:40:49,951 - INFO - Epoch [164/200] (19965) train_mae: 10.3966, val_mae: 11.6338 lr:0.000002 147.5s
2019-10-24 00:43:20,897 - INFO - Epoch [165/200] (20086) train_mae: 10.2392, val_mae: 11.6377 lr:0.000002 150.9s
2019-10-24 00:45:50,602 - INFO - Epoch [166/200] (20207) train_mae: 10.3375, val_mae: 11.6286 lr:0.000002 149.7s
2019-10-24 00:45:50,629 - INFO - Val loss decrease from 11.6327 to 11.6286, saving to data/5083_P1_o36_h6/dcrnn_DR_2_h_6_64-64_lr_0.01_bs_64_20191023134912/models-11.6286-20207
2019-10-24 00:48:21,637 - INFO - Epoch [167/200] (20328) train_mae: 10.3293, val_mae: 11.6310 lr:0.000002 151.0s
2019-10-24 00:50:54,412 - INFO - Epoch [168/200] (20449) train_mae: 10.6088, val_mae: 11.6322 lr:0.000002 152.8s
2019-10-24 00:53:39,766 - INFO - Epoch [169/200] (20570) train_mae: 10.5969, val_mae: 11.6241 lr:0.000002 165.4s
2019-10-24 00:53:56,078 - INFO - Horizon 01, MAE: 10.93, MAPE: 0.0303, RMSE: 13.99
2019-10-24 00:53:56,081 - INFO - Horizon 02, MAE: 16.36, MAPE: 0.0451, RMSE: 21.17
2019-10-24 00:53:56,083 - INFO - Horizon 03, MAE: 21.18, MAPE: 0.0582, RMSE: 27.78
2019-10-24 00:53:56,086 - INFO - Horizon 04, MAE: 25.75, MAPE: 0.0704, RMSE: 34.12
2019-10-24 00:53:56,089 - INFO - Horizon 05, MAE: 30.30, MAPE: 0.0825, RMSE: 40.40
2019-10-24 00:53:56,091 - INFO - Horizon 06, MAE: 31.48, MAPE: 0.0855, RMSE: 42.25
2019-10-24 00:53:56,122 - INFO - Val loss decrease from 11.6286 to 11.6241, saving to data/5083_P1_o36_h6/dcrnn_DR_2_h_6_64-64_lr_0.01_bs_64_20191023134912/models-11.6241-20570
2019-10-24 00:56:35,223 - INFO - Epoch [170/200] (20691) train_mae: 10.5915, val_mae: 11.6291 lr:0.000002 159.1s
2019-10-24 00:59:16,156 - INFO - Epoch [171/200] (20812) train_mae: 10.4652, val_mae: 11.6259 lr:0.000002 160.9s
2019-10-24 01:01:55,568 - INFO - Epoch [172/200] (20933) train_mae: 10.7463, val_mae: 11.6239 lr:0.000002 159.4s
2019-10-24 01:01:55,597 - INFO - Val loss decrease from 11.6241 to 11.6239, saving to data/5083_P1_o36_h6/dcrnn_DR_2_h_6_64-64_lr_0.01_bs_64_20191023134912/models-11.6239-20933
2019-10-24 01:04:34,877 - INFO - Epoch [173/200] (21054) train_mae: 10.5986, val_mae: 11.6224 lr:0.000002 159.3s
2019-10-24 01:04:34,901 - INFO - Val loss decrease from 11.6239 to 11.6224, saving to data/5083_P1_o36_h6/dcrnn_DR_2_h_6_64-64_lr_0.01_bs_64_20191023134912/models-11.6224-21054
2019-10-24 01:07:23,513 - INFO - Epoch [174/200] (21175) train_mae: 10.6833, val_mae: 11.6221 lr:0.000002 168.6s
2019-10-24 01:07:23,536 - INFO - Val loss decrease from 11.6224 to 11.6221, saving to data/5083_P1_o36_h6/dcrnn_DR_2_h_6_64-64_lr_0.01_bs_64_20191023134912/models-11.6221-21175
2019-10-24 01:10:14,255 - INFO - Epoch [175/200] (21296) train_mae: 10.5986, val_mae: 11.6194 lr:0.000002 170.7s
2019-10-24 01:10:14,276 - INFO - Val loss decrease from 11.6221 to 11.6194, saving to data/5083_P1_o36_h6/dcrnn_DR_2_h_6_64-64_lr_0.01_bs_64_20191023134912/models-11.6194-21296
2019-10-24 01:12:55,398 - INFO - Epoch [176/200] (21417) train_mae: 10.6090, val_mae: 11.6196 lr:0.000002 161.1s
2019-10-24 01:15:44,023 - INFO - Epoch [177/200] (21538) train_mae: 10.8691, val_mae: 11.6159 lr:0.000002 168.6s
2019-10-24 01:15:44,046 - INFO - Val loss decrease from 11.6194 to 11.6159, saving to data/5083_P1_o36_h6/dcrnn_DR_2_h_6_64-64_lr_0.01_bs_64_20191023134912/models-11.6159-21538
2019-10-24 01:18:24,108 - INFO - Epoch [178/200] (21659) train_mae: 10.9031, val_mae: 11.6162 lr:0.000002 160.1s
2019-10-24 01:21:08,177 - INFO - Epoch [179/200] (21780) train_mae: 10.7435, val_mae: 11.6072 lr:0.000002 164.1s
2019-10-24 01:21:24,922 - INFO - Horizon 01, MAE: 10.93, MAPE: 0.0303, RMSE: 13.99
2019-10-24 01:21:24,924 - INFO - Horizon 02, MAE: 16.35, MAPE: 0.0451, RMSE: 21.17
2019-10-24 01:21:24,927 - INFO - Horizon 03, MAE: 21.17, MAPE: 0.0581, RMSE: 27.77
2019-10-24 01:21:24,929 - INFO - Horizon 04, MAE: 25.74, MAPE: 0.0703, RMSE: 34.10
2019-10-24 01:21:24,932 - INFO - Horizon 05, MAE: 30.28, MAPE: 0.0824, RMSE: 40.36
2019-10-24 01:21:24,935 - INFO - Horizon 06, MAE: 31.45, MAPE: 0.0854, RMSE: 42.20
2019-10-24 01:21:24,958 - INFO - Val loss decrease from 11.6159 to 11.6072, saving to data/5083_P1_o36_h6/dcrnn_DR_2_h_6_64-64_lr_0.01_bs_64_20191023134912/models-11.6072-21780
2019-10-24 01:23:54,772 - INFO - Epoch [180/200] (21901) train_mae: 10.7177, val_mae: 11.6192 lr:0.000002 149.8s
2019-10-24 01:26:29,508 - INFO - Epoch [181/200] (22022) train_mae: 10.8865, val_mae: 11.6157 lr:0.000002 154.7s
2019-10-24 01:28:58,572 - INFO - Epoch [182/200] (22143) train_mae: 10.9739, val_mae: 11.6143 lr:0.000002 149.1s
2019-10-24 01:31:32,489 - INFO - Epoch [183/200] (22264) train_mae: 10.7694, val_mae: 11.6079 lr:0.000002 153.9s
2019-10-24 01:34:11,793 - INFO - Epoch [184/200] (22385) train_mae: 10.8608, val_mae: 11.6068 lr:0.000002 159.3s
2019-10-24 01:34:11,817 - INFO - Val loss decrease from 11.6072 to 11.6068, saving to data/5083_P1_o36_h6/dcrnn_DR_2_h_6_64-64_lr_0.01_bs_64_20191023134912/models-11.6068-22385
2019-10-24 01:36:56,378 - INFO - Epoch [185/200] (22506) train_mae: 10.9394, val_mae: 11.6101 lr:0.000002 164.6s
2019-10-24 01:39:45,905 - INFO - Epoch [186/200] (22627) train_mae: 11.1209, val_mae: 11.6047 lr:0.000002 169.5s
2019-10-24 01:39:45,930 - INFO - Val loss decrease from 11.6068 to 11.6047, saving to data/5083_P1_o36_h6/dcrnn_DR_2_h_6_64-64_lr_0.01_bs_64_20191023134912/models-11.6047-22627
2019-10-24 01:42:43,245 - INFO - Epoch [187/200] (22748) train_mae: 10.9394, val_mae: 11.5993 lr:0.000002 177.3s
2019-10-24 01:42:43,271 - INFO - Val loss decrease from 11.6047 to 11.5993, saving to data/5083_P1_o36_h6/dcrnn_DR_2_h_6_64-64_lr_0.01_bs_64_20191023134912/models-11.5993-22748
2019-10-24 01:45:39,308 - INFO - Epoch [188/200] (22869) train_mae: 10.9708, val_mae: 11.6002 lr:0.000002 176.0s
2019-10-24 01:48:38,876 - INFO - Epoch [189/200] (22990) train_mae: 11.0522, val_mae: 11.5933 lr:0.000002 179.6s
2019-10-24 01:48:57,286 - INFO - Horizon 01, MAE: 10.93, MAPE: 0.0303, RMSE: 13.99
2019-10-24 01:48:57,289 - INFO - Horizon 02, MAE: 16.35, MAPE: 0.0451, RMSE: 21.17
2019-10-24 01:48:57,291 - INFO - Horizon 03, MAE: 21.17, MAPE: 0.0582, RMSE: 27.77
2019-10-24 01:48:57,294 - INFO - Horizon 04, MAE: 25.73, MAPE: 0.0704, RMSE: 34.09
2019-10-24 01:48:57,297 - INFO - Horizon 05, MAE: 30.27, MAPE: 0.0825, RMSE: 40.34
2019-10-24 01:48:57,301 - INFO - Horizon 06, MAE: 31.43, MAPE: 0.0855, RMSE: 42.17
2019-10-24 01:48:57,329 - INFO - Val loss decrease from 11.5993 to 11.5933, saving to data/5083_P1_o36_h6/dcrnn_DR_2_h_6_64-64_lr_0.01_bs_64_20191023134912/models-11.5933-22990
2019-10-24 01:51:52,124 - INFO - Epoch [190/200] (23111) train_mae: 10.9199, val_mae: 11.5979 lr:0.000002 174.8s
2019-10-24 01:54:43,050 - INFO - Epoch [191/200] (23232) train_mae: 11.0468, val_mae: 11.5994 lr:0.000002 170.9s
2019-10-24 01:57:37,558 - INFO - Epoch [192/200] (23353) train_mae: 11.1265, val_mae: 11.6010 lr:0.000002 174.5s
2019-10-24 02:00:29,707 - INFO - Epoch [193/200] (23474) train_mae: 11.1287, val_mae: 11.5956 lr:0.000002 172.1s
2019-10-24 02:03:13,956 - INFO - Epoch [194/200] (23595) train_mae: 11.1249, val_mae: 11.6031 lr:0.000002 164.2s
2019-10-24 02:06:02,957 - INFO - Epoch [195/200] (23716) train_mae: 11.2183, val_mae: 11.5974 lr:0.000002 169.0s
2019-10-24 02:09:11,130 - INFO - Epoch [196/200] (23837) train_mae: 11.0434, val_mae: 11.5943 lr:0.000002 188.2s
2019-10-24 02:11:56,655 - INFO - Epoch [197/200] (23958) train_mae: 11.1185, val_mae: 11.5871 lr:0.000002 165.5s
2019-10-24 02:11:56,692 - INFO - Val loss decrease from 11.5933 to 11.5871, saving to data/5083_P1_o36_h6/dcrnn_DR_2_h_6_64-64_lr_0.01_bs_64_20191023134912/models-11.5871-23958
2019-10-24 02:14:19,310 - INFO - Epoch [198/200] (24079) train_mae: 11.1128, val_mae: 11.5887 lr:0.000002 142.6s
2019-10-24 02:16:42,521 - INFO - Epoch [199/200] (24200) train_mae: 11.0158, val_mae: 11.5938 lr:0.000002 143.2s
2019-10-24 02:16:56,814 - INFO - Horizon 01, MAE: 10.94, MAPE: 0.0303, RMSE: 13.99
2019-10-24 02:16:56,816 - INFO - Horizon 02, MAE: 16.35, MAPE: 0.0451, RMSE: 21.17
2019-10-24 02:16:56,818 - INFO - Horizon 03, MAE: 21.16, MAPE: 0.0581, RMSE: 27.76
2019-10-24 02:16:56,820 - INFO - Horizon 04, MAE: 25.72, MAPE: 0.0703, RMSE: 34.08
2019-10-24 02:16:56,822 - INFO - Horizon 05, MAE: 30.25, MAPE: 0.0823, RMSE: 40.32
2019-10-24 02:16:56,824 - INFO - Horizon 06, MAE: 31.41, MAPE: 0.0853, RMSE: 42.15
2019-10-24 02:19:19,160 - INFO - Epoch [200/200] (24321) train_mae: 11.1285, val_mae: 11.5959 lr:0.000002 142.3s
2019-10-24 02:19:35,212 - INFO - Horizon 01, MAE: 10.94, MAPE: 0.0303, RMSE: 13.99
2019-10-24 02:19:35,215 - INFO - Horizon 02, MAE: 16.35, MAPE: 0.0451, RMSE: 21.17
2019-10-24 02:19:35,217 - INFO - Horizon 03, MAE: 21.16, MAPE: 0.0581, RMSE: 27.76
2019-10-24 02:19:35,220 - INFO - Horizon 04, MAE: 25.72, MAPE: 0.0703, RMSE: 34.07
2019-10-24 02:19:35,222 - INFO - Horizon 05, MAE: 30.25, MAPE: 0.0823, RMSE: 40.32
2019-10-24 02:19:35,225 - INFO - Horizon 06, MAE: 31.40, MAPE: 0.0852, RMSE: 42.14
Predictions saved as data/5083_P1_o36_h6/predictions.npz.
Trained DCRNN model
train mae: 11.1285
val mae: 11.5959
test mse: 1015.143216079662
test rmse: 31.86131221528175
test mae: 22.716231770130722
test mape: 10.29917693461219
