2019-10-18 15:45:15,298 - INFO - Log directory: data/5083_P1_o12_h12/dcrnn_DR_2_h_12_64-64_lr_0.01_bs_64_20191018154515/
2019-10-18 15:45:15,299 - INFO - {'base_dir': 'data/5083_P1_o12_h12', 'log_level': 'INFO', 'data': {'batch_size': 64, 'dataset_dir': 'data/inputs/5083_P1_o12_h12_sensor_data', 'test_batch_size': 64, 'val_batch_size': 64, 'graph_pkl_filename': 'data/inputs/model/adjacency_matrix_5083_P1.pkl'}, 'model': {'cl_decay_steps': 2000, 'filter_type': 'dual_random_walk', 'horizon': 12, 'input_dim': 2, 'l1_decay': 0, 'max_diffusion_step': 2, 'num_nodes': 15, 'num_rnn_layers': 2, 'output_dim': 2, 'rnn_units': 64, 'seq_len': 12, 'use_curriculum_learning': True}, 'train': {'base_lr': 0.01, 'dropout': 0, 'epoch': 0, 'epochs': 100, 'epsilon': 0.001, 'global_step': 0, 'lr_decay_ratio': 0.1, 'max_grad_norm': 5, 'max_to_keep': 100, 'min_learning_rate': 2e-06, 'optimizer': 'adam', 'patience': 50, 'steps': [20, 30, 40, 50], 'test_every_n_epochs': 10}}
2019-10-18 15:45:15,763 - INFO - ('x_train', (11550, 12, 15, 2))
2019-10-18 15:45:15,764 - INFO - ('y_train', (11550, 12, 15, 2))
2019-10-18 15:45:15,764 - INFO - ('x_val', (1650, 12, 15, 2))
2019-10-18 15:45:15,764 - INFO - ('y_val', (1650, 12, 15, 2))
2019-10-18 15:45:15,764 - INFO - ('x_test', (3300, 12, 15, 2))
2019-10-18 15:45:15,764 - INFO - ('y_test', (3300, 12, 15, 2))
2019-10-18 15:45:28,615 - INFO - Total number of trainable parameters: 373376
Created DCRNN model
2019-10-18 15:45:29,475 - INFO - Start training ...
2019-10-18 15:47:04,579 - INFO - Epoch [0/100] (180) train_mae: 9.9736, val_mae: 22.6516 lr:0.010000 94.8s
2019-10-18 15:47:04,938 - INFO - Val loss decrease from inf to 22.6516, saving to data/5083_P1_o12_h12/dcrnn_DR_2_h_12_64-64_lr_0.01_bs_64_20191018154515/models-22.6516-180
2019-10-18 15:48:36,714 - INFO - Epoch [1/100] (360) train_mae: 7.3941, val_mae: 17.9829 lr:0.010000 91.8s
2019-10-18 15:48:36,728 - INFO - Val loss decrease from 22.6516 to 17.9829, saving to data/5083_P1_o12_h12/dcrnn_DR_2_h_12_64-64_lr_0.01_bs_64_20191018154515/models-17.9829-360
2019-10-18 15:50:08,485 - INFO - Epoch [2/100] (540) train_mae: 6.8446, val_mae: 18.1962 lr:0.010000 91.8s
2019-10-18 15:51:41,141 - INFO - Epoch [3/100] (720) train_mae: 6.7895, val_mae: 22.3130 lr:0.010000 92.7s
2019-10-18 15:53:14,050 - INFO - Epoch [4/100] (900) train_mae: 6.6542, val_mae: 17.1704 lr:0.010000 92.9s
2019-10-18 15:53:14,067 - INFO - Val loss decrease from 17.9829 to 17.1704, saving to data/5083_P1_o12_h12/dcrnn_DR_2_h_12_64-64_lr_0.01_bs_64_20191018154515/models-17.1704-900
2019-10-18 15:54:45,990 - INFO - Epoch [5/100] (1080) train_mae: 6.3034, val_mae: 16.4372 lr:0.010000 91.9s
2019-10-18 15:54:46,003 - INFO - Val loss decrease from 17.1704 to 16.4372, saving to data/5083_P1_o12_h12/dcrnn_DR_2_h_12_64-64_lr_0.01_bs_64_20191018154515/models-16.4372-1080
2019-10-18 15:56:18,510 - INFO - Epoch [6/100] (1260) train_mae: 6.3264, val_mae: 22.9616 lr:0.010000 92.5s
2019-10-18 15:57:52,079 - INFO - Epoch [7/100] (1440) train_mae: 6.3165, val_mae: 16.3623 lr:0.010000 93.6s
2019-10-18 15:57:52,094 - INFO - Val loss decrease from 16.4372 to 16.3623, saving to data/5083_P1_o12_h12/dcrnn_DR_2_h_12_64-64_lr_0.01_bs_64_20191018154515/models-16.3623-1440
2019-10-18 15:59:25,282 - INFO - Epoch [8/100] (1620) train_mae: 6.2481, val_mae: 16.5463 lr:0.010000 93.2s
2019-10-18 16:00:58,720 - INFO - Epoch [9/100] (1800) train_mae: 6.3222, val_mae: 17.0670 lr:0.010000 93.4s
2019-10-18 16:01:09,039 - INFO - Horizon 01, MAE: 12.23, MAPE: 0.0369, RMSE: 15.72
2019-10-18 16:01:09,042 - INFO - Horizon 02, MAE: 18.01, MAPE: 0.0550, RMSE: 23.38
2019-10-18 16:01:09,044 - INFO - Horizon 03, MAE: 22.81, MAPE: 0.0697, RMSE: 29.95
2019-10-18 16:01:09,047 - INFO - Horizon 04, MAE: 28.13, MAPE: 0.0868, RMSE: 36.94
2019-10-18 16:01:09,050 - INFO - Horizon 05, MAE: 32.80, MAPE: 0.1010, RMSE: 43.18
2019-10-18 16:01:09,052 - INFO - Horizon 06, MAE: 34.29, MAPE: 0.1064, RMSE: 44.93
2019-10-18 16:01:09,055 - INFO - Horizon 07, MAE: 35.75, MAPE: 0.1108, RMSE: 46.68
2019-10-18 16:01:09,058 - INFO - Horizon 08, MAE: 37.49, MAPE: 0.1158, RMSE: 48.60
2019-10-18 16:01:09,061 - INFO - Horizon 09, MAE: 38.90, MAPE: 0.1197, RMSE: 50.30
2019-10-18 16:01:09,063 - INFO - Horizon 10, MAE: 40.73, MAPE: 0.1254, RMSE: 52.35
2019-10-18 16:01:09,066 - INFO - Horizon 11, MAE: 42.48, MAPE: 0.1306, RMSE: 54.33
2019-10-18 16:01:09,069 - INFO - Horizon 12, MAE: 44.59, MAPE: 0.1376, RMSE: 56.58
2019-10-18 16:02:42,663 - INFO - Epoch [10/100] (1980) train_mae: 6.4165, val_mae: 16.1827 lr:0.010000 93.6s
2019-10-18 16:02:42,677 - INFO - Val loss decrease from 16.3623 to 16.1827, saving to data/5083_P1_o12_h12/dcrnn_DR_2_h_12_64-64_lr_0.01_bs_64_20191018154515/models-16.1827-1980
2019-10-18 16:04:17,449 - INFO - Epoch [11/100] (2160) train_mae: 6.0690, val_mae: 17.2248 lr:0.010000 94.8s
2019-10-18 16:05:53,146 - INFO - Epoch [12/100] (2340) train_mae: 5.9823, val_mae: 15.8846 lr:0.010000 95.7s
2019-10-18 16:05:53,161 - INFO - Val loss decrease from 16.1827 to 15.8846, saving to data/5083_P1_o12_h12/dcrnn_DR_2_h_12_64-64_lr_0.01_bs_64_20191018154515/models-15.8846-2340
2019-10-18 16:07:28,536 - INFO - Epoch [13/100] (2520) train_mae: 6.1383, val_mae: 15.7164 lr:0.010000 95.4s
2019-10-18 16:07:28,552 - INFO - Val loss decrease from 15.8846 to 15.7164, saving to data/5083_P1_o12_h12/dcrnn_DR_2_h_12_64-64_lr_0.01_bs_64_20191018154515/models-15.7164-2520
2019-10-18 16:09:02,504 - INFO - Epoch [14/100] (2700) train_mae: 5.9417, val_mae: 17.0506 lr:0.010000 94.0s
2019-10-18 16:10:36,163 - INFO - Epoch [15/100] (2880) train_mae: 6.1725, val_mae: 15.5271 lr:0.010000 93.7s
2019-10-18 16:10:36,178 - INFO - Val loss decrease from 15.7164 to 15.5271, saving to data/5083_P1_o12_h12/dcrnn_DR_2_h_12_64-64_lr_0.01_bs_64_20191018154515/models-15.5271-2880
2019-10-18 16:12:11,137 - INFO - Epoch [16/100] (3060) train_mae: 5.9162, val_mae: 15.1929 lr:0.010000 95.0s
2019-10-18 16:12:11,152 - INFO - Val loss decrease from 15.5271 to 15.1929, saving to data/5083_P1_o12_h12/dcrnn_DR_2_h_12_64-64_lr_0.01_bs_64_20191018154515/models-15.1929-3060
2019-10-18 16:13:46,113 - INFO - Epoch [17/100] (3240) train_mae: 5.8422, val_mae: 15.1311 lr:0.010000 95.0s
2019-10-18 16:13:46,128 - INFO - Val loss decrease from 15.1929 to 15.1311, saving to data/5083_P1_o12_h12/dcrnn_DR_2_h_12_64-64_lr_0.01_bs_64_20191018154515/models-15.1311-3240
2019-10-18 16:15:21,420 - INFO - Epoch [18/100] (3420) train_mae: 6.0998, val_mae: 17.9653 lr:0.010000 95.3s
2019-10-18 16:16:58,681 - INFO - Epoch [19/100] (3600) train_mae: 6.1008, val_mae: 14.7158 lr:0.010000 97.3s
2019-10-18 16:17:08,868 - INFO - Horizon 01, MAE: 11.60, MAPE: 0.0349, RMSE: 14.84
2019-10-18 16:17:08,871 - INFO - Horizon 02, MAE: 17.06, MAPE: 0.0509, RMSE: 22.17
2019-10-18 16:17:08,873 - INFO - Horizon 03, MAE: 21.71, MAPE: 0.0644, RMSE: 28.71
2019-10-18 16:17:08,877 - INFO - Horizon 04, MAE: 25.88, MAPE: 0.0764, RMSE: 34.57
2019-10-18 16:17:08,880 - INFO - Horizon 05, MAE: 29.95, MAPE: 0.0879, RMSE: 40.26
2019-10-18 16:17:08,883 - INFO - Horizon 06, MAE: 31.00, MAPE: 0.0903, RMSE: 41.92
2019-10-18 16:17:08,886 - INFO - Horizon 07, MAE: 32.04, MAPE: 0.0928, RMSE: 43.47
2019-10-18 16:17:08,888 - INFO - Horizon 08, MAE: 33.04, MAPE: 0.0941, RMSE: 44.88
2019-10-18 16:17:08,891 - INFO - Horizon 09, MAE: 33.96, MAPE: 0.0960, RMSE: 46.27
2019-10-18 16:17:08,893 - INFO - Horizon 10, MAE: 34.93, MAPE: 0.0980, RMSE: 47.66
2019-10-18 16:17:08,896 - INFO - Horizon 11, MAE: 35.87, MAPE: 0.1000, RMSE: 48.94
2019-10-18 16:17:08,898 - INFO - Horizon 12, MAE: 36.77, MAPE: 0.1020, RMSE: 50.11
2019-10-18 16:17:08,914 - INFO - Val loss decrease from 15.1311 to 14.7158, saving to data/5083_P1_o12_h12/dcrnn_DR_2_h_12_64-64_lr_0.01_bs_64_20191018154515/models-14.7158-3600
2019-10-18 16:18:43,096 - INFO - Epoch [20/100] (3780) train_mae: 5.6158, val_mae: 14.2953 lr:0.001000 94.2s
2019-10-18 16:18:43,112 - INFO - Val loss decrease from 14.7158 to 14.2953, saving to data/5083_P1_o12_h12/dcrnn_DR_2_h_12_64-64_lr_0.01_bs_64_20191018154515/models-14.2953-3780
2019-10-18 16:20:17,275 - INFO - Epoch [21/100] (3960) train_mae: 5.5780, val_mae: 14.2616 lr:0.001000 94.2s
2019-10-18 16:20:17,289 - INFO - Val loss decrease from 14.2953 to 14.2616, saving to data/5083_P1_o12_h12/dcrnn_DR_2_h_12_64-64_lr_0.01_bs_64_20191018154515/models-14.2616-3960
2019-10-18 16:21:50,892 - INFO - Epoch [22/100] (4140) train_mae: 5.5951, val_mae: 14.2066 lr:0.001000 93.6s
2019-10-18 16:21:50,907 - INFO - Val loss decrease from 14.2616 to 14.2066, saving to data/5083_P1_o12_h12/dcrnn_DR_2_h_12_64-64_lr_0.01_bs_64_20191018154515/models-14.2066-4140
2019-10-18 16:23:26,311 - INFO - Epoch [23/100] (4320) train_mae: 5.5827, val_mae: 14.3785 lr:0.001000 95.4s
2019-10-18 16:25:01,556 - INFO - Epoch [24/100] (4500) train_mae: 5.5856, val_mae: 14.1157 lr:0.001000 95.2s
2019-10-18 16:25:01,571 - INFO - Val loss decrease from 14.2066 to 14.1157, saving to data/5083_P1_o12_h12/dcrnn_DR_2_h_12_64-64_lr_0.01_bs_64_20191018154515/models-14.1157-4500
2019-10-18 16:26:36,269 - INFO - Epoch [25/100] (4680) train_mae: 5.5694, val_mae: 14.2518 lr:0.001000 94.7s
2019-10-18 16:28:11,305 - INFO - Epoch [26/100] (4860) train_mae: 5.5876, val_mae: 13.9281 lr:0.001000 95.0s
2019-10-18 16:28:11,323 - INFO - Val loss decrease from 14.1157 to 13.9281, saving to data/5083_P1_o12_h12/dcrnn_DR_2_h_12_64-64_lr_0.01_bs_64_20191018154515/models-13.9281-4860
2019-10-18 16:29:46,179 - INFO - Epoch [27/100] (5040) train_mae: 5.6029, val_mae: 13.9141 lr:0.001000 94.9s
2019-10-18 16:29:46,196 - INFO - Val loss decrease from 13.9281 to 13.9141, saving to data/5083_P1_o12_h12/dcrnn_DR_2_h_12_64-64_lr_0.01_bs_64_20191018154515/models-13.9141-5040
2019-10-18 16:31:21,783 - INFO - Epoch [28/100] (5220) train_mae: 5.5872, val_mae: 14.0266 lr:0.001000 95.6s
2019-10-18 16:32:57,530 - INFO - Epoch [29/100] (5400) train_mae: 5.6131, val_mae: 13.9789 lr:0.001000 95.7s
2019-10-18 16:33:07,813 - INFO - Horizon 01, MAE: 11.50, MAPE: 0.0346, RMSE: 14.73
2019-10-18 16:33:07,815 - INFO - Horizon 02, MAE: 16.85, MAPE: 0.0506, RMSE: 21.91
2019-10-18 16:33:07,818 - INFO - Horizon 03, MAE: 21.46, MAPE: 0.0644, RMSE: 28.35
2019-10-18 16:33:07,821 - INFO - Horizon 04, MAE: 25.55, MAPE: 0.0766, RMSE: 34.10
2019-10-18 16:33:07,823 - INFO - Horizon 05, MAE: 29.54, MAPE: 0.0883, RMSE: 39.67
2019-10-18 16:33:07,826 - INFO - Horizon 06, MAE: 30.38, MAPE: 0.0904, RMSE: 41.03
2019-10-18 16:33:07,828 - INFO - Horizon 07, MAE: 31.33, MAPE: 0.0925, RMSE: 42.47
2019-10-18 16:33:07,831 - INFO - Horizon 08, MAE: 32.21, MAPE: 0.0932, RMSE: 43.70
2019-10-18 16:33:07,833 - INFO - Horizon 09, MAE: 33.09, MAPE: 0.0950, RMSE: 44.96
2019-10-18 16:33:07,836 - INFO - Horizon 10, MAE: 33.93, MAPE: 0.0968, RMSE: 46.17
2019-10-18 16:33:07,838 - INFO - Horizon 11, MAE: 34.79, MAPE: 0.0987, RMSE: 47.31
2019-10-18 16:33:07,841 - INFO - Horizon 12, MAE: 35.56, MAPE: 0.1006, RMSE: 48.29
2019-10-18 16:34:48,182 - INFO - Epoch [30/100] (5580) train_mae: 5.5711, val_mae: 13.7977 lr:0.000100 100.3s
2019-10-18 16:34:48,200 - INFO - Val loss decrease from 13.9141 to 13.7977, saving to data/5083_P1_o12_h12/dcrnn_DR_2_h_12_64-64_lr_0.01_bs_64_20191018154515/models-13.7977-5580
2019-10-18 16:36:26,436 - INFO - Epoch [31/100] (5760) train_mae: 5.5619, val_mae: 13.8598 lr:0.000100 98.2s
2019-10-18 16:38:02,625 - INFO - Epoch [32/100] (5940) train_mae: 5.5742, val_mae: 13.9571 lr:0.000100 96.2s
2019-10-18 16:39:39,367 - INFO - Epoch [33/100] (6120) train_mae: 5.5722, val_mae: 13.7362 lr:0.000100 96.7s
2019-10-18 16:39:39,382 - INFO - Val loss decrease from 13.7977 to 13.7362, saving to data/5083_P1_o12_h12/dcrnn_DR_2_h_12_64-64_lr_0.01_bs_64_20191018154515/models-13.7362-6120
2019-10-18 16:41:19,713 - INFO - Epoch [34/100] (6300) train_mae: 5.5718, val_mae: 13.6966 lr:0.000100 100.3s
2019-10-18 16:41:19,734 - INFO - Val loss decrease from 13.7362 to 13.6966, saving to data/5083_P1_o12_h12/dcrnn_DR_2_h_12_64-64_lr_0.01_bs_64_20191018154515/models-13.6966-6300
2019-10-18 16:42:55,911 - INFO - Epoch [35/100] (6480) train_mae: 5.5467, val_mae: 13.7849 lr:0.000100 96.2s
2019-10-18 16:44:33,435 - INFO - Epoch [36/100] (6660) train_mae: 5.5732, val_mae: 13.7854 lr:0.000100 97.5s
2019-10-18 16:46:11,343 - INFO - Epoch [37/100] (6840) train_mae: 5.5928, val_mae: 13.6996 lr:0.000100 97.9s
2019-10-18 16:47:48,816 - INFO - Epoch [38/100] (7020) train_mae: 5.5551, val_mae: 13.7653 lr:0.000100 97.5s
2019-10-18 16:49:38,829 - INFO - Epoch [39/100] (7200) train_mae: 5.5846, val_mae: 13.8000 lr:0.000100 110.0s
2019-10-18 16:49:51,428 - INFO - Horizon 01, MAE: 11.47, MAPE: 0.0345, RMSE: 14.70
2019-10-18 16:49:51,431 - INFO - Horizon 02, MAE: 16.83, MAPE: 0.0503, RMSE: 21.92
2019-10-18 16:49:51,433 - INFO - Horizon 03, MAE: 21.44, MAPE: 0.0639, RMSE: 28.40
2019-10-18 16:49:51,436 - INFO - Horizon 04, MAE: 25.55, MAPE: 0.0758, RMSE: 34.19
2019-10-18 16:49:51,439 - INFO - Horizon 05, MAE: 29.59, MAPE: 0.0872, RMSE: 39.84
2019-10-18 16:49:51,442 - INFO - Horizon 06, MAE: 30.48, MAPE: 0.0891, RMSE: 41.29
2019-10-18 16:49:51,445 - INFO - Horizon 07, MAE: 31.48, MAPE: 0.0912, RMSE: 42.79
2019-10-18 16:49:51,448 - INFO - Horizon 08, MAE: 32.36, MAPE: 0.0918, RMSE: 44.06
2019-10-18 16:49:51,451 - INFO - Horizon 09, MAE: 33.25, MAPE: 0.0934, RMSE: 45.40
2019-10-18 16:49:51,453 - INFO - Horizon 10, MAE: 34.11, MAPE: 0.0951, RMSE: 46.65
2019-10-18 16:49:51,456 - INFO - Horizon 11, MAE: 35.04, MAPE: 0.0969, RMSE: 47.88
2019-10-18 16:49:51,459 - INFO - Horizon 12, MAE: 35.85, MAPE: 0.0987, RMSE: 48.93
2019-10-18 16:51:42,511 - INFO - Epoch [40/100] (7380) train_mae: 5.5916, val_mae: 13.6895 lr:0.000010 111.0s
2019-10-18 16:51:42,528 - INFO - Val loss decrease from 13.6966 to 13.6895, saving to data/5083_P1_o12_h12/dcrnn_DR_2_h_12_64-64_lr_0.01_bs_64_20191018154515/models-13.6895-7380
2019-10-18 16:53:26,308 - INFO - Epoch [41/100] (7560) train_mae: 5.6024, val_mae: 13.6720 lr:0.000010 103.8s
2019-10-18 16:53:26,323 - INFO - Val loss decrease from 13.6895 to 13.6720, saving to data/5083_P1_o12_h12/dcrnn_DR_2_h_12_64-64_lr_0.01_bs_64_20191018154515/models-13.6720-7560
2019-10-18 16:55:03,241 - INFO - Epoch [42/100] (7740) train_mae: 5.5970, val_mae: 13.6832 lr:0.000010 96.9s
2019-10-18 16:56:40,243 - INFO - Epoch [43/100] (7920) train_mae: 5.6121, val_mae: 13.7088 lr:0.000010 97.0s
2019-10-18 16:58:19,270 - INFO - Epoch [44/100] (8100) train_mae: 5.6170, val_mae: 13.6930 lr:0.000010 99.0s
2019-10-18 17:00:10,512 - INFO - Epoch [45/100] (8280) train_mae: 5.6245, val_mae: 13.7205 lr:0.000010 111.2s
2019-10-18 17:01:58,289 - INFO - Epoch [46/100] (8460) train_mae: 5.6510, val_mae: 13.7135 lr:0.000010 107.8s
2019-10-18 17:03:42,335 - INFO - Epoch [47/100] (8640) train_mae: 5.6509, val_mae: 13.6380 lr:0.000010 104.0s
2019-10-18 17:03:42,353 - INFO - Val loss decrease from 13.6720 to 13.6380, saving to data/5083_P1_o12_h12/dcrnn_DR_2_h_12_64-64_lr_0.01_bs_64_20191018154515/models-13.6380-8640
2019-10-18 17:05:27,264 - INFO - Epoch [48/100] (8820) train_mae: 5.6876, val_mae: 13.6975 lr:0.000010 104.9s
2019-10-18 17:07:20,317 - INFO - Epoch [49/100] (9000) train_mae: 5.6945, val_mae: 13.6779 lr:0.000010 113.1s
2019-10-18 17:07:32,910 - INFO - Horizon 01, MAE: 11.46, MAPE: 0.0344, RMSE: 14.69
2019-10-18 17:07:32,912 - INFO - Horizon 02, MAE: 16.80, MAPE: 0.0503, RMSE: 21.85
2019-10-18 17:07:32,915 - INFO - Horizon 03, MAE: 21.37, MAPE: 0.0637, RMSE: 28.28
2019-10-18 17:07:32,918 - INFO - Horizon 04, MAE: 25.42, MAPE: 0.0756, RMSE: 33.99
2019-10-18 17:07:32,921 - INFO - Horizon 05, MAE: 29.37, MAPE: 0.0869, RMSE: 39.52
2019-10-18 17:07:32,924 - INFO - Horizon 06, MAE: 30.23, MAPE: 0.0888, RMSE: 40.93
2019-10-18 17:07:32,927 - INFO - Horizon 07, MAE: 31.19, MAPE: 0.0908, RMSE: 42.37
2019-10-18 17:07:32,929 - INFO - Horizon 08, MAE: 32.04, MAPE: 0.0914, RMSE: 43.59
2019-10-18 17:07:32,933 - INFO - Horizon 09, MAE: 32.89, MAPE: 0.0929, RMSE: 44.86
2019-10-18 17:07:32,936 - INFO - Horizon 10, MAE: 33.71, MAPE: 0.0946, RMSE: 46.03
2019-10-18 17:07:32,939 - INFO - Horizon 11, MAE: 34.59, MAPE: 0.0964, RMSE: 47.19
2019-10-18 17:07:32,942 - INFO - Horizon 12, MAE: 35.33, MAPE: 0.0980, RMSE: 48.14
2019-10-18 17:09:26,080 - INFO - Epoch [50/100] (9180) train_mae: 5.7259, val_mae: 13.6643 lr:0.000002 113.1s
2019-10-18 17:11:17,090 - INFO - Epoch [51/100] (9360) train_mae: 5.7063, val_mae: 13.6629 lr:0.000002 111.0s
2019-10-18 17:13:11,142 - INFO - Epoch [52/100] (9540) train_mae: 5.7339, val_mae: 13.6633 lr:0.000002 114.1s
2019-10-18 17:15:17,085 - INFO - Epoch [53/100] (9720) train_mae: 5.7787, val_mae: 13.6583 lr:0.000002 125.9s
2019-10-18 17:17:17,983 - INFO - Epoch [54/100] (9900) train_mae: 5.7793, val_mae: 13.6680 lr:0.000002 120.9s
2019-10-18 17:19:18,567 - INFO - Epoch [55/100] (10080) train_mae: 5.8515, val_mae: 13.6403 lr:0.000002 120.6s
2019-10-18 17:21:18,156 - INFO - Epoch [56/100] (10260) train_mae: 5.8328, val_mae: 13.6447 lr:0.000002 119.6s
2019-10-18 17:23:10,256 - INFO - Epoch [57/100] (10440) train_mae: 5.9102, val_mae: 13.6403 lr:0.000002 112.1s
2019-10-18 17:25:02,651 - INFO - Epoch [58/100] (10620) train_mae: 5.9523, val_mae: 13.6429 lr:0.000002 112.4s
2019-10-18 17:26:55,144 - INFO - Epoch [59/100] (10800) train_mae: 5.9972, val_mae: 13.6632 lr:0.000002 112.5s
2019-10-18 17:27:07,817 - INFO - Horizon 01, MAE: 11.46, MAPE: 0.0344, RMSE: 14.69
2019-10-18 17:27:07,819 - INFO - Horizon 02, MAE: 16.80, MAPE: 0.0503, RMSE: 21.85
2019-10-18 17:27:07,822 - INFO - Horizon 03, MAE: 21.36, MAPE: 0.0638, RMSE: 28.26
2019-10-18 17:27:07,826 - INFO - Horizon 04, MAE: 25.41, MAPE: 0.0756, RMSE: 33.99
2019-10-18 17:27:07,829 - INFO - Horizon 05, MAE: 29.36, MAPE: 0.0869, RMSE: 39.51
2019-10-18 17:27:07,832 - INFO - Horizon 06, MAE: 30.21, MAPE: 0.0888, RMSE: 40.90
2019-10-18 17:27:07,835 - INFO - Horizon 07, MAE: 31.17, MAPE: 0.0908, RMSE: 42.33
2019-10-18 17:27:07,838 - INFO - Horizon 08, MAE: 32.02, MAPE: 0.0913, RMSE: 43.55
2019-10-18 17:27:07,841 - INFO - Horizon 09, MAE: 32.86, MAPE: 0.0929, RMSE: 44.82
2019-10-18 17:27:07,844 - INFO - Horizon 10, MAE: 33.70, MAPE: 0.0945, RMSE: 46.02
2019-10-18 17:27:07,847 - INFO - Horizon 11, MAE: 34.58, MAPE: 0.0963, RMSE: 47.18
2019-10-18 17:27:07,850 - INFO - Horizon 12, MAE: 35.33, MAPE: 0.0980, RMSE: 48.15
2019-10-18 17:29:00,273 - INFO - Epoch [60/100] (10980) train_mae: 5.9529, val_mae: 13.6503 lr:0.000002 112.4s
2019-10-18 17:30:52,818 - INFO - Epoch [61/100] (11160) train_mae: 6.0819, val_mae: 13.6444 lr:0.000002 112.5s
2019-10-18 17:32:46,024 - INFO - Epoch [62/100] (11340) train_mae: 6.0527, val_mae: 13.6498 lr:0.000002 113.2s
2019-10-18 17:34:39,376 - INFO - Epoch [63/100] (11520) train_mae: 6.1457, val_mae: 13.6578 lr:0.000002 113.3s
2019-10-18 17:36:31,608 - INFO - Epoch [64/100] (11700) train_mae: 6.1559, val_mae: 13.6456 lr:0.000002 112.2s
2019-10-18 17:38:25,214 - INFO - Epoch [65/100] (11880) train_mae: 6.2615, val_mae: 13.6349 lr:0.000002 113.6s
2019-10-18 17:38:25,232 - INFO - Val loss decrease from 13.6380 to 13.6349, saving to data/5083_P1_o12_h12/dcrnn_DR_2_h_12_64-64_lr_0.01_bs_64_20191018154515/models-13.6349-11880
2019-10-18 17:40:19,397 - INFO - Epoch [66/100] (12060) train_mae: 6.1780, val_mae: 13.6308 lr:0.000002 114.2s
2019-10-18 17:40:19,416 - INFO - Val loss decrease from 13.6349 to 13.6308, saving to data/5083_P1_o12_h12/dcrnn_DR_2_h_12_64-64_lr_0.01_bs_64_20191018154515/models-13.6308-12060
2019-10-18 17:42:13,440 - INFO - Epoch [67/100] (12240) train_mae: 6.2825, val_mae: 13.6330 lr:0.000002 114.0s
2019-10-18 17:44:08,049 - INFO - Epoch [68/100] (12420) train_mae: 6.3906, val_mae: 13.6297 lr:0.000002 114.6s
2019-10-18 17:44:08,067 - INFO - Val loss decrease from 13.6308 to 13.6297, saving to data/5083_P1_o12_h12/dcrnn_DR_2_h_12_64-64_lr_0.01_bs_64_20191018154515/models-13.6297-12420
2019-10-18 17:46:02,886 - INFO - Epoch [69/100] (12600) train_mae: 6.3571, val_mae: 13.6362 lr:0.000002 114.8s
2019-10-18 17:46:15,911 - INFO - Horizon 01, MAE: 11.46, MAPE: 0.0344, RMSE: 14.69
2019-10-18 17:46:15,914 - INFO - Horizon 02, MAE: 16.79, MAPE: 0.0503, RMSE: 21.85
2019-10-18 17:46:15,917 - INFO - Horizon 03, MAE: 21.35, MAPE: 0.0638, RMSE: 28.25
2019-10-18 17:46:15,920 - INFO - Horizon 04, MAE: 25.39, MAPE: 0.0757, RMSE: 33.97
2019-10-18 17:46:15,923 - INFO - Horizon 05, MAE: 29.33, MAPE: 0.0869, RMSE: 39.45
2019-10-18 17:46:15,926 - INFO - Horizon 06, MAE: 30.16, MAPE: 0.0888, RMSE: 40.81
2019-10-18 17:46:15,929 - INFO - Horizon 07, MAE: 31.10, MAPE: 0.0908, RMSE: 42.21
2019-10-18 17:46:15,932 - INFO - Horizon 08, MAE: 31.94, MAPE: 0.0914, RMSE: 43.41
2019-10-18 17:46:15,935 - INFO - Horizon 09, MAE: 32.78, MAPE: 0.0929, RMSE: 44.67
2019-10-18 17:46:15,938 - INFO - Horizon 10, MAE: 33.61, MAPE: 0.0945, RMSE: 45.86
2019-10-18 17:46:15,940 - INFO - Horizon 11, MAE: 34.48, MAPE: 0.0963, RMSE: 47.01
2019-10-18 17:46:15,943 - INFO - Horizon 12, MAE: 35.24, MAPE: 0.0980, RMSE: 47.99
2019-10-18 17:48:10,402 - INFO - Epoch [70/100] (12780) train_mae: 6.3851, val_mae: 13.6262 lr:0.000002 114.5s
2019-10-18 17:48:10,419 - INFO - Val loss decrease from 13.6297 to 13.6262, saving to data/5083_P1_o12_h12/dcrnn_DR_2_h_12_64-64_lr_0.01_bs_64_20191018154515/models-13.6262-12780
2019-10-18 17:50:05,453 - INFO - Epoch [71/100] (12960) train_mae: 6.6226, val_mae: 13.6315 lr:0.000002 115.0s
2019-10-18 17:52:00,158 - INFO - Epoch [72/100] (13140) train_mae: 6.5641, val_mae: 13.6247 lr:0.000002 114.7s
2019-10-18 17:52:00,176 - INFO - Val loss decrease from 13.6262 to 13.6247, saving to data/5083_P1_o12_h12/dcrnn_DR_2_h_12_64-64_lr_0.01_bs_64_20191018154515/models-13.6247-13140
2019-10-18 17:53:56,122 - INFO - Epoch [73/100] (13320) train_mae: 6.7544, val_mae: 13.6217 lr:0.000002 115.9s
2019-10-18 17:53:56,141 - INFO - Val loss decrease from 13.6247 to 13.6217, saving to data/5083_P1_o12_h12/dcrnn_DR_2_h_12_64-64_lr_0.01_bs_64_20191018154515/models-13.6217-13320
2019-10-18 17:55:52,019 - INFO - Epoch [74/100] (13500) train_mae: 6.8295, val_mae: 13.6145 lr:0.000002 115.9s
2019-10-18 17:55:52,038 - INFO - Val loss decrease from 13.6217 to 13.6145, saving to data/5083_P1_o12_h12/dcrnn_DR_2_h_12_64-64_lr_0.01_bs_64_20191018154515/models-13.6145-13500
2019-10-18 17:57:48,489 - INFO - Epoch [75/100] (13680) train_mae: 6.9113, val_mae: 13.6214 lr:0.000002 116.5s
2019-10-18 17:59:45,097 - INFO - Epoch [76/100] (13860) train_mae: 7.0075, val_mae: 13.6185 lr:0.000002 116.6s
2019-10-18 18:01:41,811 - INFO - Epoch [77/100] (14040) train_mae: 7.1761, val_mae: 13.6005 lr:0.000002 116.7s
2019-10-18 18:01:41,830 - INFO - Val loss decrease from 13.6145 to 13.6005, saving to data/5083_P1_o12_h12/dcrnn_DR_2_h_12_64-64_lr_0.01_bs_64_20191018154515/models-13.6005-14040
2019-10-18 18:03:38,565 - INFO - Epoch [78/100] (14220) train_mae: 7.1963, val_mae: 13.6146 lr:0.000002 116.7s
2019-10-18 18:05:35,034 - INFO - Epoch [79/100] (14400) train_mae: 7.4216, val_mae: 13.6165 lr:0.000002 116.5s
2019-10-18 18:05:48,043 - INFO - Horizon 01, MAE: 11.46, MAPE: 0.0345, RMSE: 14.68
2019-10-18 18:05:48,046 - INFO - Horizon 02, MAE: 16.80, MAPE: 0.0504, RMSE: 21.85
2019-10-18 18:05:48,049 - INFO - Horizon 03, MAE: 21.35, MAPE: 0.0639, RMSE: 28.25
2019-10-18 18:05:48,052 - INFO - Horizon 04, MAE: 25.38, MAPE: 0.0758, RMSE: 33.96
2019-10-18 18:05:48,055 - INFO - Horizon 05, MAE: 29.28, MAPE: 0.0870, RMSE: 39.37
2019-10-18 18:05:48,058 - INFO - Horizon 06, MAE: 30.10, MAPE: 0.0888, RMSE: 40.69
2019-10-18 18:05:48,061 - INFO - Horizon 07, MAE: 31.02, MAPE: 0.0907, RMSE: 42.05
2019-10-18 18:05:48,064 - INFO - Horizon 08, MAE: 31.86, MAPE: 0.0914, RMSE: 43.24
2019-10-18 18:05:48,067 - INFO - Horizon 09, MAE: 32.69, MAPE: 0.0929, RMSE: 44.50
2019-10-18 18:05:48,070 - INFO - Horizon 10, MAE: 33.52, MAPE: 0.0945, RMSE: 45.69
2019-10-18 18:05:48,073 - INFO - Horizon 11, MAE: 34.39, MAPE: 0.0963, RMSE: 46.85
2019-10-18 18:05:48,076 - INFO - Horizon 12, MAE: 35.16, MAPE: 0.0980, RMSE: 47.85
2019-10-18 18:07:46,079 - INFO - Epoch [80/100] (14580) train_mae: 7.7126, val_mae: 13.6088 lr:0.000002 118.0s
2019-10-18 18:09:42,580 - INFO - Epoch [81/100] (14760) train_mae: 7.6901, val_mae: 13.6215 lr:0.000002 116.5s
2019-10-18 18:11:39,809 - INFO - Epoch [82/100] (14940) train_mae: 7.6620, val_mae: 13.6092 lr:0.000002 117.2s
2019-10-18 18:13:37,380 - INFO - Epoch [83/100] (15120) train_mae: 8.0613, val_mae: 13.6099 lr:0.000002 117.6s
2019-10-18 18:15:35,329 - INFO - Epoch [84/100] (15300) train_mae: 7.9647, val_mae: 13.6156 lr:0.000002 117.9s
2019-10-18 18:17:34,184 - INFO - Epoch [85/100] (15480) train_mae: 8.2726, val_mae: 13.6072 lr:0.000002 118.9s
2019-10-18 18:19:33,526 - INFO - Epoch [86/100] (15660) train_mae: 8.3853, val_mae: 13.6106 lr:0.000002 119.3s
2019-10-18 18:21:32,762 - INFO - Epoch [87/100] (15840) train_mae: 8.6395, val_mae: 13.5976 lr:0.000002 119.2s
2019-10-18 18:21:32,783 - INFO - Val loss decrease from 13.6005 to 13.5976, saving to data/5083_P1_o12_h12/dcrnn_DR_2_h_12_64-64_lr_0.01_bs_64_20191018154515/models-13.5976-15840
2019-10-18 18:23:30,798 - INFO - Epoch [88/100] (16020) train_mae: 8.6269, val_mae: 13.5921 lr:0.000002 118.0s
2019-10-18 18:23:30,817 - INFO - Val loss decrease from 13.5976 to 13.5921, saving to data/5083_P1_o12_h12/dcrnn_DR_2_h_12_64-64_lr_0.01_bs_64_20191018154515/models-13.5921-16020
2019-10-18 18:25:18,846 - INFO - Epoch [89/100] (16200) train_mae: 8.8353, val_mae: 13.5885 lr:0.000002 108.0s
2019-10-18 18:25:29,128 - INFO - Horizon 01, MAE: 11.46, MAPE: 0.0344, RMSE: 14.69
2019-10-18 18:25:29,130 - INFO - Horizon 02, MAE: 16.80, MAPE: 0.0504, RMSE: 21.86
2019-10-18 18:25:29,133 - INFO - Horizon 03, MAE: 21.37, MAPE: 0.0640, RMSE: 28.27
2019-10-18 18:25:29,135 - INFO - Horizon 04, MAE: 25.39, MAPE: 0.0759, RMSE: 33.97
2019-10-18 18:25:29,137 - INFO - Horizon 05, MAE: 29.26, MAPE: 0.0870, RMSE: 39.31
2019-10-18 18:25:29,140 - INFO - Horizon 06, MAE: 30.06, MAPE: 0.0888, RMSE: 40.61
2019-10-18 18:25:29,142 - INFO - Horizon 07, MAE: 30.96, MAPE: 0.0908, RMSE: 41.94
2019-10-18 18:25:29,145 - INFO - Horizon 08, MAE: 31.80, MAPE: 0.0915, RMSE: 43.11
2019-10-18 18:25:29,148 - INFO - Horizon 09, MAE: 32.63, MAPE: 0.0931, RMSE: 44.35
2019-10-18 18:25:29,151 - INFO - Horizon 10, MAE: 33.45, MAPE: 0.0947, RMSE: 45.54
2019-10-18 18:25:29,153 - INFO - Horizon 11, MAE: 34.32, MAPE: 0.0965, RMSE: 46.69
2019-10-18 18:25:29,156 - INFO - Horizon 12, MAE: 35.08, MAPE: 0.0982, RMSE: 47.69
2019-10-18 18:25:29,172 - INFO - Val loss decrease from 13.5921 to 13.5885, saving to data/5083_P1_o12_h12/dcrnn_DR_2_h_12_64-64_lr_0.01_bs_64_20191018154515/models-13.5885-16200
2019-10-18 18:27:08,067 - INFO - Epoch [90/100] (16380) train_mae: 8.9116, val_mae: 13.6096 lr:0.000002 98.9s
2019-10-18 18:28:48,952 - INFO - Epoch [91/100] (16560) train_mae: 9.1305, val_mae: 13.5993 lr:0.000002 100.9s
2019-10-18 18:30:30,066 - INFO - Epoch [92/100] (16740) train_mae: 9.2056, val_mae: 13.5914 lr:0.000002 101.1s
2019-10-18 18:32:11,199 - INFO - Epoch [93/100] (16920) train_mae: 9.5959, val_mae: 13.5989 lr:0.000002 101.1s
2019-10-18 18:33:53,668 - INFO - Epoch [94/100] (17100) train_mae: 9.7081, val_mae: 13.5908 lr:0.000002 102.5s
2019-10-18 18:35:35,828 - INFO - Epoch [95/100] (17280) train_mae: 9.9431, val_mae: 13.5934 lr:0.000002 102.2s
2019-10-18 18:37:17,820 - INFO - Epoch [96/100] (17460) train_mae: 9.9457, val_mae: 13.5924 lr:0.000002 102.0s
2019-10-18 18:39:00,883 - INFO - Epoch [97/100] (17640) train_mae: 10.0870, val_mae: 13.5937 lr:0.000002 103.1s
2019-10-18 18:40:43,614 - INFO - Epoch [98/100] (17820) train_mae: 10.3037, val_mae: 13.5798 lr:0.000002 102.7s
2019-10-18 18:40:43,631 - INFO - Val loss decrease from 13.5885 to 13.5798, saving to data/5083_P1_o12_h12/dcrnn_DR_2_h_12_64-64_lr_0.01_bs_64_20191018154515/models-13.5798-17820
2019-10-18 18:42:27,004 - INFO - Epoch [99/100] (18000) train_mae: 10.5826, val_mae: 13.5840 lr:0.000002 103.4s
2019-10-18 18:42:37,277 - INFO - Horizon 01, MAE: 11.46, MAPE: 0.0345, RMSE: 14.69
2019-10-18 18:42:37,279 - INFO - Horizon 02, MAE: 16.81, MAPE: 0.0504, RMSE: 21.86
2019-10-18 18:42:37,281 - INFO - Horizon 03, MAE: 21.37, MAPE: 0.0640, RMSE: 28.29
2019-10-18 18:42:37,283 - INFO - Horizon 04, MAE: 25.40, MAPE: 0.0760, RMSE: 33.96
2019-10-18 18:42:37,286 - INFO - Horizon 05, MAE: 29.23, MAPE: 0.0870, RMSE: 39.25
2019-10-18 18:42:37,288 - INFO - Horizon 06, MAE: 30.02, MAPE: 0.0888, RMSE: 40.53
2019-10-18 18:42:37,291 - INFO - Horizon 07, MAE: 30.93, MAPE: 0.0907, RMSE: 41.86
2019-10-18 18:42:37,293 - INFO - Horizon 08, MAE: 31.76, MAPE: 0.0915, RMSE: 43.03
2019-10-18 18:42:37,295 - INFO - Horizon 09, MAE: 32.58, MAPE: 0.0931, RMSE: 44.27
2019-10-18 18:42:37,298 - INFO - Horizon 10, MAE: 33.40, MAPE: 0.0947, RMSE: 45.45
2019-10-18 18:42:37,300 - INFO - Horizon 11, MAE: 34.27, MAPE: 0.0965, RMSE: 46.60
2019-10-18 18:42:37,303 - INFO - Horizon 12, MAE: 35.03, MAPE: 0.0982, RMSE: 47.60
2019-10-18 18:44:21,250 - INFO - Epoch [100/100] (18180) train_mae: 10.5725, val_mae: 13.5920 lr:0.000002 103.9s
2019-10-18 18:44:31,577 - INFO - Horizon 01, MAE: 11.46, MAPE: 0.0345, RMSE: 14.69
2019-10-18 18:44:31,580 - INFO - Horizon 02, MAE: 16.81, MAPE: 0.0504, RMSE: 21.87
2019-10-18 18:44:31,582 - INFO - Horizon 03, MAE: 21.38, MAPE: 0.0640, RMSE: 28.30
2019-10-18 18:44:31,585 - INFO - Horizon 04, MAE: 25.40, MAPE: 0.0760, RMSE: 33.98
2019-10-18 18:44:31,587 - INFO - Horizon 05, MAE: 29.24, MAPE: 0.0869, RMSE: 39.27
2019-10-18 18:44:31,589 - INFO - Horizon 06, MAE: 30.04, MAPE: 0.0888, RMSE: 40.56
2019-10-18 18:44:31,592 - INFO - Horizon 07, MAE: 30.94, MAPE: 0.0907, RMSE: 41.89
2019-10-18 18:44:31,594 - INFO - Horizon 08, MAE: 31.78, MAPE: 0.0914, RMSE: 43.07
2019-10-18 18:44:31,597 - INFO - Horizon 09, MAE: 32.61, MAPE: 0.0930, RMSE: 44.32
2019-10-18 18:44:31,599 - INFO - Horizon 10, MAE: 33.43, MAPE: 0.0946, RMSE: 45.52
2019-10-18 18:44:31,602 - INFO - Horizon 11, MAE: 34.31, MAPE: 0.0965, RMSE: 46.68
2019-10-18 18:44:31,604 - INFO - Horizon 12, MAE: 35.09, MAPE: 0.0982, RMSE: 47.70
Predictions saved as data/5083_P1_o12_h12/predictions.npz.
Trained DCRNN model
train mae: 10.5725
val mae: 13.592
test mse: 1538.3940740501232
test rmse: 39.22236701233268
test mae: 27.848018419706303
test mape: 16.478350643134053
