2019-10-15 14:01:00,742 - INFO - Log directory: data/5083_P2_o12_sh/5083_P2_o12_sh3/dcrnn_DR_2_sh_3_64-64_lr_0.01_bs_64_20191015140100/
2019-10-15 14:01:00,743 - INFO - {'base_dir': 'data/5083_P2_o12_sh/5083_P2_o12_sh3', 'log_level': 'INFO', 'data': {'batch_size': 64, 'dataset_dir': 'data/inputs/5083_P2_o12_h12_sensor_data', 'test_batch_size': 64, 'val_batch_size': 64, 'graph_pkl_filename': 'data/inputs/model/adjacency_matrix_5083_P2.pkl'}, 'model': {'cl_decay_steps': 2000, 'filter_type': 'dual_random_walk', 'single_horizon': True, 'horizon': 3, 'input_dim': 2, 'l1_decay': 0, 'max_diffusion_step': 2, 'num_nodes': 15, 'num_rnn_layers': 2, 'output_dim': 2, 'rnn_units': 64, 'seq_len': 12, 'use_curriculum_learning': True}, 'train': {'base_lr': 0.01, 'dropout': 0, 'epoch': 0, 'epochs': 100, 'epsilon': 0.001, 'global_step': 0, 'lr_decay_ratio': 0.1, 'max_grad_norm': 5, 'max_to_keep': 100, 'min_learning_rate': 2e-06, 'optimizer': 'adam', 'patience': 50, 'steps': [20, 30, 40, 50], 'test_every_n_epochs': 10}}
2019-10-15 14:01:00,842 - INFO - ('x_train', (2730, 12, 15, 2))
2019-10-15 14:01:00,842 - INFO - ('y_train', (2730, 1, 15, 2))
2019-10-15 14:01:00,842 - INFO - ('x_val', (390, 12, 15, 2))
2019-10-15 14:01:00,842 - INFO - ('y_val', (390, 1, 15, 2))
2019-10-15 14:01:00,843 - INFO - ('x_test', (780, 12, 15, 2))
2019-10-15 14:01:00,843 - INFO - ('y_test', (780, 1, 15, 2))
2019-10-15 14:01:07,543 - INFO - Total number of trainable parameters: 373376
Created DCRNN model
2019-10-15 14:01:08,035 - INFO - Start training ...
2019-10-15 14:01:23,054 - INFO - Epoch [0/100] (42) train_mae: 29.9597, val_mae: 20.7413 lr:0.010000 14.8s
2019-10-15 14:01:23,275 - INFO - Val loss decrease from inf to 20.7413, saving to data/5083_P2_o12_sh/5083_P2_o12_sh3/dcrnn_DR_2_sh_3_64-64_lr_0.01_bs_64_20191015140100/models-20.7413-42
2019-10-15 14:01:38,036 - INFO - Epoch [1/100] (84) train_mae: 17.2766, val_mae: 19.9321 lr:0.010000 14.8s
2019-10-15 14:01:38,050 - INFO - Val loss decrease from 20.7413 to 19.9321, saving to data/5083_P2_o12_sh/5083_P2_o12_sh3/dcrnn_DR_2_sh_3_64-64_lr_0.01_bs_64_20191015140100/models-19.9321-84
2019-10-15 14:01:52,858 - INFO - Epoch [2/100] (126) train_mae: 17.2275, val_mae: 17.9360 lr:0.010000 14.8s
2019-10-15 14:01:52,871 - INFO - Val loss decrease from 19.9321 to 17.9360, saving to data/5083_P2_o12_sh/5083_P2_o12_sh3/dcrnn_DR_2_sh_3_64-64_lr_0.01_bs_64_20191015140100/models-17.9360-126
2019-10-15 14:02:07,810 - INFO - Epoch [3/100] (168) train_mae: 17.1225, val_mae: 17.9885 lr:0.010000 14.9s
2019-10-15 14:02:22,648 - INFO - Epoch [4/100] (210) train_mae: 17.9100, val_mae: 17.4979 lr:0.010000 14.8s
2019-10-15 14:02:22,663 - INFO - Val loss decrease from 17.9360 to 17.4979, saving to data/5083_P2_o12_sh/5083_P2_o12_sh3/dcrnn_DR_2_sh_3_64-64_lr_0.01_bs_64_20191015140100/models-17.4979-210
2019-10-15 14:02:37,441 - INFO - Epoch [5/100] (252) train_mae: 15.4988, val_mae: 16.9568 lr:0.010000 14.8s
2019-10-15 14:02:37,455 - INFO - Val loss decrease from 17.4979 to 16.9568, saving to data/5083_P2_o12_sh/5083_P2_o12_sh3/dcrnn_DR_2_sh_3_64-64_lr_0.01_bs_64_20191015140100/models-16.9568-252
2019-10-15 14:02:52,331 - INFO - Epoch [6/100] (294) train_mae: 15.5173, val_mae: 15.6947 lr:0.010000 14.9s
2019-10-15 14:02:52,345 - INFO - Val loss decrease from 16.9568 to 15.6947, saving to data/5083_P2_o12_sh/5083_P2_o12_sh3/dcrnn_DR_2_sh_3_64-64_lr_0.01_bs_64_20191015140100/models-15.6947-294
2019-10-15 14:03:07,157 - INFO - Epoch [7/100] (336) train_mae: 14.7634, val_mae: 17.4426 lr:0.010000 14.8s
2019-10-15 14:03:22,165 - INFO - Epoch [8/100] (378) train_mae: 14.5119, val_mae: 15.2674 lr:0.010000 15.0s
2019-10-15 14:03:22,180 - INFO - Val loss decrease from 15.6947 to 15.2674, saving to data/5083_P2_o12_sh/5083_P2_o12_sh3/dcrnn_DR_2_sh_3_64-64_lr_0.01_bs_64_20191015140100/models-15.2674-378
2019-10-15 14:03:37,372 - INFO - Epoch [9/100] (420) train_mae: 14.0233, val_mae: 15.3209 lr:0.010000 15.2s
2019-10-15 14:03:39,521 - INFO - Horizon 03, MAE: 24.52, MAPE: 0.1247, RMSE: 35.54
2019-10-15 14:03:54,859 - INFO - Epoch [10/100] (462) train_mae: 13.8179, val_mae: 15.9152 lr:0.010000 15.3s
2019-10-15 14:04:10,192 - INFO - Epoch [11/100] (504) train_mae: 13.5246, val_mae: 15.6327 lr:0.010000 15.3s
2019-10-15 14:04:25,695 - INFO - Epoch [12/100] (546) train_mae: 13.4244, val_mae: 14.7127 lr:0.010000 15.5s
2019-10-15 14:04:25,710 - INFO - Val loss decrease from 15.2674 to 14.7127, saving to data/5083_P2_o12_sh/5083_P2_o12_sh3/dcrnn_DR_2_sh_3_64-64_lr_0.01_bs_64_20191015140100/models-14.7127-546
2019-10-15 14:04:41,391 - INFO - Epoch [13/100] (588) train_mae: 13.3082, val_mae: 13.7792 lr:0.010000 15.7s
2019-10-15 14:04:41,405 - INFO - Val loss decrease from 14.7127 to 13.7792, saving to data/5083_P2_o12_sh/5083_P2_o12_sh3/dcrnn_DR_2_sh_3_64-64_lr_0.01_bs_64_20191015140100/models-13.7792-588
2019-10-15 14:04:57,017 - INFO - Epoch [14/100] (630) train_mae: 12.9865, val_mae: 13.9078 lr:0.010000 15.6s
2019-10-15 14:05:12,296 - INFO - Epoch [15/100] (672) train_mae: 12.5510, val_mae: 13.5752 lr:0.010000 15.3s
2019-10-15 14:05:12,310 - INFO - Val loss decrease from 13.7792 to 13.5752, saving to data/5083_P2_o12_sh/5083_P2_o12_sh3/dcrnn_DR_2_sh_3_64-64_lr_0.01_bs_64_20191015140100/models-13.5752-672
2019-10-15 14:05:27,720 - INFO - Epoch [16/100] (714) train_mae: 13.1238, val_mae: 12.8150 lr:0.010000 15.4s
2019-10-15 14:05:27,734 - INFO - Val loss decrease from 13.5752 to 12.8150, saving to data/5083_P2_o12_sh/5083_P2_o12_sh3/dcrnn_DR_2_sh_3_64-64_lr_0.01_bs_64_20191015140100/models-12.8150-714
2019-10-15 14:05:43,064 - INFO - Epoch [17/100] (756) train_mae: 12.5798, val_mae: 13.4325 lr:0.010000 15.3s
2019-10-15 14:05:58,441 - INFO - Epoch [18/100] (798) train_mae: 12.1559, val_mae: 12.8245 lr:0.010000 15.4s
2019-10-15 14:06:13,868 - INFO - Epoch [19/100] (840) train_mae: 12.4304, val_mae: 13.5133 lr:0.010000 15.4s
2019-10-15 14:06:16,049 - INFO - Horizon 03, MAE: 23.12, MAPE: 0.1179, RMSE: 34.47
2019-10-15 14:06:31,500 - INFO - Epoch [20/100] (882) train_mae: 11.0813, val_mae: 12.1195 lr:0.001000 15.5s
2019-10-15 14:06:31,515 - INFO - Val loss decrease from 12.8150 to 12.1195, saving to data/5083_P2_o12_sh/5083_P2_o12_sh3/dcrnn_DR_2_sh_3_64-64_lr_0.01_bs_64_20191015140100/models-12.1195-882
2019-10-15 14:06:47,030 - INFO - Epoch [21/100] (924) train_mae: 10.8927, val_mae: 11.6541 lr:0.001000 15.5s
2019-10-15 14:06:47,046 - INFO - Val loss decrease from 12.1195 to 11.6541, saving to data/5083_P2_o12_sh/5083_P2_o12_sh3/dcrnn_DR_2_sh_3_64-64_lr_0.01_bs_64_20191015140100/models-11.6541-924
2019-10-15 14:07:02,400 - INFO - Epoch [22/100] (966) train_mae: 10.7420, val_mae: 12.2062 lr:0.001000 15.4s
2019-10-15 14:07:17,995 - INFO - Epoch [23/100] (1008) train_mae: 10.7083, val_mae: 11.7603 lr:0.001000 15.6s
2019-10-15 14:07:33,589 - INFO - Epoch [24/100] (1050) train_mae: 10.7417, val_mae: 11.7298 lr:0.001000 15.6s
2019-10-15 14:07:49,211 - INFO - Epoch [25/100] (1092) train_mae: 10.4983, val_mae: 11.7688 lr:0.001000 15.6s
2019-10-15 14:08:04,762 - INFO - Epoch [26/100] (1134) train_mae: 10.6693, val_mae: 11.3553 lr:0.001000 15.6s
2019-10-15 14:08:04,777 - INFO - Val loss decrease from 11.6541 to 11.3553, saving to data/5083_P2_o12_sh/5083_P2_o12_sh3/dcrnn_DR_2_sh_3_64-64_lr_0.01_bs_64_20191015140100/models-11.3553-1134
2019-10-15 14:08:20,354 - INFO - Epoch [27/100] (1176) train_mae: 10.5854, val_mae: 11.4931 lr:0.001000 15.6s
2019-10-15 14:08:35,869 - INFO - Epoch [28/100] (1218) train_mae: 10.5154, val_mae: 11.6267 lr:0.001000 15.5s
2019-10-15 14:08:51,401 - INFO - Epoch [29/100] (1260) train_mae: 10.6103, val_mae: 11.4435 lr:0.001000 15.5s
2019-10-15 14:08:53,548 - INFO - Horizon 03, MAE: 21.36, MAPE: 0.1066, RMSE: 32.85
2019-10-15 14:09:08,998 - INFO - Epoch [30/100] (1302) train_mae: 10.2532, val_mae: 11.2422 lr:0.000100 15.4s
2019-10-15 14:09:09,013 - INFO - Val loss decrease from 11.3553 to 11.2422, saving to data/5083_P2_o12_sh/5083_P2_o12_sh3/dcrnn_DR_2_sh_3_64-64_lr_0.01_bs_64_20191015140100/models-11.2422-1302
2019-10-15 14:09:24,475 - INFO - Epoch [31/100] (1344) train_mae: 10.4414, val_mae: 11.2139 lr:0.000100 15.5s
2019-10-15 14:09:24,490 - INFO - Val loss decrease from 11.2422 to 11.2139, saving to data/5083_P2_o12_sh/5083_P2_o12_sh3/dcrnn_DR_2_sh_3_64-64_lr_0.01_bs_64_20191015140100/models-11.2139-1344
2019-10-15 14:09:40,082 - INFO - Epoch [32/100] (1386) train_mae: 10.1905, val_mae: 11.2295 lr:0.000100 15.6s
2019-10-15 14:09:55,624 - INFO - Epoch [33/100] (1428) train_mae: 10.3619, val_mae: 11.1416 lr:0.000100 15.5s
2019-10-15 14:09:55,639 - INFO - Val loss decrease from 11.2139 to 11.1416, saving to data/5083_P2_o12_sh/5083_P2_o12_sh3/dcrnn_DR_2_sh_3_64-64_lr_0.01_bs_64_20191015140100/models-11.1416-1428
2019-10-15 14:10:11,419 - INFO - Epoch [34/100] (1470) train_mae: 10.2476, val_mae: 11.3238 lr:0.000100 15.8s
2019-10-15 14:10:27,175 - INFO - Epoch [35/100] (1512) train_mae: 10.3504, val_mae: 11.1817 lr:0.000100 15.8s
2019-10-15 14:10:42,912 - INFO - Epoch [36/100] (1554) train_mae: 10.2255, val_mae: 11.4261 lr:0.000100 15.7s
2019-10-15 14:10:58,611 - INFO - Epoch [37/100] (1596) train_mae: 10.1642, val_mae: 11.1597 lr:0.000100 15.7s
2019-10-15 14:11:14,193 - INFO - Epoch [38/100] (1638) train_mae: 10.3021, val_mae: 11.1833 lr:0.000100 15.6s
2019-10-15 14:11:29,892 - INFO - Epoch [39/100] (1680) train_mae: 10.1547, val_mae: 11.2971 lr:0.000100 15.7s
2019-10-15 14:11:32,230 - INFO - Horizon 03, MAE: 21.27, MAPE: 0.1075, RMSE: 32.67
2019-10-15 14:11:47,939 - INFO - Epoch [40/100] (1722) train_mae: 10.4020, val_mae: 11.2057 lr:0.000010 15.7s
2019-10-15 14:12:03,679 - INFO - Epoch [41/100] (1764) train_mae: 10.1388, val_mae: 11.1811 lr:0.000010 15.7s
2019-10-15 14:12:19,749 - INFO - Epoch [42/100] (1806) train_mae: 10.2095, val_mae: 11.1750 lr:0.000010 16.1s
2019-10-15 14:12:36,105 - INFO - Epoch [43/100] (1848) train_mae: 10.0579, val_mae: 11.1873 lr:0.000010 16.4s
2019-10-15 14:12:51,677 - INFO - Epoch [44/100] (1890) train_mae: 10.1971, val_mae: 11.1890 lr:0.000010 15.6s
2019-10-15 14:13:07,226 - INFO - Epoch [45/100] (1932) train_mae: 10.1620, val_mae: 11.1685 lr:0.000010 15.5s
2019-10-15 14:13:22,807 - INFO - Epoch [46/100] (1974) train_mae: 10.2656, val_mae: 11.1580 lr:0.000010 15.6s
2019-10-15 14:13:38,445 - INFO - Epoch [47/100] (2016) train_mae: 10.0920, val_mae: 11.1722 lr:0.000010 15.6s
2019-10-15 14:13:54,542 - INFO - Epoch [48/100] (2058) train_mae: 10.2530, val_mae: 11.1596 lr:0.000010 16.1s
2019-10-15 14:14:10,542 - INFO - Epoch [49/100] (2100) train_mae: 10.3042, val_mae: 11.1760 lr:0.000010 16.0s
2019-10-15 14:14:12,979 - INFO - Horizon 03, MAE: 21.06, MAPE: 0.1068, RMSE: 32.42
2019-10-15 14:14:29,045 - INFO - Epoch [50/100] (2142) train_mae: 10.1404, val_mae: 11.1502 lr:0.000002 16.1s
2019-10-15 14:14:45,007 - INFO - Epoch [51/100] (2184) train_mae: 10.2672, val_mae: 11.1410 lr:0.000002 16.0s
2019-10-15 14:14:45,024 - INFO - Val loss decrease from 11.1416 to 11.1410, saving to data/5083_P2_o12_sh/5083_P2_o12_sh3/dcrnn_DR_2_sh_3_64-64_lr_0.01_bs_64_20191015140100/models-11.1410-2184
2019-10-15 14:15:00,826 - INFO - Epoch [52/100] (2226) train_mae: 10.1983, val_mae: 11.1418 lr:0.000002 15.8s
2019-10-15 14:15:16,469 - INFO - Epoch [53/100] (2268) train_mae: 10.2807, val_mae: 11.1317 lr:0.000002 15.6s
2019-10-15 14:15:16,485 - INFO - Val loss decrease from 11.1410 to 11.1317, saving to data/5083_P2_o12_sh/5083_P2_o12_sh3/dcrnn_DR_2_sh_3_64-64_lr_0.01_bs_64_20191015140100/models-11.1317-2268
2019-10-15 14:15:32,188 - INFO - Epoch [54/100] (2310) train_mae: 10.1191, val_mae: 11.1382 lr:0.000002 15.7s
2019-10-15 14:15:47,867 - INFO - Epoch [55/100] (2352) train_mae: 10.3077, val_mae: 11.1506 lr:0.000002 15.7s
2019-10-15 14:16:03,351 - INFO - Epoch [56/100] (2394) train_mae: 10.1015, val_mae: 11.1373 lr:0.000002 15.5s
2019-10-15 14:16:19,013 - INFO - Epoch [57/100] (2436) train_mae: 10.0942, val_mae: 11.1420 lr:0.000002 15.7s
2019-10-15 14:16:34,787 - INFO - Epoch [58/100] (2478) train_mae: 10.1178, val_mae: 11.1419 lr:0.000002 15.8s
2019-10-15 14:16:50,370 - INFO - Epoch [59/100] (2520) train_mae: 10.1696, val_mae: 11.1478 lr:0.000002 15.6s
2019-10-15 14:16:52,670 - INFO - Horizon 03, MAE: 21.06, MAPE: 0.1068, RMSE: 32.40
2019-10-15 14:17:08,264 - INFO - Epoch [60/100] (2562) train_mae: 10.2602, val_mae: 11.1532 lr:0.000002 15.6s
2019-10-15 14:17:23,990 - INFO - Epoch [61/100] (2604) train_mae: 9.9780, val_mae: 11.1587 lr:0.000002 15.7s
2019-10-15 14:17:39,552 - INFO - Epoch [62/100] (2646) train_mae: 10.1268, val_mae: 11.1557 lr:0.000002 15.6s
2019-10-15 14:17:55,161 - INFO - Epoch [63/100] (2688) train_mae: 10.2216, val_mae: 11.1468 lr:0.000002 15.6s
2019-10-15 14:18:11,003 - INFO - Epoch [64/100] (2730) train_mae: 10.0945, val_mae: 11.1435 lr:0.000002 15.8s
2019-10-15 14:18:26,662 - INFO - Epoch [65/100] (2772) train_mae: 10.2126, val_mae: 11.1491 lr:0.000002 15.7s
2019-10-15 14:18:42,467 - INFO - Epoch [66/100] (2814) train_mae: 10.2322, val_mae: 11.1545 lr:0.000002 15.8s
2019-10-15 14:18:58,412 - INFO - Epoch [67/100] (2856) train_mae: 10.1815, val_mae: 11.1449 lr:0.000002 15.9s
2019-10-15 14:19:14,276 - INFO - Epoch [68/100] (2898) train_mae: 10.1555, val_mae: 11.1338 lr:0.000002 15.9s
2019-10-15 14:19:30,035 - INFO - Epoch [69/100] (2940) train_mae: 10.2323, val_mae: 11.1314 lr:0.000002 15.8s
2019-10-15 14:19:32,377 - INFO - Horizon 03, MAE: 21.05, MAPE: 0.1070, RMSE: 32.37
2019-10-15 14:19:32,394 - INFO - Val loss decrease from 11.1317 to 11.1314, saving to data/5083_P2_o12_sh/5083_P2_o12_sh3/dcrnn_DR_2_sh_3_64-64_lr_0.01_bs_64_20191015140100/models-11.1314-2940
2019-10-15 14:19:48,083 - INFO - Epoch [70/100] (2982) train_mae: 10.0893, val_mae: 11.1438 lr:0.000002 15.7s
2019-10-15 14:20:04,066 - INFO - Epoch [71/100] (3024) train_mae: 10.1905, val_mae: 11.1497 lr:0.000002 16.0s
2019-10-15 14:20:19,962 - INFO - Epoch [72/100] (3066) train_mae: 10.1521, val_mae: 11.1427 lr:0.000002 15.9s
2019-10-15 14:20:35,881 - INFO - Epoch [73/100] (3108) train_mae: 10.2421, val_mae: 11.1461 lr:0.000002 15.9s
2019-10-15 14:20:52,032 - INFO - Epoch [74/100] (3150) train_mae: 10.0373, val_mae: 11.1432 lr:0.000002 16.1s
2019-10-15 14:21:08,013 - INFO - Epoch [75/100] (3192) train_mae: 10.0661, val_mae: 11.1460 lr:0.000002 16.0s
2019-10-15 14:21:24,056 - INFO - Epoch [76/100] (3234) train_mae: 10.2135, val_mae: 11.1362 lr:0.000002 16.0s
2019-10-15 14:21:39,841 - INFO - Epoch [77/100] (3276) train_mae: 10.1589, val_mae: 11.1389 lr:0.000002 15.8s
2019-10-15 14:21:55,679 - INFO - Epoch [78/100] (3318) train_mae: 10.2117, val_mae: 11.1404 lr:0.000002 15.8s
2019-10-15 14:22:11,449 - INFO - Epoch [79/100] (3360) train_mae: 10.1166, val_mae: 11.1402 lr:0.000002 15.8s
2019-10-15 14:22:13,798 - INFO - Horizon 03, MAE: 21.06, MAPE: 0.1070, RMSE: 32.38
2019-10-15 14:22:29,757 - INFO - Epoch [80/100] (3402) train_mae: 10.0673, val_mae: 11.1374 lr:0.000002 16.0s
2019-10-15 14:22:45,853 - INFO - Epoch [81/100] (3444) train_mae: 10.0264, val_mae: 11.1392 lr:0.000002 16.1s
2019-10-15 14:23:01,940 - INFO - Epoch [82/100] (3486) train_mae: 10.1813, val_mae: 11.1531 lr:0.000002 16.1s
2019-10-15 14:23:18,260 - INFO - Epoch [83/100] (3528) train_mae: 10.0793, val_mae: 11.1446 lr:0.000002 16.3s
2019-10-15 14:23:34,169 - INFO - Epoch [84/100] (3570) train_mae: 9.9967, val_mae: 11.1551 lr:0.000002 15.9s
2019-10-15 14:23:50,207 - INFO - Epoch [85/100] (3612) train_mae: 10.1417, val_mae: 11.1531 lr:0.000002 16.0s
2019-10-15 14:24:06,168 - INFO - Epoch [86/100] (3654) train_mae: 10.0760, val_mae: 11.1490 lr:0.000002 16.0s
2019-10-15 14:24:22,134 - INFO - Epoch [87/100] (3696) train_mae: 10.1508, val_mae: 11.1499 lr:0.000002 16.0s
2019-10-15 14:24:38,050 - INFO - Epoch [88/100] (3738) train_mae: 10.1611, val_mae: 11.1463 lr:0.000002 15.9s
2019-10-15 14:24:54,181 - INFO - Epoch [89/100] (3780) train_mae: 10.3371, val_mae: 11.1362 lr:0.000002 16.1s
2019-10-15 14:24:56,625 - INFO - Horizon 03, MAE: 21.05, MAPE: 0.1069, RMSE: 32.37
2019-10-15 14:25:12,461 - INFO - Epoch [90/100] (3822) train_mae: 10.1314, val_mae: 11.1345 lr:0.000002 15.8s
2019-10-15 14:25:28,434 - INFO - Epoch [91/100] (3864) train_mae: 10.2027, val_mae: 11.1345 lr:0.000002 16.0s
2019-10-15 14:25:44,521 - INFO - Epoch [92/100] (3906) train_mae: 10.1605, val_mae: 11.1470 lr:0.000002 16.1s
2019-10-15 14:26:00,417 - INFO - Epoch [93/100] (3948) train_mae: 10.0713, val_mae: 11.1429 lr:0.000002 15.9s
2019-10-15 14:26:16,440 - INFO - Epoch [94/100] (3990) train_mae: 10.0660, val_mae: 11.1468 lr:0.000002 16.0s
2019-10-15 14:26:32,541 - INFO - Epoch [95/100] (4032) train_mae: 10.2070, val_mae: 11.1447 lr:0.000002 16.1s
2019-10-15 14:26:48,700 - INFO - Epoch [96/100] (4074) train_mae: 10.1996, val_mae: 11.1467 lr:0.000002 16.2s
2019-10-15 14:27:04,956 - INFO - Epoch [97/100] (4116) train_mae: 10.1834, val_mae: 11.1504 lr:0.000002 16.3s
2019-10-15 14:27:21,152 - INFO - Epoch [98/100] (4158) train_mae: 10.1585, val_mae: 11.1467 lr:0.000002 16.2s
2019-10-15 14:27:37,067 - INFO - Epoch [99/100] (4200) train_mae: 10.0759, val_mae: 11.1451 lr:0.000002 15.9s
2019-10-15 14:27:39,458 - INFO - Horizon 03, MAE: 21.03, MAPE: 0.1066, RMSE: 32.36
2019-10-15 14:27:55,289 - INFO - Epoch [100/100] (4242) train_mae: 10.0573, val_mae: 11.1450 lr:0.000002 15.8s
2019-10-15 14:27:57,687 - INFO - Horizon 03, MAE: 21.03, MAPE: 0.1068, RMSE: 32.36
Predictions saved as data/5083_P2_o12_sh/5083_P2_o12_sh3/prediction3.npz.
Trained DCRNN model
train mae: 10.0573
val mae: 11.145
test mse: 1077.2281586224026
test rmse: 32.82115413300396
test mae: 21.17281837372087
test mape: 16.11034764004119
