2019-11-03 12:58:21,949 - INFO - Log directory: data/5083_P3_o6_h6_sb6/dcrnn_DR_2_h_6_64-64_lr_0.01_bs_64_20191103125821/
2019-11-03 12:58:21,953 - INFO - {'base_dir': 'data/5083_P3_o6_h6_sb6', 'log_level': 'INFO', 'data': {'batch_size': 64, 'dataset_dir': 'data/inputs/5083_P3_o6_h6_sb6_sensor_data', 'test_batch_size': 64, 'val_batch_size': 64, 'graph_pkl_filename': 'data/inputs/model/adjacency_matrix_5083_P3.pkl'}, 'model': {'cl_decay_steps': 2000, 'filter_type': 'dual_random_walk', 'horizon': 6, 'input_dim': 2, 'l1_decay': 0, 'max_diffusion_step': 2, 'num_nodes': 15, 'num_rnn_layers': 2, 'output_dim': 2, 'rnn_units': 64, 'seq_len': 6, 'use_curriculum_learning': True}, 'train': {'base_lr': 0.01, 'dropout': 0, 'epoch': 0, 'epochs': 100, 'epsilon': 0.001, 'global_step': 0, 'lr_decay_ratio': 0.1, 'max_grad_norm': 5, 'max_to_keep': 100, 'min_learning_rate': 2e-06, 'optimizer': 'adam', 'patience': 50, 'steps': [20, 30, 40, 50], 'test_every_n_epochs': 10}}
2019-11-03 12:58:22,297 - INFO - ('x_train', (7770, 6, 15, 2))
2019-11-03 12:58:22,297 - INFO - ('y_train', (7770, 6, 15, 2))
2019-11-03 12:58:22,297 - INFO - ('x_val', (1110, 6, 15, 2))
2019-11-03 12:58:22,297 - INFO - ('y_val', (1110, 6, 15, 2))
2019-11-03 12:58:22,298 - INFO - ('x_test', (2220, 6, 15, 2))
2019-11-03 12:58:22,298 - INFO - ('y_test', (2220, 6, 15, 2))
2019-11-03 12:59:05,383 - INFO - Total number of trainable parameters: 373376
Created DCRNN model
2019-11-03 12:59:07,986 - INFO - Start training ...
2019-11-03 13:00:59,076 - INFO - Epoch [0/100] (121) train_mae: 15.3845, val_mae: 24.2850 lr:0.010000 110.4s
2019-11-03 13:00:59,679 - INFO - Val loss decrease from inf to 24.2850, saving to data/5083_P3_o6_h6_sb6/dcrnn_DR_2_h_6_64-64_lr_0.01_bs_64_20191103125821/models-24.2850-121
2019-11-03 13:03:08,329 - INFO - Epoch [1/100] (242) train_mae: 10.7152, val_mae: 19.5583 lr:0.010000 128.6s
2019-11-03 13:03:08,375 - INFO - Val loss decrease from 24.2850 to 19.5583, saving to data/5083_P3_o6_h6_sb6/dcrnn_DR_2_h_6_64-64_lr_0.01_bs_64_20191103125821/models-19.5583-242
2019-11-03 13:05:15,063 - INFO - Epoch [2/100] (363) train_mae: 9.5121, val_mae: 19.2971 lr:0.010000 126.7s
2019-11-03 13:05:15,105 - INFO - Val loss decrease from 19.5583 to 19.2971, saving to data/5083_P3_o6_h6_sb6/dcrnn_DR_2_h_6_64-64_lr_0.01_bs_64_20191103125821/models-19.2971-363
2019-11-03 13:07:52,172 - INFO - Epoch [3/100] (484) train_mae: 9.0566, val_mae: 21.4812 lr:0.010000 157.1s
2019-11-03 13:10:32,827 - INFO - Epoch [4/100] (605) train_mae: 8.6410, val_mae: 20.1580 lr:0.010000 160.7s
2019-11-03 13:13:02,562 - INFO - Epoch [5/100] (726) train_mae: 8.3369, val_mae: 20.5270 lr:0.010000 149.7s
2019-11-03 13:15:35,633 - INFO - Epoch [6/100] (847) train_mae: 8.2272, val_mae: 18.5614 lr:0.010000 153.1s
2019-11-03 13:15:35,698 - INFO - Val loss decrease from 19.2971 to 18.5614, saving to data/5083_P3_o6_h6_sb6/dcrnn_DR_2_h_6_64-64_lr_0.01_bs_64_20191103125821/models-18.5614-847
2019-11-03 13:18:26,172 - INFO - Epoch [7/100] (968) train_mae: 8.2215, val_mae: 20.8556 lr:0.010000 170.5s
2019-11-03 13:20:49,659 - INFO - Epoch [8/100] (1089) train_mae: 8.2827, val_mae: 17.3316 lr:0.010000 143.5s
2019-11-03 13:20:49,699 - INFO - Val loss decrease from 18.5614 to 17.3316, saving to data/5083_P3_o6_h6_sb6/dcrnn_DR_2_h_6_64-64_lr_0.01_bs_64_20191103125821/models-17.3316-1089
2019-11-03 13:23:16,349 - INFO - Epoch [9/100] (1210) train_mae: 8.0564, val_mae: 17.1794 lr:0.010000 146.6s
2019-11-03 13:23:46,822 - INFO - Horizon 01, MAE: 14.64, MAPE: 0.0373, RMSE: 19.22
2019-11-03 13:23:46,828 - INFO - Horizon 02, MAE: 20.97, MAPE: 0.0539, RMSE: 28.27
2019-11-03 13:23:46,835 - INFO - Horizon 03, MAE: 27.43, MAPE: 0.0711, RMSE: 37.36
2019-11-03 13:23:46,845 - INFO - Horizon 04, MAE: 32.73, MAPE: 0.0862, RMSE: 44.74
2019-11-03 13:23:46,852 - INFO - Horizon 05, MAE: 37.71, MAPE: 0.1000, RMSE: 51.49
2019-11-03 13:23:46,859 - INFO - Horizon 06, MAE: 39.08, MAPE: 0.1047, RMSE: 53.50
2019-11-03 13:23:46,893 - INFO - Val loss decrease from 17.3316 to 17.1794, saving to data/5083_P3_o6_h6_sb6/dcrnn_DR_2_h_6_64-64_lr_0.01_bs_64_20191103125821/models-17.1794-1210
2019-11-03 13:26:39,700 - INFO - Epoch [10/100] (1331) train_mae: 8.0430, val_mae: 16.7696 lr:0.010000 172.8s
2019-11-03 13:26:39,737 - INFO - Val loss decrease from 17.1794 to 16.7696, saving to data/5083_P3_o6_h6_sb6/dcrnn_DR_2_h_6_64-64_lr_0.01_bs_64_20191103125821/models-16.7696-1331
2019-11-03 13:28:45,788 - INFO - Epoch [11/100] (1452) train_mae: 8.1132, val_mae: 18.0713 lr:0.010000 126.0s
2019-11-03 13:31:53,010 - INFO - Epoch [12/100] (1573) train_mae: 8.1993, val_mae: 18.9192 lr:0.010000 187.2s
2019-11-03 13:34:36,313 - INFO - Epoch [13/100] (1694) train_mae: 7.8219, val_mae: 16.1657 lr:0.010000 163.3s
2019-11-03 13:34:36,393 - INFO - Val loss decrease from 16.7696 to 16.1657, saving to data/5083_P3_o6_h6_sb6/dcrnn_DR_2_h_6_64-64_lr_0.01_bs_64_20191103125821/models-16.1657-1694
2019-11-03 13:36:54,762 - INFO - Epoch [14/100] (1815) train_mae: 7.9108, val_mae: 16.8352 lr:0.010000 138.4s
2019-11-03 13:39:58,782 - INFO - Epoch [15/100] (1936) train_mae: 8.0364, val_mae: 18.0438 lr:0.010000 184.0s
2019-11-03 13:42:34,153 - INFO - Epoch [16/100] (2057) train_mae: 8.0174, val_mae: 16.7325 lr:0.010000 155.4s
2019-11-03 13:45:05,344 - INFO - Epoch [17/100] (2178) train_mae: 7.8254, val_mae: 17.0424 lr:0.010000 151.2s
2019-11-03 13:48:09,343 - INFO - Epoch [18/100] (2299) train_mae: 7.6452, val_mae: 16.4019 lr:0.010000 184.0s
2019-11-03 13:50:38,766 - INFO - Epoch [19/100] (2420) train_mae: 7.7713, val_mae: 16.4082 lr:0.010000 149.4s
2019-11-03 13:51:09,114 - INFO - Horizon 01, MAE: 14.94, MAPE: 0.0385, RMSE: 19.32
2019-11-03 13:51:09,122 - INFO - Horizon 02, MAE: 20.65, MAPE: 0.0522, RMSE: 27.63
2019-11-03 13:51:09,128 - INFO - Horizon 03, MAE: 26.69, MAPE: 0.0678, RMSE: 36.30
2019-11-03 13:51:09,135 - INFO - Horizon 04, MAE: 31.56, MAPE: 0.0811, RMSE: 43.29
2019-11-03 13:51:09,141 - INFO - Horizon 05, MAE: 36.09, MAPE: 0.0921, RMSE: 49.70
2019-11-03 13:51:09,156 - INFO - Horizon 06, MAE: 36.99, MAPE: 0.0952, RMSE: 51.35
2019-11-03 13:53:57,840 - INFO - Epoch [20/100] (2541) train_mae: 7.0865, val_mae: 15.1640 lr:0.001000 168.7s
2019-11-03 13:53:57,888 - INFO - Val loss decrease from 16.1657 to 15.1640, saving to data/5083_P3_o6_h6_sb6/dcrnn_DR_2_h_6_64-64_lr_0.01_bs_64_20191103125821/models-15.1640-2541
2019-11-03 13:56:58,444 - INFO - Epoch [21/100] (2662) train_mae: 6.9441, val_mae: 14.9461 lr:0.001000 180.6s
2019-11-03 13:56:58,485 - INFO - Val loss decrease from 15.1640 to 14.9461, saving to data/5083_P3_o6_h6_sb6/dcrnn_DR_2_h_6_64-64_lr_0.01_bs_64_20191103125821/models-14.9461-2662
2019-11-03 13:59:50,711 - INFO - Epoch [22/100] (2783) train_mae: 6.9199, val_mae: 14.9654 lr:0.001000 172.2s
2019-11-03 14:02:49,731 - INFO - Epoch [23/100] (2904) train_mae: 6.9233, val_mae: 15.0119 lr:0.001000 179.0s
2019-11-03 14:05:29,610 - INFO - Epoch [24/100] (3025) train_mae: 6.9078, val_mae: 14.8767 lr:0.001000 159.9s
2019-11-03 14:05:29,653 - INFO - Val loss decrease from 14.9461 to 14.8767, saving to data/5083_P3_o6_h6_sb6/dcrnn_DR_2_h_6_64-64_lr_0.01_bs_64_20191103125821/models-14.8767-3025
2019-11-03 14:08:36,027 - INFO - Epoch [25/100] (3146) train_mae: 6.8750, val_mae: 14.8611 lr:0.001000 186.4s
2019-11-03 14:08:36,136 - INFO - Val loss decrease from 14.8767 to 14.8611, saving to data/5083_P3_o6_h6_sb6/dcrnn_DR_2_h_6_64-64_lr_0.01_bs_64_20191103125821/models-14.8611-3146
2019-11-03 14:11:38,379 - INFO - Epoch [26/100] (3267) train_mae: 6.9006, val_mae: 14.8416 lr:0.001000 182.2s
2019-11-03 14:11:38,420 - INFO - Val loss decrease from 14.8611 to 14.8416, saving to data/5083_P3_o6_h6_sb6/dcrnn_DR_2_h_6_64-64_lr_0.01_bs_64_20191103125821/models-14.8416-3267
2019-11-03 14:14:04,877 - INFO - Epoch [27/100] (3388) train_mae: 6.9246, val_mae: 14.7167 lr:0.001000 146.5s
2019-11-03 14:14:04,969 - INFO - Val loss decrease from 14.8416 to 14.7167, saving to data/5083_P3_o6_h6_sb6/dcrnn_DR_2_h_6_64-64_lr_0.01_bs_64_20191103125821/models-14.7167-3388
2019-11-03 14:17:35,481 - INFO - Epoch [28/100] (3509) train_mae: 6.8813, val_mae: 14.8155 lr:0.001000 210.5s
2019-11-03 14:20:17,806 - INFO - Epoch [29/100] (3630) train_mae: 6.8518, val_mae: 14.8402 lr:0.001000 162.3s
2019-11-03 14:20:36,699 - INFO - Horizon 01, MAE: 13.64, MAPE: 0.0347, RMSE: 17.81
2019-11-03 14:20:36,703 - INFO - Horizon 02, MAE: 20.18, MAPE: 0.0516, RMSE: 26.99
2019-11-03 14:20:36,707 - INFO - Horizon 03, MAE: 26.02, MAPE: 0.0670, RMSE: 35.49
2019-11-03 14:20:36,713 - INFO - Horizon 04, MAE: 30.65, MAPE: 0.0800, RMSE: 42.37
2019-11-03 14:20:36,718 - INFO - Horizon 05, MAE: 34.96, MAPE: 0.0919, RMSE: 48.53
2019-11-03 14:20:36,724 - INFO - Horizon 06, MAE: 35.91, MAPE: 0.0951, RMSE: 50.35
2019-11-03 14:23:27,932 - INFO - Epoch [30/100] (3751) train_mae: 6.8510, val_mae: 14.6511 lr:0.000100 171.2s
2019-11-03 14:23:27,985 - INFO - Val loss decrease from 14.7167 to 14.6511, saving to data/5083_P3_o6_h6_sb6/dcrnn_DR_2_h_6_64-64_lr_0.01_bs_64_20191103125821/models-14.6511-3751
2019-11-03 14:26:38,977 - INFO - Epoch [31/100] (3872) train_mae: 6.8350, val_mae: 14.6197 lr:0.000100 191.0s
2019-11-03 14:26:39,022 - INFO - Val loss decrease from 14.6511 to 14.6197, saving to data/5083_P3_o6_h6_sb6/dcrnn_DR_2_h_6_64-64_lr_0.01_bs_64_20191103125821/models-14.6197-3872
2019-11-03 14:29:25,218 - INFO - Epoch [32/100] (3993) train_mae: 6.8390, val_mae: 14.6811 lr:0.000100 166.2s
2019-11-03 14:32:17,005 - INFO - Epoch [33/100] (4114) train_mae: 6.8028, val_mae: 14.6599 lr:0.000100 171.8s
2019-11-03 14:35:32,970 - INFO - Epoch [34/100] (4235) train_mae: 6.8038, val_mae: 14.6388 lr:0.000100 196.0s
2019-11-03 14:38:41,248 - INFO - Epoch [35/100] (4356) train_mae: 6.8215, val_mae: 14.6436 lr:0.000100 188.3s
2019-11-03 14:41:33,854 - INFO - Epoch [36/100] (4477) train_mae: 6.8244, val_mae: 14.5932 lr:0.000100 172.6s
2019-11-03 14:41:33,902 - INFO - Val loss decrease from 14.6197 to 14.5932, saving to data/5083_P3_o6_h6_sb6/dcrnn_DR_2_h_6_64-64_lr_0.01_bs_64_20191103125821/models-14.5932-4477
2019-11-03 14:44:25,799 - INFO - Epoch [37/100] (4598) train_mae: 6.8345, val_mae: 14.6357 lr:0.000100 171.9s
2019-11-03 14:47:43,015 - INFO - Epoch [38/100] (4719) train_mae: 6.8002, val_mae: 14.5906 lr:0.000100 197.2s
2019-11-03 14:47:43,137 - INFO - Val loss decrease from 14.5932 to 14.5906, saving to data/5083_P3_o6_h6_sb6/dcrnn_DR_2_h_6_64-64_lr_0.01_bs_64_20191103125821/models-14.5906-4719
2019-11-03 14:50:43,100 - INFO - Epoch [39/100] (4840) train_mae: 6.8180, val_mae: 14.6465 lr:0.000100 180.0s
2019-11-03 14:51:02,410 - INFO - Horizon 01, MAE: 13.62, MAPE: 0.0347, RMSE: 17.75
2019-11-03 14:51:02,416 - INFO - Horizon 02, MAE: 20.08, MAPE: 0.0516, RMSE: 26.80
2019-11-03 14:51:02,422 - INFO - Horizon 03, MAE: 25.92, MAPE: 0.0671, RMSE: 35.27
2019-11-03 14:51:02,430 - INFO - Horizon 04, MAE: 30.49, MAPE: 0.0800, RMSE: 42.07
2019-11-03 14:51:02,438 - INFO - Horizon 05, MAE: 34.66, MAPE: 0.0913, RMSE: 48.12
2019-11-03 14:51:02,454 - INFO - Horizon 06, MAE: 35.51, MAPE: 0.0940, RMSE: 49.93
2019-11-03 14:54:04,735 - INFO - Epoch [40/100] (4961) train_mae: 6.7855, val_mae: 14.5860 lr:0.000010 182.3s
2019-11-03 14:54:04,783 - INFO - Val loss decrease from 14.5906 to 14.5860, saving to data/5083_P3_o6_h6_sb6/dcrnn_DR_2_h_6_64-64_lr_0.01_bs_64_20191103125821/models-14.5860-4961
2019-11-03 14:57:40,714 - INFO - Epoch [41/100] (5082) train_mae: 6.7749, val_mae: 14.5900 lr:0.000010 215.9s
2019-11-03 15:00:15,860 - INFO - Epoch [42/100] (5203) train_mae: 6.8526, val_mae: 14.5921 lr:0.000010 155.1s
2019-11-03 15:03:14,430 - INFO - Epoch [43/100] (5324) train_mae: 6.8102, val_mae: 14.5937 lr:0.000010 178.6s
2019-11-03 15:06:45,183 - INFO - Epoch [44/100] (5445) train_mae: 6.8168, val_mae: 14.6044 lr:0.000010 210.8s
2019-11-03 15:09:26,076 - INFO - Epoch [45/100] (5566) train_mae: 6.7936, val_mae: 14.5896 lr:0.000010 160.9s
2019-11-03 15:12:14,807 - INFO - Epoch [46/100] (5687) train_mae: 6.8397, val_mae: 14.6058 lr:0.000010 168.7s
2019-11-03 15:15:45,200 - INFO - Epoch [47/100] (5808) train_mae: 6.8134, val_mae: 14.5915 lr:0.000010 210.4s
2019-11-03 15:18:45,399 - INFO - Epoch [48/100] (5929) train_mae: 6.7910, val_mae: 14.5909 lr:0.000010 180.2s
2019-11-03 15:21:47,959 - INFO - Epoch [49/100] (6050) train_mae: 6.8266, val_mae: 14.5918 lr:0.000010 182.6s
2019-11-03 15:22:14,336 - INFO - Horizon 01, MAE: 13.57, MAPE: 0.0345, RMSE: 17.71
2019-11-03 15:22:14,349 - INFO - Horizon 02, MAE: 20.03, MAPE: 0.0513, RMSE: 26.76
2019-11-03 15:22:14,370 - INFO - Horizon 03, MAE: 25.85, MAPE: 0.0667, RMSE: 35.20
2019-11-03 15:22:14,397 - INFO - Horizon 04, MAE: 30.39, MAPE: 0.0794, RMSE: 41.98
2019-11-03 15:22:14,403 - INFO - Horizon 05, MAE: 34.56, MAPE: 0.0905, RMSE: 48.03
2019-11-03 15:22:14,415 - INFO - Horizon 06, MAE: 35.41, MAPE: 0.0933, RMSE: 49.81
2019-11-03 15:25:18,971 - INFO - Epoch [50/100] (6171) train_mae: 6.8071, val_mae: 14.5877 lr:0.000002 184.6s
2019-11-03 15:28:27,539 - INFO - Epoch [51/100] (6292) train_mae: 6.8170, val_mae: 14.5867 lr:0.000002 188.6s
2019-11-03 15:31:28,723 - INFO - Epoch [52/100] (6413) train_mae: 6.8110, val_mae: 14.5857 lr:0.000002 181.2s
2019-11-03 15:31:28,802 - INFO - Val loss decrease from 14.5860 to 14.5857, saving to data/5083_P3_o6_h6_sb6/dcrnn_DR_2_h_6_64-64_lr_0.01_bs_64_20191103125821/models-14.5857-6413
2019-11-03 15:34:33,259 - INFO - Epoch [53/100] (6534) train_mae: 6.8003, val_mae: 14.5806 lr:0.000002 184.5s
2019-11-03 15:34:33,332 - INFO - Val loss decrease from 14.5857 to 14.5806, saving to data/5083_P3_o6_h6_sb6/dcrnn_DR_2_h_6_64-64_lr_0.01_bs_64_20191103125821/models-14.5806-6534
2019-11-03 15:37:56,660 - INFO - Epoch [54/100] (6655) train_mae: 6.8128, val_mae: 14.5820 lr:0.000002 203.3s
2019-11-03 15:40:37,416 - INFO - Epoch [55/100] (6776) train_mae: 6.8272, val_mae: 14.5874 lr:0.000002 160.8s
2019-11-03 15:43:49,236 - INFO - Epoch [56/100] (6897) train_mae: 6.8309, val_mae: 14.5848 lr:0.000002 191.8s
2019-11-03 15:47:17,658 - INFO - Epoch [57/100] (7018) train_mae: 6.8500, val_mae: 14.5814 lr:0.000002 208.4s
2019-11-03 15:49:56,500 - INFO - Epoch [58/100] (7139) train_mae: 6.8490, val_mae: 14.5839 lr:0.000002 158.8s
2019-11-03 15:53:13,495 - INFO - Epoch [59/100] (7260) train_mae: 6.8366, val_mae: 14.5804 lr:0.000002 197.0s
2019-11-03 15:53:52,995 - INFO - Horizon 01, MAE: 13.58, MAPE: 0.0345, RMSE: 17.72
2019-11-03 15:53:53,004 - INFO - Horizon 02, MAE: 20.02, MAPE: 0.0513, RMSE: 26.75
2019-11-03 15:53:53,016 - INFO - Horizon 03, MAE: 25.83, MAPE: 0.0666, RMSE: 35.16
2019-11-03 15:53:53,026 - INFO - Horizon 04, MAE: 30.35, MAPE: 0.0793, RMSE: 41.89
2019-11-03 15:53:53,042 - INFO - Horizon 05, MAE: 34.51, MAPE: 0.0904, RMSE: 47.91
2019-11-03 15:53:53,069 - INFO - Horizon 06, MAE: 35.33, MAPE: 0.0931, RMSE: 49.66
2019-11-03 15:53:53,411 - INFO - Val loss decrease from 14.5806 to 14.5804, saving to data/5083_P3_o6_h6_sb6/dcrnn_DR_2_h_6_64-64_lr_0.01_bs_64_20191103125821/models-14.5804-7260
2019-11-03 15:57:00,658 - INFO - Epoch [60/100] (7381) train_mae: 6.8423, val_mae: 14.5813 lr:0.000002 187.2s
2019-11-03 16:00:16,023 - INFO - Epoch [61/100] (7502) train_mae: 6.8290, val_mae: 14.5801 lr:0.000002 195.4s
2019-11-03 16:00:16,116 - INFO - Val loss decrease from 14.5804 to 14.5801, saving to data/5083_P3_o6_h6_sb6/dcrnn_DR_2_h_6_64-64_lr_0.01_bs_64_20191103125821/models-14.5801-7502
2019-11-03 16:03:01,457 - INFO - Epoch [62/100] (7623) train_mae: 6.8534, val_mae: 14.5774 lr:0.000002 165.3s
2019-11-03 16:03:01,517 - INFO - Val loss decrease from 14.5801 to 14.5774, saving to data/5083_P3_o6_h6_sb6/dcrnn_DR_2_h_6_64-64_lr_0.01_bs_64_20191103125821/models-14.5774-7623
2019-11-03 16:05:38,846 - INFO - Epoch [63/100] (7744) train_mae: 6.8768, val_mae: 14.5769 lr:0.000002 157.3s
2019-11-03 16:05:38,896 - INFO - Val loss decrease from 14.5774 to 14.5769, saving to data/5083_P3_o6_h6_sb6/dcrnn_DR_2_h_6_64-64_lr_0.01_bs_64_20191103125821/models-14.5769-7744
2019-11-03 16:08:55,919 - INFO - Epoch [64/100] (7865) train_mae: 6.8694, val_mae: 14.5796 lr:0.000002 197.0s
2019-11-03 16:11:07,578 - INFO - Epoch [65/100] (7986) train_mae: 6.8209, val_mae: 14.5805 lr:0.000002 131.7s
2019-11-03 16:12:49,800 - INFO - Epoch [66/100] (8107) train_mae: 6.8782, val_mae: 14.5767 lr:0.000002 102.2s
2019-11-03 16:12:49,878 - INFO - Val loss decrease from 14.5769 to 14.5767, saving to data/5083_P3_o6_h6_sb6/dcrnn_DR_2_h_6_64-64_lr_0.01_bs_64_20191103125821/models-14.5767-8107
2019-11-03 16:14:58,012 - INFO - Epoch [67/100] (8228) train_mae: 6.8276, val_mae: 14.5828 lr:0.000002 128.1s
2019-11-03 16:17:04,503 - INFO - Epoch [68/100] (8349) train_mae: 6.8514, val_mae: 14.5844 lr:0.000002 126.5s
2019-11-03 16:19:41,501 - INFO - Epoch [69/100] (8470) train_mae: 6.8909, val_mae: 14.5784 lr:0.000002 157.0s
2019-11-03 16:20:17,325 - INFO - Horizon 01, MAE: 13.57, MAPE: 0.0345, RMSE: 17.71
2019-11-03 16:20:17,332 - INFO - Horizon 02, MAE: 20.01, MAPE: 0.0513, RMSE: 26.75
2019-11-03 16:20:17,392 - INFO - Horizon 03, MAE: 25.83, MAPE: 0.0666, RMSE: 35.17
2019-11-03 16:20:17,428 - INFO - Horizon 04, MAE: 30.34, MAPE: 0.0793, RMSE: 41.90
2019-11-03 16:20:17,443 - INFO - Horizon 05, MAE: 34.50, MAPE: 0.0904, RMSE: 47.92
2019-11-03 16:20:17,491 - INFO - Horizon 06, MAE: 35.33, MAPE: 0.0931, RMSE: 49.66
2019-11-03 16:23:51,450 - INFO - Epoch [70/100] (8591) train_mae: 6.8936, val_mae: 14.5782 lr:0.000002 213.9s
2019-11-03 16:26:17,208 - INFO - Epoch [71/100] (8712) train_mae: 6.9226, val_mae: 14.5843 lr:0.000002 145.8s
2019-11-03 16:29:39,004 - INFO - Epoch [72/100] (8833) train_mae: 6.8751, val_mae: 14.5822 lr:0.000002 201.7s
2019-11-03 16:32:31,638 - INFO - Epoch [73/100] (8954) train_mae: 6.9621, val_mae: 14.5770 lr:0.000002 172.6s
2019-11-03 16:35:28,743 - INFO - Epoch [74/100] (9075) train_mae: 6.8833, val_mae: 14.5750 lr:0.000002 177.1s
2019-11-03 16:35:28,812 - INFO - Val loss decrease from 14.5767 to 14.5750, saving to data/5083_P3_o6_h6_sb6/dcrnn_DR_2_h_6_64-64_lr_0.01_bs_64_20191103125821/models-14.5750-9075
2019-11-03 16:38:47,134 - INFO - Epoch [75/100] (9196) train_mae: 6.9262, val_mae: 14.5778 lr:0.000002 198.3s
2019-11-03 16:41:43,131 - INFO - Epoch [76/100] (9317) train_mae: 6.9162, val_mae: 14.5787 lr:0.000002 176.0s
2019-11-03 16:44:45,576 - INFO - Epoch [77/100] (9438) train_mae: 6.9316, val_mae: 14.5764 lr:0.000002 182.4s
2019-11-03 16:47:04,255 - INFO - Epoch [78/100] (9559) train_mae: 6.9700, val_mae: 14.5787 lr:0.000002 138.7s
2019-11-03 16:49:31,362 - INFO - Epoch [79/100] (9680) train_mae: 6.9887, val_mae: 14.5787 lr:0.000002 147.1s
2019-11-03 16:49:54,450 - INFO - Horizon 01, MAE: 13.57, MAPE: 0.0345, RMSE: 17.71
2019-11-03 16:49:54,456 - INFO - Horizon 02, MAE: 20.01, MAPE: 0.0512, RMSE: 26.74
2019-11-03 16:49:54,462 - INFO - Horizon 03, MAE: 25.82, MAPE: 0.0666, RMSE: 35.16
2019-11-03 16:49:54,472 - INFO - Horizon 04, MAE: 30.35, MAPE: 0.0793, RMSE: 41.91
2019-11-03 16:49:54,481 - INFO - Horizon 05, MAE: 34.51, MAPE: 0.0904, RMSE: 47.94
2019-11-03 16:49:54,489 - INFO - Horizon 06, MAE: 35.36, MAPE: 0.0931, RMSE: 49.71
2019-11-03 16:52:51,801 - INFO - Epoch [80/100] (9801) train_mae: 6.9894, val_mae: 14.5731 lr:0.000002 177.3s
2019-11-03 16:52:51,843 - INFO - Val loss decrease from 14.5750 to 14.5731, saving to data/5083_P3_o6_h6_sb6/dcrnn_DR_2_h_6_64-64_lr_0.01_bs_64_20191103125821/models-14.5731-9801
2019-11-03 16:55:31,768 - INFO - Epoch [81/100] (9922) train_mae: 7.0192, val_mae: 14.5692 lr:0.000002 159.9s
2019-11-03 16:55:31,868 - INFO - Val loss decrease from 14.5731 to 14.5692, saving to data/5083_P3_o6_h6_sb6/dcrnn_DR_2_h_6_64-64_lr_0.01_bs_64_20191103125821/models-14.5692-9922
2019-11-03 16:59:00,386 - INFO - Epoch [82/100] (10043) train_mae: 6.9858, val_mae: 14.5711 lr:0.000002 208.5s
2019-11-03 17:01:31,061 - INFO - Epoch [83/100] (10164) train_mae: 6.9429, val_mae: 14.5710 lr:0.000002 150.7s
2019-11-03 17:04:35,942 - INFO - Epoch [84/100] (10285) train_mae: 7.0540, val_mae: 14.5734 lr:0.000002 184.9s
2019-11-03 17:07:32,859 - INFO - Epoch [85/100] (10406) train_mae: 6.9863, val_mae: 14.5721 lr:0.000002 176.9s
2019-11-03 17:10:02,930 - INFO - Epoch [86/100] (10527) train_mae: 7.0460, val_mae: 14.5642 lr:0.000002 150.1s
2019-11-03 17:10:02,973 - INFO - Val loss decrease from 14.5692 to 14.5642, saving to data/5083_P3_o6_h6_sb6/dcrnn_DR_2_h_6_64-64_lr_0.01_bs_64_20191103125821/models-14.5642-10527
2019-11-03 17:13:19,859 - INFO - Epoch [87/100] (10648) train_mae: 7.0739, val_mae: 14.5706 lr:0.000002 196.9s
2019-11-03 17:16:18,609 - INFO - Epoch [88/100] (10769) train_mae: 7.1217, val_mae: 14.5736 lr:0.000002 178.7s
2019-11-03 17:18:52,752 - INFO - Epoch [89/100] (10890) train_mae: 7.1752, val_mae: 14.5718 lr:0.000002 154.1s
2019-11-03 17:19:11,840 - INFO - Horizon 01, MAE: 13.57, MAPE: 0.0345, RMSE: 17.71
2019-11-03 17:19:11,848 - INFO - Horizon 02, MAE: 20.01, MAPE: 0.0512, RMSE: 26.74
2019-11-03 17:19:11,854 - INFO - Horizon 03, MAE: 25.82, MAPE: 0.0666, RMSE: 35.15
2019-11-03 17:19:11,862 - INFO - Horizon 04, MAE: 30.33, MAPE: 0.0792, RMSE: 41.88
2019-11-03 17:19:11,869 - INFO - Horizon 05, MAE: 34.49, MAPE: 0.0903, RMSE: 47.90
2019-11-03 17:19:11,876 - INFO - Horizon 06, MAE: 35.32, MAPE: 0.0930, RMSE: 49.65
2019-11-03 17:22:47,437 - INFO - Epoch [90/100] (11011) train_mae: 7.1960, val_mae: 14.5749 lr:0.000002 215.6s
2019-11-03 17:25:54,810 - INFO - Epoch [91/100] (11132) train_mae: 7.1485, val_mae: 14.5756 lr:0.000002 187.4s
2019-11-03 17:28:59,812 - INFO - Epoch [92/100] (11253) train_mae: 7.1745, val_mae: 14.5771 lr:0.000002 185.0s
2019-11-03 17:32:01,143 - INFO - Epoch [93/100] (11374) train_mae: 7.1925, val_mae: 14.5722 lr:0.000002 181.3s
2019-11-03 17:34:28,808 - INFO - Epoch [94/100] (11495) train_mae: 7.2320, val_mae: 14.5676 lr:0.000002 147.7s
2019-11-03 17:37:40,802 - INFO - Epoch [95/100] (11616) train_mae: 7.3129, val_mae: 14.5773 lr:0.000002 192.0s
2019-11-03 17:40:25,372 - INFO - Epoch [96/100] (11737) train_mae: 7.3459, val_mae: 14.5773 lr:0.000002 164.6s
2019-11-03 17:43:52,091 - INFO - Epoch [97/100] (11858) train_mae: 7.4107, val_mae: 14.5658 lr:0.000002 206.7s
2019-11-03 17:46:32,720 - INFO - Epoch [98/100] (11979) train_mae: 7.4545, val_mae: 14.5704 lr:0.000002 160.6s
2019-11-03 17:48:47,395 - INFO - Epoch [99/100] (12100) train_mae: 7.3985, val_mae: 14.5714 lr:0.000002 134.7s
2019-11-03 17:49:05,410 - INFO - Horizon 01, MAE: 13.57, MAPE: 0.0345, RMSE: 17.71
2019-11-03 17:49:05,416 - INFO - Horizon 02, MAE: 20.01, MAPE: 0.0513, RMSE: 26.73
2019-11-03 17:49:05,424 - INFO - Horizon 03, MAE: 25.82, MAPE: 0.0666, RMSE: 35.12
2019-11-03 17:49:05,430 - INFO - Horizon 04, MAE: 30.32, MAPE: 0.0792, RMSE: 41.84
2019-11-03 17:49:05,439 - INFO - Horizon 05, MAE: 34.48, MAPE: 0.0903, RMSE: 47.84
2019-11-03 17:49:05,447 - INFO - Horizon 06, MAE: 35.30, MAPE: 0.0931, RMSE: 49.58
2019-11-03 17:52:34,161 - INFO - Epoch [100/100] (12221) train_mae: 7.4561, val_mae: 14.5709 lr:0.000002 208.7s
2019-11-03 17:53:02,401 - INFO - Horizon 01, MAE: 13.57, MAPE: 0.0345, RMSE: 17.70
2019-11-03 17:53:02,406 - INFO - Horizon 02, MAE: 20.01, MAPE: 0.0513, RMSE: 26.73
2019-11-03 17:53:02,413 - INFO - Horizon 03, MAE: 25.81, MAPE: 0.0666, RMSE: 35.13
2019-11-03 17:53:02,422 - INFO - Horizon 04, MAE: 30.32, MAPE: 0.0792, RMSE: 41.85
2019-11-03 17:53:02,430 - INFO - Horizon 05, MAE: 34.48, MAPE: 0.0904, RMSE: 47.86
2019-11-03 17:53:02,452 - INFO - Horizon 06, MAE: 35.31, MAPE: 0.0931, RMSE: 49.61
Predictions saved as data/5083_P3_o6_h6_sb6/predictions.npz.
Trained DCRNN model
train mae: 7.4561
val mae: 14.5709
test mse: 1495.1238308694233
test rmse: 38.666831145950184
test mae: 26.607436610270543
test mape: 13.92421842627599
