2019-12-30 15:31:59,506 - INFO - Log directory: data/baselines/rnn/5083_P2_o24_h6_sb24/dcrnn_L_0_h_6_64-64_lr_0.01_bs_64_20191230153159/
2019-12-30 15:31:59,507 - INFO - {'base_dir': 'data/baselines/rnn/5083_P2_o24_h6_sb24', 'log_level': 'INFO', 'data': {'batch_size': 64, 'dataset_dir': 'data/inputs/5083/5083_P2_o24_h6_sb24_sensor_data', 'test_batch_size': 64, 'val_batch_size': 64}, 'model': {'cl_decay_steps': 2000, 'horizon': 6, 'input_dim': 2, 'l1_decay': 0, 'num_nodes': 15, 'num_rnn_layers': 2, 'output_dim': 2, 'rnn_units': 64, 'seq_len': 24, 'use_curriculum_learning': True, 'use_gc_for_ru': False}, 'train': {'base_lr': 0.01, 'dropout': 0, 'epoch': 0, 'epochs': 100, 'epsilon': 0.001, 'global_step': 0, 'lr_decay_ratio': 0.1, 'max_grad_norm': 5, 'max_to_keep': 100, 'min_learning_rate': 2e-06, 'optimizer': 'adam', 'patience': 50, 'steps': [20, 30, 40, 50], 'test_every_n_epochs': 10}}
2019-12-30 15:31:59,853 - INFO - ('x_train', (6510, 24, 15, 2))
2019-12-30 15:31:59,854 - INFO - ('y_train', (6510, 6, 15, 2))
2019-12-30 15:31:59,854 - INFO - ('x_val', (930, 24, 15, 2))
2019-12-30 15:31:59,855 - INFO - ('y_val', (930, 6, 15, 2))
2019-12-30 15:31:59,855 - INFO - ('x_test', (1860, 24, 15, 2))
2019-12-30 15:31:59,855 - INFO - ('y_test', (1860, 6, 15, 2))
2019-12-30 15:32:16,657 - INFO - Total number of trainable parameters: 75392
Created DCRNN model
2019-12-30 15:32:17,532 - INFO - Start training ...
2019-12-30 15:32:52,727 - INFO - Epoch [0/100] (101) train_mae: 13.7857, val_mae: 22.2029 lr:0.010000 34.9s
2019-12-30 15:32:53,012 - INFO - Val loss decrease from inf to 22.2029, saving to data/baselines/rnn/5083_P2_o24_h6_sb24/dcrnn_L_0_h_6_64-64_lr_0.01_bs_64_20191230153159/models-22.2029-101
2019-12-30 15:33:31,784 - INFO - Epoch [1/100] (202) train_mae: 7.9431, val_mae: 21.1287 lr:0.010000 38.8s
2019-12-30 15:33:31,799 - INFO - Val loss decrease from 22.2029 to 21.1287, saving to data/baselines/rnn/5083_P2_o24_h6_sb24/dcrnn_L_0_h_6_64-64_lr_0.01_bs_64_20191230153159/models-21.1287-202
2019-12-30 15:34:09,685 - INFO - Epoch [2/100] (303) train_mae: 7.1128, val_mae: 24.8842 lr:0.010000 37.9s
2019-12-30 15:34:44,242 - INFO - Epoch [3/100] (404) train_mae: 7.4067, val_mae: 29.5204 lr:0.010000 34.6s
2019-12-30 15:35:23,553 - INFO - Epoch [4/100] (505) train_mae: 6.7648, val_mae: 20.2289 lr:0.010000 39.3s
2019-12-30 15:35:23,571 - INFO - Val loss decrease from 21.1287 to 20.2289, saving to data/baselines/rnn/5083_P2_o24_h6_sb24/dcrnn_L_0_h_6_64-64_lr_0.01_bs_64_20191230153159/models-20.2289-505
2019-12-30 15:36:00,903 - INFO - Epoch [5/100] (606) train_mae: 6.6727, val_mae: 19.3781 lr:0.010000 37.3s
2019-12-30 15:36:00,921 - INFO - Val loss decrease from 20.2289 to 19.3781, saving to data/baselines/rnn/5083_P2_o24_h6_sb24/dcrnn_L_0_h_6_64-64_lr_0.01_bs_64_20191230153159/models-19.3781-606
2019-12-30 15:36:37,569 - INFO - Epoch [6/100] (707) train_mae: 6.3316, val_mae: 24.9324 lr:0.010000 36.6s
2019-12-30 15:37:15,983 - INFO - Epoch [7/100] (808) train_mae: 6.2371, val_mae: 20.7354 lr:0.010000 38.4s
2019-12-30 15:37:53,624 - INFO - Epoch [8/100] (909) train_mae: 6.2210, val_mae: 19.6970 lr:0.010000 37.6s
2019-12-30 15:38:30,719 - INFO - Epoch [9/100] (1010) train_mae: 6.4050, val_mae: 21.1997 lr:0.010000 37.1s
2019-12-30 15:38:34,684 - INFO - Horizon 01, MAE: 11.07, MAPE: 0.0756, RMSE: 15.88
2019-12-30 15:38:34,687 - INFO - Horizon 02, MAE: 18.69, MAPE: 0.1169, RMSE: 27.31
2019-12-30 15:38:34,691 - INFO - Horizon 03, MAE: 29.90, MAPE: 0.2009, RMSE: 42.24
2019-12-30 15:38:34,693 - INFO - Horizon 04, MAE: 41.34, MAPE: 0.2859, RMSE: 56.96
2019-12-30 15:38:34,697 - INFO - Horizon 05, MAE: 54.08, MAPE: 0.3817, RMSE: 72.87
2019-12-30 15:38:34,701 - INFO - Horizon 06, MAE: 64.86, MAPE: 0.4601, RMSE: 84.41
2019-12-30 15:39:15,059 - INFO - Epoch [10/100] (1111) train_mae: 6.3394, val_mae: 18.3007 lr:0.010000 40.4s
2019-12-30 15:39:15,077 - INFO - Val loss decrease from 19.3781 to 18.3007, saving to data/baselines/rnn/5083_P2_o24_h6_sb24/dcrnn_L_0_h_6_64-64_lr_0.01_bs_64_20191230153159/models-18.3007-1111
2019-12-30 15:39:53,694 - INFO - Epoch [11/100] (1212) train_mae: 6.2692, val_mae: 21.4878 lr:0.010000 38.6s
2019-12-30 15:40:29,764 - INFO - Epoch [12/100] (1313) train_mae: 6.1907, val_mae: 19.2061 lr:0.010000 36.1s
2019-12-30 15:41:07,554 - INFO - Epoch [13/100] (1414) train_mae: 6.3270, val_mae: 18.9475 lr:0.010000 37.8s
2019-12-30 15:41:39,549 - INFO - Epoch [14/100] (1515) train_mae: 6.1584, val_mae: 17.7542 lr:0.010000 32.0s
2019-12-30 15:41:39,567 - INFO - Val loss decrease from 18.3007 to 17.7542, saving to data/baselines/rnn/5083_P2_o24_h6_sb24/dcrnn_L_0_h_6_64-64_lr_0.01_bs_64_20191230153159/models-17.7542-1515
2019-12-30 15:42:16,319 - INFO - Epoch [15/100] (1616) train_mae: 5.8117, val_mae: 15.9532 lr:0.010000 36.8s
2019-12-30 15:42:16,336 - INFO - Val loss decrease from 17.7542 to 15.9532, saving to data/baselines/rnn/5083_P2_o24_h6_sb24/dcrnn_L_0_h_6_64-64_lr_0.01_bs_64_20191230153159/models-15.9532-1616
2019-12-30 15:42:54,392 - INFO - Epoch [16/100] (1717) train_mae: 5.9926, val_mae: 16.7396 lr:0.010000 38.1s
2019-12-30 15:43:31,990 - INFO - Epoch [17/100] (1818) train_mae: 5.8973, val_mae: 16.5712 lr:0.010000 37.6s
2019-12-30 15:44:09,863 - INFO - Epoch [18/100] (1919) train_mae: 5.7352, val_mae: 21.0805 lr:0.010000 37.9s
2019-12-30 15:44:49,435 - INFO - Epoch [19/100] (2020) train_mae: 6.0245, val_mae: 16.8184 lr:0.010000 39.6s
2019-12-30 15:44:54,275 - INFO - Horizon 01, MAE: 11.60, MAPE: 0.0744, RMSE: 17.00
2019-12-30 15:44:54,277 - INFO - Horizon 02, MAE: 17.85, MAPE: 0.1067, RMSE: 25.99
2019-12-30 15:44:54,280 - INFO - Horizon 03, MAE: 25.49, MAPE: 0.1415, RMSE: 37.18
2019-12-30 15:44:54,282 - INFO - Horizon 04, MAE: 33.04, MAPE: 0.1744, RMSE: 48.42
2019-12-30 15:44:54,284 - INFO - Horizon 05, MAE: 42.51, MAPE: 0.2126, RMSE: 61.89
2019-12-30 15:44:54,287 - INFO - Horizon 06, MAE: 46.65, MAPE: 0.2223, RMSE: 68.05
2019-12-30 15:45:32,613 - INFO - Epoch [20/100] (2121) train_mae: 5.1963, val_mae: 14.9625 lr:0.001000 38.3s
2019-12-30 15:45:32,633 - INFO - Val loss decrease from 15.9532 to 14.9625, saving to data/baselines/rnn/5083_P2_o24_h6_sb24/dcrnn_L_0_h_6_64-64_lr_0.01_bs_64_20191230153159/models-14.9625-2121
2019-12-30 15:46:10,401 - INFO - Epoch [21/100] (2222) train_mae: 5.1632, val_mae: 14.5347 lr:0.001000 37.8s
2019-12-30 15:46:10,421 - INFO - Val loss decrease from 14.9625 to 14.5347, saving to data/baselines/rnn/5083_P2_o24_h6_sb24/dcrnn_L_0_h_6_64-64_lr_0.01_bs_64_20191230153159/models-14.5347-2222
2019-12-30 15:46:50,019 - INFO - Epoch [22/100] (2323) train_mae: 5.1395, val_mae: 14.7961 lr:0.001000 39.6s
2019-12-30 15:47:28,028 - INFO - Epoch [23/100] (2424) train_mae: 5.1135, val_mae: 14.6651 lr:0.001000 38.0s
2019-12-30 15:48:05,751 - INFO - Epoch [24/100] (2525) train_mae: 5.0855, val_mae: 14.5039 lr:0.001000 37.7s
2019-12-30 15:48:05,772 - INFO - Val loss decrease from 14.5347 to 14.5039, saving to data/baselines/rnn/5083_P2_o24_h6_sb24/dcrnn_L_0_h_6_64-64_lr_0.01_bs_64_20191230153159/models-14.5039-2525
2019-12-30 15:48:44,900 - INFO - Epoch [25/100] (2626) train_mae: 5.0579, val_mae: 14.4985 lr:0.001000 39.1s
2019-12-30 15:48:44,914 - INFO - Val loss decrease from 14.5039 to 14.4985, saving to data/baselines/rnn/5083_P2_o24_h6_sb24/dcrnn_L_0_h_6_64-64_lr_0.01_bs_64_20191230153159/models-14.4985-2626
2019-12-30 15:49:23,696 - INFO - Epoch [26/100] (2727) train_mae: 5.0785, val_mae: 14.5142 lr:0.001000 38.8s
2019-12-30 15:50:01,927 - INFO - Epoch [27/100] (2828) train_mae: 5.0768, val_mae: 14.1519 lr:0.001000 38.2s
2019-12-30 15:50:01,940 - INFO - Val loss decrease from 14.4985 to 14.1519, saving to data/baselines/rnn/5083_P2_o24_h6_sb24/dcrnn_L_0_h_6_64-64_lr_0.01_bs_64_20191230153159/models-14.1519-2828
2019-12-30 15:50:41,059 - INFO - Epoch [28/100] (2929) train_mae: 5.0684, val_mae: 14.1379 lr:0.001000 39.1s
2019-12-30 15:50:41,078 - INFO - Val loss decrease from 14.1519 to 14.1379, saving to data/baselines/rnn/5083_P2_o24_h6_sb24/dcrnn_L_0_h_6_64-64_lr_0.01_bs_64_20191230153159/models-14.1379-2929
2019-12-30 15:51:19,233 - INFO - Epoch [29/100] (3030) train_mae: 5.0849, val_mae: 14.1927 lr:0.001000 38.2s
2019-12-30 15:51:24,579 - INFO - Horizon 01, MAE: 9.23, MAPE: 0.0644, RMSE: 13.06
2019-12-30 15:51:24,583 - INFO - Horizon 02, MAE: 15.38, MAPE: 0.0991, RMSE: 22.09
2019-12-30 15:51:24,587 - INFO - Horizon 03, MAE: 22.47, MAPE: 0.1341, RMSE: 32.61
2019-12-30 15:51:24,591 - INFO - Horizon 04, MAE: 29.71, MAPE: 0.1694, RMSE: 43.25
2019-12-30 15:51:24,595 - INFO - Horizon 05, MAE: 37.86, MAPE: 0.2091, RMSE: 54.81
2019-12-30 15:51:24,598 - INFO - Horizon 06, MAE: 42.21, MAPE: 0.2236, RMSE: 60.91
2019-12-30 15:52:02,234 - INFO - Epoch [30/100] (3131) train_mae: 5.0604, val_mae: 13.9228 lr:0.000100 37.6s
2019-12-30 15:52:02,251 - INFO - Val loss decrease from 14.1379 to 13.9228, saving to data/baselines/rnn/5083_P2_o24_h6_sb24/dcrnn_L_0_h_6_64-64_lr_0.01_bs_64_20191230153159/models-13.9228-3131
2019-12-30 15:52:42,220 - INFO - Epoch [31/100] (3232) train_mae: 5.0036, val_mae: 13.8594 lr:0.000100 40.0s
2019-12-30 15:52:42,239 - INFO - Val loss decrease from 13.9228 to 13.8594, saving to data/baselines/rnn/5083_P2_o24_h6_sb24/dcrnn_L_0_h_6_64-64_lr_0.01_bs_64_20191230153159/models-13.8594-3232
2019-12-30 15:53:20,240 - INFO - Epoch [32/100] (3333) train_mae: 5.0091, val_mae: 13.8423 lr:0.000100 38.0s
2019-12-30 15:53:20,259 - INFO - Val loss decrease from 13.8594 to 13.8423, saving to data/baselines/rnn/5083_P2_o24_h6_sb24/dcrnn_L_0_h_6_64-64_lr_0.01_bs_64_20191230153159/models-13.8423-3333
2019-12-30 15:53:58,774 - INFO - Epoch [33/100] (3434) train_mae: 4.9976, val_mae: 13.7998 lr:0.000100 38.5s
2019-12-30 15:53:58,792 - INFO - Val loss decrease from 13.8423 to 13.7998, saving to data/baselines/rnn/5083_P2_o24_h6_sb24/dcrnn_L_0_h_6_64-64_lr_0.01_bs_64_20191230153159/models-13.7998-3434
2019-12-30 15:54:39,955 - INFO - Epoch [34/100] (3535) train_mae: 4.9756, val_mae: 13.7620 lr:0.000100 41.2s
2019-12-30 15:54:39,974 - INFO - Val loss decrease from 13.7998 to 13.7620, saving to data/baselines/rnn/5083_P2_o24_h6_sb24/dcrnn_L_0_h_6_64-64_lr_0.01_bs_64_20191230153159/models-13.7620-3535
2019-12-30 15:55:19,391 - INFO - Epoch [35/100] (3636) train_mae: 4.9661, val_mae: 13.6905 lr:0.000100 39.4s
2019-12-30 15:55:19,405 - INFO - Val loss decrease from 13.7620 to 13.6905, saving to data/baselines/rnn/5083_P2_o24_h6_sb24/dcrnn_L_0_h_6_64-64_lr_0.01_bs_64_20191230153159/models-13.6905-3636
2019-12-30 15:55:59,040 - INFO - Epoch [36/100] (3737) train_mae: 4.9716, val_mae: 13.7353 lr:0.000100 39.6s
2019-12-30 15:56:38,938 - INFO - Epoch [37/100] (3838) train_mae: 4.9654, val_mae: 13.8326 lr:0.000100 39.9s
2019-12-30 15:57:17,175 - INFO - Epoch [38/100] (3939) train_mae: 4.9837, val_mae: 13.6479 lr:0.000100 38.2s
2019-12-30 15:57:17,195 - INFO - Val loss decrease from 13.6905 to 13.6479, saving to data/baselines/rnn/5083_P2_o24_h6_sb24/dcrnn_L_0_h_6_64-64_lr_0.01_bs_64_20191230153159/models-13.6479-3939
2019-12-30 15:57:55,463 - INFO - Epoch [39/100] (4040) train_mae: 4.9229, val_mae: 13.5439 lr:0.000100 38.3s
2019-12-30 15:58:00,907 - INFO - Horizon 01, MAE: 9.12, MAPE: 0.0643, RMSE: 12.94
2019-12-30 15:58:00,911 - INFO - Horizon 02, MAE: 15.10, MAPE: 0.0987, RMSE: 21.74
2019-12-30 15:58:00,915 - INFO - Horizon 03, MAE: 21.85, MAPE: 0.1327, RMSE: 31.88
2019-12-30 15:58:00,919 - INFO - Horizon 04, MAE: 28.74, MAPE: 0.1662, RMSE: 42.20
2019-12-30 15:58:00,923 - INFO - Horizon 05, MAE: 36.42, MAPE: 0.2014, RMSE: 53.31
2019-12-30 15:58:00,927 - INFO - Horizon 06, MAE: 40.35, MAPE: 0.2120, RMSE: 59.05
2019-12-30 15:58:00,949 - INFO - Val loss decrease from 13.6479 to 13.5439, saving to data/baselines/rnn/5083_P2_o24_h6_sb24/dcrnn_L_0_h_6_64-64_lr_0.01_bs_64_20191230153159/models-13.5439-4040
2019-12-30 15:58:40,995 - INFO - Epoch [40/100] (4141) train_mae: 4.9692, val_mae: 13.5236 lr:0.000010 40.0s
2019-12-30 15:58:41,009 - INFO - Val loss decrease from 13.5439 to 13.5236, saving to data/baselines/rnn/5083_P2_o24_h6_sb24/dcrnn_L_0_h_6_64-64_lr_0.01_bs_64_20191230153159/models-13.5236-4141
2019-12-30 15:59:19,374 - INFO - Epoch [41/100] (4242) train_mae: 4.9422, val_mae: 13.4930 lr:0.000010 38.4s
2019-12-30 15:59:19,396 - INFO - Val loss decrease from 13.5236 to 13.4930, saving to data/baselines/rnn/5083_P2_o24_h6_sb24/dcrnn_L_0_h_6_64-64_lr_0.01_bs_64_20191230153159/models-13.4930-4242
2019-12-30 15:59:58,139 - INFO - Epoch [42/100] (4343) train_mae: 4.9390, val_mae: 13.4834 lr:0.000010 38.7s
2019-12-30 15:59:58,157 - INFO - Val loss decrease from 13.4930 to 13.4834, saving to data/baselines/rnn/5083_P2_o24_h6_sb24/dcrnn_L_0_h_6_64-64_lr_0.01_bs_64_20191230153159/models-13.4834-4343
2019-12-30 16:00:37,863 - INFO - Epoch [43/100] (4444) train_mae: 4.9686, val_mae: 13.5121 lr:0.000010 39.7s
2019-12-30 16:01:18,569 - INFO - Epoch [44/100] (4545) train_mae: 4.9591, val_mae: 13.5093 lr:0.000010 40.7s
2019-12-30 16:01:57,706 - INFO - Epoch [45/100] (4646) train_mae: 4.9705, val_mae: 13.4286 lr:0.000010 39.1s
2019-12-30 16:01:57,721 - INFO - Val loss decrease from 13.4834 to 13.4286, saving to data/baselines/rnn/5083_P2_o24_h6_sb24/dcrnn_L_0_h_6_64-64_lr_0.01_bs_64_20191230153159/models-13.4286-4646
2019-12-30 16:02:37,657 - INFO - Epoch [46/100] (4747) train_mae: 4.9855, val_mae: 13.4649 lr:0.000010 39.9s
2019-12-30 16:03:17,531 - INFO - Epoch [47/100] (4848) train_mae: 4.9674, val_mae: 13.4241 lr:0.000010 39.9s
2019-12-30 16:03:17,549 - INFO - Val loss decrease from 13.4286 to 13.4241, saving to data/baselines/rnn/5083_P2_o24_h6_sb24/dcrnn_L_0_h_6_64-64_lr_0.01_bs_64_20191230153159/models-13.4241-4848
2019-12-30 16:03:55,890 - INFO - Epoch [48/100] (4949) train_mae: 4.9577, val_mae: 13.4617 lr:0.000010 38.3s
2019-12-30 16:04:35,410 - INFO - Epoch [49/100] (5050) train_mae: 4.9914, val_mae: 13.4229 lr:0.000010 39.5s
2019-12-30 16:04:39,459 - INFO - Horizon 01, MAE: 9.10, MAPE: 0.0642, RMSE: 12.90
2019-12-30 16:04:39,463 - INFO - Horizon 02, MAE: 15.05, MAPE: 0.0984, RMSE: 21.65
2019-12-30 16:04:39,467 - INFO - Horizon 03, MAE: 21.76, MAPE: 0.1323, RMSE: 31.70
2019-12-30 16:04:39,471 - INFO - Horizon 04, MAE: 28.56, MAPE: 0.1651, RMSE: 41.90
2019-12-30 16:04:39,474 - INFO - Horizon 05, MAE: 36.20, MAPE: 0.2002, RMSE: 52.93
2019-12-30 16:04:39,477 - INFO - Horizon 06, MAE: 40.04, MAPE: 0.2103, RMSE: 58.58
2019-12-30 16:04:39,498 - INFO - Val loss decrease from 13.4241 to 13.4229, saving to data/baselines/rnn/5083_P2_o24_h6_sb24/dcrnn_L_0_h_6_64-64_lr_0.01_bs_64_20191230153159/models-13.4229-5050
2019-12-30 16:05:20,434 - INFO - Epoch [50/100] (5151) train_mae: 4.9638, val_mae: 13.4238 lr:0.000002 40.9s
2019-12-30 16:05:58,955 - INFO - Epoch [51/100] (5252) train_mae: 4.9659, val_mae: 13.4303 lr:0.000002 38.5s
2019-12-30 16:06:38,564 - INFO - Epoch [52/100] (5353) train_mae: 4.9249, val_mae: 13.4258 lr:0.000002 39.6s
2019-12-30 16:07:19,535 - INFO - Epoch [53/100] (5454) train_mae: 4.9400, val_mae: 13.4197 lr:0.000002 41.0s
2019-12-30 16:07:19,553 - INFO - Val loss decrease from 13.4229 to 13.4197, saving to data/baselines/rnn/5083_P2_o24_h6_sb24/dcrnn_L_0_h_6_64-64_lr_0.01_bs_64_20191230153159/models-13.4197-5454
2019-12-30 16:07:58,764 - INFO - Epoch [54/100] (5555) train_mae: 4.9720, val_mae: 13.4148 lr:0.000002 39.2s
2019-12-30 16:07:58,787 - INFO - Val loss decrease from 13.4197 to 13.4148, saving to data/baselines/rnn/5083_P2_o24_h6_sb24/dcrnn_L_0_h_6_64-64_lr_0.01_bs_64_20191230153159/models-13.4148-5555
2019-12-30 16:08:38,551 - INFO - Epoch [55/100] (5656) train_mae: 4.9796, val_mae: 13.4111 lr:0.000002 39.8s
2019-12-30 16:08:38,574 - INFO - Val loss decrease from 13.4148 to 13.4111, saving to data/baselines/rnn/5083_P2_o24_h6_sb24/dcrnn_L_0_h_6_64-64_lr_0.01_bs_64_20191230153159/models-13.4111-5656
2019-12-30 16:09:18,121 - INFO - Epoch [56/100] (5757) train_mae: 4.9599, val_mae: 13.4101 lr:0.000002 39.5s
2019-12-30 16:09:18,146 - INFO - Val loss decrease from 13.4111 to 13.4101, saving to data/baselines/rnn/5083_P2_o24_h6_sb24/dcrnn_L_0_h_6_64-64_lr_0.01_bs_64_20191230153159/models-13.4101-5757
2019-12-30 16:09:56,780 - INFO - Epoch [57/100] (5858) train_mae: 4.9748, val_mae: 13.4237 lr:0.000002 38.6s
2019-12-30 16:10:36,488 - INFO - Epoch [58/100] (5959) train_mae: 4.9939, val_mae: 13.4155 lr:0.000002 39.7s
2019-12-30 16:11:15,095 - INFO - Epoch [59/100] (6060) train_mae: 4.9889, val_mae: 13.4182 lr:0.000002 38.6s
2019-12-30 16:11:20,024 - INFO - Horizon 01, MAE: 9.10, MAPE: 0.0641, RMSE: 12.90
2019-12-30 16:11:20,029 - INFO - Horizon 02, MAE: 15.04, MAPE: 0.0982, RMSE: 21.65
2019-12-30 16:11:20,032 - INFO - Horizon 03, MAE: 21.74, MAPE: 0.1320, RMSE: 31.70
2019-12-30 16:11:20,035 - INFO - Horizon 04, MAE: 28.53, MAPE: 0.1646, RMSE: 41.90
2019-12-30 16:11:20,038 - INFO - Horizon 05, MAE: 36.15, MAPE: 0.1997, RMSE: 52.91
2019-12-30 16:11:20,041 - INFO - Horizon 06, MAE: 39.97, MAPE: 0.2096, RMSE: 58.54
2019-12-30 16:11:58,822 - INFO - Epoch [60/100] (6161) train_mae: 4.9478, val_mae: 13.4115 lr:0.000002 38.8s
2019-12-30 16:12:39,647 - INFO - Epoch [61/100] (6262) train_mae: 4.9643, val_mae: 13.4159 lr:0.000002 40.8s
2019-12-30 16:13:20,804 - INFO - Epoch [62/100] (6363) train_mae: 4.9741, val_mae: 13.4037 lr:0.000002 41.2s
2019-12-30 16:13:20,822 - INFO - Val loss decrease from 13.4101 to 13.4037, saving to data/baselines/rnn/5083_P2_o24_h6_sb24/dcrnn_L_0_h_6_64-64_lr_0.01_bs_64_20191230153159/models-13.4037-6363
2019-12-30 16:13:59,342 - INFO - Epoch [63/100] (6464) train_mae: 4.9539, val_mae: 13.4048 lr:0.000002 38.5s
2019-12-30 16:14:39,194 - INFO - Epoch [64/100] (6565) train_mae: 4.9916, val_mae: 13.3987 lr:0.000002 39.8s
2019-12-30 16:14:39,215 - INFO - Val loss decrease from 13.4037 to 13.3987, saving to data/baselines/rnn/5083_P2_o24_h6_sb24/dcrnn_L_0_h_6_64-64_lr_0.01_bs_64_20191230153159/models-13.3987-6565
2019-12-30 16:15:18,660 - INFO - Epoch [65/100] (6666) train_mae: 4.9861, val_mae: 13.3971 lr:0.000002 39.4s
2019-12-30 16:15:18,684 - INFO - Val loss decrease from 13.3987 to 13.3971, saving to data/baselines/rnn/5083_P2_o24_h6_sb24/dcrnn_L_0_h_6_64-64_lr_0.01_bs_64_20191230153159/models-13.3971-6666
2019-12-30 16:15:57,738 - INFO - Epoch [66/100] (6767) train_mae: 4.9572, val_mae: 13.3921 lr:0.000002 39.1s
2019-12-30 16:15:57,757 - INFO - Val loss decrease from 13.3971 to 13.3921, saving to data/baselines/rnn/5083_P2_o24_h6_sb24/dcrnn_L_0_h_6_64-64_lr_0.01_bs_64_20191230153159/models-13.3921-6767
2019-12-30 16:16:37,929 - INFO - Epoch [67/100] (6868) train_mae: 4.9909, val_mae: 13.3947 lr:0.000002 40.2s
2019-12-30 16:17:16,924 - INFO - Epoch [68/100] (6969) train_mae: 4.9939, val_mae: 13.3934 lr:0.000002 39.0s
2019-12-30 16:17:56,836 - INFO - Epoch [69/100] (7070) train_mae: 4.9689, val_mae: 13.4019 lr:0.000002 39.9s
2019-12-30 16:18:00,971 - INFO - Horizon 01, MAE: 9.09, MAPE: 0.0641, RMSE: 12.90
2019-12-30 16:18:00,974 - INFO - Horizon 02, MAE: 15.04, MAPE: 0.0981, RMSE: 21.65
2019-12-30 16:18:00,978 - INFO - Horizon 03, MAE: 21.72, MAPE: 0.1318, RMSE: 31.70
2019-12-30 16:18:00,981 - INFO - Horizon 04, MAE: 28.50, MAPE: 0.1644, RMSE: 41.88
2019-12-30 16:18:00,984 - INFO - Horizon 05, MAE: 36.11, MAPE: 0.1995, RMSE: 52.86
2019-12-30 16:18:00,987 - INFO - Horizon 06, MAE: 39.91, MAPE: 0.2096, RMSE: 58.45
2019-12-30 16:18:43,208 - INFO - Epoch [70/100] (7171) train_mae: 4.9348, val_mae: 13.3998 lr:0.000002 42.2s
2019-12-30 16:19:23,880 - INFO - Epoch [71/100] (7272) train_mae: 4.9957, val_mae: 13.3968 lr:0.000002 40.7s
2019-12-30 16:20:02,214 - INFO - Epoch [72/100] (7373) train_mae: 5.0164, val_mae: 13.4007 lr:0.000002 38.3s
2019-12-30 16:20:42,524 - INFO - Epoch [73/100] (7474) train_mae: 4.9669, val_mae: 13.3852 lr:0.000002 40.3s
2019-12-30 16:20:42,544 - INFO - Val loss decrease from 13.3921 to 13.3852, saving to data/baselines/rnn/5083_P2_o24_h6_sb24/dcrnn_L_0_h_6_64-64_lr_0.01_bs_64_20191230153159/models-13.3852-7474
2019-12-30 16:21:21,556 - INFO - Epoch [74/100] (7575) train_mae: 5.0152, val_mae: 13.3788 lr:0.000002 39.0s
2019-12-30 16:21:21,581 - INFO - Val loss decrease from 13.3852 to 13.3788, saving to data/baselines/rnn/5083_P2_o24_h6_sb24/dcrnn_L_0_h_6_64-64_lr_0.01_bs_64_20191230153159/models-13.3788-7575
2019-12-30 16:22:00,306 - INFO - Epoch [75/100] (7676) train_mae: 4.9975, val_mae: 13.3912 lr:0.000002 38.7s
2019-12-30 16:22:40,985 - INFO - Epoch [76/100] (7777) train_mae: 5.0213, val_mae: 13.3904 lr:0.000002 40.7s
2019-12-30 16:23:19,423 - INFO - Epoch [77/100] (7878) train_mae: 5.0424, val_mae: 13.3852 lr:0.000002 38.4s
2019-12-30 16:23:59,693 - INFO - Epoch [78/100] (7979) train_mae: 5.0367, val_mae: 13.4097 lr:0.000002 40.3s
2019-12-30 16:24:41,355 - INFO - Epoch [79/100] (8080) train_mae: 5.0340, val_mae: 13.3911 lr:0.000002 41.7s
2019-12-30 16:24:45,487 - INFO - Horizon 01, MAE: 9.09, MAPE: 0.0640, RMSE: 12.90
2019-12-30 16:24:45,489 - INFO - Horizon 02, MAE: 15.03, MAPE: 0.0981, RMSE: 21.64
2019-12-30 16:24:45,491 - INFO - Horizon 03, MAE: 21.72, MAPE: 0.1319, RMSE: 31.68
2019-12-30 16:24:45,493 - INFO - Horizon 04, MAE: 28.48, MAPE: 0.1645, RMSE: 41.84
2019-12-30 16:24:45,495 - INFO - Horizon 05, MAE: 36.07, MAPE: 0.1996, RMSE: 52.79
2019-12-30 16:24:45,497 - INFO - Horizon 06, MAE: 39.86, MAPE: 0.2097, RMSE: 58.37
2019-12-30 16:25:25,069 - INFO - Epoch [80/100] (8181) train_mae: 5.0302, val_mae: 13.3711 lr:0.000002 39.6s
2019-12-30 16:25:25,089 - INFO - Val loss decrease from 13.3788 to 13.3711, saving to data/baselines/rnn/5083_P2_o24_h6_sb24/dcrnn_L_0_h_6_64-64_lr_0.01_bs_64_20191230153159/models-13.3711-8181
2019-12-30 16:26:04,693 - INFO - Epoch [81/100] (8282) train_mae: 5.0378, val_mae: 13.3743 lr:0.000002 39.6s
2019-12-30 16:26:43,855 - INFO - Epoch [82/100] (8383) train_mae: 5.0278, val_mae: 13.3907 lr:0.000002 39.2s
2019-12-30 16:27:22,331 - INFO - Epoch [83/100] (8484) train_mae: 5.1029, val_mae: 13.3732 lr:0.000002 38.5s
2019-12-30 16:28:02,968 - INFO - Epoch [84/100] (8585) train_mae: 4.9821, val_mae: 13.3708 lr:0.000002 40.6s
2019-12-30 16:28:02,993 - INFO - Val loss decrease from 13.3711 to 13.3708, saving to data/baselines/rnn/5083_P2_o24_h6_sb24/dcrnn_L_0_h_6_64-64_lr_0.01_bs_64_20191230153159/models-13.3708-8585
2019-12-30 16:28:42,362 - INFO - Epoch [85/100] (8686) train_mae: 5.0075, val_mae: 13.3736 lr:0.000002 39.4s
2019-12-30 16:29:21,229 - INFO - Epoch [86/100] (8787) train_mae: 5.0466, val_mae: 13.3679 lr:0.000002 38.9s
2019-12-30 16:29:21,248 - INFO - Val loss decrease from 13.3708 to 13.3679, saving to data/baselines/rnn/5083_P2_o24_h6_sb24/dcrnn_L_0_h_6_64-64_lr_0.01_bs_64_20191230153159/models-13.3679-8787
2019-12-30 16:30:03,574 - INFO - Epoch [87/100] (8888) train_mae: 5.0587, val_mae: 13.3630 lr:0.000002 42.3s
2019-12-30 16:30:03,591 - INFO - Val loss decrease from 13.3679 to 13.3630, saving to data/baselines/rnn/5083_P2_o24_h6_sb24/dcrnn_L_0_h_6_64-64_lr_0.01_bs_64_20191230153159/models-13.3630-8888
2019-12-30 16:30:43,749 - INFO - Epoch [88/100] (8989) train_mae: 5.0310, val_mae: 13.3791 lr:0.000002 40.2s
2019-12-30 16:31:24,080 - INFO - Epoch [89/100] (9090) train_mae: 5.0198, val_mae: 13.3719 lr:0.000002 40.3s
2019-12-30 16:31:28,285 - INFO - Horizon 01, MAE: 9.09, MAPE: 0.0641, RMSE: 12.89
2019-12-30 16:31:28,288 - INFO - Horizon 02, MAE: 15.03, MAPE: 0.0982, RMSE: 21.62
2019-12-30 16:31:28,290 - INFO - Horizon 03, MAE: 21.70, MAPE: 0.1320, RMSE: 31.65
2019-12-30 16:31:28,292 - INFO - Horizon 04, MAE: 28.46, MAPE: 0.1647, RMSE: 41.80
2019-12-30 16:31:28,294 - INFO - Horizon 05, MAE: 36.03, MAPE: 0.1998, RMSE: 52.73
2019-12-30 16:31:28,296 - INFO - Horizon 06, MAE: 39.81, MAPE: 0.2098, RMSE: 58.29
2019-12-30 16:32:09,647 - INFO - Epoch [90/100] (9191) train_mae: 5.0961, val_mae: 13.3711 lr:0.000002 41.3s
2019-12-30 16:32:48,625 - INFO - Epoch [91/100] (9292) train_mae: 5.0673, val_mae: 13.3626 lr:0.000002 39.0s
2019-12-30 16:32:48,645 - INFO - Val loss decrease from 13.3630 to 13.3626, saving to data/baselines/rnn/5083_P2_o24_h6_sb24/dcrnn_L_0_h_6_64-64_lr_0.01_bs_64_20191230153159/models-13.3626-9292
2019-12-30 16:33:29,650 - INFO - Epoch [92/100] (9393) train_mae: 5.0662, val_mae: 13.3634 lr:0.000002 41.0s
2019-12-30 16:34:09,777 - INFO - Epoch [93/100] (9494) train_mae: 5.1931, val_mae: 13.3643 lr:0.000002 40.1s
2019-12-30 16:34:49,453 - INFO - Epoch [94/100] (9595) train_mae: 5.1223, val_mae: 13.3683 lr:0.000002 39.7s
2019-12-30 16:35:30,204 - INFO - Epoch [95/100] (9696) train_mae: 5.0222, val_mae: 13.3750 lr:0.000002 40.7s
2019-12-30 16:36:10,818 - INFO - Epoch [96/100] (9797) train_mae: 5.0910, val_mae: 13.3531 lr:0.000002 40.6s
2019-12-30 16:36:10,836 - INFO - Val loss decrease from 13.3626 to 13.3531, saving to data/baselines/rnn/5083_P2_o24_h6_sb24/dcrnn_L_0_h_6_64-64_lr_0.01_bs_64_20191230153159/models-13.3531-9797
2019-12-30 16:36:51,200 - INFO - Epoch [97/100] (9898) train_mae: 5.1241, val_mae: 13.3531 lr:0.000002 40.4s
2019-12-30 16:37:33,042 - INFO - Epoch [98/100] (9999) train_mae: 5.1612, val_mae: 13.3558 lr:0.000002 41.8s
2019-12-30 16:38:12,522 - INFO - Epoch [99/100] (10100) train_mae: 5.1161, val_mae: 13.3539 lr:0.000002 39.5s
2019-12-30 16:38:18,065 - INFO - Horizon 01, MAE: 9.09, MAPE: 0.0642, RMSE: 12.89
2019-12-30 16:38:18,070 - INFO - Horizon 02, MAE: 15.02, MAPE: 0.0984, RMSE: 21.61
2019-12-30 16:38:18,074 - INFO - Horizon 03, MAE: 21.69, MAPE: 0.1323, RMSE: 31.63
2019-12-30 16:38:18,078 - INFO - Horizon 04, MAE: 28.45, MAPE: 0.1651, RMSE: 41.77
2019-12-30 16:38:18,082 - INFO - Horizon 05, MAE: 36.01, MAPE: 0.2004, RMSE: 52.68
2019-12-30 16:38:18,086 - INFO - Horizon 06, MAE: 39.80, MAPE: 0.2106, RMSE: 58.22
2019-12-30 16:38:57,846 - INFO - Epoch [100/100] (10201) train_mae: 5.1732, val_mae: 13.3516 lr:0.000002 39.8s
2019-12-30 16:38:57,865 - INFO - Val loss decrease from 13.3531 to 13.3516, saving to data/baselines/rnn/5083_P2_o24_h6_sb24/dcrnn_L_0_h_6_64-64_lr_0.01_bs_64_20191230153159/models-13.3516-10201
2019-12-30 16:39:03,226 - INFO - Horizon 01, MAE: 9.09, MAPE: 0.0641, RMSE: 12.89
2019-12-30 16:39:03,229 - INFO - Horizon 02, MAE: 15.02, MAPE: 0.0983, RMSE: 21.62
2019-12-30 16:39:03,233 - INFO - Horizon 03, MAE: 21.69, MAPE: 0.1322, RMSE: 31.63
2019-12-30 16:39:03,236 - INFO - Horizon 04, MAE: 28.45, MAPE: 0.1651, RMSE: 41.77
2019-12-30 16:39:03,239 - INFO - Horizon 05, MAE: 36.00, MAPE: 0.2004, RMSE: 52.67
2019-12-30 16:39:03,241 - INFO - Horizon 06, MAE: 39.78, MAPE: 0.2108, RMSE: 58.20
Trained DCRNN model
train mae: 5.1732
val mae: 13.3516
test mse: 1632.1250529635365
test rmse: 40.399567484857265
test mae: 25.08950253252601
test mape: 0.14514496681790295
Predictions saved as data/baselines/rnn/5083_P2_o24_h6_sb24/predictions.npz.
