2019-10-14 15:58:09,409 - INFO - Log directory: data/5083_P2_o12_h3/dcrnn_DR_2_h_3_64-64_lr_0.01_bs_64_20191014155809/
2019-10-14 15:58:09,410 - INFO - {'base_dir': 'data/5083_P2_o12_h3', 'log_level': 'INFO', 'data': {'batch_size': 64, 'dataset_dir': 'data/inputs/5083_P2_o12_h3_sensor_data', 'test_batch_size': 64, 'val_batch_size': 64, 'graph_pkl_filename': 'data/inputs/model/adjacency_matrix_5083_P2.pkl'}, 'model': {'cl_decay_steps': 2000, 'filter_type': 'dual_random_walk', 'horizon': 3, 'input_dim': 2, 'l1_decay': 0, 'max_diffusion_step': 2, 'num_nodes': 15, 'num_rnn_layers': 2, 'output_dim': 2, 'rnn_units': 64, 'seq_len': 12, 'use_curriculum_learning': True}, 'train': {'base_lr': 0.01, 'dropout': 0, 'epoch': 0, 'epochs': 100, 'epsilon': 0.001, 'global_step': 0, 'lr_decay_ratio': 0.1, 'max_grad_norm': 5, 'max_to_keep': 100, 'min_learning_rate': 2e-06, 'optimizer': 'adam', 'patience': 50, 'steps': [20, 30, 40, 50], 'test_every_n_epochs': 10}}
2019-10-14 15:58:09,531 - INFO - ('x_train', (4620, 12, 15, 2))
2019-10-14 15:58:09,531 - INFO - ('y_train', (4620, 3, 15, 2))
2019-10-14 15:58:09,531 - INFO - ('x_val', (660, 12, 15, 2))
2019-10-14 15:58:09,532 - INFO - ('y_val', (660, 3, 15, 2))
2019-10-14 15:58:09,532 - INFO - ('x_test', (1320, 12, 15, 2))
2019-10-14 15:58:09,532 - INFO - ('y_test', (1320, 3, 15, 2))
2019-10-14 15:58:17,192 - INFO - Total number of trainable parameters: 373376
Created DCRNN model
2019-10-14 15:58:17,760 - INFO - Start training ...
2019-10-14 15:58:44,683 - INFO - Epoch [0/100] (72) train_mae: 18.1408, val_mae: 20.9711 lr:0.010000 26.7s
2019-10-14 15:58:44,911 - INFO - Val loss decrease from inf to 20.9711, saving to data/5083_P2_o12_h3/dcrnn_DR_2_h_3_64-64_lr_0.01_bs_64_20191014155809/models-20.9711-72
2019-10-14 15:59:12,467 - INFO - Epoch [1/100] (144) train_mae: 11.4530, val_mae: 15.0716 lr:0.010000 27.6s
2019-10-14 15:59:12,481 - INFO - Val loss decrease from 20.9711 to 15.0716, saving to data/5083_P2_o12_h3/dcrnn_DR_2_h_3_64-64_lr_0.01_bs_64_20191014155809/models-15.0716-144
2019-10-14 15:59:40,699 - INFO - Epoch [2/100] (216) train_mae: 10.3805, val_mae: 16.9245 lr:0.010000 28.2s
2019-10-14 16:00:08,772 - INFO - Epoch [3/100] (288) train_mae: 9.0475, val_mae: 13.7037 lr:0.010000 28.1s
2019-10-14 16:00:08,786 - INFO - Val loss decrease from 15.0716 to 13.7037, saving to data/5083_P2_o12_h3/dcrnn_DR_2_h_3_64-64_lr_0.01_bs_64_20191014155809/models-13.7037-288
2019-10-14 16:00:36,672 - INFO - Epoch [4/100] (360) train_mae: 8.2541, val_mae: 12.2357 lr:0.010000 27.9s
2019-10-14 16:00:36,686 - INFO - Val loss decrease from 13.7037 to 12.2357, saving to data/5083_P2_o12_h3/dcrnn_DR_2_h_3_64-64_lr_0.01_bs_64_20191014155809/models-12.2357-360
2019-10-14 16:01:06,163 - INFO - Epoch [5/100] (432) train_mae: 8.0762, val_mae: 12.1074 lr:0.010000 29.5s
2019-10-14 16:01:06,179 - INFO - Val loss decrease from 12.2357 to 12.1074, saving to data/5083_P2_o12_h3/dcrnn_DR_2_h_3_64-64_lr_0.01_bs_64_20191014155809/models-12.1074-432
2019-10-14 16:01:38,031 - INFO - Epoch [6/100] (504) train_mae: 7.7519, val_mae: 12.9063 lr:0.010000 31.9s
2019-10-14 16:02:08,362 - INFO - Epoch [7/100] (576) train_mae: 7.6879, val_mae: 11.6549 lr:0.010000 30.3s
2019-10-14 16:02:08,378 - INFO - Val loss decrease from 12.1074 to 11.6549, saving to data/5083_P2_o12_h3/dcrnn_DR_2_h_3_64-64_lr_0.01_bs_64_20191014155809/models-11.6549-576
2019-10-14 16:02:37,973 - INFO - Epoch [8/100] (648) train_mae: 7.4880, val_mae: 11.4072 lr:0.010000 29.6s
2019-10-14 16:02:37,989 - INFO - Val loss decrease from 11.6549 to 11.4072, saving to data/5083_P2_o12_h3/dcrnn_DR_2_h_3_64-64_lr_0.01_bs_64_20191014155809/models-11.4072-648
2019-10-14 16:03:07,220 - INFO - Epoch [9/100] (720) train_mae: 7.4462, val_mae: 12.1450 lr:0.010000 29.2s
2019-10-14 16:03:10,774 - INFO - Horizon 01, MAE: 12.24, MAPE: 0.0611, RMSE: 16.84
2019-10-14 16:03:10,776 - INFO - Horizon 02, MAE: 19.76, MAPE: 0.0900, RMSE: 27.77
2019-10-14 16:03:10,777 - INFO - Horizon 03, MAE: 29.03, MAPE: 0.1268, RMSE: 41.14
2019-10-14 16:03:40,513 - INFO - Epoch [10/100] (792) train_mae: 7.2768, val_mae: 11.1293 lr:0.010000 29.7s
2019-10-14 16:03:40,530 - INFO - Val loss decrease from 11.4072 to 11.1293, saving to data/5083_P2_o12_h3/dcrnn_DR_2_h_3_64-64_lr_0.01_bs_64_20191014155809/models-11.1293-792
2019-10-14 16:04:09,936 - INFO - Epoch [11/100] (864) train_mae: 6.9059, val_mae: 10.1192 lr:0.010000 29.4s
2019-10-14 16:04:09,953 - INFO - Val loss decrease from 11.1293 to 10.1192, saving to data/5083_P2_o12_h3/dcrnn_DR_2_h_3_64-64_lr_0.01_bs_64_20191014155809/models-10.1192-864
2019-10-14 16:04:41,214 - INFO - Epoch [12/100] (936) train_mae: 6.9273, val_mae: 10.7618 lr:0.010000 31.3s
2019-10-14 16:05:11,169 - INFO - Epoch [13/100] (1008) train_mae: 7.0361, val_mae: 11.1827 lr:0.010000 30.0s
2019-10-14 16:05:40,529 - INFO - Epoch [14/100] (1080) train_mae: 6.9903, val_mae: 10.6753 lr:0.010000 29.4s
2019-10-14 16:06:13,079 - INFO - Epoch [15/100] (1152) train_mae: 6.8401, val_mae: 11.8580 lr:0.010000 32.5s
2019-10-14 16:06:42,281 - INFO - Epoch [16/100] (1224) train_mae: 6.7669, val_mae: 11.3714 lr:0.010000 29.2s
2019-10-14 16:07:12,596 - INFO - Epoch [17/100] (1296) train_mae: 6.9847, val_mae: 12.3286 lr:0.010000 30.3s
2019-10-14 16:07:43,067 - INFO - Epoch [18/100] (1368) train_mae: 6.8634, val_mae: 10.1686 lr:0.010000 30.5s
2019-10-14 16:08:11,971 - INFO - Epoch [19/100] (1440) train_mae: 6.7329, val_mae: 11.5418 lr:0.010000 28.9s
2019-10-14 16:08:15,634 - INFO - Horizon 01, MAE: 12.23, MAPE: 0.0606, RMSE: 16.81
2019-10-14 16:08:15,636 - INFO - Horizon 02, MAE: 20.14, MAPE: 0.0955, RMSE: 27.91
2019-10-14 16:08:15,637 - INFO - Horizon 03, MAE: 28.42, MAPE: 0.1315, RMSE: 39.62
2019-10-14 16:08:45,642 - INFO - Epoch [20/100] (1512) train_mae: 5.8618, val_mae: 9.2567 lr:0.001000 30.0s
2019-10-14 16:08:45,659 - INFO - Val loss decrease from 10.1192 to 9.2567, saving to data/5083_P2_o12_h3/dcrnn_DR_2_h_3_64-64_lr_0.01_bs_64_20191014155809/models-9.2567-1512
2019-10-14 16:09:15,439 - INFO - Epoch [21/100] (1584) train_mae: 5.6321, val_mae: 8.8967 lr:0.001000 29.8s
2019-10-14 16:09:15,457 - INFO - Val loss decrease from 9.2567 to 8.8967, saving to data/5083_P2_o12_h3/dcrnn_DR_2_h_3_64-64_lr_0.01_bs_64_20191014155809/models-8.8967-1584
2019-10-14 16:09:45,285 - INFO - Epoch [22/100] (1656) train_mae: 5.6352, val_mae: 8.9912 lr:0.001000 29.8s
2019-10-14 16:10:14,171 - INFO - Epoch [23/100] (1728) train_mae: 5.6352, val_mae: 8.8775 lr:0.001000 28.9s
2019-10-14 16:10:14,188 - INFO - Val loss decrease from 8.8967 to 8.8775, saving to data/5083_P2_o12_h3/dcrnn_DR_2_h_3_64-64_lr_0.01_bs_64_20191014155809/models-8.8775-1728
2019-10-14 16:10:44,702 - INFO - Epoch [24/100] (1800) train_mae: 5.5745, val_mae: 8.8324 lr:0.001000 30.5s
2019-10-14 16:10:44,720 - INFO - Val loss decrease from 8.8775 to 8.8324, saving to data/5083_P2_o12_h3/dcrnn_DR_2_h_3_64-64_lr_0.01_bs_64_20191014155809/models-8.8324-1800
2019-10-14 16:11:13,996 - INFO - Epoch [25/100] (1872) train_mae: 5.5994, val_mae: 9.0185 lr:0.001000 29.3s
2019-10-14 16:11:43,968 - INFO - Epoch [26/100] (1944) train_mae: 5.5638, val_mae: 9.0235 lr:0.001000 30.0s
2019-10-14 16:12:13,397 - INFO - Epoch [27/100] (2016) train_mae: 5.6101, val_mae: 8.7705 lr:0.001000 29.4s
2019-10-14 16:12:13,415 - INFO - Val loss decrease from 8.8324 to 8.7705, saving to data/5083_P2_o12_h3/dcrnn_DR_2_h_3_64-64_lr_0.01_bs_64_20191014155809/models-8.7705-2016
2019-10-14 16:12:43,252 - INFO - Epoch [28/100] (2088) train_mae: 5.6017, val_mae: 8.7032 lr:0.001000 29.8s
2019-10-14 16:12:43,274 - INFO - Val loss decrease from 8.7705 to 8.7032, saving to data/5083_P2_o12_h3/dcrnn_DR_2_h_3_64-64_lr_0.01_bs_64_20191014155809/models-8.7032-2088
2019-10-14 16:13:12,278 - INFO - Epoch [29/100] (2160) train_mae: 5.5662, val_mae: 8.7606 lr:0.001000 29.0s
2019-10-14 16:13:15,892 - INFO - Horizon 01, MAE: 10.64, MAPE: 0.0537, RMSE: 14.82
2019-10-14 16:13:15,894 - INFO - Horizon 02, MAE: 16.45, MAPE: 0.0793, RMSE: 23.55
2019-10-14 16:13:15,895 - INFO - Horizon 03, MAE: 22.44, MAPE: 0.1048, RMSE: 32.83
2019-10-14 16:13:45,281 - INFO - Epoch [30/100] (2232) train_mae: 5.4580, val_mae: 8.6775 lr:0.000100 29.4s
2019-10-14 16:13:45,302 - INFO - Val loss decrease from 8.7032 to 8.6775, saving to data/5083_P2_o12_h3/dcrnn_DR_2_h_3_64-64_lr_0.01_bs_64_20191014155809/models-8.6775-2232
2019-10-14 16:14:14,975 - INFO - Epoch [31/100] (2304) train_mae: 5.5066, val_mae: 8.7083 lr:0.000100 29.7s
2019-10-14 16:14:45,064 - INFO - Epoch [32/100] (2376) train_mae: 5.4523, val_mae: 8.7160 lr:0.000100 30.1s
2019-10-14 16:15:14,710 - INFO - Epoch [33/100] (2448) train_mae: 5.4715, val_mae: 8.6524 lr:0.000100 29.6s
2019-10-14 16:15:14,729 - INFO - Val loss decrease from 8.6775 to 8.6524, saving to data/5083_P2_o12_h3/dcrnn_DR_2_h_3_64-64_lr_0.01_bs_64_20191014155809/models-8.6524-2448
2019-10-14 16:15:43,795 - INFO - Epoch [34/100] (2520) train_mae: 5.4415, val_mae: 8.7420 lr:0.000100 29.1s
2019-10-14 16:16:13,493 - INFO - Epoch [35/100] (2592) train_mae: 5.4785, val_mae: 8.6447 lr:0.000100 29.7s
2019-10-14 16:16:13,513 - INFO - Val loss decrease from 8.6524 to 8.6447, saving to data/5083_P2_o12_h3/dcrnn_DR_2_h_3_64-64_lr_0.01_bs_64_20191014155809/models-8.6447-2592
2019-10-14 16:16:43,246 - INFO - Epoch [36/100] (2664) train_mae: 5.4498, val_mae: 8.6196 lr:0.000100 29.7s
2019-10-14 16:16:43,262 - INFO - Val loss decrease from 8.6447 to 8.6196, saving to data/5083_P2_o12_h3/dcrnn_DR_2_h_3_64-64_lr_0.01_bs_64_20191014155809/models-8.6196-2664
2019-10-14 16:17:12,721 - INFO - Epoch [37/100] (2736) train_mae: 5.4416, val_mae: 8.6397 lr:0.000100 29.5s
2019-10-14 16:17:44,767 - INFO - Epoch [38/100] (2808) train_mae: 5.4378, val_mae: 8.6627 lr:0.000100 32.0s
2019-10-14 16:18:19,433 - INFO - Epoch [39/100] (2880) train_mae: 5.4467, val_mae: 8.5935 lr:0.000100 34.7s
2019-10-14 16:18:23,508 - INFO - Horizon 01, MAE: 10.44, MAPE: 0.0519, RMSE: 14.58
2019-10-14 16:18:23,510 - INFO - Horizon 02, MAE: 16.17, MAPE: 0.0764, RMSE: 23.31
2019-10-14 16:18:23,511 - INFO - Horizon 03, MAE: 21.97, MAPE: 0.0994, RMSE: 32.53
2019-10-14 16:18:23,530 - INFO - Val loss decrease from 8.6196 to 8.5935, saving to data/5083_P2_o12_h3/dcrnn_DR_2_h_3_64-64_lr_0.01_bs_64_20191014155809/models-8.5935-2880
2019-10-14 16:19:00,003 - INFO - Epoch [40/100] (2952) train_mae: 5.4026, val_mae: 8.5803 lr:0.000010 36.5s
2019-10-14 16:19:00,027 - INFO - Val loss decrease from 8.5935 to 8.5803, saving to data/5083_P2_o12_h3/dcrnn_DR_2_h_3_64-64_lr_0.01_bs_64_20191014155809/models-8.5803-2952
2019-10-14 16:19:37,153 - INFO - Epoch [41/100] (3024) train_mae: 5.4097, val_mae: 8.5817 lr:0.000010 37.1s
2019-10-14 16:20:09,029 - INFO - Epoch [42/100] (3096) train_mae: 5.4435, val_mae: 8.5874 lr:0.000010 31.9s
2019-10-14 16:20:39,748 - INFO - Epoch [43/100] (3168) train_mae: 5.4041, val_mae: 8.5769 lr:0.000010 30.7s
2019-10-14 16:20:39,768 - INFO - Val loss decrease from 8.5803 to 8.5769, saving to data/5083_P2_o12_h3/dcrnn_DR_2_h_3_64-64_lr_0.01_bs_64_20191014155809/models-8.5769-3168
2019-10-14 16:21:11,427 - INFO - Epoch [44/100] (3240) train_mae: 5.4924, val_mae: 8.5796 lr:0.000010 31.7s
2019-10-14 16:21:45,619 - INFO - Epoch [45/100] (3312) train_mae: 5.3932, val_mae: 8.5899 lr:0.000010 34.2s
2019-10-14 16:22:25,004 - INFO - Epoch [46/100] (3384) train_mae: 5.4213, val_mae: 8.5821 lr:0.000010 39.4s
2019-10-14 16:22:54,998 - INFO - Epoch [47/100] (3456) train_mae: 5.3936, val_mae: 8.5898 lr:0.000010 30.0s
2019-10-14 16:23:24,974 - INFO - Epoch [48/100] (3528) train_mae: 5.3956, val_mae: 8.5725 lr:0.000010 30.0s
2019-10-14 16:23:24,993 - INFO - Val loss decrease from 8.5769 to 8.5725, saving to data/5083_P2_o12_h3/dcrnn_DR_2_h_3_64-64_lr_0.01_bs_64_20191014155809/models-8.5725-3528
2019-10-14 16:23:56,308 - INFO - Epoch [49/100] (3600) train_mae: 5.4629, val_mae: 8.5765 lr:0.000010 31.3s
2019-10-14 16:24:00,267 - INFO - Horizon 01, MAE: 10.43, MAPE: 0.0516, RMSE: 14.57
2019-10-14 16:24:00,269 - INFO - Horizon 02, MAE: 16.17, MAPE: 0.0765, RMSE: 23.30
2019-10-14 16:24:00,270 - INFO - Horizon 03, MAE: 21.96, MAPE: 0.0999, RMSE: 32.48
2019-10-14 16:24:30,775 - INFO - Epoch [50/100] (3672) train_mae: 5.3968, val_mae: 8.5786 lr:0.000002 30.5s
2019-10-14 16:25:00,958 - INFO - Epoch [51/100] (3744) train_mae: 5.4290, val_mae: 8.5791 lr:0.000002 30.2s
2019-10-14 16:25:31,125 - INFO - Epoch [52/100] (3816) train_mae: 5.4252, val_mae: 8.5865 lr:0.000002 30.2s
2019-10-14 16:26:00,929 - INFO - Epoch [53/100] (3888) train_mae: 5.4718, val_mae: 8.5770 lr:0.000002 29.8s
2019-10-14 16:26:30,947 - INFO - Epoch [54/100] (3960) train_mae: 5.3832, val_mae: 8.5743 lr:0.000002 30.0s
2019-10-14 16:27:00,733 - INFO - Epoch [55/100] (4032) train_mae: 5.4022, val_mae: 8.5759 lr:0.000002 29.8s
2019-10-14 16:27:30,185 - INFO - Epoch [56/100] (4104) train_mae: 5.4401, val_mae: 8.5759 lr:0.000002 29.5s
2019-10-14 16:28:00,050 - INFO - Epoch [57/100] (4176) train_mae: 5.4053, val_mae: 8.5700 lr:0.000002 29.9s
2019-10-14 16:28:00,068 - INFO - Val loss decrease from 8.5725 to 8.5700, saving to data/5083_P2_o12_h3/dcrnn_DR_2_h_3_64-64_lr_0.01_bs_64_20191014155809/models-8.5700-4176
2019-10-14 16:28:30,763 - INFO - Epoch [58/100] (4248) train_mae: 5.4044, val_mae: 8.5761 lr:0.000002 30.7s
2019-10-14 16:29:01,043 - INFO - Epoch [59/100] (4320) train_mae: 5.3942, val_mae: 8.5751 lr:0.000002 30.3s
2019-10-14 16:29:04,675 - INFO - Horizon 01, MAE: 10.42, MAPE: 0.0514, RMSE: 14.57
2019-10-14 16:29:04,678 - INFO - Horizon 02, MAE: 16.16, MAPE: 0.0762, RMSE: 23.31
2019-10-14 16:29:04,679 - INFO - Horizon 03, MAE: 21.95, MAPE: 0.0993, RMSE: 32.50
2019-10-14 16:29:35,997 - INFO - Epoch [60/100] (4392) train_mae: 5.4028, val_mae: 8.5721 lr:0.000002 31.3s
2019-10-14 16:30:07,060 - INFO - Epoch [61/100] (4464) train_mae: 5.4320, val_mae: 8.5711 lr:0.000002 31.1s
2019-10-14 16:30:38,528 - INFO - Epoch [62/100] (4536) train_mae: 5.4641, val_mae: 8.5683 lr:0.000002 31.5s
2019-10-14 16:30:38,547 - INFO - Val loss decrease from 8.5700 to 8.5683, saving to data/5083_P2_o12_h3/dcrnn_DR_2_h_3_64-64_lr_0.01_bs_64_20191014155809/models-8.5683-4536
2019-10-14 16:31:08,079 - INFO - Epoch [63/100] (4608) train_mae: 5.3909, val_mae: 8.5735 lr:0.000002 29.5s
2019-10-14 16:31:39,338 - INFO - Epoch [64/100] (4680) train_mae: 5.4137, val_mae: 8.5786 lr:0.000002 31.3s
2019-10-14 16:32:12,246 - INFO - Epoch [65/100] (4752) train_mae: 5.4157, val_mae: 8.5747 lr:0.000002 32.9s
2019-10-14 16:32:41,451 - INFO - Epoch [66/100] (4824) train_mae: 5.4397, val_mae: 8.5756 lr:0.000002 29.2s
2019-10-14 16:33:15,236 - INFO - Epoch [67/100] (4896) train_mae: 5.4064, val_mae: 8.5753 lr:0.000002 33.8s
2019-10-14 16:33:52,403 - INFO - Epoch [68/100] (4968) train_mae: 5.3912, val_mae: 8.5721 lr:0.000002 37.2s
2019-10-14 16:34:26,841 - INFO - Epoch [69/100] (5040) train_mae: 5.4273, val_mae: 8.5747 lr:0.000002 34.4s
2019-10-14 16:34:31,208 - INFO - Horizon 01, MAE: 10.42, MAPE: 0.0514, RMSE: 14.57
2019-10-14 16:34:31,209 - INFO - Horizon 02, MAE: 16.17, MAPE: 0.0759, RMSE: 23.32
2019-10-14 16:34:31,211 - INFO - Horizon 03, MAE: 21.96, MAPE: 0.0990, RMSE: 32.51
2019-10-14 16:35:03,549 - INFO - Epoch [70/100] (5112) train_mae: 5.4358, val_mae: 8.5760 lr:0.000002 32.3s
2019-10-14 16:35:36,052 - INFO - Epoch [71/100] (5184) train_mae: 5.3888, val_mae: 8.5777 lr:0.000002 32.5s
2019-10-14 16:36:10,948 - INFO - Epoch [72/100] (5256) train_mae: 5.4193, val_mae: 8.5749 lr:0.000002 34.9s
2019-10-14 16:36:43,841 - INFO - Epoch [73/100] (5328) train_mae: 5.4045, val_mae: 8.5763 lr:0.000002 32.9s
2019-10-14 16:37:17,639 - INFO - Epoch [74/100] (5400) train_mae: 5.3764, val_mae: 8.5715 lr:0.000002 33.8s
2019-10-14 16:37:52,431 - INFO - Epoch [75/100] (5472) train_mae: 5.4113, val_mae: 8.5755 lr:0.000002 34.8s
2019-10-14 16:38:26,765 - INFO - Epoch [76/100] (5544) train_mae: 5.3996, val_mae: 8.5741 lr:0.000002 34.3s
2019-10-14 16:39:01,516 - INFO - Epoch [77/100] (5616) train_mae: 5.4315, val_mae: 8.5717 lr:0.000002 34.7s
2019-10-14 16:39:35,211 - INFO - Epoch [78/100] (5688) train_mae: 5.4171, val_mae: 8.5734 lr:0.000002 33.7s
2019-10-14 16:40:09,525 - INFO - Epoch [79/100] (5760) train_mae: 5.4766, val_mae: 8.5750 lr:0.000002 34.3s
2019-10-14 16:40:13,751 - INFO - Horizon 01, MAE: 10.42, MAPE: 0.0513, RMSE: 14.57
2019-10-14 16:40:13,753 - INFO - Horizon 02, MAE: 16.16, MAPE: 0.0760, RMSE: 23.31
2019-10-14 16:40:13,755 - INFO - Horizon 03, MAE: 21.95, MAPE: 0.0991, RMSE: 32.51
2019-10-14 16:40:48,321 - INFO - Epoch [80/100] (5832) train_mae: 5.4121, val_mae: 8.5798 lr:0.000002 34.6s
2019-10-14 16:41:23,192 - INFO - Epoch [81/100] (5904) train_mae: 5.3906, val_mae: 8.5823 lr:0.000002 34.9s
2019-10-14 16:41:57,824 - INFO - Epoch [82/100] (5976) train_mae: 5.4726, val_mae: 8.5830 lr:0.000002 34.6s
2019-10-14 16:42:33,628 - INFO - Epoch [83/100] (6048) train_mae: 5.4330, val_mae: 8.5793 lr:0.000002 35.8s
2019-10-14 16:43:08,234 - INFO - Epoch [84/100] (6120) train_mae: 5.4091, val_mae: 8.5756 lr:0.000002 34.6s
2019-10-14 16:43:41,644 - INFO - Epoch [85/100] (6192) train_mae: 5.4659, val_mae: 8.5748 lr:0.000002 33.4s
2019-10-14 16:44:17,127 - INFO - Epoch [86/100] (6264) train_mae: 5.4588, val_mae: 8.5812 lr:0.000002 35.5s
2019-10-14 16:44:49,291 - INFO - Epoch [87/100] (6336) train_mae: 5.4585, val_mae: 8.5770 lr:0.000002 32.2s
2019-10-14 16:45:21,924 - INFO - Epoch [88/100] (6408) train_mae: 5.4185, val_mae: 8.5783 lr:0.000002 32.6s
2019-10-14 16:45:57,210 - INFO - Epoch [89/100] (6480) train_mae: 5.4489, val_mae: 8.5739 lr:0.000002 35.3s
2019-10-14 16:46:01,510 - INFO - Horizon 01, MAE: 10.42, MAPE: 0.0514, RMSE: 14.57
2019-10-14 16:46:01,512 - INFO - Horizon 02, MAE: 16.16, MAPE: 0.0760, RMSE: 23.31
2019-10-14 16:46:01,514 - INFO - Horizon 03, MAE: 21.95, MAPE: 0.0992, RMSE: 32.50
2019-10-14 16:46:32,904 - INFO - Epoch [90/100] (6552) train_mae: 5.4166, val_mae: 8.5708 lr:0.000002 31.4s
2019-10-14 16:47:04,082 - INFO - Epoch [91/100] (6624) train_mae: 5.4254, val_mae: 8.5721 lr:0.000002 31.2s
2019-10-14 16:47:33,834 - INFO - Epoch [92/100] (6696) train_mae: 5.4478, val_mae: 8.5767 lr:0.000002 29.7s
2019-10-14 16:48:03,583 - INFO - Epoch [93/100] (6768) train_mae: 5.4058, val_mae: 8.5698 lr:0.000002 29.7s
2019-10-14 16:48:33,719 - INFO - Epoch [94/100] (6840) train_mae: 5.4210, val_mae: 8.5702 lr:0.000002 30.1s
2019-10-14 16:49:04,701 - INFO - Epoch [95/100] (6912) train_mae: 5.4659, val_mae: 8.5757 lr:0.000002 31.0s
2019-10-14 16:49:34,195 - INFO - Epoch [96/100] (6984) train_mae: 5.4343, val_mae: 8.5743 lr:0.000002 29.5s
2019-10-14 16:50:03,996 - INFO - Epoch [97/100] (7056) train_mae: 5.4081, val_mae: 8.5774 lr:0.000002 29.8s
2019-10-14 16:50:34,097 - INFO - Epoch [98/100] (7128) train_mae: 5.4504, val_mae: 8.5731 lr:0.000002 30.1s
2019-10-14 16:51:05,043 - INFO - Epoch [99/100] (7200) train_mae: 5.4483, val_mae: 8.5697 lr:0.000002 30.9s
2019-10-14 16:51:09,590 - INFO - Horizon 01, MAE: 10.41, MAPE: 0.0513, RMSE: 14.56
2019-10-14 16:51:09,591 - INFO - Horizon 02, MAE: 16.15, MAPE: 0.0759, RMSE: 23.29
2019-10-14 16:51:09,593 - INFO - Horizon 03, MAE: 21.94, MAPE: 0.0989, RMSE: 32.49
2019-10-14 16:51:44,030 - INFO - Epoch [100/100] (7272) train_mae: 5.4367, val_mae: 8.5767 lr:0.000002 34.4s
2019-10-14 16:51:48,736 - INFO - Horizon 01, MAE: 10.42, MAPE: 0.0513, RMSE: 14.57
2019-10-14 16:51:48,738 - INFO - Horizon 02, MAE: 16.16, MAPE: 0.0758, RMSE: 23.32
2019-10-14 16:51:48,740 - INFO - Horizon 03, MAE: 21.95, MAPE: 0.0988, RMSE: 32.53
Predictions saved as data/5083_P2_o12_h3/predictions.npz.
Trained DCRNN model
train mae: 5.4367
val mae: 8.5767
test mse: 606.6413470605569
test rmse: 24.630090277149957
test mae: 16.188767119102604
test mape: 4.008252143094777
