2019-07-07 14:12:17,056 - model.dcrnn_supervisor - INFO - Log directory: data/5083/dcrnn_DR_2_h_12_64-64_lr_0.01_bs_64_0630115823/
2019-07-07 14:12:17,058 - model.dcrnn_supervisor - INFO - {'base_dir': 'data/5083', 'data': {'batch_size': 64, 'dataset_dir': 'data/5083_sensor_data', 'graph_pkl_filename': 'data/model/adjacency_matrix_5083_P2.pkl', 'test_batch_size': 64, 'val_batch_size': 64}, 'log_level': 'INFO', 'model': {'cl_decay_steps': 2000, 'filter_type': 'dual_random_walk', 'horizon': 12, 'input_dim': 2, 'l1_decay': 0, 'max_diffusion_step': 2, 'num_nodes': 16, 'num_rnn_layers': 2, 'output_dim': 2, 'rnn_units': 64, 'seq_len': 12, 'use_curriculum_learning': True}, 'train': {'base_lr': 0.01, 'dropout': 0, 'epoch': 97, 'epochs': 100, 'epsilon': 0.001, 'global_step': 5096, 'log_dir': 'data/5083/dcrnn_DR_2_h_12_64-64_lr_0.01_bs_64_0630115823/', 'lr_decay_ratio': 0.1, 'max_grad_norm': 5, 'max_to_keep': 100, 'min_learning_rate': 2e-06, 'model_filename': 'data/5083/dcrnn_DR_2_h_12_64-64_lr_0.01_bs_64_0630115823/models-26.3959-5096', 'optimizer': 'adam', 'patience': 50, 'steps': [20, 30, 40, 50], 'test_every_n_epochs': 10}}
2019-07-07 14:12:17,468 - model.dcrnn_supervisor - INFO - ('x_train', (3294, 12, 16, 2))
2019-07-07 14:12:17,468 - model.dcrnn_supervisor - INFO - ('y_train', (3294, 12, 16, 2))
2019-07-07 14:12:17,468 - model.dcrnn_supervisor - INFO - ('x_val', (471, 12, 16, 2))
2019-07-07 14:12:17,468 - model.dcrnn_supervisor - INFO - ('y_val', (471, 12, 16, 2))
2019-07-07 14:12:17,469 - model.dcrnn_supervisor - INFO - ('x_test', (941, 12, 16, 2))
2019-07-07 14:12:17,469 - model.dcrnn_supervisor - INFO - ('y_test', (941, 12, 16, 2))
2019-07-07 14:13:01,412 - model.dcrnn_supervisor - INFO - Total number of trainable parameters: 373376
2019-07-07 14:13:17,990 - model.dcrnn_supervisor - INFO - Horizon 01, MAE: 13.53, MAPE: 0.0725, RMSE: 19.18
2019-07-07 14:13:17,996 - model.dcrnn_supervisor - INFO - Horizon 02, MAE: 20.92, MAPE: 0.1053, RMSE: 29.98
2019-07-07 14:13:18,000 - model.dcrnn_supervisor - INFO - Horizon 03, MAE: 29.31, MAPE: 0.1391, RMSE: 42.68
2019-07-07 14:13:18,003 - model.dcrnn_supervisor - INFO - Horizon 04, MAE: 36.96, MAPE: 0.1661, RMSE: 54.51
2019-07-07 14:13:18,006 - model.dcrnn_supervisor - INFO - Horizon 05, MAE: 44.40, MAPE: 0.1901, RMSE: 65.77
2019-07-07 14:13:18,009 - model.dcrnn_supervisor - INFO - Horizon 06, MAE: 48.83, MAPE: 0.1994, RMSE: 72.57
2019-07-07 14:13:18,012 - model.dcrnn_supervisor - INFO - Horizon 07, MAE: 53.08, MAPE: 0.2079, RMSE: 78.06
2019-07-07 14:13:18,015 - model.dcrnn_supervisor - INFO - Horizon 08, MAE: 56.50, MAPE: 0.2121, RMSE: 81.90
2019-07-07 14:13:18,018 - model.dcrnn_supervisor - INFO - Horizon 09, MAE: 59.81, MAPE: 0.2183, RMSE: 85.54
2019-07-07 14:13:18,021 - model.dcrnn_supervisor - INFO - Horizon 10, MAE: 62.26, MAPE: 0.2212, RMSE: 87.56
2019-07-07 14:13:18,028 - model.dcrnn_supervisor - INFO - Horizon 11, MAE: 64.18, MAPE: 0.2290, RMSE: 89.23
2019-07-07 14:13:18,033 - model.dcrnn_supervisor - INFO - Horizon 12, MAE: 65.06, MAPE: 0.2312, RMSE: 89.35
2019-07-21 11:55:10,460 - model.dcrnn_supervisor - INFO - Log directory: data/5083/dcrnn_DR_2_h_12_64-64_lr_0.01_bs_64_0630115823/
2019-07-21 11:55:10,461 - model.dcrnn_supervisor - INFO - {'base_dir': 'data/5083', 'data': {'batch_size': 64, 'dataset_dir': 'data/5083_sensor_data', 'graph_pkl_filename': 'data/model/adjacency_matrix_5083_P2.pkl', 'test_batch_size': 64, 'val_batch_size': 64}, 'log_level': 'INFO', 'model': {'cl_decay_steps': 2000, 'filter_type': 'dual_random_walk', 'horizon': 12, 'input_dim': 2, 'l1_decay': 0, 'max_diffusion_step': 2, 'num_nodes': 16, 'num_rnn_layers': 2, 'output_dim': 2, 'rnn_units': 64, 'seq_len': 12, 'use_curriculum_learning': True}, 'train': {'base_lr': 0.01, 'dropout': 0, 'epoch': 97, 'epochs': 100, 'epsilon': 0.001, 'global_step': 5096, 'log_dir': 'data/5083/dcrnn_DR_2_h_12_64-64_lr_0.01_bs_64_0630115823/', 'lr_decay_ratio': 0.1, 'max_grad_norm': 5, 'max_to_keep': 100, 'min_learning_rate': 2e-06, 'model_filename': 'data/5083/dcrnn_DR_2_h_12_64-64_lr_0.01_bs_64_0630115823/models-26.3959-5096', 'optimizer': 'adam', 'patience': 50, 'steps': [20, 30, 40, 50], 'test_every_n_epochs': 10}}
2019-07-21 11:55:10,622 - model.dcrnn_supervisor - INFO - ('x_train', (3294, 12, 16, 2))
2019-07-21 11:55:10,622 - model.dcrnn_supervisor - INFO - ('y_train', (3294, 12, 16, 2))
2019-07-21 11:55:10,622 - model.dcrnn_supervisor - INFO - ('x_val', (471, 12, 16, 2))
2019-07-21 11:55:10,622 - model.dcrnn_supervisor - INFO - ('y_val', (471, 12, 16, 2))
2019-07-21 11:55:10,623 - model.dcrnn_supervisor - INFO - ('x_test', (941, 12, 16, 2))
2019-07-21 11:55:10,623 - model.dcrnn_supervisor - INFO - ('y_test', (941, 12, 16, 2))
2019-07-21 11:55:22,922 - model.dcrnn_supervisor - INFO - Total number of trainable parameters: 373376
2019-07-21 11:55:28,763 - model.dcrnn_supervisor - INFO - Horizon 01, MAE: 13.53, MAPE: 0.0725, RMSE: 19.18
2019-07-21 11:55:28,765 - model.dcrnn_supervisor - INFO - Horizon 02, MAE: 20.92, MAPE: 0.1053, RMSE: 29.98
2019-07-21 11:55:28,766 - model.dcrnn_supervisor - INFO - Horizon 03, MAE: 29.31, MAPE: 0.1391, RMSE: 42.68
2019-07-21 11:55:28,767 - model.dcrnn_supervisor - INFO - Horizon 04, MAE: 36.96, MAPE: 0.1661, RMSE: 54.51
2019-07-21 11:55:28,769 - model.dcrnn_supervisor - INFO - Horizon 05, MAE: 44.40, MAPE: 0.1901, RMSE: 65.77
2019-07-21 11:55:28,770 - model.dcrnn_supervisor - INFO - Horizon 06, MAE: 48.83, MAPE: 0.1994, RMSE: 72.57
2019-07-21 11:55:28,771 - model.dcrnn_supervisor - INFO - Horizon 07, MAE: 53.08, MAPE: 0.2079, RMSE: 78.06
2019-07-21 11:55:28,773 - model.dcrnn_supervisor - INFO - Horizon 08, MAE: 56.50, MAPE: 0.2121, RMSE: 81.90
2019-07-21 11:55:28,774 - model.dcrnn_supervisor - INFO - Horizon 09, MAE: 59.81, MAPE: 0.2183, RMSE: 85.54
2019-07-21 11:55:28,775 - model.dcrnn_supervisor - INFO - Horizon 10, MAE: 62.26, MAPE: 0.2212, RMSE: 87.56
2019-07-21 11:55:28,776 - model.dcrnn_supervisor - INFO - Horizon 11, MAE: 64.18, MAPE: 0.2290, RMSE: 89.23
2019-07-21 11:55:28,778 - model.dcrnn_supervisor - INFO - Horizon 12, MAE: 65.06, MAPE: 0.2312, RMSE: 89.35
