2019-11-03 16:12:35,279 - INFO - Log directory: data/5083_E_o12_h6_sb12/dcrnn_DR_2_h_6_64-64_lr_0.01_bs_64_20191103161235/
2019-11-03 16:12:35,283 - INFO - {'base_dir': 'data/5083_E_o12_h6_sb12', 'log_level': 'INFO', 'data': {'batch_size': 64, 'dataset_dir': 'data/inputs/5083_E_o12_h6_sb12_sensor_data', 'test_batch_size': 64, 'val_batch_size': 64, 'graph_pkl_filename': 'data/inputs/model/adjacency_matrix_5083_E.pkl'}, 'model': {'cl_decay_steps': 2000, 'filter_type': 'dual_random_walk', 'horizon': 6, 'input_dim': 2, 'l1_decay': 0, 'max_diffusion_step': 2, 'num_nodes': 15, 'num_rnn_layers': 2, 'output_dim': 2, 'rnn_units': 64, 'seq_len': 12, 'use_curriculum_learning': True}, 'train': {'base_lr': 0.01, 'dropout': 0, 'epoch': 0, 'epochs': 100, 'epsilon': 0.001, 'global_step': 0, 'lr_decay_ratio': 0.1, 'max_grad_norm': 5, 'max_to_keep': 100, 'min_learning_rate': 2e-06, 'optimizer': 'adam', 'patience': 50, 'steps': [20, 30, 40, 50], 'test_every_n_epochs': 10}}
2019-11-03 16:12:39,077 - INFO - ('x_train', (21535, 12, 15, 2))
2019-11-03 16:12:39,078 - INFO - ('y_train', (21535, 6, 15, 2))
2019-11-03 16:12:39,080 - INFO - ('x_val', (3076, 12, 15, 2))
2019-11-03 16:12:39,080 - INFO - ('y_val', (3076, 6, 15, 2))
2019-11-03 16:12:39,081 - INFO - ('x_test', (6153, 12, 15, 2))
2019-11-03 16:12:39,081 - INFO - ('y_test', (6153, 6, 15, 2))
2019-11-03 16:14:34,836 - INFO - Total number of trainable parameters: 373376
Created DCRNN model
2019-11-03 16:14:40,796 - INFO - Start training ...
2019-11-03 16:23:47,699 - INFO - Epoch [0/100] (336) train_mae: 6.4276, val_mae: 9.3974 lr:0.010000 544.6s
2019-11-03 16:23:49,320 - INFO - Val loss decrease from inf to 9.3974, saving to data/5083_E_o12_h6_sb12/dcrnn_DR_2_h_6_64-64_lr_0.01_bs_64_20191103161235/models-9.3974-336
2019-11-03 16:32:42,617 - INFO - Epoch [1/100] (672) train_mae: 4.4861, val_mae: 9.8340 lr:0.010000 533.3s
2019-11-03 16:42:14,758 - INFO - Epoch [2/100] (1008) train_mae: 4.0999, val_mae: 7.8799 lr:0.010000 572.1s
2019-11-03 16:42:14,832 - INFO - Val loss decrease from 9.3974 to 7.8799, saving to data/5083_E_o12_h6_sb12/dcrnn_DR_2_h_6_64-64_lr_0.01_bs_64_20191103161235/models-7.8799-1008
2019-11-03 16:51:04,595 - INFO - Epoch [3/100] (1344) train_mae: 3.9263, val_mae: 8.2239 lr:0.010000 529.8s
2019-11-03 17:00:39,061 - INFO - Epoch [4/100] (1680) train_mae: 3.9489, val_mae: 7.8776 lr:0.010000 574.5s
2019-11-03 17:00:39,097 - INFO - Val loss decrease from 7.8799 to 7.8776, saving to data/5083_E_o12_h6_sb12/dcrnn_DR_2_h_6_64-64_lr_0.01_bs_64_20191103161235/models-7.8776-1680
2019-11-03 17:09:21,208 - INFO - Epoch [5/100] (2016) train_mae: 3.7404, val_mae: 13.1016 lr:0.010000 522.1s
2019-11-03 17:18:39,967 - INFO - Epoch [6/100] (2352) train_mae: 3.7919, val_mae: 7.5290 lr:0.010000 558.8s
2019-11-03 17:18:40,009 - INFO - Val loss decrease from 7.8776 to 7.5290, saving to data/5083_E_o12_h6_sb12/dcrnn_DR_2_h_6_64-64_lr_0.01_bs_64_20191103161235/models-7.5290-2352
2019-11-03 17:28:31,676 - INFO - Epoch [7/100] (2688) train_mae: 3.6745, val_mae: 8.2645 lr:0.010000 591.7s
2019-11-03 17:38:05,460 - INFO - Epoch [8/100] (3024) train_mae: 3.6196, val_mae: 7.5101 lr:0.010000 573.8s
2019-11-03 17:38:05,530 - INFO - Val loss decrease from 7.5290 to 7.5101, saving to data/5083_E_o12_h6_sb12/dcrnn_DR_2_h_6_64-64_lr_0.01_bs_64_20191103161235/models-7.5101-3024
2019-11-03 17:47:14,762 - INFO - Epoch [9/100] (3360) train_mae: 3.6459, val_mae: 7.2755 lr:0.010000 549.2s
2019-11-03 17:48:13,219 - INFO - Horizon 01, MAE: 5.57, MAPE: 0.1579, RMSE: 9.05
2019-11-03 17:48:13,247 - INFO - Horizon 02, MAE: 7.69, MAPE: 0.2199, RMSE: 11.83
2019-11-03 17:48:13,388 - INFO - Horizon 03, MAE: 9.52, MAPE: 0.2749, RMSE: 14.60
2019-11-03 17:48:13,550 - INFO - Horizon 04, MAE: 11.36, MAPE: 0.3219, RMSE: 17.62
2019-11-03 17:48:13,692 - INFO - Horizon 05, MAE: 13.31, MAPE: 0.3715, RMSE: 20.88
2019-11-03 17:48:13,823 - INFO - Horizon 06, MAE: 14.15, MAPE: 0.3898, RMSE: 22.38
2019-11-03 17:48:13,920 - INFO - Val loss decrease from 7.5101 to 7.2755, saving to data/5083_E_o12_h6_sb12/dcrnn_DR_2_h_6_64-64_lr_0.01_bs_64_20191103161235/models-7.2755-3360
2019-11-03 17:56:41,210 - INFO - Epoch [10/100] (3696) train_mae: 3.4915, val_mae: 7.6420 lr:0.010000 507.3s
2019-11-03 18:04:36,541 - INFO - Epoch [11/100] (4032) train_mae: 3.5819, val_mae: 8.3286 lr:0.010000 475.3s
2019-11-03 18:12:36,853 - INFO - Epoch [12/100] (4368) train_mae: 3.5625, val_mae: 6.9206 lr:0.010000 480.3s
2019-11-03 18:12:36,893 - INFO - Val loss decrease from 7.2755 to 6.9206, saving to data/5083_E_o12_h6_sb12/dcrnn_DR_2_h_6_64-64_lr_0.01_bs_64_20191103161235/models-6.9206-4368
2019-11-03 18:20:04,608 - INFO - Epoch [13/100] (4704) train_mae: 3.5329, val_mae: 7.9757 lr:0.010000 447.7s
2019-11-03 18:28:01,226 - INFO - Epoch [14/100] (5040) train_mae: 3.5400, val_mae: 8.1277 lr:0.010000 476.6s
2019-11-03 18:36:00,477 - INFO - Epoch [15/100] (5376) train_mae: 3.5167, val_mae: 7.0806 lr:0.010000 479.2s
2019-11-03 18:43:29,762 - INFO - Epoch [16/100] (5712) train_mae: 3.4845, val_mae: 6.7382 lr:0.010000 449.3s
2019-11-03 18:43:29,800 - INFO - Val loss decrease from 6.9206 to 6.7382, saving to data/5083_E_o12_h6_sb12/dcrnn_DR_2_h_6_64-64_lr_0.01_bs_64_20191103161235/models-6.7382-5712
2019-11-03 18:50:56,527 - INFO - Epoch [17/100] (6048) train_mae: 3.4862, val_mae: 6.9369 lr:0.010000 446.7s
2019-11-03 18:58:04,165 - INFO - Epoch [18/100] (6384) train_mae: 3.4283, val_mae: 6.9480 lr:0.010000 427.6s
2019-11-03 19:05:41,511 - INFO - Epoch [19/100] (6720) train_mae: 3.4152, val_mae: 7.2262 lr:0.010000 457.3s
2019-11-03 19:06:23,156 - INFO - Horizon 01, MAE: 5.66, MAPE: 0.1635, RMSE: 9.23
2019-11-03 19:06:23,176 - INFO - Horizon 02, MAE: 7.93, MAPE: 0.2241, RMSE: 12.27
2019-11-03 19:06:23,200 - INFO - Horizon 03, MAE: 9.89, MAPE: 0.2706, RMSE: 15.19
2019-11-03 19:06:23,222 - INFO - Horizon 04, MAE: 11.89, MAPE: 0.3072, RMSE: 18.30
2019-11-03 19:06:23,246 - INFO - Horizon 05, MAE: 14.05, MAPE: 0.3454, RMSE: 21.63
2019-11-03 19:06:23,261 - INFO - Horizon 06, MAE: 15.25, MAPE: 0.3558, RMSE: 23.34
2019-11-03 19:13:46,023 - INFO - Epoch [20/100] (7056) train_mae: 3.1425, val_mae: 6.4750 lr:0.001000 442.7s
2019-11-03 19:13:46,078 - INFO - Val loss decrease from 6.7382 to 6.4750, saving to data/5083_E_o12_h6_sb12/dcrnn_DR_2_h_6_64-64_lr_0.01_bs_64_20191103161235/models-6.4750-7056
2019-11-03 19:21:23,614 - INFO - Epoch [21/100] (7392) train_mae: 3.1555, val_mae: 6.3994 lr:0.001000 457.5s
2019-11-03 19:21:23,657 - INFO - Val loss decrease from 6.4750 to 6.3994, saving to data/5083_E_o12_h6_sb12/dcrnn_DR_2_h_6_64-64_lr_0.01_bs_64_20191103161235/models-6.3994-7392
2019-11-03 19:28:42,274 - INFO - Epoch [22/100] (7728) train_mae: 3.1888, val_mae: 6.3867 lr:0.001000 438.6s
2019-11-03 19:28:42,311 - INFO - Val loss decrease from 6.3994 to 6.3867, saving to data/5083_E_o12_h6_sb12/dcrnn_DR_2_h_6_64-64_lr_0.01_bs_64_20191103161235/models-6.3867-7728
2019-11-03 19:35:41,733 - INFO - Epoch [23/100] (8064) train_mae: 3.1544, val_mae: 6.3723 lr:0.001000 419.4s
2019-11-03 19:35:41,770 - INFO - Val loss decrease from 6.3867 to 6.3723, saving to data/5083_E_o12_h6_sb12/dcrnn_DR_2_h_6_64-64_lr_0.01_bs_64_20191103161235/models-6.3723-8064
2019-11-03 19:42:41,971 - INFO - Epoch [24/100] (8400) train_mae: 3.1203, val_mae: 6.4396 lr:0.001000 420.2s
2019-11-03 19:50:40,641 - INFO - Epoch [25/100] (8736) train_mae: 3.1918, val_mae: 6.3808 lr:0.001000 478.7s
2019-11-03 21:48:10,358 - INFO - Epoch [26/100] (9072) train_mae: 3.2041, val_mae: 6.4946 lr:0.001000 7049.7s
2019-11-03 21:54:48,967 - INFO - Epoch [27/100] (9408) train_mae: 3.1747, val_mae: 6.3780 lr:0.001000 398.6s
2019-11-03 22:02:14,731 - INFO - Epoch [28/100] (9744) train_mae: 3.1824, val_mae: 6.3772 lr:0.001000 445.8s
2019-11-03 22:08:57,854 - INFO - Epoch [29/100] (10080) train_mae: 3.1978, val_mae: 6.5615 lr:0.001000 403.1s
2019-11-03 22:10:13,206 - INFO - Horizon 01, MAE: 5.39, MAPE: 0.1514, RMSE: 8.87
2019-11-03 22:10:13,222 - INFO - Horizon 02, MAE: 7.52, MAPE: 0.2215, RMSE: 11.70
2019-11-03 22:10:13,261 - INFO - Horizon 03, MAE: 9.29, MAPE: 0.2802, RMSE: 14.40
2019-11-03 22:10:13,294 - INFO - Horizon 04, MAE: 10.92, MAPE: 0.3367, RMSE: 17.09
2019-11-03 22:10:13,407 - INFO - Horizon 05, MAE: 12.35, MAPE: 0.4044, RMSE: 19.41
2019-11-03 22:10:13,486 - INFO - Horizon 06, MAE: 12.65, MAPE: 0.4219, RMSE: 19.97
2019-11-03 22:18:15,464 - INFO - Epoch [30/100] (10416) train_mae: 3.1949, val_mae: 6.3412 lr:0.000100 482.0s
2019-11-03 22:18:15,538 - INFO - Val loss decrease from 6.3723 to 6.3412, saving to data/5083_E_o12_h6_sb12/dcrnn_DR_2_h_6_64-64_lr_0.01_bs_64_20191103161235/models-6.3412-10416
2019-11-03 22:25:11,572 - INFO - Epoch [31/100] (10752) train_mae: 3.2113, val_mae: 6.3313 lr:0.000100 416.0s
2019-11-03 22:25:11,610 - INFO - Val loss decrease from 6.3412 to 6.3313, saving to data/5083_E_o12_h6_sb12/dcrnn_DR_2_h_6_64-64_lr_0.01_bs_64_20191103161235/models-6.3313-10752
2019-11-03 22:32:22,644 - INFO - Epoch [32/100] (11088) train_mae: 3.2118, val_mae: 6.3772 lr:0.000100 431.0s
2019-11-03 22:39:55,898 - INFO - Epoch [33/100] (11424) train_mae: 3.2306, val_mae: 6.3418 lr:0.000100 453.2s
2019-11-03 22:46:13,861 - INFO - Epoch [34/100] (11760) train_mae: 3.2547, val_mae: 6.3771 lr:0.000100 378.0s
2019-11-03 22:52:17,432 - INFO - Epoch [35/100] (12096) train_mae: 3.3086, val_mae: 6.3061 lr:0.000100 363.6s
2019-11-03 22:52:17,475 - INFO - Val loss decrease from 6.3313 to 6.3061, saving to data/5083_E_o12_h6_sb12/dcrnn_DR_2_h_6_64-64_lr_0.01_bs_64_20191103161235/models-6.3061-12096
2019-11-03 22:58:52,924 - INFO - Epoch [36/100] (12432) train_mae: 3.3476, val_mae: 6.3384 lr:0.000100 395.4s
2019-11-03 23:06:25,193 - INFO - Epoch [37/100] (12768) train_mae: 3.3526, val_mae: 6.3223 lr:0.000100 452.3s
2019-11-03 23:13:31,896 - INFO - Epoch [38/100] (13104) train_mae: 3.4526, val_mae: 6.3035 lr:0.000100 426.7s
2019-11-03 23:13:31,929 - INFO - Val loss decrease from 6.3061 to 6.3035, saving to data/5083_E_o12_h6_sb12/dcrnn_DR_2_h_6_64-64_lr_0.01_bs_64_20191103161235/models-6.3035-13104
2019-11-03 23:20:45,241 - INFO - Epoch [39/100] (13440) train_mae: 3.5057, val_mae: 6.3378 lr:0.000100 433.3s
2019-11-03 23:21:49,042 - INFO - Horizon 01, MAE: 5.36, MAPE: 0.1497, RMSE: 8.85
2019-11-03 23:21:49,086 - INFO - Horizon 02, MAE: 7.40, MAPE: 0.2067, RMSE: 11.48
2019-11-03 23:21:49,179 - INFO - Horizon 03, MAE: 9.02, MAPE: 0.2538, RMSE: 13.83
2019-11-03 23:21:49,300 - INFO - Horizon 04, MAE: 10.49, MAPE: 0.2952, RMSE: 16.18
2019-11-03 23:21:49,340 - INFO - Horizon 05, MAE: 11.84, MAPE: 0.3338, RMSE: 18.38
2019-11-03 23:21:49,417 - INFO - Horizon 06, MAE: 12.11, MAPE: 0.3396, RMSE: 18.96
2019-11-03 23:29:38,867 - INFO - Epoch [40/100] (13776) train_mae: 3.5414, val_mae: 6.3088 lr:0.000010 469.4s
2019-11-03 23:37:35,366 - INFO - Epoch [41/100] (14112) train_mae: 3.6352, val_mae: 6.3044 lr:0.000010 476.5s
2019-11-03 23:45:03,815 - INFO - Epoch [42/100] (14448) train_mae: 3.7372, val_mae: 6.3103 lr:0.000010 448.4s
2019-11-03 23:51:49,857 - INFO - Epoch [43/100] (14784) train_mae: 3.8587, val_mae: 6.2978 lr:0.000010 406.0s
2019-11-03 23:51:49,922 - INFO - Val loss decrease from 6.3035 to 6.2978, saving to data/5083_E_o12_h6_sb12/dcrnn_DR_2_h_6_64-64_lr_0.01_bs_64_20191103161235/models-6.2978-14784
2019-11-03 23:57:55,388 - INFO - Epoch [44/100] (15120) train_mae: 3.9663, val_mae: 6.2950 lr:0.000010 365.5s
2019-11-03 23:57:55,410 - INFO - Val loss decrease from 6.2978 to 6.2950, saving to data/5083_E_o12_h6_sb12/dcrnn_DR_2_h_6_64-64_lr_0.01_bs_64_20191103161235/models-6.2950-15120
2019-11-04 00:03:35,978 - INFO - Epoch [45/100] (15456) train_mae: 4.0462, val_mae: 6.2917 lr:0.000010 340.6s
2019-11-04 00:03:36,036 - INFO - Val loss decrease from 6.2950 to 6.2917, saving to data/5083_E_o12_h6_sb12/dcrnn_DR_2_h_6_64-64_lr_0.01_bs_64_20191103161235/models-6.2917-15456
2019-11-04 00:09:58,383 - INFO - Epoch [46/100] (15792) train_mae: 4.2040, val_mae: 6.2951 lr:0.000010 382.3s
2019-11-04 00:19:13,927 - INFO - Epoch [47/100] (16128) train_mae: 4.3172, val_mae: 6.2838 lr:0.000010 555.5s
2019-11-04 00:19:13,970 - INFO - Val loss decrease from 6.2917 to 6.2838, saving to data/5083_E_o12_h6_sb12/dcrnn_DR_2_h_6_64-64_lr_0.01_bs_64_20191103161235/models-6.2838-16128
2019-11-04 00:27:26,262 - INFO - Epoch [48/100] (16464) train_mae: 4.4256, val_mae: 6.2853 lr:0.000010 492.3s
2019-11-04 00:37:06,064 - INFO - Epoch [49/100] (16800) train_mae: 4.5448, val_mae: 6.2895 lr:0.000010 579.8s
2019-11-04 00:38:04,729 - INFO - Horizon 01, MAE: 5.36, MAPE: 0.1502, RMSE: 8.84
2019-11-04 00:38:04,753 - INFO - Horizon 02, MAE: 7.39, MAPE: 0.2118, RMSE: 11.46
2019-11-04 00:38:04,901 - INFO - Horizon 03, MAE: 8.98, MAPE: 0.2632, RMSE: 13.78
2019-11-04 00:38:04,940 - INFO - Horizon 04, MAE: 10.40, MAPE: 0.3091, RMSE: 16.06
2019-11-04 00:38:04,960 - INFO - Horizon 05, MAE: 11.70, MAPE: 0.3517, RMSE: 18.18
2019-11-04 00:38:04,989 - INFO - Horizon 06, MAE: 11.93, MAPE: 0.3583, RMSE: 18.69
2019-11-04 00:47:22,224 - INFO - Epoch [50/100] (17136) train_mae: 4.7199, val_mae: 6.2865 lr:0.000002 557.2s
2019-11-04 00:56:18,297 - INFO - Epoch [51/100] (17472) train_mae: 4.7937, val_mae: 6.2880 lr:0.000002 536.1s
2019-11-04 01:06:00,007 - INFO - Epoch [52/100] (17808) train_mae: 4.9998, val_mae: 6.2875 lr:0.000002 581.7s
2019-11-04 01:14:30,173 - INFO - Epoch [53/100] (18144) train_mae: 5.1508, val_mae: 6.2808 lr:0.000002 510.2s
2019-11-04 01:14:30,298 - INFO - Val loss decrease from 6.2838 to 6.2808, saving to data/5083_E_o12_h6_sb12/dcrnn_DR_2_h_6_64-64_lr_0.01_bs_64_20191103161235/models-6.2808-18144
2019-11-04 01:22:21,593 - INFO - Epoch [54/100] (18480) train_mae: 5.2332, val_mae: 6.2815 lr:0.000002 471.3s
2019-11-04 01:29:33,545 - INFO - Epoch [55/100] (18816) train_mae: 5.2585, val_mae: 6.2774 lr:0.000002 431.9s
2019-11-04 01:29:33,589 - INFO - Val loss decrease from 6.2808 to 6.2774, saving to data/5083_E_o12_h6_sb12/dcrnn_DR_2_h_6_64-64_lr_0.01_bs_64_20191103161235/models-6.2774-18816
2019-11-04 01:37:03,220 - INFO - Epoch [56/100] (19152) train_mae: 5.4276, val_mae: 6.2784 lr:0.000002 449.6s
2019-11-04 01:45:12,070 - INFO - Epoch [57/100] (19488) train_mae: 5.4442, val_mae: 6.2792 lr:0.000002 488.8s
2019-11-04 01:52:49,481 - INFO - Epoch [58/100] (19824) train_mae: 5.6273, val_mae: 6.2763 lr:0.000002 457.4s
2019-11-04 01:52:49,533 - INFO - Val loss decrease from 6.2774 to 6.2763, saving to data/5083_E_o12_h6_sb12/dcrnn_DR_2_h_6_64-64_lr_0.01_bs_64_20191103161235/models-6.2763-19824
2019-11-04 02:00:52,567 - INFO - Epoch [59/100] (20160) train_mae: 5.7626, val_mae: 6.2807 lr:0.000002 483.0s
2019-11-04 02:01:26,020 - INFO - Horizon 01, MAE: 5.36, MAPE: 0.1496, RMSE: 8.84
2019-11-04 02:01:26,037 - INFO - Horizon 02, MAE: 7.39, MAPE: 0.2130, RMSE: 11.46
2019-11-04 02:01:26,066 - INFO - Horizon 03, MAE: 8.98, MAPE: 0.2670, RMSE: 13.78
2019-11-04 02:01:26,094 - INFO - Horizon 04, MAE: 10.39, MAPE: 0.3148, RMSE: 16.04
2019-11-04 02:01:26,111 - INFO - Horizon 05, MAE: 11.68, MAPE: 0.3594, RMSE: 18.15
2019-11-04 02:01:26,129 - INFO - Horizon 06, MAE: 11.90, MAPE: 0.3666, RMSE: 18.64
2019-11-04 02:09:13,611 - INFO - Epoch [60/100] (20496) train_mae: 5.7214, val_mae: 6.2758 lr:0.000002 467.4s
2019-11-04 02:09:13,651 - INFO - Val loss decrease from 6.2763 to 6.2758, saving to data/5083_E_o12_h6_sb12/dcrnn_DR_2_h_6_64-64_lr_0.01_bs_64_20191103161235/models-6.2758-20496
2019-11-04 02:16:32,373 - INFO - Epoch [61/100] (20832) train_mae: 5.8485, val_mae: 6.2742 lr:0.000002 438.7s
2019-11-04 02:16:32,411 - INFO - Val loss decrease from 6.2758 to 6.2742, saving to data/5083_E_o12_h6_sb12/dcrnn_DR_2_h_6_64-64_lr_0.01_bs_64_20191103161235/models-6.2742-20832
2019-11-04 02:24:06,595 - INFO - Epoch [62/100] (21168) train_mae: 5.8389, val_mae: 6.2763 lr:0.000002 454.2s
2019-11-04 02:30:51,212 - INFO - Epoch [63/100] (21504) train_mae: 5.9786, val_mae: 6.2765 lr:0.000002 404.6s
2019-11-04 02:38:07,244 - INFO - Epoch [64/100] (21840) train_mae: 5.8970, val_mae: 6.2742 lr:0.000002 436.0s
2019-11-04 02:45:14,292 - INFO - Epoch [65/100] (22176) train_mae: 6.0373, val_mae: 6.2712 lr:0.000002 427.0s
2019-11-04 02:45:14,343 - INFO - Val loss decrease from 6.2742 to 6.2712, saving to data/5083_E_o12_h6_sb12/dcrnn_DR_2_h_6_64-64_lr_0.01_bs_64_20191103161235/models-6.2712-22176
2019-11-04 02:52:04,867 - INFO - Epoch [66/100] (22512) train_mae: 5.9330, val_mae: 6.2723 lr:0.000002 410.5s
2019-11-04 02:58:54,549 - INFO - Epoch [67/100] (22848) train_mae: 5.9826, val_mae: 6.2744 lr:0.000002 409.7s
2019-11-04 03:05:22,598 - INFO - Epoch [68/100] (23184) train_mae: 5.9587, val_mae: 6.2735 lr:0.000002 388.0s
2019-11-04 03:12:10,766 - INFO - Epoch [69/100] (23520) train_mae: 6.0876, val_mae: 6.2796 lr:0.000002 408.2s
2019-11-04 03:12:46,730 - INFO - Horizon 01, MAE: 5.36, MAPE: 0.1490, RMSE: 8.85
2019-11-04 03:12:46,741 - INFO - Horizon 02, MAE: 7.39, MAPE: 0.2123, RMSE: 11.47
2019-11-04 03:12:46,751 - INFO - Horizon 03, MAE: 8.98, MAPE: 0.2670, RMSE: 13.78
2019-11-04 03:12:46,768 - INFO - Horizon 04, MAE: 10.40, MAPE: 0.3162, RMSE: 16.04
2019-11-04 03:12:46,778 - INFO - Horizon 05, MAE: 11.68, MAPE: 0.3624, RMSE: 18.14
2019-11-04 03:12:46,789 - INFO - Horizon 06, MAE: 11.90, MAPE: 0.3712, RMSE: 18.61
2019-11-04 03:19:16,947 - INFO - Epoch [70/100] (23856) train_mae: 6.0432, val_mae: 6.2708 lr:0.000002 390.2s
2019-11-04 03:19:16,981 - INFO - Val loss decrease from 6.2712 to 6.2708, saving to data/5083_E_o12_h6_sb12/dcrnn_DR_2_h_6_64-64_lr_0.01_bs_64_20191103161235/models-6.2708-23856
2019-11-04 03:25:42,220 - INFO - Epoch [71/100] (24192) train_mae: 6.0339, val_mae: 6.2769 lr:0.000002 385.2s
2019-11-04 03:32:14,464 - INFO - Epoch [72/100] (24528) train_mae: 6.0719, val_mae: 6.2710 lr:0.000002 392.2s
2019-11-04 03:38:40,123 - INFO - Epoch [73/100] (24864) train_mae: 6.0324, val_mae: 6.2728 lr:0.000002 385.7s
2019-11-04 03:45:01,754 - INFO - Epoch [74/100] (25200) train_mae: 6.1317, val_mae: 6.2745 lr:0.000002 381.6s
2019-11-04 03:51:35,696 - INFO - Epoch [75/100] (25536) train_mae: 6.0124, val_mae: 6.2735 lr:0.000002 393.9s
2019-11-04 03:57:48,006 - INFO - Epoch [76/100] (25872) train_mae: 6.1730, val_mae: 6.2710 lr:0.000002 372.3s
2019-11-04 04:04:22,617 - INFO - Epoch [77/100] (26208) train_mae: 6.1501, val_mae: 6.2794 lr:0.000002 394.6s
2019-11-04 04:10:28,372 - INFO - Epoch [78/100] (26544) train_mae: 6.1057, val_mae: 6.2751 lr:0.000002 365.8s
2019-11-04 04:17:01,864 - INFO - Epoch [79/100] (26880) train_mae: 6.0794, val_mae: 6.2747 lr:0.000002 393.5s
2019-11-04 04:17:39,539 - INFO - Horizon 01, MAE: 5.36, MAPE: 0.1491, RMSE: 8.85
2019-11-04 04:17:39,549 - INFO - Horizon 02, MAE: 7.39, MAPE: 0.2118, RMSE: 11.47
2019-11-04 04:17:39,559 - INFO - Horizon 03, MAE: 8.98, MAPE: 0.2660, RMSE: 13.78
2019-11-04 04:17:39,569 - INFO - Horizon 04, MAE: 10.39, MAPE: 0.3147, RMSE: 16.03
2019-11-04 04:17:39,581 - INFO - Horizon 05, MAE: 11.67, MAPE: 0.3604, RMSE: 18.11
2019-11-04 04:17:39,592 - INFO - Horizon 06, MAE: 11.88, MAPE: 0.3690, RMSE: 18.58
2019-11-04 04:23:57,295 - INFO - Epoch [80/100] (27216) train_mae: 6.1872, val_mae: 6.2740 lr:0.000002 377.7s
2019-11-04 04:30:14,756 - INFO - Epoch [81/100] (27552) train_mae: 6.2084, val_mae: 6.2785 lr:0.000002 377.5s
2019-11-04 04:36:41,653 - INFO - Epoch [82/100] (27888) train_mae: 6.0673, val_mae: 6.2754 lr:0.000002 386.9s
2019-11-04 04:42:49,549 - INFO - Epoch [83/100] (28224) train_mae: 6.0274, val_mae: 6.2761 lr:0.000002 367.9s
2019-11-04 04:48:57,263 - INFO - Epoch [84/100] (28560) train_mae: 6.0067, val_mae: 6.2759 lr:0.000002 367.7s
2019-11-04 04:55:12,668 - INFO - Epoch [85/100] (28896) train_mae: 6.1843, val_mae: 6.2703 lr:0.000002 375.4s
2019-11-04 04:55:12,718 - INFO - Val loss decrease from 6.2708 to 6.2703, saving to data/5083_E_o12_h6_sb12/dcrnn_DR_2_h_6_64-64_lr_0.01_bs_64_20191103161235/models-6.2703-28896
2019-11-04 05:01:16,048 - INFO - Epoch [86/100] (29232) train_mae: 6.1236, val_mae: 6.2763 lr:0.000002 363.3s
2019-11-04 05:07:40,768 - INFO - Epoch [87/100] (29568) train_mae: 6.1119, val_mae: 6.2716 lr:0.000002 384.7s
2019-11-04 05:13:47,861 - INFO - Epoch [88/100] (29904) train_mae: 6.2966, val_mae: 6.2733 lr:0.000002 367.1s
2019-11-04 05:19:56,441 - INFO - Epoch [89/100] (30240) train_mae: 6.1814, val_mae: 6.2734 lr:0.000002 368.6s
2019-11-04 05:20:31,750 - INFO - Horizon 01, MAE: 5.36, MAPE: 0.1490, RMSE: 8.85
2019-11-04 05:20:31,761 - INFO - Horizon 02, MAE: 7.39, MAPE: 0.2119, RMSE: 11.47
2019-11-04 05:20:31,768 - INFO - Horizon 03, MAE: 8.98, MAPE: 0.2666, RMSE: 13.77
2019-11-04 05:20:31,775 - INFO - Horizon 04, MAE: 10.39, MAPE: 0.3160, RMSE: 16.02
2019-11-04 05:20:31,784 - INFO - Horizon 05, MAE: 11.67, MAPE: 0.3630, RMSE: 18.10
2019-11-04 05:20:31,796 - INFO - Horizon 06, MAE: 11.88, MAPE: 0.3719, RMSE: 18.56
2019-11-04 05:26:52,832 - INFO - Epoch [90/100] (30576) train_mae: 6.2359, val_mae: 6.2747 lr:0.000002 381.0s
2019-11-04 05:33:05,961 - INFO - Epoch [91/100] (30912) train_mae: 6.1310, val_mae: 6.2729 lr:0.000002 373.1s
2019-11-04 05:39:25,193 - INFO - Epoch [92/100] (31248) train_mae: 6.1405, val_mae: 6.2743 lr:0.000002 379.2s
2019-11-04 05:45:32,887 - INFO - Epoch [93/100] (31584) train_mae: 6.1032, val_mae: 6.2753 lr:0.000002 367.7s
2019-11-04 05:51:43,564 - INFO - Epoch [94/100] (31920) train_mae: 6.0574, val_mae: 6.2756 lr:0.000002 370.7s
2019-11-04 05:57:56,276 - INFO - Epoch [95/100] (32256) train_mae: 6.1262, val_mae: 6.2747 lr:0.000002 372.7s
2019-11-04 06:04:07,811 - INFO - Epoch [96/100] (32592) train_mae: 6.1260, val_mae: 6.2736 lr:0.000002 371.5s
2019-11-04 06:10:30,270 - INFO - Epoch [97/100] (32928) train_mae: 6.1809, val_mae: 6.2716 lr:0.000002 382.5s
2019-11-04 06:15:21,085 - INFO - Epoch [98/100] (33264) train_mae: 6.1934, val_mae: 6.2759 lr:0.000002 290.8s
2019-11-04 06:20:02,800 - INFO - Epoch [99/100] (33600) train_mae: 6.0749, val_mae: 6.2744 lr:0.000002 281.7s
2019-11-04 06:20:31,716 - INFO - Horizon 01, MAE: 5.36, MAPE: 0.1493, RMSE: 8.85
2019-11-04 06:20:31,727 - INFO - Horizon 02, MAE: 7.39, MAPE: 0.2127, RMSE: 11.47
2019-11-04 06:20:31,741 - INFO - Horizon 03, MAE: 8.98, MAPE: 0.2677, RMSE: 13.78
2019-11-04 06:20:31,758 - INFO - Horizon 04, MAE: 10.40, MAPE: 0.3172, RMSE: 16.03
2019-11-04 06:20:31,785 - INFO - Horizon 05, MAE: 11.67, MAPE: 0.3642, RMSE: 18.11
2019-11-04 06:20:31,803 - INFO - Horizon 06, MAE: 11.88, MAPE: 0.3726, RMSE: 18.57
2019-11-04 06:25:28,444 - INFO - Epoch [100/100] (33936) train_mae: 6.1293, val_mae: 6.2756 lr:0.000002 296.6s
2019-11-04 06:26:00,517 - INFO - Horizon 01, MAE: 5.36, MAPE: 0.1490, RMSE: 8.85
2019-11-04 06:26:00,530 - INFO - Horizon 02, MAE: 7.39, MAPE: 0.2118, RMSE: 11.47
2019-11-04 06:26:00,541 - INFO - Horizon 03, MAE: 8.98, MAPE: 0.2661, RMSE: 13.78
2019-11-04 06:26:00,554 - INFO - Horizon 04, MAE: 10.40, MAPE: 0.3150, RMSE: 16.03
2019-11-04 06:26:00,571 - INFO - Horizon 05, MAE: 11.67, MAPE: 0.3618, RMSE: 18.11
2019-11-04 06:26:00,581 - INFO - Horizon 06, MAE: 11.88, MAPE: 0.3702, RMSE: 18.57
Predictions saved as data/5083_E_o12_h6_sb12/predictions.npz.
Trained DCRNN model
train mae: 6.1293
val mae: 6.2756
test mse: 223.60822385708065
test rmse: 14.95353549690108
test mae: 9.314073715108009
test mape: 11.357822581689561
