2019-11-04 00:07:26,303 - INFO - Log directory: data/5083_E_o3_h6_sb3/dcrnn_DR_2_h_6_64-64_lr_0.01_bs_64_20191104000726/
2019-11-04 00:07:26,311 - INFO - {'base_dir': 'data/5083_E_o3_h6_sb3', 'log_level': 'INFO', 'data': {'batch_size': 64, 'dataset_dir': 'data/inputs/5083_E_o3_h6_sb3_sensor_data', 'test_batch_size': 64, 'val_batch_size': 64, 'graph_pkl_filename': 'data/inputs/model/adjacency_matrix_5083_E.pkl'}, 'model': {'cl_decay_steps': 2000, 'filter_type': 'dual_random_walk', 'horizon': 6, 'input_dim': 2, 'l1_decay': 0, 'max_diffusion_step': 2, 'num_nodes': 15, 'num_rnn_layers': 2, 'output_dim': 2, 'rnn_units': 64, 'seq_len': 3, 'use_curriculum_learning': True}, 'train': {'base_lr': 0.01, 'dropout': 0, 'epoch': 0, 'epochs': 100, 'epsilon': 0.001, 'global_step': 0, 'lr_decay_ratio': 0.1, 'max_grad_norm': 5, 'max_to_keep': 100, 'min_learning_rate': 2e-06, 'optimizer': 'adam', 'patience': 50, 'steps': [20, 30, 40, 50], 'test_every_n_epochs': 10}}
2019-11-04 00:07:27,213 - INFO - ('x_train', (21585, 3, 15, 2))
2019-11-04 00:07:27,213 - INFO - ('y_train', (21585, 6, 15, 2))
2019-11-04 00:07:27,213 - INFO - ('x_val', (3084, 3, 15, 2))
2019-11-04 00:07:27,213 - INFO - ('y_val', (3084, 6, 15, 2))
2019-11-04 00:07:27,214 - INFO - ('x_test', (6167, 3, 15, 2))
2019-11-04 00:07:27,214 - INFO - ('y_test', (6167, 6, 15, 2))
2019-11-04 00:08:44,643 - INFO - Total number of trainable parameters: 373376
Created DCRNN model
2019-11-04 00:08:50,496 - INFO - Start training ...
2019-11-04 00:12:59,155 - INFO - Epoch [0/100] (337) train_mae: 6.2109, val_mae: 10.3782 lr:0.010000 247.1s
2019-11-04 00:12:59,896 - INFO - Val loss decrease from inf to 10.3782, saving to data/5083_E_o3_h6_sb3/dcrnn_DR_2_h_6_64-64_lr_0.01_bs_64_20191104000726/models-10.3782-337
2019-11-04 00:17:59,205 - INFO - Epoch [1/100] (674) train_mae: 4.5128, val_mae: 8.1780 lr:0.010000 299.3s
2019-11-04 00:17:59,238 - INFO - Val loss decrease from 10.3782 to 8.1780, saving to data/5083_E_o3_h6_sb3/dcrnn_DR_2_h_6_64-64_lr_0.01_bs_64_20191104000726/models-8.1780-674
2019-11-04 00:21:37,962 - INFO - Epoch [2/100] (1011) train_mae: 4.1943, val_mae: 8.6217 lr:0.010000 218.7s
2019-11-04 00:25:25,304 - INFO - Epoch [3/100] (1348) train_mae: 4.1154, val_mae: 10.8077 lr:0.010000 227.3s
2019-11-04 00:29:41,902 - INFO - Epoch [4/100] (1685) train_mae: 4.0201, val_mae: 7.3175 lr:0.010000 256.6s
2019-11-04 00:29:41,985 - INFO - Val loss decrease from 8.1780 to 7.3175, saving to data/5083_E_o3_h6_sb3/dcrnn_DR_2_h_6_64-64_lr_0.01_bs_64_20191104000726/models-7.3175-1685
2019-11-04 00:34:21,731 - INFO - Epoch [5/100] (2022) train_mae: 3.9843, val_mae: 10.7642 lr:0.010000 279.7s
2019-11-04 00:38:22,728 - INFO - Epoch [6/100] (2359) train_mae: 3.9085, val_mae: 7.6002 lr:0.010000 241.0s
2019-11-04 00:42:42,935 - INFO - Epoch [7/100] (2696) train_mae: 3.8532, val_mae: 7.8224 lr:0.010000 260.2s
2019-11-04 00:47:31,060 - INFO - Epoch [8/100] (3033) train_mae: 3.8569, val_mae: 8.7067 lr:0.010000 288.1s
2019-11-04 00:52:04,534 - INFO - Epoch [9/100] (3370) train_mae: 3.8254, val_mae: 7.4955 lr:0.010000 273.5s
2019-11-04 00:52:39,344 - INFO - Horizon 01, MAE: 6.79, MAPE: 0.2379, RMSE: 10.34
2019-11-04 00:52:39,362 - INFO - Horizon 02, MAE: 9.08, MAPE: 0.3353, RMSE: 13.31
2019-11-04 00:52:39,413 - INFO - Horizon 03, MAE: 10.76, MAPE: 0.4097, RMSE: 15.77
2019-11-04 00:52:39,427 - INFO - Horizon 04, MAE: 12.26, MAPE: 0.4743, RMSE: 18.03
2019-11-04 00:52:39,476 - INFO - Horizon 05, MAE: 13.82, MAPE: 0.5423, RMSE: 20.49
2019-11-04 00:52:39,514 - INFO - Horizon 06, MAE: 14.51, MAPE: 0.5512, RMSE: 21.83
2019-11-04 00:56:39,675 - INFO - Epoch [10/100] (3707) train_mae: 3.7813, val_mae: 7.6253 lr:0.010000 240.1s
2019-11-04 01:01:27,538 - INFO - Epoch [11/100] (4044) train_mae: 3.7320, val_mae: 7.6318 lr:0.010000 287.9s
2019-11-04 01:05:48,714 - INFO - Epoch [12/100] (4381) train_mae: 3.7574, val_mae: 7.2771 lr:0.010000 261.2s
2019-11-04 01:05:48,794 - INFO - Val loss decrease from 7.3175 to 7.2771, saving to data/5083_E_o3_h6_sb3/dcrnn_DR_2_h_6_64-64_lr_0.01_bs_64_20191104000726/models-7.2771-4381
2019-11-04 01:09:58,685 - INFO - Epoch [13/100] (4718) train_mae: 3.7740, val_mae: 8.1154 lr:0.010000 249.9s
2019-11-04 01:14:10,525 - INFO - Epoch [14/100] (5055) train_mae: 3.6664, val_mae: 7.0636 lr:0.010000 251.8s
2019-11-04 01:14:10,559 - INFO - Val loss decrease from 7.2771 to 7.0636, saving to data/5083_E_o3_h6_sb3/dcrnn_DR_2_h_6_64-64_lr_0.01_bs_64_20191104000726/models-7.0636-5055
2019-11-04 01:18:25,418 - INFO - Epoch [15/100] (5392) train_mae: 3.7120, val_mae: 7.1053 lr:0.010000 254.9s
2019-11-04 01:21:48,721 - INFO - Epoch [16/100] (5729) train_mae: 3.6560, val_mae: 6.9687 lr:0.010000 203.3s
2019-11-04 01:21:48,762 - INFO - Val loss decrease from 7.0636 to 6.9687, saving to data/5083_E_o3_h6_sb3/dcrnn_DR_2_h_6_64-64_lr_0.01_bs_64_20191104000726/models-6.9687-5729
2019-11-04 01:24:51,488 - INFO - Epoch [17/100] (6066) train_mae: 3.6688, val_mae: 7.3799 lr:0.010000 182.7s
2019-11-04 01:28:33,287 - INFO - Epoch [18/100] (6403) train_mae: 3.6995, val_mae: 7.2231 lr:0.010000 221.8s
2019-11-04 01:32:16,290 - INFO - Epoch [19/100] (6740) train_mae: 3.6534, val_mae: 8.1211 lr:0.010000 223.0s
2019-11-04 01:32:47,472 - INFO - Horizon 01, MAE: 6.81, MAPE: 0.1883, RMSE: 10.50
2019-11-04 01:32:47,503 - INFO - Horizon 02, MAE: 9.40, MAPE: 0.2435, RMSE: 14.08
2019-11-04 01:32:47,580 - INFO - Horizon 03, MAE: 11.75, MAPE: 0.2876, RMSE: 17.64
2019-11-04 01:32:47,699 - INFO - Horizon 04, MAE: 14.35, MAPE: 0.3284, RMSE: 21.75
2019-11-04 01:32:47,748 - INFO - Horizon 05, MAE: 17.22, MAPE: 0.3682, RMSE: 26.31
2019-11-04 01:32:47,797 - INFO - Horizon 06, MAE: 18.72, MAPE: 0.3819, RMSE: 28.89
2019-11-04 01:36:19,120 - INFO - Epoch [20/100] (7077) train_mae: 3.4368, val_mae: 6.7188 lr:0.001000 211.3s
2019-11-04 01:36:19,153 - INFO - Val loss decrease from 6.9687 to 6.7188, saving to data/5083_E_o3_h6_sb3/dcrnn_DR_2_h_6_64-64_lr_0.01_bs_64_20191104000726/models-6.7188-7077
2019-11-04 01:39:57,642 - INFO - Epoch [21/100] (7414) train_mae: 3.4245, val_mae: 6.7425 lr:0.001000 218.5s
2019-11-04 01:43:57,552 - INFO - Epoch [22/100] (7751) train_mae: 3.4379, val_mae: 6.8174 lr:0.001000 239.9s
2019-11-04 01:47:34,676 - INFO - Epoch [23/100] (8088) train_mae: 3.4389, val_mae: 6.7016 lr:0.001000 217.1s
2019-11-04 01:47:34,713 - INFO - Val loss decrease from 6.7188 to 6.7016, saving to data/5083_E_o3_h6_sb3/dcrnn_DR_2_h_6_64-64_lr_0.01_bs_64_20191104000726/models-6.7016-8088
2019-11-04 01:51:09,115 - INFO - Epoch [24/100] (8425) train_mae: 3.4060, val_mae: 6.6717 lr:0.001000 214.4s
2019-11-04 01:51:09,150 - INFO - Val loss decrease from 6.7016 to 6.6717, saving to data/5083_E_o3_h6_sb3/dcrnn_DR_2_h_6_64-64_lr_0.01_bs_64_20191104000726/models-6.6717-8425
2019-11-04 01:55:07,467 - INFO - Epoch [25/100] (8762) train_mae: 3.4444, val_mae: 6.7982 lr:0.001000 238.3s
2019-11-04 01:58:56,515 - INFO - Epoch [26/100] (9099) train_mae: 3.4761, val_mae: 6.6977 lr:0.001000 229.0s
2019-11-04 02:02:17,428 - INFO - Epoch [27/100] (9436) train_mae: 3.4536, val_mae: 6.6539 lr:0.001000 200.9s
2019-11-04 02:02:17,466 - INFO - Val loss decrease from 6.6717 to 6.6539, saving to data/5083_E_o3_h6_sb3/dcrnn_DR_2_h_6_64-64_lr_0.01_bs_64_20191104000726/models-6.6539-9436
2019-11-04 02:06:11,150 - INFO - Epoch [28/100] (9773) train_mae: 3.4881, val_mae: 6.6457 lr:0.001000 233.7s
2019-11-04 02:06:11,184 - INFO - Val loss decrease from 6.6539 to 6.6457, saving to data/5083_E_o3_h6_sb3/dcrnn_DR_2_h_6_64-64_lr_0.01_bs_64_20191104000726/models-6.6457-9773
2019-11-04 02:09:47,540 - INFO - Epoch [29/100] (10110) train_mae: 3.4880, val_mae: 6.6617 lr:0.001000 216.4s
2019-11-04 02:10:14,410 - INFO - Horizon 01, MAE: 6.36, MAPE: 0.1809, RMSE: 10.00
2019-11-04 02:10:14,426 - INFO - Horizon 02, MAE: 8.50, MAPE: 0.2441, RMSE: 12.87
2019-11-04 02:10:14,443 - INFO - Horizon 03, MAE: 9.99, MAPE: 0.2894, RMSE: 15.12
2019-11-04 02:10:14,461 - INFO - Horizon 04, MAE: 11.25, MAPE: 0.3245, RMSE: 17.08
2019-11-04 02:10:14,484 - INFO - Horizon 05, MAE: 12.39, MAPE: 0.3604, RMSE: 18.89
2019-11-04 02:10:14,499 - INFO - Horizon 06, MAE: 12.65, MAPE: 0.3715, RMSE: 19.38
2019-11-04 02:13:54,228 - INFO - Epoch [30/100] (10447) train_mae: 3.4765, val_mae: 6.6525 lr:0.000100 219.7s
2019-11-04 02:17:16,551 - INFO - Epoch [31/100] (10784) train_mae: 3.5007, val_mae: 6.6529 lr:0.000100 202.3s
2019-11-04 02:20:59,795 - INFO - Epoch [32/100] (11121) train_mae: 3.5653, val_mae: 6.6731 lr:0.000100 223.2s
2019-11-04 02:24:26,188 - INFO - Epoch [33/100] (11458) train_mae: 3.5746, val_mae: 6.6314 lr:0.000100 206.4s
2019-11-04 02:24:26,216 - INFO - Val loss decrease from 6.6457 to 6.6314, saving to data/5083_E_o3_h6_sb3/dcrnn_DR_2_h_6_64-64_lr_0.01_bs_64_20191104000726/models-6.6314-11458
2019-11-04 02:27:34,892 - INFO - Epoch [34/100] (11795) train_mae: 3.5837, val_mae: 6.6517 lr:0.000100 188.7s
2019-11-04 02:31:01,705 - INFO - Epoch [35/100] (12132) train_mae: 3.6195, val_mae: 6.6409 lr:0.000100 206.8s
2019-11-04 02:34:33,283 - INFO - Epoch [36/100] (12469) train_mae: 3.6834, val_mae: 6.6234 lr:0.000100 211.6s
2019-11-04 02:34:33,322 - INFO - Val loss decrease from 6.6314 to 6.6234, saving to data/5083_E_o3_h6_sb3/dcrnn_DR_2_h_6_64-64_lr_0.01_bs_64_20191104000726/models-6.6234-12469
2019-11-04 02:38:13,198 - INFO - Epoch [37/100] (12806) train_mae: 3.7217, val_mae: 6.6240 lr:0.000100 219.9s
2019-11-04 02:41:42,589 - INFO - Epoch [38/100] (13143) train_mae: 3.8262, val_mae: 6.6376 lr:0.000100 209.4s
2019-11-04 02:45:19,389 - INFO - Epoch [39/100] (13480) train_mae: 3.8197, val_mae: 6.6131 lr:0.000100 216.8s
2019-11-04 02:45:38,714 - INFO - Horizon 01, MAE: 6.36, MAPE: 0.1810, RMSE: 10.01
2019-11-04 02:45:38,730 - INFO - Horizon 02, MAE: 8.49, MAPE: 0.2473, RMSE: 12.87
2019-11-04 02:45:38,774 - INFO - Horizon 03, MAE: 9.93, MAPE: 0.2933, RMSE: 15.09
2019-11-04 02:45:38,816 - INFO - Horizon 04, MAE: 11.16, MAPE: 0.3288, RMSE: 17.07
2019-11-04 02:45:38,831 - INFO - Horizon 05, MAE: 12.31, MAPE: 0.3610, RMSE: 18.92
2019-11-04 02:45:38,853 - INFO - Horizon 06, MAE: 12.57, MAPE: 0.3645, RMSE: 19.43
2019-11-04 02:45:38,906 - INFO - Val loss decrease from 6.6234 to 6.6131, saving to data/5083_E_o3_h6_sb3/dcrnn_DR_2_h_6_64-64_lr_0.01_bs_64_20191104000726/models-6.6131-13480
2019-11-04 02:49:23,675 - INFO - Epoch [40/100] (13817) train_mae: 3.9180, val_mae: 6.6138 lr:0.000010 224.8s
2019-11-04 02:52:21,951 - INFO - Epoch [41/100] (14154) train_mae: 3.9340, val_mae: 6.6164 lr:0.000010 178.3s
2019-11-04 02:55:57,332 - INFO - Epoch [42/100] (14491) train_mae: 4.0409, val_mae: 6.6114 lr:0.000010 215.4s
2019-11-04 02:55:57,369 - INFO - Val loss decrease from 6.6131 to 6.6114, saving to data/5083_E_o3_h6_sb3/dcrnn_DR_2_h_6_64-64_lr_0.01_bs_64_20191104000726/models-6.6114-14491
2019-11-04 02:59:16,077 - INFO - Epoch [43/100] (14828) train_mae: 4.1878, val_mae: 6.6067 lr:0.000010 198.7s
2019-11-04 02:59:16,113 - INFO - Val loss decrease from 6.6114 to 6.6067, saving to data/5083_E_o3_h6_sb3/dcrnn_DR_2_h_6_64-64_lr_0.01_bs_64_20191104000726/models-6.6067-14828
2019-11-04 03:02:25,935 - INFO - Epoch [44/100] (15165) train_mae: 4.2975, val_mae: 6.5982 lr:0.000010 189.8s
2019-11-04 03:02:25,971 - INFO - Val loss decrease from 6.6067 to 6.5982, saving to data/5083_E_o3_h6_sb3/dcrnn_DR_2_h_6_64-64_lr_0.01_bs_64_20191104000726/models-6.5982-15165
2019-11-04 03:05:47,675 - INFO - Epoch [45/100] (15502) train_mae: 4.3542, val_mae: 6.6013 lr:0.000010 201.7s
2019-11-04 03:09:20,259 - INFO - Epoch [46/100] (15839) train_mae: 4.4492, val_mae: 6.6047 lr:0.000010 212.6s
2019-11-04 03:12:36,911 - INFO - Epoch [47/100] (16176) train_mae: 4.6277, val_mae: 6.6038 lr:0.000010 196.6s
2019-11-04 03:15:50,675 - INFO - Epoch [48/100] (16513) train_mae: 4.7338, val_mae: 6.6014 lr:0.000010 193.8s
2019-11-04 03:19:15,413 - INFO - Epoch [49/100] (16850) train_mae: 4.8822, val_mae: 6.5916 lr:0.000010 204.7s
2019-11-04 03:19:34,307 - INFO - Horizon 01, MAE: 6.36, MAPE: 0.1823, RMSE: 10.01
2019-11-04 03:19:34,318 - INFO - Horizon 02, MAE: 8.48, MAPE: 0.2517, RMSE: 12.86
2019-11-04 03:19:34,330 - INFO - Horizon 03, MAE: 9.92, MAPE: 0.3016, RMSE: 15.07
2019-11-04 03:19:34,344 - INFO - Horizon 04, MAE: 11.13, MAPE: 0.3409, RMSE: 17.01
2019-11-04 03:19:34,356 - INFO - Horizon 05, MAE: 12.25, MAPE: 0.3758, RMSE: 18.83
2019-11-04 03:19:34,368 - INFO - Horizon 06, MAE: 12.50, MAPE: 0.3785, RMSE: 19.32
2019-11-04 03:19:34,404 - INFO - Val loss decrease from 6.5982 to 6.5916, saving to data/5083_E_o3_h6_sb3/dcrnn_DR_2_h_6_64-64_lr_0.01_bs_64_20191104000726/models-6.5916-16850
2019-11-04 03:22:57,542 - INFO - Epoch [50/100] (17187) train_mae: 5.1872, val_mae: 6.5981 lr:0.000002 203.1s
2019-11-04 03:26:05,772 - INFO - Epoch [51/100] (17524) train_mae: 5.1286, val_mae: 6.5946 lr:0.000002 188.2s
2019-11-04 03:29:36,559 - INFO - Epoch [52/100] (17861) train_mae: 5.3408, val_mae: 6.5914 lr:0.000002 210.8s
2019-11-04 03:29:36,592 - INFO - Val loss decrease from 6.5916 to 6.5914, saving to data/5083_E_o3_h6_sb3/dcrnn_DR_2_h_6_64-64_lr_0.01_bs_64_20191104000726/models-6.5914-17861
2019-11-04 03:32:58,974 - INFO - Epoch [53/100] (18198) train_mae: 5.4492, val_mae: 6.5918 lr:0.000002 202.4s
2019-11-04 03:36:10,271 - INFO - Epoch [54/100] (18535) train_mae: 5.5973, val_mae: 6.5941 lr:0.000002 191.3s
2019-11-04 03:39:34,152 - INFO - Epoch [55/100] (18872) train_mae: 5.7162, val_mae: 6.5916 lr:0.000002 203.9s
2019-11-04 03:43:10,401 - INFO - Epoch [56/100] (19209) train_mae: 5.6548, val_mae: 6.5906 lr:0.000002 216.2s
2019-11-04 03:43:10,438 - INFO - Val loss decrease from 6.5914 to 6.5906, saving to data/5083_E_o3_h6_sb3/dcrnn_DR_2_h_6_64-64_lr_0.01_bs_64_20191104000726/models-6.5906-19209
2019-11-04 03:46:17,945 - INFO - Epoch [57/100] (19546) train_mae: 5.8237, val_mae: 6.5903 lr:0.000002 187.5s
2019-11-04 03:46:17,983 - INFO - Val loss decrease from 6.5906 to 6.5903, saving to data/5083_E_o3_h6_sb3/dcrnn_DR_2_h_6_64-64_lr_0.01_bs_64_20191104000726/models-6.5903-19546
2019-11-04 03:49:48,329 - INFO - Epoch [58/100] (19883) train_mae: 5.9841, val_mae: 6.5903 lr:0.000002 210.3s
2019-11-04 03:53:11,939 - INFO - Epoch [59/100] (20220) train_mae: 5.8681, val_mae: 6.5902 lr:0.000002 203.6s
2019-11-04 03:53:36,814 - INFO - Horizon 01, MAE: 6.35, MAPE: 0.1809, RMSE: 10.01
2019-11-04 03:53:36,827 - INFO - Horizon 02, MAE: 8.48, MAPE: 0.2502, RMSE: 12.86
2019-11-04 03:53:36,839 - INFO - Horizon 03, MAE: 9.92, MAPE: 0.3003, RMSE: 15.07
2019-11-04 03:53:36,856 - INFO - Horizon 04, MAE: 11.13, MAPE: 0.3409, RMSE: 17.03
2019-11-04 03:53:36,872 - INFO - Horizon 05, MAE: 12.26, MAPE: 0.3778, RMSE: 18.85
2019-11-04 03:53:36,888 - INFO - Horizon 06, MAE: 12.50, MAPE: 0.3818, RMSE: 19.34
2019-11-04 03:53:36,928 - INFO - Val loss decrease from 6.5903 to 6.5902, saving to data/5083_E_o3_h6_sb3/dcrnn_DR_2_h_6_64-64_lr_0.01_bs_64_20191104000726/models-6.5902-20220
2019-11-04 03:56:53,052 - INFO - Epoch [60/100] (20557) train_mae: 6.1227, val_mae: 6.5892 lr:0.000002 196.1s
2019-11-04 03:56:53,084 - INFO - Val loss decrease from 6.5902 to 6.5892, saving to data/5083_E_o3_h6_sb3/dcrnn_DR_2_h_6_64-64_lr_0.01_bs_64_20191104000726/models-6.5892-20557
2019-11-04 04:00:15,208 - INFO - Epoch [61/100] (20894) train_mae: 6.1775, val_mae: 6.5884 lr:0.000002 202.1s
2019-11-04 04:00:15,243 - INFO - Val loss decrease from 6.5892 to 6.5884, saving to data/5083_E_o3_h6_sb3/dcrnn_DR_2_h_6_64-64_lr_0.01_bs_64_20191104000726/models-6.5884-20894
2019-11-04 04:03:43,796 - INFO - Epoch [62/100] (21231) train_mae: 6.2594, val_mae: 6.5860 lr:0.000002 208.6s
2019-11-04 04:03:43,830 - INFO - Val loss decrease from 6.5884 to 6.5860, saving to data/5083_E_o3_h6_sb3/dcrnn_DR_2_h_6_64-64_lr_0.01_bs_64_20191104000726/models-6.5860-21231
2019-11-04 04:06:56,937 - INFO - Epoch [63/100] (21568) train_mae: 6.3379, val_mae: 6.5868 lr:0.000002 193.1s
2019-11-04 04:10:10,103 - INFO - Epoch [64/100] (21905) train_mae: 6.2825, val_mae: 6.5865 lr:0.000002 193.2s
2019-11-04 04:13:35,047 - INFO - Epoch [65/100] (22242) train_mae: 6.3753, val_mae: 6.5879 lr:0.000002 204.9s
2019-11-04 04:16:59,147 - INFO - Epoch [66/100] (22579) train_mae: 6.3810, val_mae: 6.5875 lr:0.000002 204.1s
2019-11-04 04:20:11,671 - INFO - Epoch [67/100] (22916) train_mae: 6.4035, val_mae: 6.5879 lr:0.000002 192.5s
2019-11-04 04:23:39,138 - INFO - Epoch [68/100] (23253) train_mae: 6.4275, val_mae: 6.5854 lr:0.000002 207.5s
2019-11-04 04:23:39,172 - INFO - Val loss decrease from 6.5860 to 6.5854, saving to data/5083_E_o3_h6_sb3/dcrnn_DR_2_h_6_64-64_lr_0.01_bs_64_20191104000726/models-6.5854-23253
2019-11-04 04:27:01,841 - INFO - Epoch [69/100] (23590) train_mae: 6.3211, val_mae: 6.5852 lr:0.000002 202.7s
2019-11-04 04:27:21,995 - INFO - Horizon 01, MAE: 6.35, MAPE: 0.1806, RMSE: 10.01
2019-11-04 04:27:22,003 - INFO - Horizon 02, MAE: 8.48, MAPE: 0.2500, RMSE: 12.87
2019-11-04 04:27:22,014 - INFO - Horizon 03, MAE: 9.92, MAPE: 0.3011, RMSE: 15.08
2019-11-04 04:27:22,025 - INFO - Horizon 04, MAE: 11.13, MAPE: 0.3442, RMSE: 17.03
2019-11-04 04:27:22,037 - INFO - Horizon 05, MAE: 12.25, MAPE: 0.3846, RMSE: 18.83
2019-11-04 04:27:22,056 - INFO - Horizon 06, MAE: 12.48, MAPE: 0.3907, RMSE: 19.31
2019-11-04 04:27:22,098 - INFO - Val loss decrease from 6.5854 to 6.5852, saving to data/5083_E_o3_h6_sb3/dcrnn_DR_2_h_6_64-64_lr_0.01_bs_64_20191104000726/models-6.5852-23590
2019-11-04 04:30:31,943 - INFO - Epoch [70/100] (23927) train_mae: 6.4044, val_mae: 6.5834 lr:0.000002 189.8s
2019-11-04 04:30:31,978 - INFO - Val loss decrease from 6.5852 to 6.5834, saving to data/5083_E_o3_h6_sb3/dcrnn_DR_2_h_6_64-64_lr_0.01_bs_64_20191104000726/models-6.5834-23927
2019-11-04 04:34:05,412 - INFO - Epoch [71/100] (24264) train_mae: 6.4556, val_mae: 6.5857 lr:0.000002 213.4s
2019-11-04 04:37:25,556 - INFO - Epoch [72/100] (24601) train_mae: 6.5045, val_mae: 6.5861 lr:0.000002 200.1s
2019-11-04 04:40:35,550 - INFO - Epoch [73/100] (24938) train_mae: 6.4464, val_mae: 6.5861 lr:0.000002 190.0s
2019-11-04 04:43:51,542 - INFO - Epoch [74/100] (25275) train_mae: 6.3834, val_mae: 6.5852 lr:0.000002 196.0s
2019-11-04 04:47:21,507 - INFO - Epoch [75/100] (25612) train_mae: 6.5954, val_mae: 6.5844 lr:0.000002 210.0s
2019-11-04 04:50:28,308 - INFO - Epoch [76/100] (25949) train_mae: 6.4262, val_mae: 6.5849 lr:0.000002 186.8s
2019-11-04 04:53:52,809 - INFO - Epoch [77/100] (26286) train_mae: 6.4751, val_mae: 6.5848 lr:0.000002 204.5s
2019-11-04 04:57:11,199 - INFO - Epoch [78/100] (26623) train_mae: 6.4918, val_mae: 6.5848 lr:0.000002 198.4s
2019-11-04 05:00:23,683 - INFO - Epoch [79/100] (26960) train_mae: 6.5555, val_mae: 6.5849 lr:0.000002 192.5s
2019-11-04 05:00:44,615 - INFO - Horizon 01, MAE: 6.36, MAPE: 0.1805, RMSE: 10.01
2019-11-04 05:00:44,625 - INFO - Horizon 02, MAE: 8.48, MAPE: 0.2492, RMSE: 12.88
2019-11-04 05:00:44,636 - INFO - Horizon 03, MAE: 9.93, MAPE: 0.2995, RMSE: 15.09
2019-11-04 05:00:44,646 - INFO - Horizon 04, MAE: 11.14, MAPE: 0.3427, RMSE: 17.03
2019-11-04 05:00:44,656 - INFO - Horizon 05, MAE: 12.25, MAPE: 0.3843, RMSE: 18.81
2019-11-04 05:00:44,671 - INFO - Horizon 06, MAE: 12.47, MAPE: 0.3909, RMSE: 19.26
2019-11-04 05:04:03,715 - INFO - Epoch [80/100] (27297) train_mae: 6.5140, val_mae: 6.5849 lr:0.000002 199.0s
2019-11-04 05:07:27,360 - INFO - Epoch [81/100] (27634) train_mae: 6.5292, val_mae: 6.5863 lr:0.000002 203.6s
2019-11-04 05:10:31,789 - INFO - Epoch [82/100] (27971) train_mae: 6.5163, val_mae: 6.5853 lr:0.000002 184.4s
2019-11-04 05:13:54,505 - INFO - Epoch [83/100] (28308) train_mae: 6.5310, val_mae: 6.5836 lr:0.000002 202.7s
2019-11-04 05:17:20,488 - INFO - Epoch [84/100] (28645) train_mae: 6.5124, val_mae: 6.5849 lr:0.000002 206.0s
2019-11-04 05:20:23,043 - INFO - Epoch [85/100] (28982) train_mae: 6.4894, val_mae: 6.5852 lr:0.000002 182.6s
2019-11-04 05:23:41,898 - INFO - Epoch [86/100] (29319) train_mae: 6.5065, val_mae: 6.5852 lr:0.000002 198.9s
2019-11-04 05:27:02,271 - INFO - Epoch [87/100] (29656) train_mae: 6.5490, val_mae: 6.5844 lr:0.000002 200.4s
2019-11-04 05:30:13,036 - INFO - Epoch [88/100] (29993) train_mae: 6.5101, val_mae: 6.5848 lr:0.000002 190.8s
2019-11-04 05:33:26,702 - INFO - Epoch [89/100] (30330) train_mae: 6.5144, val_mae: 6.5849 lr:0.000002 193.7s
2019-11-04 05:33:50,077 - INFO - Horizon 01, MAE: 6.36, MAPE: 0.1807, RMSE: 10.01
2019-11-04 05:33:50,093 - INFO - Horizon 02, MAE: 8.48, MAPE: 0.2497, RMSE: 12.87
2019-11-04 05:33:50,105 - INFO - Horizon 03, MAE: 9.92, MAPE: 0.3001, RMSE: 15.09
2019-11-04 05:33:50,122 - INFO - Horizon 04, MAE: 11.14, MAPE: 0.3439, RMSE: 17.04
2019-11-04 05:33:50,141 - INFO - Horizon 05, MAE: 12.25, MAPE: 0.3869, RMSE: 18.83
2019-11-04 05:33:50,163 - INFO - Horizon 06, MAE: 12.48, MAPE: 0.3936, RMSE: 19.28
2019-11-04 05:37:15,845 - INFO - Epoch [90/100] (30667) train_mae: 6.5370, val_mae: 6.5861 lr:0.000002 205.7s
2019-11-04 05:40:23,612 - INFO - Epoch [91/100] (31004) train_mae: 6.5557, val_mae: 6.5852 lr:0.000002 187.8s
2019-11-04 05:43:45,834 - INFO - Epoch [92/100] (31341) train_mae: 6.4933, val_mae: 6.5858 lr:0.000002 202.2s
2019-11-04 05:47:06,411 - INFO - Epoch [93/100] (31678) train_mae: 6.4312, val_mae: 6.5867 lr:0.000002 200.6s
2019-11-04 05:50:25,608 - INFO - Epoch [94/100] (32015) train_mae: 6.5304, val_mae: 6.5874 lr:0.000002 199.2s
2019-11-04 05:53:36,012 - INFO - Epoch [95/100] (32352) train_mae: 6.6189, val_mae: 6.5860 lr:0.000002 190.4s
2019-11-04 05:57:02,442 - INFO - Epoch [96/100] (32689) train_mae: 6.4899, val_mae: 6.5857 lr:0.000002 206.4s
2019-11-04 06:00:25,771 - INFO - Epoch [97/100] (33026) train_mae: 6.4246, val_mae: 6.5859 lr:0.000002 203.3s
2019-11-04 06:03:36,227 - INFO - Epoch [98/100] (33363) train_mae: 6.5626, val_mae: 6.5839 lr:0.000002 190.5s
2019-11-04 06:06:55,019 - INFO - Epoch [99/100] (33700) train_mae: 6.5270, val_mae: 6.5855 lr:0.000002 198.8s
2019-11-04 06:07:18,774 - INFO - Horizon 01, MAE: 6.35, MAPE: 0.1809, RMSE: 10.01
2019-11-04 06:07:18,790 - INFO - Horizon 02, MAE: 8.48, MAPE: 0.2496, RMSE: 12.87
2019-11-04 06:07:18,807 - INFO - Horizon 03, MAE: 9.92, MAPE: 0.2992, RMSE: 15.09
2019-11-04 06:07:18,825 - INFO - Horizon 04, MAE: 11.13, MAPE: 0.3426, RMSE: 17.04
2019-11-04 06:07:18,841 - INFO - Horizon 05, MAE: 12.25, MAPE: 0.3856, RMSE: 18.83
2019-11-04 06:07:18,857 - INFO - Horizon 06, MAE: 12.47, MAPE: 0.3918, RMSE: 19.28
2019-11-04 06:10:39,176 - INFO - Epoch [100/100] (34037) train_mae: 6.5118, val_mae: 6.5861 lr:0.000002 200.3s
2019-11-04 06:10:59,332 - INFO - Horizon 01, MAE: 6.35, MAPE: 0.1808, RMSE: 10.01
2019-11-04 06:10:59,346 - INFO - Horizon 02, MAE: 8.48, MAPE: 0.2495, RMSE: 12.87
2019-11-04 06:10:59,365 - INFO - Horizon 03, MAE: 9.92, MAPE: 0.2990, RMSE: 15.10
2019-11-04 06:10:59,379 - INFO - Horizon 04, MAE: 11.13, MAPE: 0.3422, RMSE: 17.04
2019-11-04 06:10:59,398 - INFO - Horizon 05, MAE: 12.25, MAPE: 0.3851, RMSE: 18.83
2019-11-04 06:10:59,418 - INFO - Horizon 06, MAE: 12.47, MAPE: 0.3911, RMSE: 19.28
Predictions saved as data/5083_E_o3_h6_sb3/predictions.npz.
Trained DCRNN model
train mae: 6.5118
val mae: 6.5861
test mse: 254.50506374200552
test rmse: 15.95321484033878
test mae: 10.140990090835771
test mape: 12.555509021755343
