2019-10-15 11:11:37,397 - INFO - Log directory: data/5083_P2_o12_h12/dcrnn_DR_2_h_12_64-64_lr_0.01_bs_64_20191015111137/
2019-10-15 11:11:37,399 - INFO - {'base_dir': 'data/5083_P2_o12_h12', 'log_level': 'INFO', 'data': {'batch_size': 64, 'dataset_dir': 'data/inputs/5083_P2_o12_h12_sensor_data', 'test_batch_size': 64, 'val_batch_size': 64, 'graph_pkl_filename': 'data/inputs/model/adjacency_matrix_5083_P2.pkl'}, 'model': {'cl_decay_steps': 2000, 'filter_type': 'dual_random_walk', 'horizon': 12, 'input_dim': 2, 'l1_decay': 0, 'max_diffusion_step': 2, 'num_nodes': 15, 'num_rnn_layers': 2, 'output_dim': 2, 'rnn_units': 64, 'seq_len': 12, 'use_curriculum_learning': True}, 'train': {'base_lr': 0.01, 'dropout': 0, 'epoch': 0, 'epochs': 100, 'epsilon': 0.001, 'global_step': 0, 'lr_decay_ratio': 0.1, 'max_grad_norm': 5, 'max_to_keep': 100, 'min_learning_rate': 2e-06, 'optimizer': 'adam', 'patience': 50, 'steps': [20, 30, 40, 50], 'test_every_n_epochs': 10}}
2019-10-15 11:11:37,506 - INFO - ('x_train', (2730, 12, 15, 2))
2019-10-15 11:11:37,506 - INFO - ('y_train', (2730, 12, 15, 2))
2019-10-15 11:11:37,506 - INFO - ('x_val', (390, 12, 15, 2))
2019-10-15 11:11:37,506 - INFO - ('y_val', (390, 12, 15, 2))
2019-10-15 11:11:37,507 - INFO - ('x_test', (780, 12, 15, 2))
2019-10-15 11:11:37,507 - INFO - ('y_test', (780, 12, 15, 2))
2019-10-15 11:11:53,305 - INFO - Total number of trainable parameters: 373376
Created DCRNN model
2019-10-15 11:11:54,213 - INFO - Start training ...
2019-10-15 11:12:27,050 - INFO - Epoch [0/100] (42) train_mae: 26.4218, val_mae: 67.8267 lr:0.010000 32.5s
2019-10-15 11:12:27,431 - INFO - Val loss decrease from inf to 67.8267, saving to data/5083_P2_o12_h12/dcrnn_DR_2_h_12_64-64_lr_0.01_bs_64_20191015111137/models-67.8267-42
2019-10-15 11:12:59,698 - INFO - Epoch [1/100] (84) train_mae: 11.5229, val_mae: 52.4498 lr:0.010000 32.3s
2019-10-15 11:12:59,713 - INFO - Val loss decrease from 67.8267 to 52.4498, saving to data/5083_P2_o12_h12/dcrnn_DR_2_h_12_64-64_lr_0.01_bs_64_20191015111137/models-52.4498-84
2019-10-15 11:13:31,399 - INFO - Epoch [2/100] (126) train_mae: 10.1532, val_mae: 50.2827 lr:0.010000 31.7s
2019-10-15 11:13:31,414 - INFO - Val loss decrease from 52.4498 to 50.2827, saving to data/5083_P2_o12_h12/dcrnn_DR_2_h_12_64-64_lr_0.01_bs_64_20191015111137/models-50.2827-126
2019-10-15 11:14:03,256 - INFO - Epoch [3/100] (168) train_mae: 9.3008, val_mae: 54.5080 lr:0.010000 31.8s
2019-10-15 11:14:34,691 - INFO - Epoch [4/100] (210) train_mae: 8.2398, val_mae: 31.4484 lr:0.010000 31.4s
2019-10-15 11:14:34,706 - INFO - Val loss decrease from 50.2827 to 31.4484, saving to data/5083_P2_o12_h12/dcrnn_DR_2_h_12_64-64_lr_0.01_bs_64_20191015111137/models-31.4484-210
2019-10-15 11:15:06,195 - INFO - Epoch [5/100] (252) train_mae: 7.8434, val_mae: 43.2135 lr:0.010000 31.5s
2019-10-15 11:15:37,642 - INFO - Epoch [6/100] (294) train_mae: 8.0788, val_mae: 29.6586 lr:0.010000 31.4s
2019-10-15 11:15:37,657 - INFO - Val loss decrease from 31.4484 to 29.6586, saving to data/5083_P2_o12_h12/dcrnn_DR_2_h_12_64-64_lr_0.01_bs_64_20191015111137/models-29.6586-294
2019-10-15 11:16:08,795 - INFO - Epoch [7/100] (336) train_mae: 7.6010, val_mae: 54.8011 lr:0.010000 31.1s
2019-10-15 11:16:40,234 - INFO - Epoch [8/100] (378) train_mae: 7.4711, val_mae: 30.2221 lr:0.010000 31.4s
2019-10-15 11:17:11,343 - INFO - Epoch [9/100] (420) train_mae: 7.6000, val_mae: 31.9952 lr:0.010000 31.1s
2019-10-15 11:17:15,630 - INFO - Horizon 01, MAE: 12.30, MAPE: 0.0734, RMSE: 16.79
2019-10-15 11:17:15,633 - INFO - Horizon 02, MAE: 17.94, MAPE: 0.1032, RMSE: 25.07
2019-10-15 11:17:15,634 - INFO - Horizon 03, MAE: 27.22, MAPE: 0.1436, RMSE: 38.68
2019-10-15 11:17:15,635 - INFO - Horizon 04, MAE: 35.96, MAPE: 0.1791, RMSE: 51.62
2019-10-15 11:17:15,636 - INFO - Horizon 05, MAE: 47.63, MAPE: 0.2266, RMSE: 67.50
2019-10-15 11:17:15,637 - INFO - Horizon 06, MAE: 55.26, MAPE: 0.2550, RMSE: 76.87
2019-10-15 11:17:15,638 - INFO - Horizon 07, MAE: 63.45, MAPE: 0.2815, RMSE: 86.61
2019-10-15 11:17:15,639 - INFO - Horizon 08, MAE: 69.24, MAPE: 0.2996, RMSE: 93.19
2019-10-15 11:17:15,641 - INFO - Horizon 09, MAE: 74.57, MAPE: 0.3145, RMSE: 99.80
2019-10-15 11:17:15,642 - INFO - Horizon 10, MAE: 77.73, MAPE: 0.3186, RMSE: 103.12
2019-10-15 11:17:15,643 - INFO - Horizon 11, MAE: 80.63, MAPE: 0.3237, RMSE: 106.99
2019-10-15 11:17:15,644 - INFO - Horizon 12, MAE: 82.05, MAPE: 0.3254, RMSE: 109.22
2019-10-15 11:17:47,113 - INFO - Epoch [10/100] (462) train_mae: 7.4010, val_mae: 23.8310 lr:0.010000 31.5s
2019-10-15 11:17:47,128 - INFO - Val loss decrease from 29.6586 to 23.8310, saving to data/5083_P2_o12_h12/dcrnn_DR_2_h_12_64-64_lr_0.01_bs_64_20191015111137/models-23.8310-462
2019-10-15 11:18:18,594 - INFO - Epoch [11/100] (504) train_mae: 8.0398, val_mae: 30.3214 lr:0.010000 31.5s
2019-10-15 11:18:50,050 - INFO - Epoch [12/100] (546) train_mae: 7.3072, val_mae: 29.0844 lr:0.010000 31.5s
2019-10-15 11:19:21,891 - INFO - Epoch [13/100] (588) train_mae: 7.4349, val_mae: 24.9969 lr:0.010000 31.8s
2019-10-15 11:19:53,774 - INFO - Epoch [14/100] (630) train_mae: 7.1739, val_mae: 21.9483 lr:0.010000 31.9s
2019-10-15 11:19:53,790 - INFO - Val loss decrease from 23.8310 to 21.9483, saving to data/5083_P2_o12_h12/dcrnn_DR_2_h_12_64-64_lr_0.01_bs_64_20191015111137/models-21.9483-630
2019-10-15 11:20:25,517 - INFO - Epoch [15/100] (672) train_mae: 6.7059, val_mae: 20.9142 lr:0.010000 31.7s
2019-10-15 11:20:25,532 - INFO - Val loss decrease from 21.9483 to 20.9142, saving to data/5083_P2_o12_h12/dcrnn_DR_2_h_12_64-64_lr_0.01_bs_64_20191015111137/models-20.9142-672
2019-10-15 11:20:57,482 - INFO - Epoch [16/100] (714) train_mae: 7.1214, val_mae: 25.3139 lr:0.010000 31.9s
2019-10-15 11:21:29,448 - INFO - Epoch [17/100] (756) train_mae: 7.0053, val_mae: 21.0288 lr:0.010000 32.0s
2019-10-15 11:22:01,477 - INFO - Epoch [18/100] (798) train_mae: 6.7448, val_mae: 22.2084 lr:0.010000 32.0s
2019-10-15 11:22:33,506 - INFO - Epoch [19/100] (840) train_mae: 6.5014, val_mae: 28.1223 lr:0.010000 32.0s
2019-10-15 11:22:37,932 - INFO - Horizon 01, MAE: 11.19, MAPE: 0.0659, RMSE: 15.40
2019-10-15 11:22:37,934 - INFO - Horizon 02, MAE: 17.22, MAPE: 0.0930, RMSE: 24.57
2019-10-15 11:22:37,935 - INFO - Horizon 03, MAE: 25.12, MAPE: 0.1259, RMSE: 36.44
2019-10-15 11:22:37,936 - INFO - Horizon 04, MAE: 32.40, MAPE: 0.1555, RMSE: 47.02
2019-10-15 11:22:37,938 - INFO - Horizon 05, MAE: 40.11, MAPE: 0.1849, RMSE: 57.97
2019-10-15 11:22:37,939 - INFO - Horizon 06, MAE: 45.96, MAPE: 0.2024, RMSE: 66.01
2019-10-15 11:22:37,940 - INFO - Horizon 07, MAE: 51.43, MAPE: 0.2189, RMSE: 73.11
2019-10-15 11:22:37,941 - INFO - Horizon 08, MAE: 57.07, MAPE: 0.2329, RMSE: 80.35
2019-10-15 11:22:37,942 - INFO - Horizon 09, MAE: 62.03, MAPE: 0.2455, RMSE: 86.83
2019-10-15 11:22:37,944 - INFO - Horizon 10, MAE: 65.71, MAPE: 0.2495, RMSE: 90.86
2019-10-15 11:22:37,945 - INFO - Horizon 11, MAE: 68.08, MAPE: 0.2529, RMSE: 93.72
2019-10-15 11:22:37,946 - INFO - Horizon 12, MAE: 69.27, MAPE: 0.2517, RMSE: 95.18
2019-10-15 11:23:09,699 - INFO - Epoch [20/100] (882) train_mae: 5.9966, val_mae: 18.1812 lr:0.001000 31.8s
2019-10-15 11:23:09,714 - INFO - Val loss decrease from 20.9142 to 18.1812, saving to data/5083_P2_o12_h12/dcrnn_DR_2_h_12_64-64_lr_0.01_bs_64_20191015111137/models-18.1812-882
2019-10-15 11:23:41,851 - INFO - Epoch [21/100] (924) train_mae: 5.8217, val_mae: 18.0016 lr:0.001000 32.1s
2019-10-15 11:23:41,866 - INFO - Val loss decrease from 18.1812 to 18.0016, saving to data/5083_P2_o12_h12/dcrnn_DR_2_h_12_64-64_lr_0.01_bs_64_20191015111137/models-18.0016-924
2019-10-15 11:24:13,666 - INFO - Epoch [22/100] (966) train_mae: 5.8458, val_mae: 18.4116 lr:0.001000 31.8s
2019-10-15 11:24:45,639 - INFO - Epoch [23/100] (1008) train_mae: 5.8068, val_mae: 17.7655 lr:0.001000 32.0s
2019-10-15 11:24:45,655 - INFO - Val loss decrease from 18.0016 to 17.7655, saving to data/5083_P2_o12_h12/dcrnn_DR_2_h_12_64-64_lr_0.01_bs_64_20191015111137/models-17.7655-1008
2019-10-15 11:25:17,443 - INFO - Epoch [24/100] (1050) train_mae: 5.7354, val_mae: 17.4046 lr:0.001000 31.8s
2019-10-15 11:25:17,459 - INFO - Val loss decrease from 17.7655 to 17.4046, saving to data/5083_P2_o12_h12/dcrnn_DR_2_h_12_64-64_lr_0.01_bs_64_20191015111137/models-17.4046-1050
2019-10-15 11:25:48,850 - INFO - Epoch [25/100] (1092) train_mae: 5.7318, val_mae: 18.8074 lr:0.001000 31.4s
2019-10-15 11:26:20,460 - INFO - Epoch [26/100] (1134) train_mae: 5.6942, val_mae: 17.4526 lr:0.001000 31.6s
2019-10-15 11:26:52,832 - INFO - Epoch [27/100] (1176) train_mae: 5.6445, val_mae: 17.0647 lr:0.001000 32.4s
2019-10-15 11:26:52,850 - INFO - Val loss decrease from 17.4046 to 17.0647, saving to data/5083_P2_o12_h12/dcrnn_DR_2_h_12_64-64_lr_0.01_bs_64_20191015111137/models-17.0647-1176
2019-10-15 11:27:24,609 - INFO - Epoch [28/100] (1218) train_mae: 5.7312, val_mae: 17.1555 lr:0.001000 31.8s
2019-10-15 11:27:56,310 - INFO - Epoch [29/100] (1260) train_mae: 5.6507, val_mae: 17.3077 lr:0.001000 31.7s
2019-10-15 11:28:00,669 - INFO - Horizon 01, MAE: 10.31, MAPE: 0.0591, RMSE: 14.46
2019-10-15 11:28:00,670 - INFO - Horizon 02, MAE: 15.97, MAPE: 0.0859, RMSE: 23.11
2019-10-15 11:28:00,672 - INFO - Horizon 03, MAE: 22.19, MAPE: 0.1122, RMSE: 32.96
2019-10-15 11:28:00,673 - INFO - Horizon 04, MAE: 27.68, MAPE: 0.1333, RMSE: 41.51
2019-10-15 11:28:00,674 - INFO - Horizon 05, MAE: 33.97, MAPE: 0.1564, RMSE: 50.86
2019-10-15 11:28:00,675 - INFO - Horizon 06, MAE: 36.72, MAPE: 0.1613, RMSE: 55.26
2019-10-15 11:28:00,676 - INFO - Horizon 07, MAE: 39.42, MAPE: 0.1665, RMSE: 59.32
2019-10-15 11:28:00,677 - INFO - Horizon 08, MAE: 41.00, MAPE: 0.1668, RMSE: 61.66
2019-10-15 11:28:00,678 - INFO - Horizon 09, MAE: 42.42, MAPE: 0.1675, RMSE: 63.81
2019-10-15 11:28:00,679 - INFO - Horizon 10, MAE: 42.80, MAPE: 0.1629, RMSE: 63.68
2019-10-15 11:28:00,680 - INFO - Horizon 11, MAE: 42.90, MAPE: 0.1604, RMSE: 63.60
2019-10-15 11:28:00,682 - INFO - Horizon 12, MAE: 42.29, MAPE: 0.1565, RMSE: 62.53
2019-10-15 11:28:32,570 - INFO - Epoch [30/100] (1302) train_mae: 5.5092, val_mae: 16.9093 lr:0.000100 31.9s
2019-10-15 11:28:32,586 - INFO - Val loss decrease from 17.0647 to 16.9093, saving to data/5083_P2_o12_h12/dcrnn_DR_2_h_12_64-64_lr_0.01_bs_64_20191015111137/models-16.9093-1302
2019-10-15 11:29:04,905 - INFO - Epoch [31/100] (1344) train_mae: 5.5481, val_mae: 17.0546 lr:0.000100 32.3s
2019-10-15 11:29:36,505 - INFO - Epoch [32/100] (1386) train_mae: 5.4802, val_mae: 16.9438 lr:0.000100 31.6s
2019-10-15 11:30:08,135 - INFO - Epoch [33/100] (1428) train_mae: 5.5464, val_mae: 16.9435 lr:0.000100 31.6s
2019-10-15 11:30:39,475 - INFO - Epoch [34/100] (1470) train_mae: 5.4669, val_mae: 17.0729 lr:0.000100 31.3s
2019-10-15 11:31:11,393 - INFO - Epoch [35/100] (1512) train_mae: 5.4674, val_mae: 16.9413 lr:0.000100 31.9s
2019-10-15 11:31:43,251 - INFO - Epoch [36/100] (1554) train_mae: 5.4910, val_mae: 16.6656 lr:0.000100 31.9s
2019-10-15 11:31:43,266 - INFO - Val loss decrease from 16.9093 to 16.6656, saving to data/5083_P2_o12_h12/dcrnn_DR_2_h_12_64-64_lr_0.01_bs_64_20191015111137/models-16.6656-1554
2019-10-15 11:32:15,287 - INFO - Epoch [37/100] (1596) train_mae: 5.5549, val_mae: 16.7433 lr:0.000100 32.0s
2019-10-15 11:32:47,357 - INFO - Epoch [38/100] (1638) train_mae: 5.4749, val_mae: 16.7448 lr:0.000100 32.1s
2019-10-15 11:33:19,359 - INFO - Epoch [39/100] (1680) train_mae: 5.4775, val_mae: 16.6149 lr:0.000100 32.0s
2019-10-15 11:33:23,814 - INFO - Horizon 01, MAE: 10.17, MAPE: 0.0585, RMSE: 14.29
2019-10-15 11:33:23,816 - INFO - Horizon 02, MAE: 15.80, MAPE: 0.0851, RMSE: 22.93
2019-10-15 11:33:23,817 - INFO - Horizon 03, MAE: 21.81, MAPE: 0.1106, RMSE: 32.61
2019-10-15 11:33:23,818 - INFO - Horizon 04, MAE: 27.10, MAPE: 0.1319, RMSE: 40.95
2019-10-15 11:33:23,819 - INFO - Horizon 05, MAE: 33.08, MAPE: 0.1539, RMSE: 49.91
2019-10-15 11:33:23,820 - INFO - Horizon 06, MAE: 35.59, MAPE: 0.1590, RMSE: 53.91
2019-10-15 11:33:23,821 - INFO - Horizon 07, MAE: 38.04, MAPE: 0.1640, RMSE: 57.49
2019-10-15 11:33:23,823 - INFO - Horizon 08, MAE: 39.45, MAPE: 0.1649, RMSE: 59.52
2019-10-15 11:33:23,824 - INFO - Horizon 09, MAE: 40.65, MAPE: 0.1654, RMSE: 61.38
2019-10-15 11:33:23,825 - INFO - Horizon 10, MAE: 40.81, MAPE: 0.1605, RMSE: 61.01
2019-10-15 11:33:23,826 - INFO - Horizon 11, MAE: 40.79, MAPE: 0.1572, RMSE: 60.83
2019-10-15 11:33:23,827 - INFO - Horizon 12, MAE: 40.05, MAPE: 0.1525, RMSE: 59.69
2019-10-15 11:33:23,846 - INFO - Val loss decrease from 16.6656 to 16.6149, saving to data/5083_P2_o12_h12/dcrnn_DR_2_h_12_64-64_lr_0.01_bs_64_20191015111137/models-16.6149-1680
2019-10-15 11:33:57,083 - INFO - Epoch [40/100] (1722) train_mae: 5.4803, val_mae: 16.6451 lr:0.000010 33.2s
2019-10-15 11:34:29,588 - INFO - Epoch [41/100] (1764) train_mae: 5.4453, val_mae: 16.6915 lr:0.000010 32.5s
2019-10-15 11:35:01,440 - INFO - Epoch [42/100] (1806) train_mae: 5.4573, val_mae: 16.6670 lr:0.000010 31.9s
2019-10-15 11:35:33,371 - INFO - Epoch [43/100] (1848) train_mae: 5.4337, val_mae: 16.6310 lr:0.000010 31.9s
2019-10-15 11:36:05,152 - INFO - Epoch [44/100] (1890) train_mae: 5.4869, val_mae: 16.7131 lr:0.000010 31.8s
2019-10-15 11:36:37,299 - INFO - Epoch [45/100] (1932) train_mae: 5.5146, val_mae: 16.6955 lr:0.000010 32.1s
2019-10-15 11:37:10,025 - INFO - Epoch [46/100] (1974) train_mae: 5.5021, val_mae: 16.5990 lr:0.000010 32.7s
2019-10-15 11:37:10,042 - INFO - Val loss decrease from 16.6149 to 16.5990, saving to data/5083_P2_o12_h12/dcrnn_DR_2_h_12_64-64_lr_0.01_bs_64_20191015111137/models-16.5990-1974
2019-10-15 11:37:42,646 - INFO - Epoch [47/100] (2016) train_mae: 5.4712, val_mae: 16.6845 lr:0.000010 32.6s
2019-10-15 11:38:15,970 - INFO - Epoch [48/100] (2058) train_mae: 5.4586, val_mae: 16.6625 lr:0.000010 33.3s
2019-10-15 11:38:49,480 - INFO - Epoch [49/100] (2100) train_mae: 5.4461, val_mae: 16.6640 lr:0.000010 33.5s
2019-10-15 11:38:54,231 - INFO - Horizon 01, MAE: 10.17, MAPE: 0.0580, RMSE: 14.31
2019-10-15 11:38:54,232 - INFO - Horizon 02, MAE: 15.79, MAPE: 0.0845, RMSE: 22.95
2019-10-15 11:38:54,233 - INFO - Horizon 03, MAE: 21.83, MAPE: 0.1098, RMSE: 32.69
2019-10-15 11:38:54,234 - INFO - Horizon 04, MAE: 27.18, MAPE: 0.1306, RMSE: 41.09
2019-10-15 11:38:54,236 - INFO - Horizon 05, MAE: 33.22, MAPE: 0.1522, RMSE: 50.17
2019-10-15 11:38:54,237 - INFO - Horizon 06, MAE: 35.70, MAPE: 0.1569, RMSE: 54.20
2019-10-15 11:38:54,238 - INFO - Horizon 07, MAE: 38.16, MAPE: 0.1619, RMSE: 57.81
2019-10-15 11:38:54,239 - INFO - Horizon 08, MAE: 39.53, MAPE: 0.1626, RMSE: 59.80
2019-10-15 11:38:54,240 - INFO - Horizon 09, MAE: 40.76, MAPE: 0.1632, RMSE: 61.71
2019-10-15 11:38:54,241 - INFO - Horizon 10, MAE: 40.96, MAPE: 0.1586, RMSE: 61.38
2019-10-15 11:38:54,242 - INFO - Horizon 11, MAE: 41.02, MAPE: 0.1558, RMSE: 61.29
2019-10-15 11:38:54,243 - INFO - Horizon 12, MAE: 40.28, MAPE: 0.1516, RMSE: 60.15
2019-10-15 11:39:26,821 - INFO - Epoch [50/100] (2142) train_mae: 5.4902, val_mae: 16.6585 lr:0.000002 32.6s
2019-10-15 11:40:00,476 - INFO - Epoch [51/100] (2184) train_mae: 5.4770, val_mae: 16.6609 lr:0.000002 33.7s
2019-10-15 11:40:35,122 - INFO - Epoch [52/100] (2226) train_mae: 5.4199, val_mae: 16.6832 lr:0.000002 34.6s
2019-10-15 11:41:08,929 - INFO - Epoch [53/100] (2268) train_mae: 5.4510, val_mae: 16.6246 lr:0.000002 33.8s
2019-10-15 11:41:43,030 - INFO - Epoch [54/100] (2310) train_mae: 5.4970, val_mae: 16.6509 lr:0.000002 34.1s
2019-10-15 11:42:16,767 - INFO - Epoch [55/100] (2352) train_mae: 5.4202, val_mae: 16.6181 lr:0.000002 33.7s
2019-10-15 11:42:51,390 - INFO - Epoch [56/100] (2394) train_mae: 5.5169, val_mae: 16.6504 lr:0.000002 34.6s
2019-10-15 11:43:25,083 - INFO - Epoch [57/100] (2436) train_mae: 5.4672, val_mae: 16.6611 lr:0.000002 33.7s
2019-10-15 11:43:58,091 - INFO - Epoch [58/100] (2478) train_mae: 5.5158, val_mae: 16.6687 lr:0.000002 33.0s
2019-10-15 11:44:31,732 - INFO - Epoch [59/100] (2520) train_mae: 5.5238, val_mae: 16.6381 lr:0.000002 33.6s
2019-10-15 11:44:36,293 - INFO - Horizon 01, MAE: 10.17, MAPE: 0.0583, RMSE: 14.30
2019-10-15 11:44:36,294 - INFO - Horizon 02, MAE: 15.78, MAPE: 0.0848, RMSE: 22.93
2019-10-15 11:44:36,295 - INFO - Horizon 03, MAE: 21.80, MAPE: 0.1101, RMSE: 32.65
2019-10-15 11:44:36,296 - INFO - Horizon 04, MAE: 27.14, MAPE: 0.1310, RMSE: 41.04
2019-10-15 11:44:36,297 - INFO - Horizon 05, MAE: 33.14, MAPE: 0.1527, RMSE: 50.07
2019-10-15 11:44:36,299 - INFO - Horizon 06, MAE: 35.64, MAPE: 0.1577, RMSE: 54.10
2019-10-15 11:44:36,300 - INFO - Horizon 07, MAE: 38.09, MAPE: 0.1626, RMSE: 57.68
2019-10-15 11:44:36,301 - INFO - Horizon 08, MAE: 39.49, MAPE: 0.1633, RMSE: 59.68
2019-10-15 11:44:36,302 - INFO - Horizon 09, MAE: 40.70, MAPE: 0.1637, RMSE: 61.56
2019-10-15 11:44:36,303 - INFO - Horizon 10, MAE: 40.90, MAPE: 0.1589, RMSE: 61.23
2019-10-15 11:44:36,305 - INFO - Horizon 11, MAE: 40.93, MAPE: 0.1559, RMSE: 61.10
2019-10-15 11:44:36,306 - INFO - Horizon 12, MAE: 40.20, MAPE: 0.1516, RMSE: 59.96
2019-10-15 11:45:10,608 - INFO - Epoch [60/100] (2562) train_mae: 5.4650, val_mae: 16.6445 lr:0.000002 34.3s
2019-10-15 11:45:44,718 - INFO - Epoch [61/100] (2604) train_mae: 5.4297, val_mae: 16.6739 lr:0.000002 34.1s
2019-10-15 11:46:17,572 - INFO - Epoch [62/100] (2646) train_mae: 5.4650, val_mae: 16.6932 lr:0.000002 32.9s
2019-10-15 11:46:50,460 - INFO - Epoch [63/100] (2688) train_mae: 5.4645, val_mae: 16.6416 lr:0.000002 32.9s
2019-10-15 11:47:24,055 - INFO - Epoch [64/100] (2730) train_mae: 5.4743, val_mae: 16.5789 lr:0.000002 33.6s
2019-10-15 11:47:24,071 - INFO - Val loss decrease from 16.5990 to 16.5789, saving to data/5083_P2_o12_h12/dcrnn_DR_2_h_12_64-64_lr_0.01_bs_64_20191015111137/models-16.5789-2730
2019-10-15 11:47:57,201 - INFO - Epoch [65/100] (2772) train_mae: 5.4723, val_mae: 16.6319 lr:0.000002 33.1s
2019-10-15 11:48:30,443 - INFO - Epoch [66/100] (2814) train_mae: 5.4148, val_mae: 16.6165 lr:0.000002 33.2s
2019-10-15 11:49:04,699 - INFO - Epoch [67/100] (2856) train_mae: 5.4662, val_mae: 16.6054 lr:0.000002 34.3s
2019-10-15 11:49:38,708 - INFO - Epoch [68/100] (2898) train_mae: 5.4355, val_mae: 16.6356 lr:0.000002 34.0s
2019-10-15 11:50:13,076 - INFO - Epoch [69/100] (2940) train_mae: 5.4970, val_mae: 16.6364 lr:0.000002 34.4s
2019-10-15 11:50:17,914 - INFO - Horizon 01, MAE: 10.17, MAPE: 0.0581, RMSE: 14.30
2019-10-15 11:50:17,915 - INFO - Horizon 02, MAE: 15.78, MAPE: 0.0845, RMSE: 22.93
2019-10-15 11:50:17,916 - INFO - Horizon 03, MAE: 21.80, MAPE: 0.1099, RMSE: 32.66
2019-10-15 11:50:17,917 - INFO - Horizon 04, MAE: 27.12, MAPE: 0.1310, RMSE: 41.03
2019-10-15 11:50:17,919 - INFO - Horizon 05, MAE: 33.12, MAPE: 0.1528, RMSE: 50.06
2019-10-15 11:50:17,920 - INFO - Horizon 06, MAE: 35.60, MAPE: 0.1577, RMSE: 54.06
2019-10-15 11:50:17,921 - INFO - Horizon 07, MAE: 38.04, MAPE: 0.1626, RMSE: 57.64
2019-10-15 11:50:17,922 - INFO - Horizon 08, MAE: 39.42, MAPE: 0.1633, RMSE: 59.64
2019-10-15 11:50:17,924 - INFO - Horizon 09, MAE: 40.63, MAPE: 0.1637, RMSE: 61.54
2019-10-15 11:50:17,925 - INFO - Horizon 10, MAE: 40.84, MAPE: 0.1589, RMSE: 61.22
2019-10-15 11:50:17,926 - INFO - Horizon 11, MAE: 40.87, MAPE: 0.1559, RMSE: 61.12
2019-10-15 11:50:17,928 - INFO - Horizon 12, MAE: 40.15, MAPE: 0.1516, RMSE: 59.99
2019-10-15 11:50:51,952 - INFO - Epoch [70/100] (2982) train_mae: 5.5142, val_mae: 16.6117 lr:0.000002 34.0s
2019-10-15 11:51:25,308 - INFO - Epoch [71/100] (3024) train_mae: 5.4236, val_mae: 16.6427 lr:0.000002 33.4s
2019-10-15 11:51:58,857 - INFO - Epoch [72/100] (3066) train_mae: 5.4792, val_mae: 16.6662 lr:0.000002 33.5s
2019-10-15 11:52:32,216 - INFO - Epoch [73/100] (3108) train_mae: 5.4257, val_mae: 16.6255 lr:0.000002 33.4s
2019-10-15 11:53:05,579 - INFO - Epoch [74/100] (3150) train_mae: 5.4495, val_mae: 16.6340 lr:0.000002 33.4s
2019-10-15 11:53:39,751 - INFO - Epoch [75/100] (3192) train_mae: 5.5211, val_mae: 16.6720 lr:0.000002 34.2s
2019-10-15 11:54:14,174 - INFO - Epoch [76/100] (3234) train_mae: 5.4837, val_mae: 16.6672 lr:0.000002 34.4s
2019-10-15 11:54:48,428 - INFO - Epoch [77/100] (3276) train_mae: 5.4638, val_mae: 16.6385 lr:0.000002 34.3s
2019-10-15 11:55:23,609 - INFO - Epoch [78/100] (3318) train_mae: 5.4825, val_mae: 16.6538 lr:0.000002 35.2s
2019-10-15 11:55:58,667 - INFO - Epoch [79/100] (3360) train_mae: 5.5029, val_mae: 16.6069 lr:0.000002 35.1s
2019-10-15 11:56:03,542 - INFO - Horizon 01, MAE: 10.17, MAPE: 0.0582, RMSE: 14.30
2019-10-15 11:56:03,552 - INFO - Horizon 02, MAE: 15.78, MAPE: 0.0845, RMSE: 22.94
2019-10-15 11:56:03,553 - INFO - Horizon 03, MAE: 21.80, MAPE: 0.1098, RMSE: 32.66
2019-10-15 11:56:03,554 - INFO - Horizon 04, MAE: 27.13, MAPE: 0.1308, RMSE: 41.03
2019-10-15 11:56:03,555 - INFO - Horizon 05, MAE: 33.12, MAPE: 0.1526, RMSE: 50.04
2019-10-15 11:56:03,556 - INFO - Horizon 06, MAE: 35.60, MAPE: 0.1575, RMSE: 54.04
2019-10-15 11:56:03,557 - INFO - Horizon 07, MAE: 38.03, MAPE: 0.1623, RMSE: 57.59
2019-10-15 11:56:03,558 - INFO - Horizon 08, MAE: 39.41, MAPE: 0.1630, RMSE: 59.58
2019-10-15 11:56:03,559 - INFO - Horizon 09, MAE: 40.61, MAPE: 0.1634, RMSE: 61.45
2019-10-15 11:56:03,561 - INFO - Horizon 10, MAE: 40.80, MAPE: 0.1586, RMSE: 61.12
2019-10-15 11:56:03,562 - INFO - Horizon 11, MAE: 40.82, MAPE: 0.1557, RMSE: 61.00
2019-10-15 11:56:03,563 - INFO - Horizon 12, MAE: 40.10, MAPE: 0.1514, RMSE: 59.86
2019-10-15 11:56:38,681 - INFO - Epoch [80/100] (3402) train_mae: 5.4263, val_mae: 16.6581 lr:0.000002 35.1s
2019-10-15 11:57:11,674 - INFO - Epoch [81/100] (3444) train_mae: 5.4720, val_mae: 16.6270 lr:0.000002 33.0s
2019-10-15 11:57:46,705 - INFO - Epoch [82/100] (3486) train_mae: 5.5194, val_mae: 16.6160 lr:0.000002 35.0s
2019-10-15 11:58:21,144 - INFO - Epoch [83/100] (3528) train_mae: 5.4565, val_mae: 16.6755 lr:0.000002 34.4s
2019-10-15 11:58:55,553 - INFO - Epoch [84/100] (3570) train_mae: 5.5004, val_mae: 16.6246 lr:0.000002 34.4s
2019-10-15 11:59:28,962 - INFO - Epoch [85/100] (3612) train_mae: 5.5041, val_mae: 16.6260 lr:0.000002 33.4s
2019-10-15 12:00:03,324 - INFO - Epoch [86/100] (3654) train_mae: 5.4850, val_mae: 16.5897 lr:0.000002 34.4s
2019-10-15 12:00:36,922 - INFO - Epoch [87/100] (3696) train_mae: 5.4951, val_mae: 16.6090 lr:0.000002 33.6s
2019-10-15 12:01:10,770 - INFO - Epoch [88/100] (3738) train_mae: 5.5053, val_mae: 16.6427 lr:0.000002 33.8s
2019-10-15 12:01:43,830 - INFO - Epoch [89/100] (3780) train_mae: 5.5001, val_mae: 16.6033 lr:0.000002 33.1s
2019-10-15 12:01:48,740 - INFO - Horizon 01, MAE: 10.17, MAPE: 0.0583, RMSE: 14.30
2019-10-15 12:01:48,741 - INFO - Horizon 02, MAE: 15.78, MAPE: 0.0846, RMSE: 22.94
2019-10-15 12:01:48,742 - INFO - Horizon 03, MAE: 21.81, MAPE: 0.1100, RMSE: 32.66
2019-10-15 12:01:48,743 - INFO - Horizon 04, MAE: 27.14, MAPE: 0.1310, RMSE: 41.05
2019-10-15 12:01:48,744 - INFO - Horizon 05, MAE: 33.14, MAPE: 0.1527, RMSE: 50.08
2019-10-15 12:01:48,746 - INFO - Horizon 06, MAE: 35.63, MAPE: 0.1575, RMSE: 54.09
2019-10-15 12:01:48,747 - INFO - Horizon 07, MAE: 38.08, MAPE: 0.1624, RMSE: 57.65
2019-10-15 12:01:48,748 - INFO - Horizon 08, MAE: 39.47, MAPE: 0.1631, RMSE: 59.63
2019-10-15 12:01:48,749 - INFO - Horizon 09, MAE: 40.65, MAPE: 0.1634, RMSE: 61.48
2019-10-15 12:01:48,750 - INFO - Horizon 10, MAE: 40.82, MAPE: 0.1586, RMSE: 61.12
2019-10-15 12:01:48,751 - INFO - Horizon 11, MAE: 40.81, MAPE: 0.1556, RMSE: 60.97
2019-10-15 12:01:48,753 - INFO - Horizon 12, MAE: 40.07, MAPE: 0.1513, RMSE: 59.80
2019-10-15 12:02:22,070 - INFO - Epoch [90/100] (3822) train_mae: 5.4785, val_mae: 16.6336 lr:0.000002 33.3s
2019-10-15 12:02:55,558 - INFO - Epoch [91/100] (3864) train_mae: 5.5251, val_mae: 16.6138 lr:0.000002 33.5s
2019-10-15 12:03:29,061 - INFO - Epoch [92/100] (3906) train_mae: 5.4414, val_mae: 16.6268 lr:0.000002 33.5s
2019-10-15 12:04:02,720 - INFO - Epoch [93/100] (3948) train_mae: 5.4768, val_mae: 16.6362 lr:0.000002 33.7s
2019-10-15 12:04:36,367 - INFO - Epoch [94/100] (3990) train_mae: 5.4919, val_mae: 16.6225 lr:0.000002 33.6s
2019-10-15 12:05:09,946 - INFO - Epoch [95/100] (4032) train_mae: 5.4400, val_mae: 16.6403 lr:0.000002 33.6s
2019-10-15 12:05:44,151 - INFO - Epoch [96/100] (4074) train_mae: 5.4638, val_mae: 16.6485 lr:0.000002 34.2s
2019-10-15 12:06:17,871 - INFO - Epoch [97/100] (4116) train_mae: 5.4734, val_mae: 16.6008 lr:0.000002 33.7s
2019-10-15 12:06:51,760 - INFO - Epoch [98/100] (4158) train_mae: 5.4278, val_mae: 16.6079 lr:0.000002 33.9s
2019-10-15 12:07:26,207 - INFO - Epoch [99/100] (4200) train_mae: 5.4993, val_mae: 16.6249 lr:0.000002 34.4s
2019-10-15 12:07:31,010 - INFO - Horizon 01, MAE: 10.17, MAPE: 0.0583, RMSE: 14.30
2019-10-15 12:07:31,011 - INFO - Horizon 02, MAE: 15.77, MAPE: 0.0846, RMSE: 22.93
2019-10-15 12:07:31,012 - INFO - Horizon 03, MAE: 21.80, MAPE: 0.1099, RMSE: 32.66
2019-10-15 12:07:31,013 - INFO - Horizon 04, MAE: 27.13, MAPE: 0.1309, RMSE: 41.04
2019-10-15 12:07:31,014 - INFO - Horizon 05, MAE: 33.12, MAPE: 0.1526, RMSE: 50.07
2019-10-15 12:07:31,015 - INFO - Horizon 06, MAE: 35.61, MAPE: 0.1574, RMSE: 54.08
2019-10-15 12:07:31,016 - INFO - Horizon 07, MAE: 38.05, MAPE: 0.1624, RMSE: 57.65
2019-10-15 12:07:31,018 - INFO - Horizon 08, MAE: 39.43, MAPE: 0.1630, RMSE: 59.65
2019-10-15 12:07:31,019 - INFO - Horizon 09, MAE: 40.63, MAPE: 0.1634, RMSE: 61.55
2019-10-15 12:07:31,020 - INFO - Horizon 10, MAE: 40.83, MAPE: 0.1586, RMSE: 61.24
2019-10-15 12:07:31,021 - INFO - Horizon 11, MAE: 40.86, MAPE: 0.1557, RMSE: 61.14
2019-10-15 12:07:31,022 - INFO - Horizon 12, MAE: 40.14, MAPE: 0.1514, RMSE: 60.02
2019-10-15 12:08:05,080 - INFO - Epoch [100/100] (4242) train_mae: 5.4850, val_mae: 16.5937 lr:0.000002 34.1s
2019-10-15 12:08:09,761 - INFO - Horizon 01, MAE: 10.17, MAPE: 0.0583, RMSE: 14.30
2019-10-15 12:08:09,763 - INFO - Horizon 02, MAE: 15.77, MAPE: 0.0846, RMSE: 22.93
2019-10-15 12:08:09,765 - INFO - Horizon 03, MAE: 21.80, MAPE: 0.1100, RMSE: 32.65
2019-10-15 12:08:09,767 - INFO - Horizon 04, MAE: 27.12, MAPE: 0.1310, RMSE: 41.03
2019-10-15 12:08:09,769 - INFO - Horizon 05, MAE: 33.12, MAPE: 0.1526, RMSE: 50.06
2019-10-15 12:08:09,771 - INFO - Horizon 06, MAE: 35.60, MAPE: 0.1575, RMSE: 54.06
2019-10-15 12:08:09,772 - INFO - Horizon 07, MAE: 38.04, MAPE: 0.1624, RMSE: 57.64
2019-10-15 12:08:09,775 - INFO - Horizon 08, MAE: 39.41, MAPE: 0.1630, RMSE: 59.62
2019-10-15 12:08:09,777 - INFO - Horizon 09, MAE: 40.62, MAPE: 0.1635, RMSE: 61.51
2019-10-15 12:08:09,779 - INFO - Horizon 10, MAE: 40.81, MAPE: 0.1586, RMSE: 61.17
2019-10-15 12:08:09,780 - INFO - Horizon 11, MAE: 40.83, MAPE: 0.1557, RMSE: 61.06
2019-10-15 12:08:09,782 - INFO - Horizon 12, MAE: 40.10, MAPE: 0.1513, RMSE: 59.92
Predictions saved as data/5083_P2_o12_h12/predictions.npz.
Trained DCRNN model
train mae: 5.485
val mae: 16.5937
test mse: 2976.5744617140335
test rmse: 54.55799173094656
test mae: 32.58444170319647
test mape: 69.71138419491216
